12-May-2018 06:55:42.475 INFO [main] org.apache.catalina.startup.VersionLoggerListener.log Server version:        Apache Tomcat/8.5.29
12-May-2018 06:55:42.477 INFO [main] org.apache.catalina.startup.VersionLoggerListener.log Server built:          Mar 5 2018 13:11:12 UTC
12-May-2018 06:55:42.478 INFO [main] org.apache.catalina.startup.VersionLoggerListener.log Server number:         8.5.29.0
12-May-2018 06:55:42.478 INFO [main] org.apache.catalina.startup.VersionLoggerListener.log OS Name:               Windows 10
12-May-2018 06:55:42.478 INFO [main] org.apache.catalina.startup.VersionLoggerListener.log OS Version:            10.0
12-May-2018 06:55:42.478 INFO [main] org.apache.catalina.startup.VersionLoggerListener.log Architecture:          x86
12-May-2018 06:55:42.478 INFO [main] org.apache.catalina.startup.VersionLoggerListener.log Java Home:             C:\Program Files\Java\jdk1.8.0_144\jre
12-May-2018 06:55:42.478 INFO [main] org.apache.catalina.startup.VersionLoggerListener.log JVM Version:           1.8.0_144-b01
12-May-2018 06:55:42.478 INFO [main] org.apache.catalina.startup.VersionLoggerListener.log JVM Vendor:            Oracle Corporation
12-May-2018 06:55:42.478 INFO [main] org.apache.catalina.startup.VersionLoggerListener.log CATALINA_BASE:         C:\Users\Rio.Rai\Desktop\java_end\apache-tomcat-8.5.29
12-May-2018 06:55:42.479 INFO [main] org.apache.catalina.startup.VersionLoggerListener.log CATALINA_HOME:         C:\Users\Rio.Rai\Desktop\java_end\apache-tomcat-8.5.29
12-May-2018 06:55:42.479 INFO [main] org.apache.catalina.startup.VersionLoggerListener.log Command line argument: -Djava.util.logging.config.file=C:\Users\Rio.Rai\Desktop\java_end\apache-tomcat-8.5.29\conf\logging.properties
12-May-2018 06:55:42.479 INFO [main] org.apache.catalina.startup.VersionLoggerListener.log Command line argument: -Djava.util.logging.manager=org.apache.juli.ClassLoaderLogManager
12-May-2018 06:55:42.479 INFO [main] org.apache.catalina.startup.VersionLoggerListener.log Command line argument: -Dhttp.nonProxyHosts=localhost|127.0.0.1|DESKTOP-KKHKH84
12-May-2018 06:55:42.479 INFO [main] org.apache.catalina.startup.VersionLoggerListener.log Command line argument: -Djdk.tls.ephemeralDHKeySize=2048
12-May-2018 06:55:42.479 INFO [main] org.apache.catalina.startup.VersionLoggerListener.log Command line argument: -Djava.protocol.handler.pkgs=org.apache.catalina.webresources
12-May-2018 06:55:42.479 INFO [main] org.apache.catalina.startup.VersionLoggerListener.log Command line argument: -Dignore.endorsed.dirs=
12-May-2018 06:55:42.479 INFO [main] org.apache.catalina.startup.VersionLoggerListener.log Command line argument: -Dcatalina.base=C:\Users\Rio.Rai\Desktop\java_end\apache-tomcat-8.5.29
12-May-2018 06:55:42.480 INFO [main] org.apache.catalina.startup.VersionLoggerListener.log Command line argument: -Dcatalina.home=C:\Users\Rio.Rai\Desktop\java_end\apache-tomcat-8.5.29
12-May-2018 06:55:42.480 INFO [main] org.apache.catalina.startup.VersionLoggerListener.log Command line argument: -Djava.io.tmpdir=C:\Users\Rio.Rai\Desktop\java_end\apache-tomcat-8.5.29\temp
12-May-2018 06:55:42.480 INFO [main] org.apache.catalina.core.AprLifecycleListener.lifecycleEvent Loaded APR based Apache Tomcat Native library [1.2.16] using APR version [1.6.3].
12-May-2018 06:55:42.480 INFO [main] org.apache.catalina.core.AprLifecycleListener.lifecycleEvent APR capabilities: IPv6 [true], sendfile [true], accept filters [false], random [true].
12-May-2018 06:55:42.480 INFO [main] org.apache.catalina.core.AprLifecycleListener.lifecycleEvent APR/OpenSSL configuration: useAprConnector [false], useOpenSSL [true]
12-May-2018 06:55:43.138 INFO [main] org.apache.catalina.core.AprLifecycleListener.initializeSSL OpenSSL successfully initialized [OpenSSL 1.0.2m  2 Nov 2017]
12-May-2018 06:55:43.934 INFO [main] org.apache.coyote.AbstractProtocol.init Initializing ProtocolHandler ["http-nio-1000"]
12-May-2018 06:55:44.320 INFO [main] org.apache.tomcat.util.net.NioSelectorPool.getSharedSelector Using a shared selector for servlet write/read
12-May-2018 06:55:44.373 INFO [main] org.apache.coyote.AbstractProtocol.init Initializing ProtocolHandler ["ajp-nio-8009"]
12-May-2018 06:55:44.375 INFO [main] org.apache.tomcat.util.net.NioSelectorPool.getSharedSelector Using a shared selector for servlet write/read
12-May-2018 06:55:44.376 INFO [main] org.apache.catalina.startup.Catalina.load Initialization processed in 3476 ms
12-May-2018 06:55:44.516 INFO [main] org.apache.catalina.core.StandardService.startInternal Starting service [Catalina]
12-May-2018 06:55:44.516 INFO [main] org.apache.catalina.core.StandardEngine.startInternal Starting Servlet Engine: Apache Tomcat/8.5.29
12-May-2018 06:55:44.548 INFO [localhost-startStop-1] org.apache.catalina.startup.HostConfig.deployDescriptor Deploying configuration descriptor [C:\Users\Rio.Rai\Desktop\java_end\apache-tomcat-8.5.29\conf\Catalina\localhost\WebThiTuLuan.xml]
12-May-2018 06:55:45.851 INFO [localhost-startStop-1] org.apache.jasper.servlet.TldScanner.scanJars At least one JAR was scanned for TLDs yet contained no TLDs. Enable debug logging for this logger for a complete list of JARs that were scanned but no TLDs were found in them. Skipping unneeded JARs during scanning can improve startup time and JSP compilation time.
12-May-2018 06:55:46.105 INFO [localhost-startStop-1] org.apache.catalina.startup.HostConfig.deployDescriptor Deployment of configuration descriptor [C:\Users\Rio.Rai\Desktop\java_end\apache-tomcat-8.5.29\conf\Catalina\localhost\WebThiTuLuan.xml] has finished in [1,556] ms
12-May-2018 06:55:46.105 INFO [localhost-startStop-1] org.apache.catalina.startup.HostConfig.deployDirectory Deploying web application directory [C:\Users\Rio.Rai\Desktop\java_end\apache-tomcat-8.5.29\webapps\docs]
12-May-2018 06:55:46.145 INFO [localhost-startStop-1] org.apache.catalina.startup.HostConfig.deployDirectory Deployment of web application directory [C:\Users\Rio.Rai\Desktop\java_end\apache-tomcat-8.5.29\webapps\docs] has finished in [40] ms
12-May-2018 06:55:46.145 INFO [localhost-startStop-1] org.apache.catalina.startup.HostConfig.deployDirectory Deploying web application directory [C:\Users\Rio.Rai\Desktop\java_end\apache-tomcat-8.5.29\webapps\examples]
12-May-2018 06:55:47.692 INFO [localhost-startStop-1] org.apache.catalina.startup.HostConfig.deployDirectory Deployment of web application directory [C:\Users\Rio.Rai\Desktop\java_end\apache-tomcat-8.5.29\webapps\examples] has finished in [1,547] ms
12-May-2018 06:55:47.693 INFO [localhost-startStop-1] org.apache.catalina.startup.HostConfig.deployDirectory Deploying web application directory [C:\Users\Rio.Rai\Desktop\java_end\apache-tomcat-8.5.29\webapps\host-manager]
12-May-2018 06:55:47.771 INFO [localhost-startStop-1] org.apache.catalina.startup.HostConfig.deployDirectory Deployment of web application directory [C:\Users\Rio.Rai\Desktop\java_end\apache-tomcat-8.5.29\webapps\host-manager] has finished in [79] ms
12-May-2018 06:55:47.771 INFO [localhost-startStop-1] org.apache.catalina.startup.HostConfig.deployDirectory Deploying web application directory [C:\Users\Rio.Rai\Desktop\java_end\apache-tomcat-8.5.29\webapps\manager]
12-May-2018 06:55:47.854 INFO [localhost-startStop-1] org.apache.catalina.startup.HostConfig.deployDirectory Deployment of web application directory [C:\Users\Rio.Rai\Desktop\java_end\apache-tomcat-8.5.29\webapps\manager] has finished in [83] ms
12-May-2018 06:55:47.855 INFO [localhost-startStop-1] org.apache.catalina.startup.HostConfig.deployDirectory Deploying web application directory [C:\Users\Rio.Rai\Desktop\java_end\apache-tomcat-8.5.29\webapps\ROOT]
12-May-2018 06:55:47.879 INFO [localhost-startStop-1] org.apache.catalina.startup.HostConfig.deployDirectory Deployment of web application directory [C:\Users\Rio.Rai\Desktop\java_end\apache-tomcat-8.5.29\webapps\ROOT] has finished in [25] ms
12-May-2018 06:55:47.884 INFO [main] org.apache.coyote.AbstractProtocol.start Starting ProtocolHandler ["http-nio-1000"]
12-May-2018 06:55:47.893 INFO [main] org.apache.coyote.AbstractProtocol.start Starting ProtocolHandler ["ajp-nio-8009"]
12-May-2018 06:55:47.896 INFO [main] org.apache.catalina.startup.Catalina.start Server startup in 3520 ms
12-May-2018 06:58:29.057 INFO [main] org.apache.catalina.core.StandardServer.await A valid shutdown command was received via the shutdown port. Stopping the Server instance.
12-May-2018 06:58:29.058 INFO [main] org.apache.coyote.AbstractProtocol.pause Pausing ProtocolHandler ["http-nio-1000"]
12-May-2018 06:58:29.206 INFO [main] org.apache.coyote.AbstractProtocol.pause Pausing ProtocolHandler ["ajp-nio-8009"]
12-May-2018 06:58:29.329 INFO [main] org.apache.catalina.core.StandardService.stopInternal Stopping service [Catalina]
12-May-2018 06:58:29.500 WARNING [localhost-startStop-2] org.apache.catalina.loader.WebappClassLoaderBase.clearReferencesJdbc The web application [WebThiTuLuan] registered the JDBC driver [com.mysql.jdbc.Driver] but failed to unregister it when the web application was stopped. To prevent a memory leak, the JDBC Driver has been forcibly unregistered.
12-May-2018 06:58:29.507 INFO [main] org.apache.coyote.AbstractProtocol.stop Stopping ProtocolHandler ["http-nio-1000"]
12-May-2018 06:58:29.509 INFO [main] org.apache.coyote.AbstractProtocol.stop Stopping ProtocolHandler ["ajp-nio-8009"]
12-May-2018 06:58:29.511 INFO [main] org.apache.coyote.AbstractProtocol.destroy Destroying ProtocolHandler ["http-nio-1000"]
12-May-2018 06:58:29.511 INFO [main] org.apache.coyote.AbstractProtocol.destroy Destroying ProtocolHandler ["ajp-nio-8009"]
12-May-2018 06:58:32.909 INFO [main] org.apache.catalina.startup.VersionLoggerListener.log Server version:        Apache Tomcat/8.5.29
12-May-2018 06:58:32.924 INFO [main] org.apache.catalina.startup.VersionLoggerListener.log Server built:          Mar 5 2018 13:11:12 UTC
12-May-2018 06:58:32.924 INFO [main] org.apache.catalina.startup.VersionLoggerListener.log Server number:         8.5.29.0
12-May-2018 06:58:32.924 INFO [main] org.apache.catalina.startup.VersionLoggerListener.log OS Name:               Windows 10
12-May-2018 06:58:32.924 INFO [main] org.apache.catalina.startup.VersionLoggerListener.log OS Version:            10.0
12-May-2018 06:58:32.924 INFO [main] org.apache.catalina.startup.VersionLoggerListener.log Architecture:          x86
12-May-2018 06:58:32.924 INFO [main] org.apache.catalina.startup.VersionLoggerListener.log Java Home:             C:\Program Files\Java\jdk1.8.0_144\jre
12-May-2018 06:58:32.925 INFO [main] org.apache.catalina.startup.VersionLoggerListener.log JVM Version:           1.8.0_144-b01
12-May-2018 06:58:32.925 INFO [main] org.apache.catalina.startup.VersionLoggerListener.log JVM Vendor:            Oracle Corporation
12-May-2018 06:58:32.925 INFO [main] org.apache.catalina.startup.VersionLoggerListener.log CATALINA_BASE:         C:\Users\Rio.Rai\Desktop\java_end\apache-tomcat-8.5.29
12-May-2018 06:58:32.925 INFO [main] org.apache.catalina.startup.VersionLoggerListener.log CATALINA_HOME:         C:\Users\Rio.Rai\Desktop\java_end\apache-tomcat-8.5.29
12-May-2018 06:58:32.925 INFO [main] org.apache.catalina.startup.VersionLoggerListener.log Command line argument: -Djava.util.logging.config.file=C:\Users\Rio.Rai\Desktop\java_end\apache-tomcat-8.5.29\conf\logging.properties
12-May-2018 06:58:32.925 INFO [main] org.apache.catalina.startup.VersionLoggerListener.log Command line argument: -Djava.util.logging.manager=org.apache.juli.ClassLoaderLogManager
12-May-2018 06:58:32.925 INFO [main] org.apache.catalina.startup.VersionLoggerListener.log Command line argument: -Dhttp.nonProxyHosts=localhost|127.0.0.1|DESKTOP-KKHKH84
12-May-2018 06:58:32.926 INFO [main] org.apache.catalina.startup.VersionLoggerListener.log Command line argument: -Djdk.tls.ephemeralDHKeySize=2048
12-May-2018 06:58:32.926 INFO [main] org.apache.catalina.startup.VersionLoggerListener.log Command line argument: -Djava.protocol.handler.pkgs=org.apache.catalina.webresources
12-May-2018 06:58:32.926 INFO [main] org.apache.catalina.startup.VersionLoggerListener.log Command line argument: -agentlib:jdwp=transport=dt_shmem,address=tomcat_shared_memory_id,server=y,suspend=n
12-May-2018 06:58:32.926 INFO [main] org.apache.catalina.startup.VersionLoggerListener.log Command line argument: -Dignore.endorsed.dirs=
12-May-2018 06:58:32.926 INFO [main] org.apache.catalina.startup.VersionLoggerListener.log Command line argument: -Dcatalina.base=C:\Users\Rio.Rai\Desktop\java_end\apache-tomcat-8.5.29
12-May-2018 06:58:32.926 INFO [main] org.apache.catalina.startup.VersionLoggerListener.log Command line argument: -Dcatalina.home=C:\Users\Rio.Rai\Desktop\java_end\apache-tomcat-8.5.29
12-May-2018 06:58:32.926 INFO [main] org.apache.catalina.startup.VersionLoggerListener.log Command line argument: -Djava.io.tmpdir=C:\Users\Rio.Rai\Desktop\java_end\apache-tomcat-8.5.29\temp
12-May-2018 06:58:32.926 INFO [main] org.apache.catalina.core.AprLifecycleListener.lifecycleEvent Loaded APR based Apache Tomcat Native library [1.2.16] using APR version [1.6.3].
12-May-2018 06:58:32.927 INFO [main] org.apache.catalina.core.AprLifecycleListener.lifecycleEvent APR capabilities: IPv6 [true], sendfile [true], accept filters [false], random [true].
12-May-2018 06:58:32.927 INFO [main] org.apache.catalina.core.AprLifecycleListener.lifecycleEvent APR/OpenSSL configuration: useAprConnector [false], useOpenSSL [true]
12-May-2018 06:58:33.701 INFO [main] org.apache.catalina.core.AprLifecycleListener.initializeSSL OpenSSL successfully initialized [OpenSSL 1.0.2m  2 Nov 2017]
12-May-2018 06:58:33.905 INFO [main] org.apache.coyote.AbstractProtocol.init Initializing ProtocolHandler ["http-nio-1000"]
12-May-2018 06:58:34.173 INFO [main] org.apache.tomcat.util.net.NioSelectorPool.getSharedSelector Using a shared selector for servlet write/read
12-May-2018 06:58:34.181 INFO [main] org.apache.coyote.AbstractProtocol.init Initializing ProtocolHandler ["ajp-nio-8009"]
12-May-2018 06:58:34.184 INFO [main] org.apache.tomcat.util.net.NioSelectorPool.getSharedSelector Using a shared selector for servlet write/read
12-May-2018 06:58:34.184 INFO [main] org.apache.catalina.startup.Catalina.load Initialization processed in 1717 ms
12-May-2018 06:58:34.224 INFO [main] org.apache.catalina.core.StandardService.startInternal Starting service [Catalina]
12-May-2018 06:58:34.224 INFO [main] org.apache.catalina.core.StandardEngine.startInternal Starting Servlet Engine: Apache Tomcat/8.5.29
12-May-2018 06:58:34.234 INFO [localhost-startStop-1] org.apache.catalina.startup.HostConfig.deployDescriptor Deploying configuration descriptor [C:\Users\Rio.Rai\Desktop\java_end\apache-tomcat-8.5.29\conf\Catalina\localhost\WebThiTuLuan.xml]
12-May-2018 06:58:34.812 INFO [localhost-startStop-1] org.apache.jasper.servlet.TldScanner.scanJars At least one JAR was scanned for TLDs yet contained no TLDs. Enable debug logging for this logger for a complete list of JARs that were scanned but no TLDs were found in them. Skipping unneeded JARs during scanning can improve startup time and JSP compilation time.
12-May-2018 06:58:34.911 INFO [localhost-startStop-1] org.apache.catalina.startup.HostConfig.deployDescriptor Deployment of configuration descriptor [C:\Users\Rio.Rai\Desktop\java_end\apache-tomcat-8.5.29\conf\Catalina\localhost\WebThiTuLuan.xml] has finished in [676] ms
12-May-2018 06:58:34.912 INFO [localhost-startStop-1] org.apache.catalina.startup.HostConfig.deployDirectory Deploying web application directory [C:\Users\Rio.Rai\Desktop\java_end\apache-tomcat-8.5.29\webapps\docs]
12-May-2018 06:58:34.933 INFO [localhost-startStop-1] org.apache.catalina.startup.HostConfig.deployDirectory Deployment of web application directory [C:\Users\Rio.Rai\Desktop\java_end\apache-tomcat-8.5.29\webapps\docs] has finished in [21] ms
12-May-2018 06:58:34.933 INFO [localhost-startStop-1] org.apache.catalina.startup.HostConfig.deployDirectory Deploying web application directory [C:\Users\Rio.Rai\Desktop\java_end\apache-tomcat-8.5.29\webapps\examples]
12-May-2018 06:58:35.248 INFO [localhost-startStop-1] org.apache.catalina.startup.HostConfig.deployDirectory Deployment of web application directory [C:\Users\Rio.Rai\Desktop\java_end\apache-tomcat-8.5.29\webapps\examples] has finished in [315] ms
12-May-2018 06:58:35.248 INFO [localhost-startStop-1] org.apache.catalina.startup.HostConfig.deployDirectory Deploying web application directory [C:\Users\Rio.Rai\Desktop\java_end\apache-tomcat-8.5.29\webapps\host-manager]
12-May-2018 06:58:35.272 INFO [localhost-startStop-1] org.apache.catalina.startup.HostConfig.deployDirectory Deployment of web application directory [C:\Users\Rio.Rai\Desktop\java_end\apache-tomcat-8.5.29\webapps\host-manager] has finished in [24] ms
12-May-2018 06:58:35.272 INFO [localhost-startStop-1] org.apache.catalina.startup.HostConfig.deployDirectory Deploying web application directory [C:\Users\Rio.Rai\Desktop\java_end\apache-tomcat-8.5.29\webapps\manager]
12-May-2018 06:58:35.301 INFO [localhost-startStop-1] org.apache.catalina.startup.HostConfig.deployDirectory Deployment of web application directory [C:\Users\Rio.Rai\Desktop\java_end\apache-tomcat-8.5.29\webapps\manager] has finished in [29] ms
12-May-2018 06:58:35.301 INFO [localhost-startStop-1] org.apache.catalina.startup.HostConfig.deployDirectory Deploying web application directory [C:\Users\Rio.Rai\Desktop\java_end\apache-tomcat-8.5.29\webapps\ROOT]
12-May-2018 06:58:35.315 INFO [localhost-startStop-1] org.apache.catalina.startup.HostConfig.deployDirectory Deployment of web application directory [C:\Users\Rio.Rai\Desktop\java_end\apache-tomcat-8.5.29\webapps\ROOT] has finished in [14] ms
12-May-2018 06:58:35.318 INFO [main] org.apache.coyote.AbstractProtocol.start Starting ProtocolHandler ["http-nio-1000"]
12-May-2018 06:58:35.335 INFO [main] org.apache.coyote.AbstractProtocol.start Starting ProtocolHandler ["ajp-nio-8009"]
12-May-2018 06:58:35.341 INFO [main] org.apache.catalina.startup.Catalina.start Server startup in 1155 ms
12-May-2018 06:58:39.725 INFO [http-nio-1000-exec-1] org.apache.catalina.startup.HostConfig.undeploy Undeploying context [/WebThiTuLuan]
12-May-2018 06:58:40.129 INFO [http-nio-1000-exec-3] org.apache.catalina.startup.HostConfig.deployDescriptor Deploying configuration descriptor [C:\Users\Rio.Rai\Desktop\java_end\apache-tomcat-8.5.29\conf\Catalina\localhost\WebThiTuLuan.xml]
12-May-2018 06:58:40.628 INFO [http-nio-1000-exec-3] org.apache.catalina.startup.HostConfig.deployDescriptor Deployment of configuration descriptor [C:\Users\Rio.Rai\Desktop\java_end\apache-tomcat-8.5.29\conf\Catalina\localhost\WebThiTuLuan.xml] has finished in [499] ms
12-May-2018 06:58:40.633 INFO [http-nio-1000-exec-4] org.apache.catalina.util.LifecycleBase.start The start() method was called on component [StandardEngine[Catalina].StandardHost[localhost].StandardContext[/WebThiTuLuan]] after start() had already been called. The second call will be ignored.
12-May-2018 07:05:26.294 INFO [http-nio-1000-exec-17] org.apache.catalina.core.StandardContext.reload Reloading Context with name [/WebThiTuLuan] has started
12-May-2018 07:05:26.310 WARNING [http-nio-1000-exec-17] org.apache.catalina.loader.WebappClassLoaderBase.clearReferencesJdbc The web application [WebThiTuLuan] registered the JDBC driver [com.mysql.jdbc.Driver] but failed to unregister it when the web application was stopped. To prevent a memory leak, the JDBC Driver has been forcibly unregistered.
12-May-2018 07:05:26.495 INFO [http-nio-1000-exec-17] org.apache.catalina.core.StandardContext.reload Reloading Context with name [/WebThiTuLuan] is completed
12-May-2018 07:05:35.961 INFO [http-nio-1000-exec-18] org.apache.catalina.core.StandardContext.reload Reloading Context with name [/WebThiTuLuan] has started
12-May-2018 07:05:36.098 INFO [http-nio-1000-exec-18] org.apache.catalina.core.StandardContext.reload Reloading Context with name [/WebThiTuLuan] is completed
12-May-2018 07:34:40.997 WARNING [http-nio-1000-exec-25] org.apache.catalina.loader.WebappClassLoaderBase.clearReferencesJdbc The web application [WebThiTuLuan] registered the JDBC driver [com.mysql.jdbc.Driver] but failed to unregister it when the web application was stopped. To prevent a memory leak, the JDBC Driver has been forcibly unregistered.
12-May-2018 07:34:41.528 INFO [http-nio-1000-exec-25] org.apache.catalina.startup.HostConfig.undeploy Undeploying context [/WebThiTuLuan]
12-May-2018 07:34:41.547 INFO [http-nio-1000-exec-29] org.apache.catalina.startup.HostConfig.deployDescriptor Deploying configuration descriptor [C:\Users\Rio.Rai\Desktop\java_end\apache-tomcat-8.5.29\conf\Catalina\localhost\WebThiTuLuan.xml]
12-May-2018 07:34:41.754 INFO [http-nio-1000-exec-29] org.apache.catalina.startup.HostConfig.deployDescriptor Deployment of configuration descriptor [C:\Users\Rio.Rai\Desktop\java_end\apache-tomcat-8.5.29\conf\Catalina\localhost\WebThiTuLuan.xml] has finished in [208] ms
12-May-2018 07:34:41.759 INFO [http-nio-1000-exec-32] org.apache.catalina.util.LifecycleBase.start The start() method was called on component [StandardEngine[Catalina].StandardHost[localhost].StandardContext[/WebThiTuLuan]] after start() had already been called. The second call will be ignored.
12-May-2018 07:38:18.444 INFO [main] org.apache.catalina.core.StandardServer.await A valid shutdown command was received via the shutdown port. Stopping the Server instance.
12-May-2018 07:38:18.444 INFO [main] org.apache.coyote.AbstractProtocol.pause Pausing ProtocolHandler ["http-nio-1000"]
12-May-2018 07:38:18.721 INFO [main] org.apache.coyote.AbstractProtocol.pause Pausing ProtocolHandler ["ajp-nio-8009"]
12-May-2018 07:38:19.025 INFO [main] org.apache.catalina.core.StandardService.stopInternal Stopping service [Catalina]
12-May-2018 07:38:19.063 INFO [main] org.apache.coyote.AbstractProtocol.stop Stopping ProtocolHandler ["http-nio-1000"]
12-May-2018 07:38:19.063 INFO [main] org.apache.coyote.AbstractProtocol.stop Stopping ProtocolHandler ["ajp-nio-8009"]
12-May-2018 07:38:19.064 INFO [main] org.apache.coyote.AbstractProtocol.destroy Destroying ProtocolHandler ["http-nio-1000"]
12-May-2018 07:38:19.065 INFO [main] org.apache.coyote.AbstractProtocol.destroy Destroying ProtocolHandler ["ajp-nio-8009"]
12-May-2018 12:32:31.521 INFO [main] org.apache.catalina.startup.VersionLoggerListener.log Server version:        Apache Tomcat/8.5.29
12-May-2018 12:32:31.523 INFO [main] org.apache.catalina.startup.VersionLoggerListener.log Server built:          Mar 5 2018 13:11:12 UTC
12-May-2018 12:32:31.523 INFO [main] org.apache.catalina.startup.VersionLoggerListener.log Server number:         8.5.29.0
12-May-2018 12:32:31.524 INFO [main] org.apache.catalina.startup.VersionLoggerListener.log OS Name:               Windows 10
12-May-2018 12:32:31.524 INFO [main] org.apache.catalina.startup.VersionLoggerListener.log OS Version:            10.0
12-May-2018 12:32:31.524 INFO [main] org.apache.catalina.startup.VersionLoggerListener.log Architecture:          x86
12-May-2018 12:32:31.524 INFO [main] org.apache.catalina.startup.VersionLoggerListener.log Java Home:             C:\Program Files\Java\jdk1.8.0_144\jre
12-May-2018 12:32:31.524 INFO [main] org.apache.catalina.startup.VersionLoggerListener.log JVM Version:           1.8.0_144-b01
12-May-2018 12:32:31.524 INFO [main] org.apache.catalina.startup.VersionLoggerListener.log JVM Vendor:            Oracle Corporation
12-May-2018 12:32:31.524 INFO [main] org.apache.catalina.startup.VersionLoggerListener.log CATALINA_BASE:         C:\Users\Rio.Rai\Desktop\java_end\apache-tomcat-8.5.29
12-May-2018 12:32:31.524 INFO [main] org.apache.catalina.startup.VersionLoggerListener.log CATALINA_HOME:         C:\Users\Rio.Rai\Desktop\java_end\apache-tomcat-8.5.29
12-May-2018 12:32:31.524 INFO [main] org.apache.catalina.startup.VersionLoggerListener.log Command line argument: -Djava.util.logging.config.file=C:\Users\Rio.Rai\Desktop\java_end\apache-tomcat-8.5.29\conf\logging.properties
12-May-2018 12:32:31.524 INFO [main] org.apache.catalina.startup.VersionLoggerListener.log Command line argument: -Djava.util.logging.manager=org.apache.juli.ClassLoaderLogManager
12-May-2018 12:32:31.525 INFO [main] org.apache.catalina.startup.VersionLoggerListener.log Command line argument: -Dhttp.nonProxyHosts=localhost|127.0.0.1|DESKTOP-KKHKH84
12-May-2018 12:32:31.525 INFO [main] org.apache.catalina.startup.VersionLoggerListener.log Command line argument: -Djdk.tls.ephemeralDHKeySize=2048
12-May-2018 12:32:31.525 INFO [main] org.apache.catalina.startup.VersionLoggerListener.log Command line argument: -Djava.protocol.handler.pkgs=org.apache.catalina.webresources
12-May-2018 12:32:31.525 INFO [main] org.apache.catalina.startup.VersionLoggerListener.log Command line argument: -Dignore.endorsed.dirs=
12-May-2018 12:32:31.525 INFO [main] org.apache.catalina.startup.VersionLoggerListener.log Command line argument: -Dcatalina.base=C:\Users\Rio.Rai\Desktop\java_end\apache-tomcat-8.5.29
12-May-2018 12:32:31.525 INFO [main] org.apache.catalina.startup.VersionLoggerListener.log Command line argument: -Dcatalina.home=C:\Users\Rio.Rai\Desktop\java_end\apache-tomcat-8.5.29
12-May-2018 12:32:31.526 INFO [main] org.apache.catalina.startup.VersionLoggerListener.log Command line argument: -Djava.io.tmpdir=C:\Users\Rio.Rai\Desktop\java_end\apache-tomcat-8.5.29\temp
12-May-2018 12:32:31.526 INFO [main] org.apache.catalina.core.AprLifecycleListener.lifecycleEvent Loaded APR based Apache Tomcat Native library [1.2.16] using APR version [1.6.3].
12-May-2018 12:32:31.526 INFO [main] org.apache.catalina.core.AprLifecycleListener.lifecycleEvent APR capabilities: IPv6 [true], sendfile [true], accept filters [false], random [true].
12-May-2018 12:32:31.526 INFO [main] org.apache.catalina.core.AprLifecycleListener.lifecycleEvent APR/OpenSSL configuration: useAprConnector [false], useOpenSSL [true]
12-May-2018 12:32:32.278 INFO [main] org.apache.catalina.core.AprLifecycleListener.initializeSSL OpenSSL successfully initialized [OpenSSL 1.0.2m  2 Nov 2017]
12-May-2018 12:32:33.168 INFO [main] org.apache.coyote.AbstractProtocol.init Initializing ProtocolHandler ["http-nio-1000"]
12-May-2018 12:32:34.065 INFO [main] org.apache.tomcat.util.net.NioSelectorPool.getSharedSelector Using a shared selector for servlet write/read
12-May-2018 12:32:34.084 INFO [main] org.apache.coyote.AbstractProtocol.init Initializing ProtocolHandler ["ajp-nio-8009"]
12-May-2018 12:32:34.086 INFO [main] org.apache.tomcat.util.net.NioSelectorPool.getSharedSelector Using a shared selector for servlet write/read
12-May-2018 12:32:34.087 INFO [main] org.apache.catalina.startup.Catalina.load Initialization processed in 3945 ms
12-May-2018 12:32:34.231 INFO [main] org.apache.catalina.core.StandardService.startInternal Starting service [Catalina]
12-May-2018 12:32:34.231 INFO [main] org.apache.catalina.core.StandardEngine.startInternal Starting Servlet Engine: Apache Tomcat/8.5.29
12-May-2018 12:32:34.289 INFO [localhost-startStop-1] org.apache.catalina.startup.HostConfig.deployDescriptor Deploying configuration descriptor [C:\Users\Rio.Rai\Desktop\java_end\apache-tomcat-8.5.29\conf\Catalina\localhost\WebThiTuLuan.xml]
12-May-2018 12:32:35.887 INFO [localhost-startStop-1] org.apache.jasper.servlet.TldScanner.scanJars At least one JAR was scanned for TLDs yet contained no TLDs. Enable debug logging for this logger for a complete list of JARs that were scanned but no TLDs were found in them. Skipping unneeded JARs during scanning can improve startup time and JSP compilation time.
12-May-2018 12:32:36.205 INFO [localhost-startStop-1] org.apache.catalina.startup.HostConfig.deployDescriptor Deployment of configuration descriptor [C:\Users\Rio.Rai\Desktop\java_end\apache-tomcat-8.5.29\conf\Catalina\localhost\WebThiTuLuan.xml] has finished in [1,915] ms
12-May-2018 12:32:36.205 INFO [localhost-startStop-1] org.apache.catalina.startup.HostConfig.deployDirectory Deploying web application directory [C:\Users\Rio.Rai\Desktop\java_end\apache-tomcat-8.5.29\webapps\docs]
12-May-2018 12:32:36.699 INFO [localhost-startStop-1] org.apache.catalina.startup.HostConfig.deployDirectory Deployment of web application directory [C:\Users\Rio.Rai\Desktop\java_end\apache-tomcat-8.5.29\webapps\docs] has finished in [494] ms
12-May-2018 12:32:36.700 INFO [localhost-startStop-1] org.apache.catalina.startup.HostConfig.deployDirectory Deploying web application directory [C:\Users\Rio.Rai\Desktop\java_end\apache-tomcat-8.5.29\webapps\examples]
12-May-2018 12:32:38.305 INFO [localhost-startStop-1] org.apache.catalina.startup.HostConfig.deployDirectory Deployment of web application directory [C:\Users\Rio.Rai\Desktop\java_end\apache-tomcat-8.5.29\webapps\examples] has finished in [1,605] ms
12-May-2018 12:32:38.305 INFO [localhost-startStop-1] org.apache.catalina.startup.HostConfig.deployDirectory Deploying web application directory [C:\Users\Rio.Rai\Desktop\java_end\apache-tomcat-8.5.29\webapps\host-manager]
12-May-2018 12:32:38.405 INFO [localhost-startStop-1] org.apache.catalina.startup.HostConfig.deployDirectory Deployment of web application directory [C:\Users\Rio.Rai\Desktop\java_end\apache-tomcat-8.5.29\webapps\host-manager] has finished in [100] ms
12-May-2018 12:32:38.405 INFO [localhost-startStop-1] org.apache.catalina.startup.HostConfig.deployDirectory Deploying web application directory [C:\Users\Rio.Rai\Desktop\java_end\apache-tomcat-8.5.29\webapps\manager]
12-May-2018 12:32:38.497 INFO [localhost-startStop-1] org.apache.catalina.startup.HostConfig.deployDirectory Deployment of web application directory [C:\Users\Rio.Rai\Desktop\java_end\apache-tomcat-8.5.29\webapps\manager] has finished in [92] ms
12-May-2018 12:32:38.497 INFO [localhost-startStop-1] org.apache.catalina.startup.HostConfig.deployDirectory Deploying web application directory [C:\Users\Rio.Rai\Desktop\java_end\apache-tomcat-8.5.29\webapps\ROOT]
12-May-2018 12:32:38.522 INFO [localhost-startStop-1] org.apache.catalina.startup.HostConfig.deployDirectory Deployment of web application directory [C:\Users\Rio.Rai\Desktop\java_end\apache-tomcat-8.5.29\webapps\ROOT] has finished in [25] ms
12-May-2018 12:32:38.526 INFO [main] org.apache.coyote.AbstractProtocol.start Starting ProtocolHandler ["http-nio-1000"]
12-May-2018 12:32:38.545 INFO [main] org.apache.coyote.AbstractProtocol.start Starting ProtocolHandler ["ajp-nio-8009"]
12-May-2018 12:32:38.550 INFO [main] org.apache.catalina.startup.Catalina.start Server startup in 4463 ms
12-May-2018 12:33:50.304 INFO [http-nio-1000-exec-10] org.apache.catalina.core.StandardContext.reload Reloading Context with name [/WebThiTuLuan] has started
12-May-2018 12:33:50.580 INFO [http-nio-1000-exec-10] org.apache.catalina.core.StandardContext.reload Reloading Context with name [/WebThiTuLuan] is completed
12-May-2018 12:34:29.293 INFO [http-nio-1000-exec-1] org.apache.catalina.core.StandardContext.reload Reloading Context with name [/WebThiTuLuan] has started
12-May-2018 12:34:29.465 INFO [http-nio-1000-exec-1] org.apache.catalina.core.StandardContext.reload Reloading Context with name [/WebThiTuLuan] is completed
12-May-2018 12:35:15.443 INFO [http-nio-1000-exec-18] org.apache.catalina.core.StandardContext.reload Reloading Context with name [/WebThiTuLuan] has started
12-May-2018 12:35:15.629 INFO [http-nio-1000-exec-18] org.apache.catalina.core.StandardContext.reload Reloading Context with name [/WebThiTuLuan] is completed
12-May-2018 12:35:49.112 INFO [http-nio-1000-exec-20] org.apache.catalina.core.StandardContext.reload Reloading Context with name [/WebThiTuLuan] has started
12-May-2018 12:35:49.267 INFO [http-nio-1000-exec-20] org.apache.catalina.core.StandardContext.reload Reloading Context with name [/WebThiTuLuan] is completed
12-May-2018 12:39:31.555 INFO [main] org.apache.catalina.core.StandardServer.await A valid shutdown command was received via the shutdown port. Stopping the Server instance.
12-May-2018 12:39:31.556 INFO [main] org.apache.coyote.AbstractProtocol.pause Pausing ProtocolHandler ["http-nio-1000"]
12-May-2018 12:39:31.697 INFO [main] org.apache.coyote.AbstractProtocol.pause Pausing ProtocolHandler ["ajp-nio-8009"]
12-May-2018 12:39:31.829 INFO [main] org.apache.catalina.core.StandardService.stopInternal Stopping service [Catalina]
12-May-2018 12:39:31.855 WARNING [localhost-startStop-2] org.apache.catalina.loader.WebappClassLoaderBase.clearReferencesJdbc The web application [WebThiTuLuan] registered the JDBC driver [com.mysql.jdbc.Driver] but failed to unregister it when the web application was stopped. To prevent a memory leak, the JDBC Driver has been forcibly unregistered.
12-May-2018 12:39:31.863 INFO [main] org.apache.coyote.AbstractProtocol.stop Stopping ProtocolHandler ["http-nio-1000"]
12-May-2018 12:39:31.865 INFO [main] org.apache.coyote.AbstractProtocol.stop Stopping ProtocolHandler ["ajp-nio-8009"]
12-May-2018 12:39:31.866 INFO [main] org.apache.coyote.AbstractProtocol.destroy Destroying ProtocolHandler ["http-nio-1000"]
12-May-2018 12:39:31.867 INFO [main] org.apache.coyote.AbstractProtocol.destroy Destroying ProtocolHandler ["ajp-nio-8009"]
12-May-2018 12:39:36.121 INFO [main] org.apache.catalina.startup.VersionLoggerListener.log Server version:        Apache Tomcat/8.5.29
12-May-2018 12:39:36.125 INFO [main] org.apache.catalina.startup.VersionLoggerListener.log Server built:          Mar 5 2018 13:11:12 UTC
12-May-2018 12:39:36.125 INFO [main] org.apache.catalina.startup.VersionLoggerListener.log Server number:         8.5.29.0
12-May-2018 12:39:36.125 INFO [main] org.apache.catalina.startup.VersionLoggerListener.log OS Name:               Windows 10
12-May-2018 12:39:36.125 INFO [main] org.apache.catalina.startup.VersionLoggerListener.log OS Version:            10.0
12-May-2018 12:39:36.125 INFO [main] org.apache.catalina.startup.VersionLoggerListener.log Architecture:          x86
12-May-2018 12:39:36.125 INFO [main] org.apache.catalina.startup.VersionLoggerListener.log Java Home:             C:\Program Files\Java\jdk1.8.0_144\jre
12-May-2018 12:39:36.125 INFO [main] org.apache.catalina.startup.VersionLoggerListener.log JVM Version:           1.8.0_144-b01
12-May-2018 12:39:36.126 INFO [main] org.apache.catalina.startup.VersionLoggerListener.log JVM Vendor:            Oracle Corporation
12-May-2018 12:39:36.126 INFO [main] org.apache.catalina.startup.VersionLoggerListener.log CATALINA_BASE:         C:\Users\Rio.Rai\Desktop\java_end\apache-tomcat-8.5.29
12-May-2018 12:39:36.126 INFO [main] org.apache.catalina.startup.VersionLoggerListener.log CATALINA_HOME:         C:\Users\Rio.Rai\Desktop\java_end\apache-tomcat-8.5.29
12-May-2018 12:39:36.126 INFO [main] org.apache.catalina.startup.VersionLoggerListener.log Command line argument: -Djava.util.logging.config.file=C:\Users\Rio.Rai\Desktop\java_end\apache-tomcat-8.5.29\conf\logging.properties
12-May-2018 12:39:36.126 INFO [main] org.apache.catalina.startup.VersionLoggerListener.log Command line argument: -Djava.util.logging.manager=org.apache.juli.ClassLoaderLogManager
12-May-2018 12:39:36.126 INFO [main] org.apache.catalina.startup.VersionLoggerListener.log Command line argument: -Dhttp.nonProxyHosts=localhost|127.0.0.1|DESKTOP-KKHKH84
12-May-2018 12:39:36.126 INFO [main] org.apache.catalina.startup.VersionLoggerListener.log Command line argument: -Djdk.tls.ephemeralDHKeySize=2048
12-May-2018 12:39:36.126 INFO [main] org.apache.catalina.startup.VersionLoggerListener.log Command line argument: -Djava.protocol.handler.pkgs=org.apache.catalina.webresources
12-May-2018 12:39:36.126 INFO [main] org.apache.catalina.startup.VersionLoggerListener.log Command line argument: -agentlib:jdwp=transport=dt_shmem,address=tomcat_shared_memory_id,server=y,suspend=n
12-May-2018 12:39:36.126 INFO [main] org.apache.catalina.startup.VersionLoggerListener.log Command line argument: -Dignore.endorsed.dirs=
12-May-2018 12:39:36.126 INFO [main] org.apache.catalina.startup.VersionLoggerListener.log Command line argument: -Dcatalina.base=C:\Users\Rio.Rai\Desktop\java_end\apache-tomcat-8.5.29
12-May-2018 12:39:36.126 INFO [main] org.apache.catalina.startup.VersionLoggerListener.log Command line argument: -Dcatalina.home=C:\Users\Rio.Rai\Desktop\java_end\apache-tomcat-8.5.29
12-May-2018 12:39:36.127 INFO [main] org.apache.catalina.startup.VersionLoggerListener.log Command line argument: -Djava.io.tmpdir=C:\Users\Rio.Rai\Desktop\java_end\apache-tomcat-8.5.29\temp
12-May-2018 12:39:36.127 INFO [main] org.apache.catalina.core.AprLifecycleListener.lifecycleEvent Loaded APR based Apache Tomcat Native library [1.2.16] using APR version [1.6.3].
12-May-2018 12:39:36.127 INFO [main] org.apache.catalina.core.AprLifecycleListener.lifecycleEvent APR capabilities: IPv6 [true], sendfile [true], accept filters [false], random [true].
12-May-2018 12:39:36.127 INFO [main] org.apache.catalina.core.AprLifecycleListener.lifecycleEvent APR/OpenSSL configuration: useAprConnector [false], useOpenSSL [true]
12-May-2018 12:39:36.957 INFO [main] org.apache.catalina.core.AprLifecycleListener.initializeSSL OpenSSL successfully initialized [OpenSSL 1.0.2m  2 Nov 2017]
12-May-2018 12:39:37.085 INFO [main] org.apache.coyote.AbstractProtocol.init Initializing ProtocolHandler ["http-nio-1000"]
12-May-2018 12:39:37.263 INFO [main] org.apache.tomcat.util.net.NioSelectorPool.getSharedSelector Using a shared selector for servlet write/read
12-May-2018 12:39:37.269 INFO [main] org.apache.coyote.AbstractProtocol.init Initializing ProtocolHandler ["ajp-nio-8009"]
12-May-2018 12:39:37.277 INFO [main] org.apache.tomcat.util.net.NioSelectorPool.getSharedSelector Using a shared selector for servlet write/read
12-May-2018 12:39:37.278 INFO [main] org.apache.catalina.startup.Catalina.load Initialization processed in 1687 ms
12-May-2018 12:39:37.314 INFO [main] org.apache.catalina.core.StandardService.startInternal Starting service [Catalina]
12-May-2018 12:39:37.314 INFO [main] org.apache.catalina.core.StandardEngine.startInternal Starting Servlet Engine: Apache Tomcat/8.5.29
12-May-2018 12:39:37.327 INFO [localhost-startStop-1] org.apache.catalina.startup.HostConfig.deployDescriptor Deploying configuration descriptor [C:\Users\Rio.Rai\Desktop\java_end\apache-tomcat-8.5.29\conf\Catalina\localhost\WebThiTuLuan.xml]
12-May-2018 12:39:37.853 INFO [localhost-startStop-1] org.apache.jasper.servlet.TldScanner.scanJars At least one JAR was scanned for TLDs yet contained no TLDs. Enable debug logging for this logger for a complete list of JARs that were scanned but no TLDs were found in them. Skipping unneeded JARs during scanning can improve startup time and JSP compilation time.
12-May-2018 12:39:37.921 INFO [localhost-startStop-1] org.apache.catalina.startup.HostConfig.deployDescriptor Deployment of configuration descriptor [C:\Users\Rio.Rai\Desktop\java_end\apache-tomcat-8.5.29\conf\Catalina\localhost\WebThiTuLuan.xml] has finished in [593] ms
12-May-2018 12:39:37.923 INFO [localhost-startStop-1] org.apache.catalina.startup.HostConfig.deployDirectory Deploying web application directory [C:\Users\Rio.Rai\Desktop\java_end\apache-tomcat-8.5.29\webapps\docs]
12-May-2018 12:39:37.946 INFO [localhost-startStop-1] org.apache.catalina.startup.HostConfig.deployDirectory Deployment of web application directory [C:\Users\Rio.Rai\Desktop\java_end\apache-tomcat-8.5.29\webapps\docs] has finished in [23] ms
12-May-2018 12:39:37.947 INFO [localhost-startStop-1] org.apache.catalina.startup.HostConfig.deployDirectory Deploying web application directory [C:\Users\Rio.Rai\Desktop\java_end\apache-tomcat-8.5.29\webapps\examples]
12-May-2018 12:39:38.244 INFO [localhost-startStop-1] org.apache.catalina.startup.HostConfig.deployDirectory Deployment of web application directory [C:\Users\Rio.Rai\Desktop\java_end\apache-tomcat-8.5.29\webapps\examples] has finished in [297] ms
12-May-2018 12:39:38.245 INFO [localhost-startStop-1] org.apache.catalina.startup.HostConfig.deployDirectory Deploying web application directory [C:\Users\Rio.Rai\Desktop\java_end\apache-tomcat-8.5.29\webapps\host-manager]
12-May-2018 12:39:38.270 INFO [localhost-startStop-1] org.apache.catalina.startup.HostConfig.deployDirectory Deployment of web application directory [C:\Users\Rio.Rai\Desktop\java_end\apache-tomcat-8.5.29\webapps\host-manager] has finished in [25] ms
12-May-2018 12:39:38.270 INFO [localhost-startStop-1] org.apache.catalina.startup.HostConfig.deployDirectory Deploying web application directory [C:\Users\Rio.Rai\Desktop\java_end\apache-tomcat-8.5.29\webapps\manager]
12-May-2018 12:39:38.317 INFO [localhost-startStop-1] org.apache.catalina.startup.HostConfig.deployDirectory Deployment of web application directory [C:\Users\Rio.Rai\Desktop\java_end\apache-tomcat-8.5.29\webapps\manager] has finished in [47] ms
12-May-2018 12:39:38.318 INFO [localhost-startStop-1] org.apache.catalina.startup.HostConfig.deployDirectory Deploying web application directory [C:\Users\Rio.Rai\Desktop\java_end\apache-tomcat-8.5.29\webapps\ROOT]
12-May-2018 12:39:38.343 INFO [localhost-startStop-1] org.apache.catalina.startup.HostConfig.deployDirectory Deployment of web application directory [C:\Users\Rio.Rai\Desktop\java_end\apache-tomcat-8.5.29\webapps\ROOT] has finished in [26] ms
12-May-2018 12:39:38.346 INFO [main] org.apache.coyote.AbstractProtocol.start Starting ProtocolHandler ["http-nio-1000"]
12-May-2018 12:39:38.359 INFO [main] org.apache.coyote.AbstractProtocol.start Starting ProtocolHandler ["ajp-nio-8009"]
12-May-2018 12:39:38.362 INFO [main] org.apache.catalina.startup.Catalina.start Server startup in 1084 ms
12-May-2018 12:39:41.789 INFO [http-nio-1000-exec-7] org.apache.catalina.startup.HostConfig.undeploy Undeploying context [/WebThiTuLuan]
12-May-2018 12:39:41.866 INFO [http-nio-1000-exec-2] org.apache.catalina.startup.HostConfig.deployDescriptor Deploying configuration descriptor [C:\Users\Rio.Rai\Desktop\java_end\apache-tomcat-8.5.29\conf\Catalina\localhost\WebThiTuLuan.xml]
12-May-2018 12:39:42.243 INFO [http-nio-1000-exec-2] org.apache.catalina.startup.HostConfig.deployDescriptor Deployment of configuration descriptor [C:\Users\Rio.Rai\Desktop\java_end\apache-tomcat-8.5.29\conf\Catalina\localhost\WebThiTuLuan.xml] has finished in [377] ms
12-May-2018 12:39:42.250 INFO [http-nio-1000-exec-4] org.apache.catalina.util.LifecycleBase.start The start() method was called on component [StandardEngine[Catalina].StandardHost[localhost].StandardContext[/WebThiTuLuan]] after start() had already been called. The second call will be ignored.
12-May-2018 12:40:28.305 INFO [http-nio-1000-exec-9] org.apache.catalina.startup.HostConfig.undeploy Undeploying context [/WebThiTuLuan]
12-May-2018 12:40:28.322 INFO [http-nio-1000-exec-15] org.apache.catalina.startup.HostConfig.deployDescriptor Deploying configuration descriptor [C:\Users\Rio.Rai\Desktop\java_end\apache-tomcat-8.5.29\conf\Catalina\localhost\WebThiTuLuan.xml]
12-May-2018 12:40:28.488 INFO [http-nio-1000-exec-15] org.apache.catalina.startup.HostConfig.deployDescriptor Deployment of configuration descriptor [C:\Users\Rio.Rai\Desktop\java_end\apache-tomcat-8.5.29\conf\Catalina\localhost\WebThiTuLuan.xml] has finished in [166] ms
12-May-2018 12:40:28.492 INFO [http-nio-1000-exec-16] org.apache.catalina.util.LifecycleBase.start The start() method was called on component [StandardEngine[Catalina].StandardHost[localhost].StandardContext[/WebThiTuLuan]] after start() had already been called. The second call will be ignored.
12-May-2018 12:50:55.869 INFO [http-nio-1000-exec-25] org.apache.catalina.core.StandardContext.reload Reloading Context with name [/WebThiTuLuan] has started
12-May-2018 12:50:55.886 WARNING [http-nio-1000-exec-25] org.apache.catalina.loader.WebappClassLoaderBase.clearReferencesJdbc The web application [WebThiTuLuan] registered the JDBC driver [com.mysql.jdbc.Driver] but failed to unregister it when the web application was stopped. To prevent a memory leak, the JDBC Driver has been forcibly unregistered.
12-May-2018 12:50:56.052 INFO [http-nio-1000-exec-25] org.apache.catalina.core.StandardContext.reload Reloading Context with name [/WebThiTuLuan] is completed
12-May-2018 12:51:25.804 INFO [http-nio-1000-exec-22] org.apache.catalina.core.StandardContext.reload Reloading Context with name [/WebThiTuLuan] has started
12-May-2018 12:51:25.949 INFO [http-nio-1000-exec-22] org.apache.catalina.core.StandardContext.reload Reloading Context with name [/WebThiTuLuan] is completed
12-May-2018 12:54:02.853 WARNING [http-nio-1000-exec-30] org.apache.catalina.loader.WebappClassLoaderBase.clearReferencesJdbc The web application [WebThiTuLuan] registered the JDBC driver [com.mysql.jdbc.Driver] but failed to unregister it when the web application was stopped. To prevent a memory leak, the JDBC Driver has been forcibly unregistered.
12-May-2018 12:54:03.355 INFO [http-nio-1000-exec-30] org.apache.catalina.startup.HostConfig.undeploy Undeploying context [/WebThiTuLuan]
12-May-2018 12:54:03.372 INFO [http-nio-1000-exec-27] org.apache.catalina.startup.HostConfig.deployDescriptor Deploying configuration descriptor [C:\Users\Rio.Rai\Desktop\java_end\apache-tomcat-8.5.29\conf\Catalina\localhost\WebThiTuLuan.xml]
12-May-2018 12:54:03.548 INFO [http-nio-1000-exec-27] org.apache.catalina.startup.HostConfig.deployDescriptor Deployment of configuration descriptor [C:\Users\Rio.Rai\Desktop\java_end\apache-tomcat-8.5.29\conf\Catalina\localhost\WebThiTuLuan.xml] has finished in [176] ms
12-May-2018 12:54:03.552 INFO [http-nio-1000-exec-32] org.apache.catalina.util.LifecycleBase.start The start() method was called on component [StandardEngine[Catalina].StandardHost[localhost].StandardContext[/WebThiTuLuan]] after start() had already been called. The second call will be ignored.
12-May-2018 12:58:50.746 INFO [http-nio-1000-exec-42] org.apache.catalina.core.StandardContext.reload Reloading Context with name [/WebThiTuLuan] has started
12-May-2018 12:58:50.757 WARNING [http-nio-1000-exec-42] org.apache.catalina.loader.WebappClassLoaderBase.clearReferencesJdbc The web application [WebThiTuLuan] registered the JDBC driver [com.mysql.jdbc.Driver] but failed to unregister it when the web application was stopped. To prevent a memory leak, the JDBC Driver has been forcibly unregistered.
12-May-2018 12:58:50.957 INFO [http-nio-1000-exec-42] org.apache.catalina.core.StandardContext.reload Reloading Context with name [/WebThiTuLuan] is completed
12-May-2018 12:59:00.813 INFO [http-nio-1000-exec-43] org.apache.catalina.core.StandardContext.reload Reloading Context with name [/WebThiTuLuan] has started
12-May-2018 12:59:00.985 INFO [http-nio-1000-exec-43] org.apache.catalina.core.StandardContext.reload Reloading Context with name [/WebThiTuLuan] is completed
12-May-2018 12:59:17.519 INFO [http-nio-1000-exec-43] org.apache.catalina.core.StandardContext.reload Reloading Context with name [/WebThiTuLuan] has started
12-May-2018 12:59:17.662 INFO [http-nio-1000-exec-43] org.apache.catalina.core.StandardContext.reload Reloading Context with name [/WebThiTuLuan] is completed
12-May-2018 13:24:43.447 INFO [http-nio-1000-exec-55] org.apache.catalina.core.StandardContext.reload Reloading Context with name [/WebThiTuLuan] has started
12-May-2018 13:24:43.511 WARNING [http-nio-1000-exec-55] org.apache.catalina.loader.WebappClassLoaderBase.clearReferencesJdbc The web application [WebThiTuLuan] registered the JDBC driver [com.mysql.jdbc.Driver] but failed to unregister it when the web application was stopped. To prevent a memory leak, the JDBC Driver has been forcibly unregistered.
12-May-2018 13:24:44.223 INFO [http-nio-1000-exec-55] org.apache.catalina.core.StandardContext.reload Reloading Context with name [/WebThiTuLuan] is completed
12-May-2018 13:24:52.665 INFO [http-nio-1000-exec-62] org.apache.catalina.core.StandardContext.reload Reloading Context with name [/WebThiTuLuan] has started
12-May-2018 13:24:52.862 INFO [http-nio-1000-exec-62] org.apache.catalina.core.StandardContext.reload Reloading Context with name [/WebThiTuLuan] is completed
12-May-2018 13:53:52.850 INFO [http-nio-1000-exec-66] org.apache.catalina.core.StandardContext.reload Reloading Context with name [/WebThiTuLuan] has started
12-May-2018 13:53:52.864 WARNING [http-nio-1000-exec-66] org.apache.catalina.loader.WebappClassLoaderBase.clearReferencesJdbc The web application [WebThiTuLuan] registered the JDBC driver [com.mysql.jdbc.Driver] but failed to unregister it when the web application was stopped. To prevent a memory leak, the JDBC Driver has been forcibly unregistered.
12-May-2018 13:53:53.441 INFO [http-nio-1000-exec-66] org.apache.catalina.core.StandardContext.reload Reloading Context with name [/WebThiTuLuan] is completed
12-May-2018 14:03:00.731 INFO [http-nio-1000-exec-77] org.apache.catalina.core.StandardContext.reload Reloading Context with name [/WebThiTuLuan] has started
12-May-2018 14:03:00.894 INFO [http-nio-1000-exec-77] org.apache.catalina.core.StandardContext.reload Reloading Context with name [/WebThiTuLuan] is completed
12-May-2018 14:17:03.867 INFO [http-nio-1000-exec-90] org.apache.catalina.core.StandardContext.reload Reloading Context with name [/WebThiTuLuan] has started
12-May-2018 14:17:03.879 WARNING [http-nio-1000-exec-90] org.apache.catalina.loader.WebappClassLoaderBase.clearReferencesJdbc The web application [WebThiTuLuan] registered the JDBC driver [com.mysql.jdbc.Driver] but failed to unregister it when the web application was stopped. To prevent a memory leak, the JDBC Driver has been forcibly unregistered.
12-May-2018 14:17:04.146 INFO [http-nio-1000-exec-90] org.apache.catalina.core.StandardContext.reload Reloading Context with name [/WebThiTuLuan] is completed
12-May-2018 14:18:32.748 INFO [http-nio-1000-exec-89] org.apache.catalina.core.StandardContext.reload Reloading Context with name [/WebThiTuLuan] has started
12-May-2018 14:18:32.914 INFO [http-nio-1000-exec-89] org.apache.catalina.core.StandardContext.reload Reloading Context with name [/WebThiTuLuan] is completed
12-May-2018 14:18:39.812 INFO [http-nio-1000-exec-95] org.apache.catalina.core.StandardContext.reload Reloading Context with name [/WebThiTuLuan] has started
12-May-2018 14:18:39.988 INFO [http-nio-1000-exec-95] org.apache.catalina.core.StandardContext.reload Reloading Context with name [/WebThiTuLuan] is completed
12-May-2018 14:20:16.690 INFO [http-nio-1000-exec-98] org.apache.catalina.core.StandardContext.reload Reloading Context with name [/WebThiTuLuan] has started
12-May-2018 14:20:16.878 INFO [http-nio-1000-exec-98] org.apache.catalina.core.StandardContext.reload Reloading Context with name [/WebThiTuLuan] is completed
12-May-2018 14:23:21.619 INFO [http-nio-1000-exec-101] org.apache.catalina.core.StandardContext.reload Reloading Context with name [/WebThiTuLuan] has started
12-May-2018 14:23:21.628 WARNING [http-nio-1000-exec-101] org.apache.catalina.loader.WebappClassLoaderBase.clearReferencesJdbc The web application [WebThiTuLuan] registered the JDBC driver [com.mysql.jdbc.Driver] but failed to unregister it when the web application was stopped. To prevent a memory leak, the JDBC Driver has been forcibly unregistered.
12-May-2018 14:23:21.785 INFO [http-nio-1000-exec-101] org.apache.catalina.core.StandardContext.reload Reloading Context with name [/WebThiTuLuan] is completed
12-May-2018 14:33:37.568 INFO [http-nio-1000-exec-111] org.apache.catalina.core.StandardContext.reload Reloading Context with name [/WebThiTuLuan] has started
12-May-2018 14:33:37.769 INFO [http-nio-1000-exec-111] org.apache.catalina.core.StandardContext.reload Reloading Context with name [/WebThiTuLuan] is completed
12-May-2018 14:35:52.399 INFO [http-nio-1000-exec-122] org.apache.catalina.core.StandardContext.reload Reloading Context with name [/WebThiTuLuan] has started
12-May-2018 14:35:52.596 INFO [http-nio-1000-exec-122] org.apache.catalina.core.StandardContext.reload Reloading Context with name [/WebThiTuLuan] is completed
12-May-2018 14:36:09.805 INFO [http-nio-1000-exec-114] org.apache.catalina.core.StandardContext.reload Reloading Context with name [/WebThiTuLuan] has started
12-May-2018 14:36:09.954 INFO [http-nio-1000-exec-114] org.apache.catalina.core.StandardContext.reload Reloading Context with name [/WebThiTuLuan] is completed
12-May-2018 14:36:32.503 INFO [http-nio-1000-exec-125] org.apache.catalina.core.StandardContext.reload Reloading Context with name [/WebThiTuLuan] has started
12-May-2018 14:36:32.643 INFO [http-nio-1000-exec-125] org.apache.catalina.core.StandardContext.reload Reloading Context with name [/WebThiTuLuan] is completed
12-May-2018 14:37:01.469 INFO [http-nio-1000-exec-123] org.apache.catalina.core.StandardContext.reload Reloading Context with name [/WebThiTuLuan] has started
12-May-2018 14:37:01.661 INFO [http-nio-1000-exec-123] org.apache.catalina.core.StandardContext.reload Reloading Context with name [/WebThiTuLuan] is completed
12-May-2018 14:37:06.710 INFO [http-nio-1000-exec-125] org.apache.catalina.core.StandardContext.reload Reloading Context with name [/WebThiTuLuan] has started
12-May-2018 14:37:06.886 INFO [http-nio-1000-exec-125] org.apache.catalina.core.StandardContext.reload Reloading Context with name [/WebThiTuLuan] is completed
12-May-2018 14:37:16.625 INFO [http-nio-1000-exec-125] org.apache.catalina.core.StandardContext.reload Reloading Context with name [/WebThiTuLuan] has started
12-May-2018 14:37:16.792 INFO [http-nio-1000-exec-125] org.apache.catalina.core.StandardContext.reload Reloading Context with name [/WebThiTuLuan] is completed
12-May-2018 14:38:43.401 INFO [http-nio-1000-exec-132] org.apache.catalina.core.StandardContext.reload Reloading Context with name [/WebThiTuLuan] has started
12-May-2018 14:38:43.410 WARNING [http-nio-1000-exec-132] org.apache.catalina.loader.WebappClassLoaderBase.clearReferencesJdbc The web application [WebThiTuLuan] registered the JDBC driver [com.mysql.jdbc.Driver] but failed to unregister it when the web application was stopped. To prevent a memory leak, the JDBC Driver has been forcibly unregistered.
12-May-2018 14:38:43.571 INFO [http-nio-1000-exec-132] org.apache.catalina.core.StandardContext.reload Reloading Context with name [/WebThiTuLuan] is completed
12-May-2018 14:38:50.454 INFO [http-nio-1000-exec-132] org.apache.catalina.core.StandardContext.reload Reloading Context with name [/WebThiTuLuan] has started
12-May-2018 14:38:50.617 INFO [http-nio-1000-exec-132] org.apache.catalina.core.StandardContext.reload Reloading Context with name [/WebThiTuLuan] is completed
12-May-2018 14:39:33.837 INFO [http-nio-1000-exec-143] org.apache.catalina.core.StandardContext.reload Reloading Context with name [/WebThiTuLuan] has started
12-May-2018 14:39:33.845 WARNING [http-nio-1000-exec-143] org.apache.catalina.loader.WebappClassLoaderBase.clearReferencesJdbc The web application [WebThiTuLuan] registered the JDBC driver [com.mysql.jdbc.Driver] but failed to unregister it when the web application was stopped. To prevent a memory leak, the JDBC Driver has been forcibly unregistered.
12-May-2018 14:39:34.006 INFO [http-nio-1000-exec-143] org.apache.catalina.core.StandardContext.reload Reloading Context with name [/WebThiTuLuan] is completed
12-May-2018 14:40:26.123 INFO [http-nio-1000-exec-144] org.apache.catalina.core.StandardContext.reload Reloading Context with name [/WebThiTuLuan] has started
12-May-2018 14:40:26.264 INFO [http-nio-1000-exec-144] org.apache.catalina.core.StandardContext.reload Reloading Context with name [/WebThiTuLuan] is completed
12-May-2018 14:40:47.230 INFO [http-nio-1000-exec-141] org.apache.catalina.core.StandardContext.reload Reloading Context with name [/WebThiTuLuan] has started
12-May-2018 14:40:47.454 INFO [http-nio-1000-exec-141] org.apache.catalina.core.StandardContext.reload Reloading Context with name [/WebThiTuLuan] is completed
12-May-2018 14:43:03.291 INFO [http-nio-1000-exec-151] org.apache.catalina.core.StandardContext.reload Reloading Context with name [/WebThiTuLuan] has started
12-May-2018 14:43:03.303 WARNING [http-nio-1000-exec-151] org.apache.catalina.loader.WebappClassLoaderBase.clearReferencesJdbc The web application [WebThiTuLuan] registered the JDBC driver [com.mysql.jdbc.Driver] but failed to unregister it when the web application was stopped. To prevent a memory leak, the JDBC Driver has been forcibly unregistered.
12-May-2018 14:43:03.500 INFO [http-nio-1000-exec-151] org.apache.catalina.core.StandardContext.reload Reloading Context with name [/WebThiTuLuan] is completed
12-May-2018 14:43:10.000 INFO [http-nio-1000-exec-150] org.apache.catalina.core.StandardContext.reload Reloading Context with name [/WebThiTuLuan] has started
12-May-2018 14:43:10.148 INFO [http-nio-1000-exec-150] org.apache.catalina.core.StandardContext.reload Reloading Context with name [/WebThiTuLuan] is completed
12-May-2018 14:45:58.772 INFO [http-nio-1000-exec-158] org.apache.catalina.core.StandardContext.reload Reloading Context with name [/WebThiTuLuan] has started
12-May-2018 14:45:58.782 WARNING [http-nio-1000-exec-158] org.apache.catalina.loader.WebappClassLoaderBase.clearReferencesJdbc The web application [WebThiTuLuan] registered the JDBC driver [com.mysql.jdbc.Driver] but failed to unregister it when the web application was stopped. To prevent a memory leak, the JDBC Driver has been forcibly unregistered.
12-May-2018 14:45:58.980 INFO [http-nio-1000-exec-158] org.apache.catalina.core.StandardContext.reload Reloading Context with name [/WebThiTuLuan] is completed
12-May-2018 14:46:01.161 INFO [http-nio-1000-exec-165] org.apache.catalina.core.StandardContext.reload Reloading Context with name [/WebThiTuLuan] has started
12-May-2018 14:46:01.304 INFO [http-nio-1000-exec-165] org.apache.catalina.core.StandardContext.reload Reloading Context with name [/WebThiTuLuan] is completed
12-May-2018 14:46:08.018 INFO [http-nio-1000-exec-164] org.apache.catalina.core.StandardContext.reload Reloading Context with name [/WebThiTuLuan] has started
12-May-2018 14:46:08.168 INFO [http-nio-1000-exec-164] org.apache.catalina.core.StandardContext.reload Reloading Context with name [/WebThiTuLuan] is completed
12-May-2018 14:48:43.457 INFO [http-nio-1000-exec-177] org.apache.catalina.core.StandardContext.reload Reloading Context with name [/WebThiTuLuan] has started
12-May-2018 14:48:43.465 WARNING [http-nio-1000-exec-177] org.apache.catalina.loader.WebappClassLoaderBase.clearReferencesJdbc The web application [WebThiTuLuan] registered the JDBC driver [com.mysql.jdbc.Driver] but failed to unregister it when the web application was stopped. To prevent a memory leak, the JDBC Driver has been forcibly unregistered.
12-May-2018 14:48:43.636 INFO [http-nio-1000-exec-177] org.apache.catalina.core.StandardContext.reload Reloading Context with name [/WebThiTuLuan] is completed
12-May-2018 14:48:46.667 INFO [http-nio-1000-exec-175] org.apache.catalina.core.StandardContext.reload Reloading Context with name [/WebThiTuLuan] has started
12-May-2018 14:48:46.810 INFO [http-nio-1000-exec-175] org.apache.catalina.core.StandardContext.reload Reloading Context with name [/WebThiTuLuan] is completed
12-May-2018 14:48:56.185 INFO [http-nio-1000-exec-171] org.apache.catalina.core.StandardContext.reload Reloading Context with name [/WebThiTuLuan] has started
12-May-2018 14:48:56.343 INFO [http-nio-1000-exec-171] org.apache.catalina.core.StandardContext.reload Reloading Context with name [/WebThiTuLuan] is completed
12-May-2018 14:49:08.025 INFO [http-nio-1000-exec-169] org.apache.catalina.core.StandardContext.reload Reloading Context with name [/WebThiTuLuan] has started
12-May-2018 14:49:08.176 INFO [http-nio-1000-exec-169] org.apache.catalina.core.StandardContext.reload Reloading Context with name [/WebThiTuLuan] is completed
12-May-2018 15:05:56.561 INFO [http-nio-1000-exec-186] org.apache.catalina.core.StandardContext.reload Reloading Context with name [/WebThiTuLuan] has started
12-May-2018 15:05:56.572 WARNING [http-nio-1000-exec-186] org.apache.catalina.loader.WebappClassLoaderBase.clearReferencesJdbc The web application [WebThiTuLuan] registered the JDBC driver [com.mysql.jdbc.Driver] but failed to unregister it when the web application was stopped. To prevent a memory leak, the JDBC Driver has been forcibly unregistered.
12-May-2018 15:05:56.887 INFO [http-nio-1000-exec-186] org.apache.catalina.core.StandardContext.reload Reloading Context with name [/WebThiTuLuan] is completed
12-May-2018 15:12:32.825 INFO [http-nio-1000-exec-192] org.apache.catalina.core.StandardContext.reload Reloading Context with name [/WebThiTuLuan] has started
12-May-2018 15:12:33.054 INFO [http-nio-1000-exec-192] org.apache.catalina.core.StandardContext.reload Reloading Context with name [/WebThiTuLuan] is completed
12-May-2018 15:12:39.041 INFO [http-nio-1000-exec-196] org.apache.catalina.core.StandardContext.reload Reloading Context with name [/WebThiTuLuan] has started
12-May-2018 15:12:39.210 INFO [http-nio-1000-exec-196] org.apache.catalina.core.StandardContext.reload Reloading Context with name [/WebThiTuLuan] is completed
12-May-2018 15:28:32.516 INFO [http-nio-1000-exec-204] org.apache.catalina.core.StandardContext.reload Reloading Context with name [/WebThiTuLuan] has started
12-May-2018 15:28:32.529 WARNING [http-nio-1000-exec-204] org.apache.catalina.loader.WebappClassLoaderBase.clearReferencesJdbc The web application [WebThiTuLuan] registered the JDBC driver [com.mysql.jdbc.Driver] but failed to unregister it when the web application was stopped. To prevent a memory leak, the JDBC Driver has been forcibly unregistered.
12-May-2018 15:28:32.774 INFO [http-nio-1000-exec-204] org.apache.catalina.core.StandardContext.reload Reloading Context with name [/WebThiTuLuan] is completed
12-May-2018 15:34:18.874 INFO [http-nio-1000-exec-215] org.apache.catalina.core.StandardContext.reload Reloading Context with name [/WebThiTuLuan] has started
12-May-2018 15:34:19.029 INFO [http-nio-1000-exec-215] org.apache.catalina.core.StandardContext.reload Reloading Context with name [/WebThiTuLuan] is completed
12-May-2018 15:34:53.482 INFO [http-nio-1000-exec-217] org.apache.catalina.core.StandardContext.reload Reloading Context with name [/WebThiTuLuan] has started
12-May-2018 15:34:53.630 INFO [http-nio-1000-exec-217] org.apache.catalina.core.StandardContext.reload Reloading Context with name [/WebThiTuLuan] is completed
12-May-2018 15:35:52.082 WARNING [http-nio-1000-exec-213] org.apache.catalina.loader.WebappClassLoaderBase.clearReferencesJdbc The web application [WebThiTuLuan] registered the JDBC driver [com.mysql.jdbc.Driver] but failed to unregister it when the web application was stopped. To prevent a memory leak, the JDBC Driver has been forcibly unregistered.
12-May-2018 15:35:52.585 INFO [http-nio-1000-exec-213] org.apache.catalina.startup.HostConfig.undeploy Undeploying context [/WebThiTuLuan]
12-May-2018 15:35:52.640 INFO [http-nio-1000-exec-223] org.apache.catalina.startup.HostConfig.deployDescriptor Deploying configuration descriptor [C:\Users\Rio.Rai\Desktop\java_end\apache-tomcat-8.5.29\conf\Catalina\localhost\WebThiTuLuan.xml]
12-May-2018 15:35:52.836 INFO [http-nio-1000-exec-223] org.apache.catalina.startup.HostConfig.deployDescriptor Deployment of configuration descriptor [C:\Users\Rio.Rai\Desktop\java_end\apache-tomcat-8.5.29\conf\Catalina\localhost\WebThiTuLuan.xml] has finished in [195] ms
12-May-2018 15:35:52.839 INFO [http-nio-1000-exec-210] org.apache.catalina.util.LifecycleBase.start The start() method was called on component [StandardEngine[Catalina].StandardHost[localhost].StandardContext[/WebThiTuLuan]] after start() had already been called. The second call will be ignored.
12-May-2018 15:36:12.054 WARNING [http-nio-1000-exec-214] org.apache.catalina.loader.WebappClassLoaderBase.clearReferencesJdbc The web application [WebThiTuLuan] registered the JDBC driver [com.mysql.jdbc.Driver] but failed to unregister it when the web application was stopped. To prevent a memory leak, the JDBC Driver has been forcibly unregistered.
12-May-2018 15:36:12.556 INFO [http-nio-1000-exec-214] org.apache.catalina.startup.HostConfig.undeploy Undeploying context [/WebThiTuLuan]
12-May-2018 15:36:12.573 INFO [http-nio-1000-exec-229] org.apache.catalina.startup.HostConfig.deployDescriptor Deploying configuration descriptor [C:\Users\Rio.Rai\Desktop\java_end\apache-tomcat-8.5.29\conf\Catalina\localhost\WebThiTuLuan.xml]
12-May-2018 15:36:12.723 INFO [http-nio-1000-exec-229] org.apache.catalina.startup.HostConfig.deployDescriptor Deployment of configuration descriptor [C:\Users\Rio.Rai\Desktop\java_end\apache-tomcat-8.5.29\conf\Catalina\localhost\WebThiTuLuan.xml] has finished in [150] ms
12-May-2018 15:36:12.727 INFO [http-nio-1000-exec-225] org.apache.catalina.util.LifecycleBase.start The start() method was called on component [StandardEngine[Catalina].StandardHost[localhost].StandardContext[/WebThiTuLuan]] after start() had already been called. The second call will be ignored.
12-May-2018 15:56:22.105 INFO [main] org.apache.catalina.core.StandardServer.await A valid shutdown command was received via the shutdown port. Stopping the Server instance.
12-May-2018 15:56:22.456 INFO [main] org.apache.coyote.AbstractProtocol.pause Pausing ProtocolHandler ["http-nio-1000"]
12-May-2018 15:56:22.857 INFO [main] org.apache.coyote.AbstractProtocol.pause Pausing ProtocolHandler ["ajp-nio-8009"]
12-May-2018 15:56:23.245 INFO [main] org.apache.catalina.core.StandardService.stopInternal Stopping service [Catalina]
12-May-2018 15:56:25.158 WARNING [localhost-startStop-2] org.apache.catalina.loader.WebappClassLoaderBase.clearReferencesJdbc The web application [WebThiTuLuan] registered the JDBC driver [com.mysql.jdbc.Driver] but failed to unregister it when the web application was stopped. To prevent a memory leak, the JDBC Driver has been forcibly unregistered.
12-May-2018 15:56:25.271 INFO [main] org.apache.coyote.AbstractProtocol.stop Stopping ProtocolHandler ["http-nio-1000"]
12-May-2018 15:56:25.354 INFO [main] org.apache.coyote.AbstractProtocol.stop Stopping ProtocolHandler ["ajp-nio-8009"]
12-May-2018 15:56:25.499 INFO [main] org.apache.coyote.AbstractProtocol.destroy Destroying ProtocolHandler ["http-nio-1000"]
12-May-2018 15:56:25.532 INFO [main] org.apache.coyote.AbstractProtocol.destroy Destroying ProtocolHandler ["ajp-nio-8009"]
