16-May-2018 14:24:30.048 INFO [main] org.apache.catalina.startup.VersionLoggerListener.log Server version:        Apache Tomcat/8.5.29
16-May-2018 14:24:30.050 INFO [main] org.apache.catalina.startup.VersionLoggerListener.log Server built:          Mar 5 2018 13:11:12 UTC
16-May-2018 14:24:30.051 INFO [main] org.apache.catalina.startup.VersionLoggerListener.log Server number:         8.5.29.0
16-May-2018 14:24:30.051 INFO [main] org.apache.catalina.startup.VersionLoggerListener.log OS Name:               Windows 10
16-May-2018 14:24:30.051 INFO [main] org.apache.catalina.startup.VersionLoggerListener.log OS Version:            10.0
16-May-2018 14:24:30.051 INFO [main] org.apache.catalina.startup.VersionLoggerListener.log Architecture:          x86
16-May-2018 14:24:30.051 INFO [main] org.apache.catalina.startup.VersionLoggerListener.log Java Home:             C:\Program Files\Java\jdk1.8.0_144\jre
16-May-2018 14:24:30.051 INFO [main] org.apache.catalina.startup.VersionLoggerListener.log JVM Version:           1.8.0_144-b01
16-May-2018 14:24:30.051 INFO [main] org.apache.catalina.startup.VersionLoggerListener.log JVM Vendor:            Oracle Corporation
16-May-2018 14:24:30.051 INFO [main] org.apache.catalina.startup.VersionLoggerListener.log CATALINA_BASE:         C:\Users\Rio.Rai\Desktop\java_end\apache-tomcat-8.5.29
16-May-2018 14:24:30.052 INFO [main] org.apache.catalina.startup.VersionLoggerListener.log CATALINA_HOME:         C:\Users\Rio.Rai\Desktop\java_end\apache-tomcat-8.5.29
16-May-2018 14:24:30.052 INFO [main] org.apache.catalina.startup.VersionLoggerListener.log Command line argument: -Djava.util.logging.config.file=C:\Users\Rio.Rai\Desktop\java_end\apache-tomcat-8.5.29\conf\logging.properties
16-May-2018 14:24:30.052 INFO [main] org.apache.catalina.startup.VersionLoggerListener.log Command line argument: -Djava.util.logging.manager=org.apache.juli.ClassLoaderLogManager
16-May-2018 14:24:30.052 INFO [main] org.apache.catalina.startup.VersionLoggerListener.log Command line argument: -Dhttp.nonProxyHosts=localhost|127.0.0.1|DESKTOP-KKHKH84
16-May-2018 14:24:30.052 INFO [main] org.apache.catalina.startup.VersionLoggerListener.log Command line argument: -Djdk.tls.ephemeralDHKeySize=2048
16-May-2018 14:24:30.052 INFO [main] org.apache.catalina.startup.VersionLoggerListener.log Command line argument: -Djava.protocol.handler.pkgs=org.apache.catalina.webresources
16-May-2018 14:24:30.052 INFO [main] org.apache.catalina.startup.VersionLoggerListener.log Command line argument: -Dignore.endorsed.dirs=
16-May-2018 14:24:30.053 INFO [main] org.apache.catalina.startup.VersionLoggerListener.log Command line argument: -Dcatalina.base=C:\Users\Rio.Rai\Desktop\java_end\apache-tomcat-8.5.29
16-May-2018 14:24:30.053 INFO [main] org.apache.catalina.startup.VersionLoggerListener.log Command line argument: -Dcatalina.home=C:\Users\Rio.Rai\Desktop\java_end\apache-tomcat-8.5.29
16-May-2018 14:24:30.053 INFO [main] org.apache.catalina.startup.VersionLoggerListener.log Command line argument: -Djava.io.tmpdir=C:\Users\Rio.Rai\Desktop\java_end\apache-tomcat-8.5.29\temp
16-May-2018 14:24:30.053 INFO [main] org.apache.catalina.core.AprLifecycleListener.lifecycleEvent Loaded APR based Apache Tomcat Native library [1.2.16] using APR version [1.6.3].
16-May-2018 14:24:30.053 INFO [main] org.apache.catalina.core.AprLifecycleListener.lifecycleEvent APR capabilities: IPv6 [true], sendfile [true], accept filters [false], random [true].
16-May-2018 14:24:30.053 INFO [main] org.apache.catalina.core.AprLifecycleListener.lifecycleEvent APR/OpenSSL configuration: useAprConnector [false], useOpenSSL [true]
16-May-2018 14:24:30.861 INFO [main] org.apache.catalina.core.AprLifecycleListener.initializeSSL OpenSSL successfully initialized [OpenSSL 1.0.2m  2 Nov 2017]
16-May-2018 14:24:34.508 INFO [main] org.apache.coyote.AbstractProtocol.init Initializing ProtocolHandler ["http-nio-1000"]
16-May-2018 14:24:35.116 INFO [main] org.apache.tomcat.util.net.NioSelectorPool.getSharedSelector Using a shared selector for servlet write/read
16-May-2018 14:24:35.180 INFO [main] org.apache.coyote.AbstractProtocol.init Initializing ProtocolHandler ["ajp-nio-8009"]
16-May-2018 14:24:35.182 INFO [main] org.apache.tomcat.util.net.NioSelectorPool.getSharedSelector Using a shared selector for servlet write/read
16-May-2018 14:24:35.183 INFO [main] org.apache.catalina.startup.Catalina.load Initialization processed in 6953 ms
16-May-2018 14:24:36.111 INFO [main] org.apache.catalina.core.StandardService.startInternal Starting service [Catalina]
16-May-2018 14:24:36.112 INFO [main] org.apache.catalina.core.StandardEngine.startInternal Starting Servlet Engine: Apache Tomcat/8.5.29
16-May-2018 14:24:36.137 INFO [localhost-startStop-1] org.apache.catalina.startup.HostConfig.deployDescriptor Deploying configuration descriptor [C:\Users\Rio.Rai\Desktop\java_end\apache-tomcat-8.5.29\conf\Catalina\localhost\WebThiTuLuan.xml]
16-May-2018 14:24:38.413 INFO [localhost-startStop-1] org.apache.jasper.servlet.TldScanner.scanJars At least one JAR was scanned for TLDs yet contained no TLDs. Enable debug logging for this logger for a complete list of JARs that were scanned but no TLDs were found in them. Skipping unneeded JARs during scanning can improve startup time and JSP compilation time.
16-May-2018 14:24:38.712 INFO [localhost-startStop-1] org.apache.catalina.startup.HostConfig.deployDescriptor Deployment of configuration descriptor [C:\Users\Rio.Rai\Desktop\java_end\apache-tomcat-8.5.29\conf\Catalina\localhost\WebThiTuLuan.xml] has finished in [2,574] ms
16-May-2018 14:24:38.713 INFO [localhost-startStop-1] org.apache.catalina.startup.HostConfig.deployDirectory Deploying web application directory [C:\Users\Rio.Rai\Desktop\java_end\apache-tomcat-8.5.29\webapps\docs]
16-May-2018 14:24:38.939 INFO [localhost-startStop-1] org.apache.catalina.startup.HostConfig.deployDirectory Deployment of web application directory [C:\Users\Rio.Rai\Desktop\java_end\apache-tomcat-8.5.29\webapps\docs] has finished in [226] ms
16-May-2018 14:24:38.940 INFO [localhost-startStop-1] org.apache.catalina.startup.HostConfig.deployDirectory Deploying web application directory [C:\Users\Rio.Rai\Desktop\java_end\apache-tomcat-8.5.29\webapps\examples]
16-May-2018 14:24:41.741 INFO [localhost-startStop-1] org.apache.catalina.startup.HostConfig.deployDirectory Deployment of web application directory [C:\Users\Rio.Rai\Desktop\java_end\apache-tomcat-8.5.29\webapps\examples] has finished in [2,801] ms
16-May-2018 14:24:41.741 INFO [localhost-startStop-1] org.apache.catalina.startup.HostConfig.deployDirectory Deploying web application directory [C:\Users\Rio.Rai\Desktop\java_end\apache-tomcat-8.5.29\webapps\host-manager]
16-May-2018 14:24:41.873 INFO [localhost-startStop-1] org.apache.catalina.startup.HostConfig.deployDirectory Deployment of web application directory [C:\Users\Rio.Rai\Desktop\java_end\apache-tomcat-8.5.29\webapps\host-manager] has finished in [132] ms
16-May-2018 14:24:41.873 INFO [localhost-startStop-1] org.apache.catalina.startup.HostConfig.deployDirectory Deploying web application directory [C:\Users\Rio.Rai\Desktop\java_end\apache-tomcat-8.5.29\webapps\manager]
16-May-2018 14:24:42.126 INFO [localhost-startStop-1] org.apache.catalina.startup.HostConfig.deployDirectory Deployment of web application directory [C:\Users\Rio.Rai\Desktop\java_end\apache-tomcat-8.5.29\webapps\manager] has finished in [253] ms
16-May-2018 14:24:42.126 INFO [localhost-startStop-1] org.apache.catalina.startup.HostConfig.deployDirectory Deploying web application directory [C:\Users\Rio.Rai\Desktop\java_end\apache-tomcat-8.5.29\webapps\ROOT]
16-May-2018 14:24:42.170 INFO [localhost-startStop-1] org.apache.catalina.startup.HostConfig.deployDirectory Deployment of web application directory [C:\Users\Rio.Rai\Desktop\java_end\apache-tomcat-8.5.29\webapps\ROOT] has finished in [44] ms
16-May-2018 14:24:42.175 INFO [main] org.apache.coyote.AbstractProtocol.start Starting ProtocolHandler ["http-nio-1000"]
16-May-2018 14:24:42.269 INFO [main] org.apache.coyote.AbstractProtocol.start Starting ProtocolHandler ["ajp-nio-8009"]
16-May-2018 14:24:42.273 INFO [main] org.apache.catalina.startup.Catalina.start Server startup in 7089 ms
16-May-2018 14:24:45.803 INFO [http-nio-1000-exec-10] org.apache.catalina.core.StandardContext.reload Reloading Context with name [/WebThiTuLuan] has started
16-May-2018 14:24:46.082 INFO [http-nio-1000-exec-10] org.apache.catalina.core.StandardContext.reload Reloading Context with name [/WebThiTuLuan] is completed
16-May-2018 14:55:51.702 INFO [http-nio-1000-exec-14] org.apache.catalina.core.StandardContext.reload Reloading Context with name [/WebThiTuLuan] has started
16-May-2018 14:55:51.717 WARNING [http-nio-1000-exec-14] org.apache.catalina.loader.WebappClassLoaderBase.clearReferencesJdbc The web application [WebThiTuLuan] registered the JDBC driver [com.mysql.jdbc.Driver] but failed to unregister it when the web application was stopped. To prevent a memory leak, the JDBC Driver has been forcibly unregistered.
16-May-2018 14:55:52.397 INFO [http-nio-1000-exec-14] org.apache.catalina.core.StandardContext.reload Reloading Context with name [/WebThiTuLuan] is completed
16-May-2018 14:55:52.456 INFO [http-nio-1000-exec-17] org.apache.catalina.core.StandardContext.reload Reloading Context with name [/WebThiTuLuan] has started
16-May-2018 14:55:52.781 INFO [http-nio-1000-exec-17] org.apache.catalina.core.StandardContext.reload Reloading Context with name [/WebThiTuLuan] is completed
16-May-2018 14:55:53.186 INFO [http-nio-1000-exec-12] org.apache.catalina.core.StandardContext.reload Reloading Context with name [/WebThiTuLuan] has started
16-May-2018 14:55:53.378 INFO [http-nio-1000-exec-12] org.apache.catalina.core.StandardContext.reload Reloading Context with name [/WebThiTuLuan] is completed
16-May-2018 14:56:20.619 INFO [http-nio-1000-exec-15] org.apache.catalina.core.StandardContext.reload Reloading Context with name [/WebThiTuLuan] has started
16-May-2018 14:56:20.800 INFO [http-nio-1000-exec-15] org.apache.catalina.core.StandardContext.reload Reloading Context with name [/WebThiTuLuan] is completed
16-May-2018 15:02:39.595 INFO [http-nio-1000-exec-26] org.apache.catalina.core.StandardContext.reload Reloading Context with name [/WebThiTuLuan] has started
16-May-2018 15:02:39.605 WARNING [http-nio-1000-exec-26] org.apache.catalina.loader.WebappClassLoaderBase.clearReferencesJdbc The web application [WebThiTuLuan] registered the JDBC driver [com.mysql.jdbc.Driver] but failed to unregister it when the web application was stopped. To prevent a memory leak, the JDBC Driver has been forcibly unregistered.
16-May-2018 15:02:39.877 INFO [http-nio-1000-exec-26] org.apache.catalina.core.StandardContext.reload Reloading Context with name [/WebThiTuLuan] is completed
16-May-2018 15:02:39.918 INFO [http-nio-1000-exec-23] org.apache.catalina.core.StandardContext.reload Reloading Context with name [/WebThiTuLuan] has started
16-May-2018 15:02:40.161 INFO [http-nio-1000-exec-23] org.apache.catalina.core.StandardContext.reload Reloading Context with name [/WebThiTuLuan] is completed
16-May-2018 15:05:56.136 INFO [http-nio-1000-exec-32] org.apache.catalina.core.StandardContext.reload Reloading Context with name [/WebThiTuLuan] has started
16-May-2018 15:05:56.297 INFO [http-nio-1000-exec-32] org.apache.catalina.core.StandardContext.reload Reloading Context with name [/WebThiTuLuan] is completed
16-May-2018 15:05:56.914 INFO [http-nio-1000-exec-24] org.apache.catalina.core.StandardContext.reload Reloading Context with name [/WebThiTuLuan] has started
16-May-2018 15:05:57.094 INFO [http-nio-1000-exec-24] org.apache.catalina.core.StandardContext.reload Reloading Context with name [/WebThiTuLuan] is completed
16-May-2018 15:06:05.054 INFO [http-nio-1000-exec-36] org.apache.catalina.core.StandardContext.reload Reloading Context with name [/WebThiTuLuan] has started
16-May-2018 15:06:05.221 INFO [http-nio-1000-exec-36] org.apache.catalina.core.StandardContext.reload Reloading Context with name [/WebThiTuLuan] is completed
16-May-2018 15:06:17.794 INFO [http-nio-1000-exec-24] org.apache.catalina.core.StandardContext.reload Reloading Context with name [/WebThiTuLuan] has started
16-May-2018 15:06:17.961 INFO [http-nio-1000-exec-24] org.apache.catalina.core.StandardContext.reload Reloading Context with name [/WebThiTuLuan] is completed
16-May-2018 15:22:53.595 WARNING [http-nio-1000-exec-45] org.apache.catalina.loader.WebappClassLoaderBase.clearReferencesJdbc The web application [WebThiTuLuan] registered the JDBC driver [com.mysql.jdbc.Driver] but failed to unregister it when the web application was stopped. To prevent a memory leak, the JDBC Driver has been forcibly unregistered.
16-May-2018 15:22:55.651 INFO [http-nio-1000-exec-43] org.apache.catalina.core.StandardContext.reload Reloading Context with name [/WebThiTuLuan] has started
16-May-2018 15:22:55.807 INFO [http-nio-1000-exec-43] org.apache.catalina.core.StandardContext.reload Reloading Context with name [/WebThiTuLuan] is completed
16-May-2018 15:23:03.196 INFO [ContainerBackgroundProcessor[StandardEngine[Catalina]]] org.apache.catalina.startup.HostConfig.reload Reloading context [/WebThiTuLuan]
16-May-2018 15:23:03.196 INFO [ContainerBackgroundProcessor[StandardEngine[Catalina]]] org.apache.catalina.core.StandardContext.reload Reloading Context with name [/WebThiTuLuan] has started
16-May-2018 15:23:03.410 INFO [ContainerBackgroundProcessor[StandardEngine[Catalina]]] org.apache.catalina.core.StandardContext.reload Reloading Context with name [/WebThiTuLuan] is completed
16-May-2018 15:32:05.059 INFO [http-nio-1000-exec-60] org.apache.catalina.core.StandardContext.reload Reloading Context with name [/WebThiTuLuan] has started
16-May-2018 15:32:05.070 WARNING [http-nio-1000-exec-60] org.apache.catalina.loader.WebappClassLoaderBase.clearReferencesJdbc The web application [WebThiTuLuan] registered the JDBC driver [com.mysql.jdbc.Driver] but failed to unregister it when the web application was stopped. To prevent a memory leak, the JDBC Driver has been forcibly unregistered.
16-May-2018 15:32:05.332 INFO [http-nio-1000-exec-60] org.apache.catalina.core.StandardContext.reload Reloading Context with name [/WebThiTuLuan] is completed
16-May-2018 15:37:37.770 INFO [http-nio-1000-exec-62] org.apache.catalina.core.StandardContext.reload Reloading Context with name [/WebThiTuLuan] has started
16-May-2018 15:37:37.785 WARNING [http-nio-1000-exec-62] org.apache.catalina.loader.WebappClassLoaderBase.clearReferencesJdbc The web application [WebThiTuLuan] registered the JDBC driver [com.mysql.jdbc.Driver] but failed to unregister it when the web application was stopped. To prevent a memory leak, the JDBC Driver has been forcibly unregistered.
16-May-2018 15:37:38.039 INFO [http-nio-1000-exec-62] org.apache.catalina.core.StandardContext.reload Reloading Context with name [/WebThiTuLuan] is completed
16-May-2018 15:40:01.500 INFO [http-nio-1000-exec-72] org.apache.catalina.core.StandardContext.reload Reloading Context with name [/WebThiTuLuan] has started
16-May-2018 15:40:01.510 WARNING [http-nio-1000-exec-72] org.apache.catalina.loader.WebappClassLoaderBase.clearReferencesJdbc The web application [WebThiTuLuan] registered the JDBC driver [com.mysql.jdbc.Driver] but failed to unregister it when the web application was stopped. To prevent a memory leak, the JDBC Driver has been forcibly unregistered.
16-May-2018 15:40:01.724 INFO [http-nio-1000-exec-72] org.apache.catalina.core.StandardContext.reload Reloading Context with name [/WebThiTuLuan] is completed
16-May-2018 15:40:27.277 INFO [http-nio-1000-exec-79] org.apache.catalina.core.StandardContext.reload Reloading Context with name [/WebThiTuLuan] has started
16-May-2018 15:40:27.452 INFO [http-nio-1000-exec-79] org.apache.catalina.core.StandardContext.reload Reloading Context with name [/WebThiTuLuan] is completed
16-May-2018 16:00:35.899 WARNING [http-nio-1000-exec-81] org.apache.catalina.loader.WebappClassLoaderBase.clearReferencesJdbc The web application [WebThiTuLuan] registered the JDBC driver [com.mysql.jdbc.Driver] but failed to unregister it when the web application was stopped. To prevent a memory leak, the JDBC Driver has been forcibly unregistered.
16-May-2018 16:00:36.404 INFO [http-nio-1000-exec-81] org.apache.catalina.startup.HostConfig.undeploy Undeploying context [/WebThiTuLuan]
16-May-2018 16:00:36.574 INFO [http-nio-1000-exec-87] org.apache.catalina.startup.HostConfig.deployDescriptor Deploying configuration descriptor [C:\Users\Rio.Rai\Desktop\java_end\apache-tomcat-8.5.29\conf\Catalina\localhost\WebThiTuLuan.xml]
16-May-2018 16:00:36.903 INFO [http-nio-1000-exec-87] org.apache.catalina.startup.HostConfig.deployDescriptor Deployment of configuration descriptor [C:\Users\Rio.Rai\Desktop\java_end\apache-tomcat-8.5.29\conf\Catalina\localhost\WebThiTuLuan.xml] has finished in [328] ms
16-May-2018 16:00:51.132 INFO [main] org.apache.catalina.core.StandardServer.await A valid shutdown command was received via the shutdown port. Stopping the Server instance.
16-May-2018 16:00:51.132 INFO [main] org.apache.coyote.AbstractProtocol.pause Pausing ProtocolHandler ["http-nio-1000"]
16-May-2018 16:00:51.308 INFO [main] org.apache.coyote.AbstractProtocol.pause Pausing ProtocolHandler ["ajp-nio-8009"]
16-May-2018 16:00:51.462 INFO [main] org.apache.catalina.core.StandardService.stopInternal Stopping service [Catalina]
16-May-2018 16:00:51.488 INFO [main] org.apache.coyote.AbstractProtocol.stop Stopping ProtocolHandler ["http-nio-1000"]
16-May-2018 16:00:51.490 INFO [main] org.apache.coyote.AbstractProtocol.stop Stopping ProtocolHandler ["ajp-nio-8009"]
16-May-2018 16:00:51.491 INFO [main] org.apache.coyote.AbstractProtocol.destroy Destroying ProtocolHandler ["http-nio-1000"]
16-May-2018 16:00:51.493 INFO [main] org.apache.coyote.AbstractProtocol.destroy Destroying ProtocolHandler ["ajp-nio-8009"]
16-May-2018 16:00:57.159 INFO [main] org.apache.catalina.startup.VersionLoggerListener.log Server version:        Apache Tomcat/8.5.29
16-May-2018 16:00:57.207 INFO [main] org.apache.catalina.startup.VersionLoggerListener.log Server built:          Mar 5 2018 13:11:12 UTC
16-May-2018 16:00:57.208 INFO [main] org.apache.catalina.startup.VersionLoggerListener.log Server number:         8.5.29.0
16-May-2018 16:00:57.208 INFO [main] org.apache.catalina.startup.VersionLoggerListener.log OS Name:               Windows 10
16-May-2018 16:00:57.208 INFO [main] org.apache.catalina.startup.VersionLoggerListener.log OS Version:            10.0
16-May-2018 16:00:57.208 INFO [main] org.apache.catalina.startup.VersionLoggerListener.log Architecture:          x86
16-May-2018 16:00:57.208 INFO [main] org.apache.catalina.startup.VersionLoggerListener.log Java Home:             C:\Program Files\Java\jdk1.8.0_144\jre
16-May-2018 16:00:57.208 INFO [main] org.apache.catalina.startup.VersionLoggerListener.log JVM Version:           1.8.0_144-b01
16-May-2018 16:00:57.208 INFO [main] org.apache.catalina.startup.VersionLoggerListener.log JVM Vendor:            Oracle Corporation
16-May-2018 16:00:57.208 INFO [main] org.apache.catalina.startup.VersionLoggerListener.log CATALINA_BASE:         C:\Users\Rio.Rai\Desktop\java_end\apache-tomcat-8.5.29
16-May-2018 16:00:57.209 INFO [main] org.apache.catalina.startup.VersionLoggerListener.log CATALINA_HOME:         C:\Users\Rio.Rai\Desktop\java_end\apache-tomcat-8.5.29
16-May-2018 16:00:57.209 INFO [main] org.apache.catalina.startup.VersionLoggerListener.log Command line argument: -Djava.util.logging.config.file=C:\Users\Rio.Rai\Desktop\java_end\apache-tomcat-8.5.29\conf\logging.properties
16-May-2018 16:00:57.209 INFO [main] org.apache.catalina.startup.VersionLoggerListener.log Command line argument: -Djava.util.logging.manager=org.apache.juli.ClassLoaderLogManager
16-May-2018 16:00:57.209 INFO [main] org.apache.catalina.startup.VersionLoggerListener.log Command line argument: -Dhttp.nonProxyHosts=localhost|127.0.0.1|DESKTOP-KKHKH84
16-May-2018 16:00:57.209 INFO [main] org.apache.catalina.startup.VersionLoggerListener.log Command line argument: -Djdk.tls.ephemeralDHKeySize=2048
16-May-2018 16:00:57.209 INFO [main] org.apache.catalina.startup.VersionLoggerListener.log Command line argument: -Djava.protocol.handler.pkgs=org.apache.catalina.webresources
16-May-2018 16:00:57.209 INFO [main] org.apache.catalina.startup.VersionLoggerListener.log Command line argument: -agentlib:jdwp=transport=dt_shmem,address=tomcat_shared_memory_id,server=y,suspend=n
16-May-2018 16:00:57.210 INFO [main] org.apache.catalina.startup.VersionLoggerListener.log Command line argument: -Dignore.endorsed.dirs=
16-May-2018 16:00:57.210 INFO [main] org.apache.catalina.startup.VersionLoggerListener.log Command line argument: -Dcatalina.base=C:\Users\Rio.Rai\Desktop\java_end\apache-tomcat-8.5.29
16-May-2018 16:00:57.210 INFO [main] org.apache.catalina.startup.VersionLoggerListener.log Command line argument: -Dcatalina.home=C:\Users\Rio.Rai\Desktop\java_end\apache-tomcat-8.5.29
16-May-2018 16:00:57.210 INFO [main] org.apache.catalina.startup.VersionLoggerListener.log Command line argument: -Djava.io.tmpdir=C:\Users\Rio.Rai\Desktop\java_end\apache-tomcat-8.5.29\temp
16-May-2018 16:00:57.210 INFO [main] org.apache.catalina.core.AprLifecycleListener.lifecycleEvent Loaded APR based Apache Tomcat Native library [1.2.16] using APR version [1.6.3].
16-May-2018 16:00:57.210 INFO [main] org.apache.catalina.core.AprLifecycleListener.lifecycleEvent APR capabilities: IPv6 [true], sendfile [true], accept filters [false], random [true].
16-May-2018 16:00:57.210 INFO [main] org.apache.catalina.core.AprLifecycleListener.lifecycleEvent APR/OpenSSL configuration: useAprConnector [false], useOpenSSL [true]
16-May-2018 16:00:58.194 INFO [main] org.apache.catalina.core.AprLifecycleListener.initializeSSL OpenSSL successfully initialized [OpenSSL 1.0.2m  2 Nov 2017]
16-May-2018 16:00:59.015 INFO [main] org.apache.coyote.AbstractProtocol.init Initializing ProtocolHandler ["http-nio-1000"]
16-May-2018 16:00:59.468 INFO [main] org.apache.tomcat.util.net.NioSelectorPool.getSharedSelector Using a shared selector for servlet write/read
16-May-2018 16:00:59.512 INFO [main] org.apache.coyote.AbstractProtocol.init Initializing ProtocolHandler ["ajp-nio-8009"]
16-May-2018 16:00:59.516 INFO [main] org.apache.tomcat.util.net.NioSelectorPool.getSharedSelector Using a shared selector for servlet write/read
16-May-2018 16:00:59.517 INFO [main] org.apache.catalina.startup.Catalina.load Initialization processed in 3998 ms
16-May-2018 16:00:59.665 INFO [main] org.apache.catalina.core.StandardService.startInternal Starting service [Catalina]
16-May-2018 16:00:59.665 INFO [main] org.apache.catalina.core.StandardEngine.startInternal Starting Servlet Engine: Apache Tomcat/8.5.29
16-May-2018 16:00:59.682 INFO [localhost-startStop-1] org.apache.catalina.startup.HostConfig.deployDescriptor Deploying configuration descriptor [C:\Users\Rio.Rai\Desktop\java_end\apache-tomcat-8.5.29\conf\Catalina\localhost\WebThiTuLuan.xml]
16-May-2018 16:01:00.930 INFO [localhost-startStop-1] org.apache.jasper.servlet.TldScanner.scanJars At least one JAR was scanned for TLDs yet contained no TLDs. Enable debug logging for this logger for a complete list of JARs that were scanned but no TLDs were found in them. Skipping unneeded JARs during scanning can improve startup time and JSP compilation time.
16-May-2018 16:01:01.145 INFO [localhost-startStop-1] org.apache.catalina.startup.HostConfig.deployDescriptor Deployment of configuration descriptor [C:\Users\Rio.Rai\Desktop\java_end\apache-tomcat-8.5.29\conf\Catalina\localhost\WebThiTuLuan.xml] has finished in [1,448] ms
16-May-2018 16:01:01.146 INFO [localhost-startStop-1] org.apache.catalina.startup.HostConfig.deployDirectory Deploying web application directory [C:\Users\Rio.Rai\Desktop\java_end\apache-tomcat-8.5.29\webapps\docs]
16-May-2018 16:01:01.188 INFO [localhost-startStop-1] org.apache.catalina.startup.HostConfig.deployDirectory Deployment of web application directory [C:\Users\Rio.Rai\Desktop\java_end\apache-tomcat-8.5.29\webapps\docs] has finished in [41] ms
16-May-2018 16:01:01.188 INFO [localhost-startStop-1] org.apache.catalina.startup.HostConfig.deployDirectory Deploying web application directory [C:\Users\Rio.Rai\Desktop\java_end\apache-tomcat-8.5.29\webapps\examples]
16-May-2018 16:01:02.655 INFO [localhost-startStop-1] org.apache.catalina.startup.HostConfig.deployDirectory Deployment of web application directory [C:\Users\Rio.Rai\Desktop\java_end\apache-tomcat-8.5.29\webapps\examples] has finished in [1,467] ms
16-May-2018 16:01:02.655 INFO [localhost-startStop-1] org.apache.catalina.startup.HostConfig.deployDirectory Deploying web application directory [C:\Users\Rio.Rai\Desktop\java_end\apache-tomcat-8.5.29\webapps\host-manager]
16-May-2018 16:01:02.748 INFO [localhost-startStop-1] org.apache.catalina.startup.HostConfig.deployDirectory Deployment of web application directory [C:\Users\Rio.Rai\Desktop\java_end\apache-tomcat-8.5.29\webapps\host-manager] has finished in [93] ms
16-May-2018 16:01:02.748 INFO [localhost-startStop-1] org.apache.catalina.startup.HostConfig.deployDirectory Deploying web application directory [C:\Users\Rio.Rai\Desktop\java_end\apache-tomcat-8.5.29\webapps\manager]
16-May-2018 16:01:02.894 INFO [localhost-startStop-1] org.apache.catalina.startup.HostConfig.deployDirectory Deployment of web application directory [C:\Users\Rio.Rai\Desktop\java_end\apache-tomcat-8.5.29\webapps\manager] has finished in [146] ms
16-May-2018 16:01:02.894 INFO [localhost-startStop-1] org.apache.catalina.startup.HostConfig.deployDirectory Deploying web application directory [C:\Users\Rio.Rai\Desktop\java_end\apache-tomcat-8.5.29\webapps\ROOT]
16-May-2018 16:01:02.930 INFO [localhost-startStop-1] org.apache.catalina.startup.HostConfig.deployDirectory Deployment of web application directory [C:\Users\Rio.Rai\Desktop\java_end\apache-tomcat-8.5.29\webapps\ROOT] has finished in [36] ms
16-May-2018 16:01:02.939 INFO [main] org.apache.coyote.AbstractProtocol.start Starting ProtocolHandler ["http-nio-1000"]
16-May-2018 16:01:02.968 INFO [main] org.apache.coyote.AbstractProtocol.start Starting ProtocolHandler ["ajp-nio-8009"]
16-May-2018 16:01:02.971 INFO [main] org.apache.catalina.startup.Catalina.start Server startup in 3454 ms
16-May-2018 16:01:10.585 INFO [http-nio-1000-exec-9] org.apache.catalina.startup.HostConfig.undeploy Undeploying context [/WebThiTuLuan]
16-May-2018 16:01:10.647 INFO [http-nio-1000-exec-5] org.apache.catalina.startup.HostConfig.deployDescriptor Deploying configuration descriptor [C:\Users\Rio.Rai\Desktop\java_end\apache-tomcat-8.5.29\conf\Catalina\localhost\WebThiTuLuan#login.jsp.xml]
16-May-2018 16:01:10.835 INFO [http-nio-1000-exec-5] org.apache.catalina.startup.HostConfig.deployDescriptor Deployment of configuration descriptor [C:\Users\Rio.Rai\Desktop\java_end\apache-tomcat-8.5.29\conf\Catalina\localhost\WebThiTuLuan#login.jsp.xml] has finished in [189] ms
16-May-2018 16:01:10.840 INFO [http-nio-1000-exec-2] org.apache.catalina.util.LifecycleBase.start The start() method was called on component [StandardEngine[Catalina].StandardHost[localhost].StandardContext[/WebThiTuLuan/login.jsp]] after start() had already been called. The second call will be ignored.
16-May-2018 16:01:47.021 INFO [http-nio-1000-exec-1] org.apache.catalina.startup.HostConfig.undeploy Undeploying context [/WebThiTuLuan/login.jsp]
16-May-2018 16:02:29.801 INFO [http-nio-1000-exec-13] org.apache.catalina.startup.HostConfig.deployDescriptor Deploying configuration descriptor [C:\Users\Rio.Rai\Desktop\java_end\apache-tomcat-8.5.29\conf\Catalina\localhost\WebThiTuLuan#login.jsp.xml]
16-May-2018 16:02:30.072 INFO [http-nio-1000-exec-13] org.apache.catalina.startup.HostConfig.deployDescriptor Deployment of configuration descriptor [C:\Users\Rio.Rai\Desktop\java_end\apache-tomcat-8.5.29\conf\Catalina\localhost\WebThiTuLuan#login.jsp.xml] has finished in [271] ms
16-May-2018 16:02:30.082 INFO [http-nio-1000-exec-14] org.apache.catalina.util.LifecycleBase.start The start() method was called on component [StandardEngine[Catalina].StandardHost[localhost].StandardContext[/WebThiTuLuan/login.jsp]] after start() had already been called. The second call will be ignored.
16-May-2018 16:02:49.910 INFO [http-nio-1000-exec-12] org.apache.catalina.startup.HostConfig.undeploy Undeploying context [/WebThiTuLuan/login.jsp]
16-May-2018 16:02:49.919 INFO [http-nio-1000-exec-16] org.apache.catalina.startup.HostConfig.deployDescriptor Deploying configuration descriptor [C:\Users\Rio.Rai\Desktop\java_end\apache-tomcat-8.5.29\conf\Catalina\localhost\WebThiTuLuan#login.jsp.xml]
16-May-2018 16:02:50.125 INFO [http-nio-1000-exec-16] org.apache.catalina.startup.HostConfig.deployDescriptor Deployment of configuration descriptor [C:\Users\Rio.Rai\Desktop\java_end\apache-tomcat-8.5.29\conf\Catalina\localhost\WebThiTuLuan#login.jsp.xml] has finished in [205] ms
16-May-2018 16:02:57.631 INFO [http-nio-1000-exec-12] org.apache.catalina.startup.HostConfig.undeploy Undeploying context [/WebThiTuLuan/login.jsp]
16-May-2018 16:02:57.641 INFO [http-nio-1000-exec-17] org.apache.catalina.startup.HostConfig.deployDescriptor Deploying configuration descriptor [C:\Users\Rio.Rai\Desktop\java_end\apache-tomcat-8.5.29\conf\Catalina\localhost\WebThiTuLuan#login.jsp.xml]
16-May-2018 16:02:57.808 INFO [http-nio-1000-exec-17] org.apache.catalina.startup.HostConfig.deployDescriptor Deployment of configuration descriptor [C:\Users\Rio.Rai\Desktop\java_end\apache-tomcat-8.5.29\conf\Catalina\localhost\WebThiTuLuan#login.jsp.xml] has finished in [168] ms
16-May-2018 16:04:03.027 INFO [http-nio-1000-exec-24] org.apache.catalina.startup.HostConfig.undeploy Undeploying context [/WebThiTuLuan/login.jsp]
16-May-2018 16:04:03.038 INFO [http-nio-1000-exec-27] org.apache.catalina.startup.HostConfig.deployDescriptor Deploying configuration descriptor [C:\Users\Rio.Rai\Desktop\java_end\apache-tomcat-8.5.29\conf\Catalina\localhost\WebThiTuLuan#login.jsp.xml]
16-May-2018 16:04:03.039 WARNING [http-nio-1000-exec-27] org.apache.catalina.core.StandardContext.setPath A context path must either be an empty string or start with a '/' and do not end with a '/'. The path [/WebThiTuLuan/] does not meet these criteria and has been changed to [/WebThiTuLuan]
16-May-2018 16:04:03.211 INFO [http-nio-1000-exec-27] org.apache.catalina.startup.HostConfig.deployDescriptor Deployment of configuration descriptor [C:\Users\Rio.Rai\Desktop\java_end\apache-tomcat-8.5.29\conf\Catalina\localhost\WebThiTuLuan#login.jsp.xml] has finished in [172] ms
16-May-2018 16:05:28.190 INFO [http-nio-1000-exec-25] org.apache.catalina.startup.HostConfig.undeploy Undeploying context [/WebThiTuLuan/login.jsp]
16-May-2018 16:05:28.205 INFO [http-nio-1000-exec-1] org.apache.catalina.startup.HostConfig.deployDescriptor Deploying configuration descriptor [C:\Users\Rio.Rai\Desktop\java_end\apache-tomcat-8.5.29\conf\Catalina\localhost\WebThiTuLuan.xml]
16-May-2018 16:05:28.206 WARNING [http-nio-1000-exec-1] org.apache.catalina.core.StandardContext.setPath A context path must either be an empty string or start with a '/' and do not end with a '/'. The path [/WebThiTuLuan/] does not meet these criteria and has been changed to [/WebThiTuLuan]
16-May-2018 16:05:28.364 INFO [http-nio-1000-exec-1] org.apache.catalina.startup.HostConfig.deployDescriptor Deployment of configuration descriptor [C:\Users\Rio.Rai\Desktop\java_end\apache-tomcat-8.5.29\conf\Catalina\localhost\WebThiTuLuan.xml] has finished in [159] ms
16-May-2018 16:05:28.368 INFO [http-nio-1000-exec-27] org.apache.catalina.util.LifecycleBase.start The start() method was called on component [StandardEngine[Catalina].StandardHost[localhost].StandardContext[/WebThiTuLuan]] after start() had already been called. The second call will be ignored.
16-May-2018 16:35:55.601 INFO [main] org.apache.catalina.core.StandardServer.await A valid shutdown command was received via the shutdown port. Stopping the Server instance.
16-May-2018 16:35:55.602 INFO [main] org.apache.coyote.AbstractProtocol.pause Pausing ProtocolHandler ["http-nio-1000"]
16-May-2018 16:35:55.757 INFO [main] org.apache.coyote.AbstractProtocol.pause Pausing ProtocolHandler ["ajp-nio-8009"]
16-May-2018 16:35:55.912 INFO [main] org.apache.catalina.core.StandardService.stopInternal Stopping service [Catalina]
16-May-2018 16:35:55.996 WARNING [localhost-startStop-2] org.apache.catalina.loader.WebappClassLoaderBase.clearReferencesJdbc The web application [WebThiTuLuan] registered the JDBC driver [com.mysql.jdbc.Driver] but failed to unregister it when the web application was stopped. To prevent a memory leak, the JDBC Driver has been forcibly unregistered.
16-May-2018 16:35:56.002 INFO [main] org.apache.coyote.AbstractProtocol.stop Stopping ProtocolHandler ["http-nio-1000"]
16-May-2018 16:35:56.003 INFO [main] org.apache.coyote.AbstractProtocol.stop Stopping ProtocolHandler ["ajp-nio-8009"]
16-May-2018 16:35:56.005 INFO [main] org.apache.coyote.AbstractProtocol.destroy Destroying ProtocolHandler ["http-nio-1000"]
16-May-2018 16:35:56.006 INFO [main] org.apache.coyote.AbstractProtocol.destroy Destroying ProtocolHandler ["ajp-nio-8009"]
16-May-2018 16:39:11.457 INFO [main] org.apache.catalina.startup.VersionLoggerListener.log Server version:        Apache Tomcat/8.5.29
16-May-2018 16:39:11.459 INFO [main] org.apache.catalina.startup.VersionLoggerListener.log Server built:          Mar 5 2018 13:11:12 UTC
16-May-2018 16:39:11.459 INFO [main] org.apache.catalina.startup.VersionLoggerListener.log Server number:         8.5.29.0
16-May-2018 16:39:11.459 INFO [main] org.apache.catalina.startup.VersionLoggerListener.log OS Name:               Windows 10
16-May-2018 16:39:11.459 INFO [main] org.apache.catalina.startup.VersionLoggerListener.log OS Version:            10.0
16-May-2018 16:39:11.459 INFO [main] org.apache.catalina.startup.VersionLoggerListener.log Architecture:          x86
16-May-2018 16:39:11.460 INFO [main] org.apache.catalina.startup.VersionLoggerListener.log Java Home:             C:\Program Files\Java\jdk1.8.0_144\jre
16-May-2018 16:39:11.460 INFO [main] org.apache.catalina.startup.VersionLoggerListener.log JVM Version:           1.8.0_144-b01
16-May-2018 16:39:11.460 INFO [main] org.apache.catalina.startup.VersionLoggerListener.log JVM Vendor:            Oracle Corporation
16-May-2018 16:39:11.460 INFO [main] org.apache.catalina.startup.VersionLoggerListener.log CATALINA_BASE:         C:\Users\Rio.Rai\Desktop\java_end\apache-tomcat-8.5.29
16-May-2018 16:39:11.460 INFO [main] org.apache.catalina.startup.VersionLoggerListener.log CATALINA_HOME:         C:\Users\Rio.Rai\Desktop\java_end\apache-tomcat-8.5.29
16-May-2018 16:39:11.460 INFO [main] org.apache.catalina.startup.VersionLoggerListener.log Command line argument: -Djava.util.logging.config.file=C:\Users\Rio.Rai\Desktop\java_end\apache-tomcat-8.5.29\conf\logging.properties
16-May-2018 16:39:11.460 INFO [main] org.apache.catalina.startup.VersionLoggerListener.log Command line argument: -Djava.util.logging.manager=org.apache.juli.ClassLoaderLogManager
16-May-2018 16:39:11.460 INFO [main] org.apache.catalina.startup.VersionLoggerListener.log Command line argument: -Dhttp.nonProxyHosts=localhost|127.0.0.1|DESKTOP-KKHKH84
16-May-2018 16:39:11.461 INFO [main] org.apache.catalina.startup.VersionLoggerListener.log Command line argument: -Djdk.tls.ephemeralDHKeySize=2048
16-May-2018 16:39:11.461 INFO [main] org.apache.catalina.startup.VersionLoggerListener.log Command line argument: -Djava.protocol.handler.pkgs=org.apache.catalina.webresources
16-May-2018 16:39:11.461 INFO [main] org.apache.catalina.startup.VersionLoggerListener.log Command line argument: -Dignore.endorsed.dirs=
16-May-2018 16:39:11.461 INFO [main] org.apache.catalina.startup.VersionLoggerListener.log Command line argument: -Dcatalina.base=C:\Users\Rio.Rai\Desktop\java_end\apache-tomcat-8.5.29
16-May-2018 16:39:11.461 INFO [main] org.apache.catalina.startup.VersionLoggerListener.log Command line argument: -Dcatalina.home=C:\Users\Rio.Rai\Desktop\java_end\apache-tomcat-8.5.29
16-May-2018 16:39:11.461 INFO [main] org.apache.catalina.startup.VersionLoggerListener.log Command line argument: -Djava.io.tmpdir=C:\Users\Rio.Rai\Desktop\java_end\apache-tomcat-8.5.29\temp
16-May-2018 16:39:11.461 INFO [main] org.apache.catalina.core.AprLifecycleListener.lifecycleEvent Loaded APR based Apache Tomcat Native library [1.2.16] using APR version [1.6.3].
16-May-2018 16:39:11.461 INFO [main] org.apache.catalina.core.AprLifecycleListener.lifecycleEvent APR capabilities: IPv6 [true], sendfile [true], accept filters [false], random [true].
16-May-2018 16:39:11.461 INFO [main] org.apache.catalina.core.AprLifecycleListener.lifecycleEvent APR/OpenSSL configuration: useAprConnector [false], useOpenSSL [true]
16-May-2018 16:39:12.247 INFO [main] org.apache.catalina.core.AprLifecycleListener.initializeSSL OpenSSL successfully initialized [OpenSSL 1.0.2m  2 Nov 2017]
16-May-2018 16:39:12.428 INFO [main] org.apache.coyote.AbstractProtocol.init Initializing ProtocolHandler ["http-nio-1000"]
16-May-2018 16:39:12.674 INFO [main] org.apache.tomcat.util.net.NioSelectorPool.getSharedSelector Using a shared selector for servlet write/read
16-May-2018 16:39:12.682 INFO [main] org.apache.coyote.AbstractProtocol.init Initializing ProtocolHandler ["ajp-nio-8009"]
16-May-2018 16:39:12.686 INFO [main] org.apache.tomcat.util.net.NioSelectorPool.getSharedSelector Using a shared selector for servlet write/read
16-May-2018 16:39:12.686 INFO [main] org.apache.catalina.startup.Catalina.load Initialization processed in 1724 ms
16-May-2018 16:39:12.720 INFO [main] org.apache.catalina.core.StandardService.startInternal Starting service [Catalina]
16-May-2018 16:39:12.721 INFO [main] org.apache.catalina.core.StandardEngine.startInternal Starting Servlet Engine: Apache Tomcat/8.5.29
16-May-2018 16:39:12.730 INFO [localhost-startStop-1] org.apache.catalina.startup.HostConfig.deployDescriptor Deploying configuration descriptor [C:\Users\Rio.Rai\Desktop\java_end\apache-tomcat-8.5.29\conf\Catalina\localhost\WebThiTuLuan.xml]
16-May-2018 16:39:12.763 WARNING [localhost-startStop-1] org.apache.catalina.core.StandardContext.setPath A context path must either be an empty string or start with a '/' and do not end with a '/'. The path [/WebThiTuLuan/] does not meet these criteria and has been changed to [/WebThiTuLuan]
16-May-2018 16:39:13.334 INFO [localhost-startStop-1] org.apache.jasper.servlet.TldScanner.scanJars At least one JAR was scanned for TLDs yet contained no TLDs. Enable debug logging for this logger for a complete list of JARs that were scanned but no TLDs were found in them. Skipping unneeded JARs during scanning can improve startup time and JSP compilation time.
16-May-2018 16:39:13.416 INFO [localhost-startStop-1] org.apache.catalina.startup.HostConfig.deployDescriptor Deployment of configuration descriptor [C:\Users\Rio.Rai\Desktop\java_end\apache-tomcat-8.5.29\conf\Catalina\localhost\WebThiTuLuan.xml] has finished in [686] ms
16-May-2018 16:39:13.417 INFO [localhost-startStop-1] org.apache.catalina.startup.HostConfig.deployDirectory Deploying web application directory [C:\Users\Rio.Rai\Desktop\java_end\apache-tomcat-8.5.29\webapps\docs]
16-May-2018 16:39:13.442 INFO [localhost-startStop-1] org.apache.catalina.startup.HostConfig.deployDirectory Deployment of web application directory [C:\Users\Rio.Rai\Desktop\java_end\apache-tomcat-8.5.29\webapps\docs] has finished in [25] ms
16-May-2018 16:39:13.443 INFO [localhost-startStop-1] org.apache.catalina.startup.HostConfig.deployDirectory Deploying web application directory [C:\Users\Rio.Rai\Desktop\java_end\apache-tomcat-8.5.29\webapps\examples]
16-May-2018 16:39:13.722 INFO [localhost-startStop-1] org.apache.catalina.startup.HostConfig.deployDirectory Deployment of web application directory [C:\Users\Rio.Rai\Desktop\java_end\apache-tomcat-8.5.29\webapps\examples] has finished in [280] ms
16-May-2018 16:39:13.722 INFO [localhost-startStop-1] org.apache.catalina.startup.HostConfig.deployDirectory Deploying web application directory [C:\Users\Rio.Rai\Desktop\java_end\apache-tomcat-8.5.29\webapps\host-manager]
16-May-2018 16:39:13.750 INFO [localhost-startStop-1] org.apache.catalina.startup.HostConfig.deployDirectory Deployment of web application directory [C:\Users\Rio.Rai\Desktop\java_end\apache-tomcat-8.5.29\webapps\host-manager] has finished in [28] ms
16-May-2018 16:39:13.750 INFO [localhost-startStop-1] org.apache.catalina.startup.HostConfig.deployDirectory Deploying web application directory [C:\Users\Rio.Rai\Desktop\java_end\apache-tomcat-8.5.29\webapps\manager]
16-May-2018 16:39:13.778 INFO [localhost-startStop-1] org.apache.catalina.startup.HostConfig.deployDirectory Deployment of web application directory [C:\Users\Rio.Rai\Desktop\java_end\apache-tomcat-8.5.29\webapps\manager] has finished in [28] ms
16-May-2018 16:39:13.778 INFO [localhost-startStop-1] org.apache.catalina.startup.HostConfig.deployDirectory Deploying web application directory [C:\Users\Rio.Rai\Desktop\java_end\apache-tomcat-8.5.29\webapps\ROOT]
16-May-2018 16:39:13.798 INFO [localhost-startStop-1] org.apache.catalina.startup.HostConfig.deployDirectory Deployment of web application directory [C:\Users\Rio.Rai\Desktop\java_end\apache-tomcat-8.5.29\webapps\ROOT] has finished in [20] ms
16-May-2018 16:39:13.803 INFO [main] org.apache.coyote.AbstractProtocol.start Starting ProtocolHandler ["http-nio-1000"]
16-May-2018 16:39:13.827 INFO [main] org.apache.coyote.AbstractProtocol.start Starting ProtocolHandler ["ajp-nio-8009"]
16-May-2018 16:39:13.831 INFO [main] org.apache.catalina.startup.Catalina.start Server startup in 1145 ms
16-May-2018 16:42:36.498 INFO [http-nio-1000-exec-1] org.apache.catalina.startup.HostConfig.deployDescriptor Deploying configuration descriptor [C:\Users\Rio.Rai\Desktop\java_end\apache-tomcat-8.5.29\conf\Catalina\localhost\WebThiTuLuan#index.jsp.xml]
16-May-2018 16:42:36.664 INFO [http-nio-1000-exec-1] org.apache.jasper.servlet.TldScanner.scanJars At least one JAR was scanned for TLDs yet contained no TLDs. Enable debug logging for this logger for a complete list of JARs that were scanned but no TLDs were found in them. Skipping unneeded JARs during scanning can improve startup time and JSP compilation time.
16-May-2018 16:42:36.666 INFO [http-nio-1000-exec-1] org.apache.catalina.startup.HostConfig.deployDescriptor Deployment of configuration descriptor [C:\Users\Rio.Rai\Desktop\java_end\apache-tomcat-8.5.29\conf\Catalina\localhost\WebThiTuLuan#index.jsp.xml] has finished in [168] ms
16-May-2018 16:42:36.671 INFO [http-nio-1000-exec-4] org.apache.catalina.util.LifecycleBase.start The start() method was called on component [StandardEngine[Catalina].StandardHost[localhost].StandardContext[/WebThiTuLuan/index.jsp]] after start() had already been called. The second call will be ignored.
16-May-2018 16:43:31.259 INFO [http-nio-1000-exec-9] org.apache.catalina.core.StandardContext.reload Reloading Context with name [/WebThiTuLuan/index.jsp] has started
16-May-2018 16:43:31.275 WARNING [http-nio-1000-exec-9] org.apache.catalina.loader.WebappClassLoaderBase.clearReferencesJdbc The web application [WebThiTuLuan#index.jsp] registered the JDBC driver [com.mysql.jdbc.Driver] but failed to unregister it when the web application was stopped. To prevent a memory leak, the JDBC Driver has been forcibly unregistered.
16-May-2018 16:43:31.562 INFO [http-nio-1000-exec-9] org.apache.jasper.servlet.TldScanner.scanJars At least one JAR was scanned for TLDs yet contained no TLDs. Enable debug logging for this logger for a complete list of JARs that were scanned but no TLDs were found in them. Skipping unneeded JARs during scanning can improve startup time and JSP compilation time.
16-May-2018 16:43:31.572 INFO [http-nio-1000-exec-9] org.apache.catalina.core.StandardContext.reload Reloading Context with name [/WebThiTuLuan/index.jsp] is completed
16-May-2018 16:43:43.022 INFO [http-nio-1000-exec-11] org.apache.catalina.core.StandardContext.reload Reloading Context with name [/WebThiTuLuan/index.jsp] has started
16-May-2018 16:43:43.176 INFO [http-nio-1000-exec-11] org.apache.jasper.servlet.TldScanner.scanJars At least one JAR was scanned for TLDs yet contained no TLDs. Enable debug logging for this logger for a complete list of JARs that were scanned but no TLDs were found in them. Skipping unneeded JARs during scanning can improve startup time and JSP compilation time.
16-May-2018 16:43:43.179 INFO [http-nio-1000-exec-11] org.apache.catalina.core.StandardContext.reload Reloading Context with name [/WebThiTuLuan/index.jsp] is completed
16-May-2018 16:53:44.220 WARNING [58] org.apache.catalina.loader.WebappClassLoaderBase.clearReferencesJdbc The web application [WebThiTuLuan#index.jsp] registered the JDBC driver [com.mysql.jdbc.Driver] but failed to unregister it when the web application was stopped. To prevent a memory leak, the JDBC Driver has been forcibly unregistered.
16-May-2018 16:53:44.814 INFO [http-nio-1000-exec-15] org.apache.jasper.servlet.TldScanner.scanJars At least one JAR was scanned for TLDs yet contained no TLDs. Enable debug logging for this logger for a complete list of JARs that were scanned but no TLDs were found in them. Skipping unneeded JARs during scanning can improve startup time and JSP compilation time.
16-May-2018 16:53:46.050 INFO [http-nio-1000-exec-13] org.apache.catalina.core.StandardContext.reload Reloading Context with name [/WebThiTuLuan/index.jsp] has started
16-May-2018 16:53:46.243 INFO [http-nio-1000-exec-13] org.apache.jasper.servlet.TldScanner.scanJars At least one JAR was scanned for TLDs yet contained no TLDs. Enable debug logging for this logger for a complete list of JARs that were scanned but no TLDs were found in them. Skipping unneeded JARs during scanning can improve startup time and JSP compilation time.
16-May-2018 16:53:46.250 INFO [http-nio-1000-exec-13] org.apache.catalina.core.StandardContext.reload Reloading Context with name [/WebThiTuLuan/index.jsp] is completed
16-May-2018 16:53:54.057 INFO [ContainerBackgroundProcessor[StandardEngine[Catalina]]] org.apache.catalina.startup.HostConfig.reload Reloading context [/WebThiTuLuan]
16-May-2018 16:53:54.057 INFO [ContainerBackgroundProcessor[StandardEngine[Catalina]]] org.apache.catalina.core.StandardContext.reload Reloading Context with name [/WebThiTuLuan] has started
16-May-2018 16:53:54.216 INFO [ContainerBackgroundProcessor[StandardEngine[Catalina]]] org.apache.catalina.core.StandardContext.reload Reloading Context with name [/WebThiTuLuan] is completed
16-May-2018 16:53:54.217 INFO [ContainerBackgroundProcessor[StandardEngine[Catalina]]] org.apache.catalina.startup.HostConfig.reload Reloading context [/WebThiTuLuan/index.jsp]
16-May-2018 16:53:54.217 INFO [ContainerBackgroundProcessor[StandardEngine[Catalina]]] org.apache.catalina.core.StandardContext.reload Reloading Context with name [/WebThiTuLuan/index.jsp] has started
16-May-2018 16:53:54.376 INFO [ContainerBackgroundProcessor[StandardEngine[Catalina]]] org.apache.catalina.core.StandardContext.reload Reloading Context with name [/WebThiTuLuan/index.jsp] is completed
16-May-2018 16:54:18.300 INFO [http-nio-1000-exec-22] org.apache.catalina.core.StandardContext.reload Reloading Context with name [/WebThiTuLuan/index.jsp] has started
16-May-2018 16:54:18.454 INFO [http-nio-1000-exec-22] org.apache.catalina.core.StandardContext.reload Reloading Context with name [/WebThiTuLuan/index.jsp] is completed
16-May-2018 16:56:55.626 INFO [http-nio-1000-exec-29] org.apache.catalina.core.StandardContext.reload Reloading Context with name [/WebThiTuLuan/index.jsp] has started
16-May-2018 16:56:55.636 WARNING [http-nio-1000-exec-29] org.apache.catalina.loader.WebappClassLoaderBase.clearReferencesJdbc The web application [WebThiTuLuan#index.jsp] registered the JDBC driver [com.mysql.jdbc.Driver] but failed to unregister it when the web application was stopped. To prevent a memory leak, the JDBC Driver has been forcibly unregistered.
16-May-2018 16:56:55.826 INFO [http-nio-1000-exec-29] org.apache.catalina.core.StandardContext.reload Reloading Context with name [/WebThiTuLuan/index.jsp] is completed
16-May-2018 16:58:14.046 INFO [http-nio-1000-exec-23] org.apache.catalina.core.StandardContext.reload Reloading Context with name [/WebThiTuLuan/index.jsp] has started
16-May-2018 16:58:14.279 INFO [http-nio-1000-exec-23] org.apache.catalina.core.StandardContext.reload Reloading Context with name [/WebThiTuLuan/index.jsp] is completed
16-May-2018 16:58:14.313 INFO [http-nio-1000-exec-28] org.apache.catalina.core.StandardContext.reload Reloading Context with name [/WebThiTuLuan/index.jsp] has started
16-May-2018 16:58:14.572 INFO [http-nio-1000-exec-28] org.apache.catalina.core.StandardContext.reload Reloading Context with name [/WebThiTuLuan/index.jsp] is completed
16-May-2018 17:01:10.111 INFO [http-nio-1000-exec-39] org.apache.catalina.core.StandardContext.reload Reloading Context with name [/WebThiTuLuan/index.jsp] has started
16-May-2018 17:01:10.117 WARNING [http-nio-1000-exec-39] org.apache.catalina.loader.WebappClassLoaderBase.clearReferencesJdbc The web application [WebThiTuLuan#index.jsp] registered the JDBC driver [com.mysql.jdbc.Driver] but failed to unregister it when the web application was stopped. To prevent a memory leak, the JDBC Driver has been forcibly unregistered.
16-May-2018 17:01:10.284 INFO [http-nio-1000-exec-39] org.apache.catalina.core.StandardContext.reload Reloading Context with name [/WebThiTuLuan/index.jsp] is completed
16-May-2018 17:41:08.355 INFO [http-nio-1000-exec-51] org.apache.catalina.core.StandardContext.reload Reloading Context with name [/WebThiTuLuan/index.jsp] has started
16-May-2018 17:41:08.365 WARNING [http-nio-1000-exec-51] org.apache.catalina.loader.WebappClassLoaderBase.clearReferencesJdbc The web application [WebThiTuLuan#index.jsp] registered the JDBC driver [com.mysql.jdbc.Driver] but failed to unregister it when the web application was stopped. To prevent a memory leak, the JDBC Driver has been forcibly unregistered.
16-May-2018 17:41:08.554 INFO [http-nio-1000-exec-51] org.apache.catalina.core.StandardContext.reload Reloading Context with name [/WebThiTuLuan/index.jsp] is completed
16-May-2018 17:42:06.718 INFO [main] org.apache.catalina.core.StandardServer.await A valid shutdown command was received via the shutdown port. Stopping the Server instance.
16-May-2018 17:42:06.719 INFO [main] org.apache.coyote.AbstractProtocol.pause Pausing ProtocolHandler ["http-nio-1000"]
16-May-2018 17:42:06.897 INFO [main] org.apache.coyote.AbstractProtocol.pause Pausing ProtocolHandler ["ajp-nio-8009"]
16-May-2018 17:42:07.015 INFO [main] org.apache.catalina.core.StandardService.stopInternal Stopping service [Catalina]
16-May-2018 17:42:07.049 WARNING [localhost-startStop-2] org.apache.catalina.loader.WebappClassLoaderBase.clearReferencesJdbc The web application [WebThiTuLuan#index.jsp] registered the JDBC driver [com.mysql.jdbc.Driver] but failed to unregister it when the web application was stopped. To prevent a memory leak, the JDBC Driver has been forcibly unregistered.
16-May-2018 17:42:07.053 INFO [main] org.apache.coyote.AbstractProtocol.stop Stopping ProtocolHandler ["http-nio-1000"]
16-May-2018 17:42:07.056 INFO [main] org.apache.coyote.AbstractProtocol.stop Stopping ProtocolHandler ["ajp-nio-8009"]
16-May-2018 17:42:07.058 INFO [main] org.apache.coyote.AbstractProtocol.destroy Destroying ProtocolHandler ["http-nio-1000"]
16-May-2018 17:42:07.058 INFO [main] org.apache.coyote.AbstractProtocol.destroy Destroying ProtocolHandler ["ajp-nio-8009"]
16-May-2018 17:42:10.368 INFO [main] org.apache.catalina.startup.VersionLoggerListener.log Server version:        Apache Tomcat/8.5.29
16-May-2018 17:42:10.371 INFO [main] org.apache.catalina.startup.VersionLoggerListener.log Server built:          Mar 5 2018 13:11:12 UTC
16-May-2018 17:42:10.371 INFO [main] org.apache.catalina.startup.VersionLoggerListener.log Server number:         8.5.29.0
16-May-2018 17:42:10.371 INFO [main] org.apache.catalina.startup.VersionLoggerListener.log OS Name:               Windows 10
16-May-2018 17:42:10.371 INFO [main] org.apache.catalina.startup.VersionLoggerListener.log OS Version:            10.0
16-May-2018 17:42:10.371 INFO [main] org.apache.catalina.startup.VersionLoggerListener.log Architecture:          x86
16-May-2018 17:42:10.371 INFO [main] org.apache.catalina.startup.VersionLoggerListener.log Java Home:             C:\Program Files\Java\jdk1.8.0_144\jre
16-May-2018 17:42:10.371 INFO [main] org.apache.catalina.startup.VersionLoggerListener.log JVM Version:           1.8.0_144-b01
16-May-2018 17:42:10.372 INFO [main] org.apache.catalina.startup.VersionLoggerListener.log JVM Vendor:            Oracle Corporation
16-May-2018 17:42:10.372 INFO [main] org.apache.catalina.startup.VersionLoggerListener.log CATALINA_BASE:         C:\Users\Rio.Rai\Desktop\java_end\apache-tomcat-8.5.29
16-May-2018 17:42:10.372 INFO [main] org.apache.catalina.startup.VersionLoggerListener.log CATALINA_HOME:         C:\Users\Rio.Rai\Desktop\java_end\apache-tomcat-8.5.29
16-May-2018 17:42:10.372 INFO [main] org.apache.catalina.startup.VersionLoggerListener.log Command line argument: -Djava.util.logging.config.file=C:\Users\Rio.Rai\Desktop\java_end\apache-tomcat-8.5.29\conf\logging.properties
16-May-2018 17:42:10.372 INFO [main] org.apache.catalina.startup.VersionLoggerListener.log Command line argument: -Djava.util.logging.manager=org.apache.juli.ClassLoaderLogManager
16-May-2018 17:42:10.372 INFO [main] org.apache.catalina.startup.VersionLoggerListener.log Command line argument: -Dhttp.nonProxyHosts=localhost|127.0.0.1|DESKTOP-KKHKH84
16-May-2018 17:42:10.372 INFO [main] org.apache.catalina.startup.VersionLoggerListener.log Command line argument: -Djdk.tls.ephemeralDHKeySize=2048
16-May-2018 17:42:10.373 INFO [main] org.apache.catalina.startup.VersionLoggerListener.log Command line argument: -Djava.protocol.handler.pkgs=org.apache.catalina.webresources
16-May-2018 17:42:10.373 INFO [main] org.apache.catalina.startup.VersionLoggerListener.log Command line argument: -agentlib:jdwp=transport=dt_shmem,address=tomcat_shared_memory_id,server=y,suspend=n
16-May-2018 17:42:10.373 INFO [main] org.apache.catalina.startup.VersionLoggerListener.log Command line argument: -Dignore.endorsed.dirs=
16-May-2018 17:42:10.373 INFO [main] org.apache.catalina.startup.VersionLoggerListener.log Command line argument: -Dcatalina.base=C:\Users\Rio.Rai\Desktop\java_end\apache-tomcat-8.5.29
16-May-2018 17:42:10.373 INFO [main] org.apache.catalina.startup.VersionLoggerListener.log Command line argument: -Dcatalina.home=C:\Users\Rio.Rai\Desktop\java_end\apache-tomcat-8.5.29
16-May-2018 17:42:10.373 INFO [main] org.apache.catalina.startup.VersionLoggerListener.log Command line argument: -Djava.io.tmpdir=C:\Users\Rio.Rai\Desktop\java_end\apache-tomcat-8.5.29\temp
16-May-2018 17:42:10.373 INFO [main] org.apache.catalina.core.AprLifecycleListener.lifecycleEvent Loaded APR based Apache Tomcat Native library [1.2.16] using APR version [1.6.3].
16-May-2018 17:42:10.373 INFO [main] org.apache.catalina.core.AprLifecycleListener.lifecycleEvent APR capabilities: IPv6 [true], sendfile [true], accept filters [false], random [true].
16-May-2018 17:42:10.373 INFO [main] org.apache.catalina.core.AprLifecycleListener.lifecycleEvent APR/OpenSSL configuration: useAprConnector [false], useOpenSSL [true]
16-May-2018 17:42:11.332 INFO [main] org.apache.catalina.core.AprLifecycleListener.initializeSSL OpenSSL successfully initialized [OpenSSL 1.0.2m  2 Nov 2017]
16-May-2018 17:42:11.487 INFO [main] org.apache.coyote.AbstractProtocol.init Initializing ProtocolHandler ["http-nio-1000"]
16-May-2018 17:42:11.722 INFO [main] org.apache.tomcat.util.net.NioSelectorPool.getSharedSelector Using a shared selector for servlet write/read
16-May-2018 17:42:11.729 INFO [main] org.apache.coyote.AbstractProtocol.init Initializing ProtocolHandler ["ajp-nio-8009"]
16-May-2018 17:42:11.731 INFO [main] org.apache.tomcat.util.net.NioSelectorPool.getSharedSelector Using a shared selector for servlet write/read
16-May-2018 17:42:11.732 INFO [main] org.apache.catalina.startup.Catalina.load Initialization processed in 1880 ms
16-May-2018 17:42:11.788 INFO [main] org.apache.catalina.core.StandardService.startInternal Starting service [Catalina]
16-May-2018 17:42:11.788 INFO [main] org.apache.catalina.core.StandardEngine.startInternal Starting Servlet Engine: Apache Tomcat/8.5.29
16-May-2018 17:42:11.798 INFO [localhost-startStop-1] org.apache.catalina.startup.HostConfig.deployDescriptor Deploying configuration descriptor [C:\Users\Rio.Rai\Desktop\java_end\apache-tomcat-8.5.29\conf\Catalina\localhost\WebThiTuLuan#index.jsp.xml]
16-May-2018 17:42:12.359 INFO [localhost-startStop-1] org.apache.jasper.servlet.TldScanner.scanJars At least one JAR was scanned for TLDs yet contained no TLDs. Enable debug logging for this logger for a complete list of JARs that were scanned but no TLDs were found in them. Skipping unneeded JARs during scanning can improve startup time and JSP compilation time.
16-May-2018 17:42:12.417 INFO [localhost-startStop-1] org.apache.catalina.startup.HostConfig.deployDescriptor Deployment of configuration descriptor [C:\Users\Rio.Rai\Desktop\java_end\apache-tomcat-8.5.29\conf\Catalina\localhost\WebThiTuLuan#index.jsp.xml] has finished in [620] ms
16-May-2018 17:42:12.417 INFO [localhost-startStop-1] org.apache.catalina.startup.HostConfig.deployDescriptor Deploying configuration descriptor [C:\Users\Rio.Rai\Desktop\java_end\apache-tomcat-8.5.29\conf\Catalina\localhost\WebThiTuLuan.xml]
16-May-2018 17:42:12.418 WARNING [localhost-startStop-1] org.apache.catalina.core.StandardContext.setPath A context path must either be an empty string or start with a '/' and do not end with a '/'. The path [/WebThiTuLuan/] does not meet these criteria and has been changed to [/WebThiTuLuan]
16-May-2018 17:42:12.610 INFO [localhost-startStop-1] org.apache.jasper.servlet.TldScanner.scanJars At least one JAR was scanned for TLDs yet contained no TLDs. Enable debug logging for this logger for a complete list of JARs that were scanned but no TLDs were found in them. Skipping unneeded JARs during scanning can improve startup time and JSP compilation time.
16-May-2018 17:42:12.612 INFO [localhost-startStop-1] org.apache.catalina.startup.HostConfig.deployDescriptor Deployment of configuration descriptor [C:\Users\Rio.Rai\Desktop\java_end\apache-tomcat-8.5.29\conf\Catalina\localhost\WebThiTuLuan.xml] has finished in [195] ms
16-May-2018 17:42:12.613 INFO [localhost-startStop-1] org.apache.catalina.startup.HostConfig.deployDirectory Deploying web application directory [C:\Users\Rio.Rai\Desktop\java_end\apache-tomcat-8.5.29\webapps\docs]
16-May-2018 17:42:12.634 INFO [localhost-startStop-1] org.apache.catalina.startup.HostConfig.deployDirectory Deployment of web application directory [C:\Users\Rio.Rai\Desktop\java_end\apache-tomcat-8.5.29\webapps\docs] has finished in [21] ms
16-May-2018 17:42:12.634 INFO [localhost-startStop-1] org.apache.catalina.startup.HostConfig.deployDirectory Deploying web application directory [C:\Users\Rio.Rai\Desktop\java_end\apache-tomcat-8.5.29\webapps\examples]
16-May-2018 17:42:12.935 INFO [localhost-startStop-1] org.apache.catalina.startup.HostConfig.deployDirectory Deployment of web application directory [C:\Users\Rio.Rai\Desktop\java_end\apache-tomcat-8.5.29\webapps\examples] has finished in [301] ms
16-May-2018 17:42:12.935 INFO [localhost-startStop-1] org.apache.catalina.startup.HostConfig.deployDirectory Deploying web application directory [C:\Users\Rio.Rai\Desktop\java_end\apache-tomcat-8.5.29\webapps\host-manager]
16-May-2018 17:42:12.962 INFO [localhost-startStop-1] org.apache.catalina.startup.HostConfig.deployDirectory Deployment of web application directory [C:\Users\Rio.Rai\Desktop\java_end\apache-tomcat-8.5.29\webapps\host-manager] has finished in [27] ms
16-May-2018 17:42:12.962 INFO [localhost-startStop-1] org.apache.catalina.startup.HostConfig.deployDirectory Deploying web application directory [C:\Users\Rio.Rai\Desktop\java_end\apache-tomcat-8.5.29\webapps\manager]
16-May-2018 17:42:12.986 INFO [localhost-startStop-1] org.apache.catalina.startup.HostConfig.deployDirectory Deployment of web application directory [C:\Users\Rio.Rai\Desktop\java_end\apache-tomcat-8.5.29\webapps\manager] has finished in [24] ms
16-May-2018 17:42:12.986 INFO [localhost-startStop-1] org.apache.catalina.startup.HostConfig.deployDirectory Deploying web application directory [C:\Users\Rio.Rai\Desktop\java_end\apache-tomcat-8.5.29\webapps\ROOT]
16-May-2018 17:42:13.009 INFO [localhost-startStop-1] org.apache.catalina.startup.HostConfig.deployDirectory Deployment of web application directory [C:\Users\Rio.Rai\Desktop\java_end\apache-tomcat-8.5.29\webapps\ROOT] has finished in [23] ms
16-May-2018 17:42:13.014 INFO [main] org.apache.coyote.AbstractProtocol.start Starting ProtocolHandler ["http-nio-1000"]
16-May-2018 17:42:13.026 INFO [main] org.apache.coyote.AbstractProtocol.start Starting ProtocolHandler ["ajp-nio-8009"]
16-May-2018 17:42:13.029 INFO [main] org.apache.catalina.startup.Catalina.start Server startup in 1296 ms
16-May-2018 17:42:16.458 INFO [http-nio-1000-exec-8] org.apache.catalina.startup.HostConfig.undeploy Undeploying context [/WebThiTuLuan/index.jsp]
16-May-2018 17:42:16.492 INFO [http-nio-1000-exec-6] org.apache.catalina.startup.HostConfig.deployDescriptor Deploying configuration descriptor [C:\Users\Rio.Rai\Desktop\java_end\apache-tomcat-8.5.29\conf\Catalina\localhost\WebThiTuLuan#index.jsp.xml]
16-May-2018 17:42:16.704 INFO [http-nio-1000-exec-6] org.apache.catalina.startup.HostConfig.deployDescriptor Deployment of configuration descriptor [C:\Users\Rio.Rai\Desktop\java_end\apache-tomcat-8.5.29\conf\Catalina\localhost\WebThiTuLuan#index.jsp.xml] has finished in [212] ms
16-May-2018 17:42:16.709 INFO [http-nio-1000-exec-3] org.apache.catalina.util.LifecycleBase.start The start() method was called on component [StandardEngine[Catalina].StandardHost[localhost].StandardContext[/WebThiTuLuan/index.jsp]] after start() had already been called. The second call will be ignored.
16-May-2018 17:43:05.903 WARNING [http-nio-1000-exec-6] org.apache.catalina.loader.WebappClassLoaderBase.clearReferencesJdbc The web application [WebThiTuLuan#index.jsp] registered the JDBC driver [com.mysql.jdbc.Driver] but failed to unregister it when the web application was stopped. To prevent a memory leak, the JDBC Driver has been forcibly unregistered.
16-May-2018 17:43:06.407 INFO [http-nio-1000-exec-6] org.apache.catalina.startup.HostConfig.undeploy Undeploying context [/WebThiTuLuan/index.jsp]
16-May-2018 17:43:06.428 INFO [http-nio-1000-exec-11] org.apache.catalina.startup.HostConfig.deployDescriptor Deploying configuration descriptor [C:\Users\Rio.Rai\Desktop\java_end\apache-tomcat-8.5.29\conf\Catalina\localhost\WebThiTuLuan#index.jsp.xml]
16-May-2018 17:43:06.598 INFO [http-nio-1000-exec-11] org.apache.catalina.startup.HostConfig.deployDescriptor Deployment of configuration descriptor [C:\Users\Rio.Rai\Desktop\java_end\apache-tomcat-8.5.29\conf\Catalina\localhost\WebThiTuLuan#index.jsp.xml] has finished in [170] ms
16-May-2018 17:43:06.602 INFO [http-nio-1000-exec-14] org.apache.catalina.util.LifecycleBase.start The start() method was called on component [StandardEngine[Catalina].StandardHost[localhost].StandardContext[/WebThiTuLuan/index.jsp]] after start() had already been called. The second call will be ignored.
16-May-2018 17:43:30.867 INFO [http-nio-1000-exec-3] org.apache.catalina.core.StandardContext.reload Reloading Context with name [/WebThiTuLuan/index.jsp] has started
16-May-2018 17:43:31.006 INFO [http-nio-1000-exec-3] org.apache.catalina.core.StandardContext.reload Reloading Context with name [/WebThiTuLuan/index.jsp] is completed
16-May-2018 17:43:45.262 INFO [http-nio-1000-exec-14] org.apache.catalina.startup.HostConfig.undeploy Undeploying context [/WebThiTuLuan/index.jsp]
16-May-2018 17:43:45.278 INFO [http-nio-1000-exec-19] org.apache.catalina.startup.HostConfig.deployDescriptor Deploying configuration descriptor [C:\Users\Rio.Rai\Desktop\java_end\apache-tomcat-8.5.29\conf\Catalina\localhost\WebThiTuLuan#index.jsp.xml]
16-May-2018 17:43:45.449 INFO [http-nio-1000-exec-19] org.apache.catalina.startup.HostConfig.deployDescriptor Deployment of configuration descriptor [C:\Users\Rio.Rai\Desktop\java_end\apache-tomcat-8.5.29\conf\Catalina\localhost\WebThiTuLuan#index.jsp.xml] has finished in [171] ms
16-May-2018 17:43:45.454 INFO [http-nio-1000-exec-3] org.apache.catalina.util.LifecycleBase.start The start() method was called on component [StandardEngine[Catalina].StandardHost[localhost].StandardContext[/WebThiTuLuan/index.jsp]] after start() had already been called. The second call will be ignored.
16-May-2018 17:52:06.320 INFO [http-nio-1000-exec-28] org.apache.catalina.core.StandardContext.reload Reloading Context with name [/WebThiTuLuan/index.jsp] has started
16-May-2018 17:52:06.336 WARNING [http-nio-1000-exec-28] org.apache.catalina.loader.WebappClassLoaderBase.clearReferencesJdbc The web application [WebThiTuLuan#index.jsp] registered the JDBC driver [com.mysql.jdbc.Driver] but failed to unregister it when the web application was stopped. To prevent a memory leak, the JDBC Driver has been forcibly unregistered.
16-May-2018 17:52:06.630 INFO [http-nio-1000-exec-28] org.apache.catalina.core.StandardContext.reload Reloading Context with name [/WebThiTuLuan/index.jsp] is completed
16-May-2018 17:52:15.358 INFO [http-nio-1000-exec-30] org.apache.catalina.core.StandardContext.reload Reloading Context with name [/WebThiTuLuan/index.jsp] has started
16-May-2018 17:52:15.544 INFO [http-nio-1000-exec-30] org.apache.catalina.core.StandardContext.reload Reloading Context with name [/WebThiTuLuan/index.jsp] is completed
16-May-2018 18:02:11.081 INFO [main] org.apache.catalina.core.StandardServer.await A valid shutdown command was received via the shutdown port. Stopping the Server instance.
16-May-2018 18:02:11.083 INFO [main] org.apache.coyote.AbstractProtocol.pause Pausing ProtocolHandler ["http-nio-1000"]
16-May-2018 18:02:11.240 INFO [main] org.apache.coyote.AbstractProtocol.pause Pausing ProtocolHandler ["ajp-nio-8009"]
16-May-2018 18:02:11.392 INFO [main] org.apache.catalina.core.StandardService.stopInternal Stopping service [Catalina]
16-May-2018 18:02:11.438 WARNING [localhost-startStop-2] org.apache.catalina.loader.WebappClassLoaderBase.clearReferencesJdbc The web application [WebThiTuLuan#index.jsp] registered the JDBC driver [com.mysql.jdbc.Driver] but failed to unregister it when the web application was stopped. To prevent a memory leak, the JDBC Driver has been forcibly unregistered.
16-May-2018 18:02:11.441 INFO [main] org.apache.coyote.AbstractProtocol.stop Stopping ProtocolHandler ["http-nio-1000"]
16-May-2018 18:02:11.443 INFO [main] org.apache.coyote.AbstractProtocol.stop Stopping ProtocolHandler ["ajp-nio-8009"]
16-May-2018 18:02:11.444 INFO [main] org.apache.coyote.AbstractProtocol.destroy Destroying ProtocolHandler ["http-nio-1000"]
16-May-2018 18:02:11.445 INFO [main] org.apache.coyote.AbstractProtocol.destroy Destroying ProtocolHandler ["ajp-nio-8009"]
16-May-2018 18:38:45.503 INFO [main] org.apache.catalina.startup.VersionLoggerListener.log Server version:        Apache Tomcat/8.5.29
16-May-2018 18:38:45.505 INFO [main] org.apache.catalina.startup.VersionLoggerListener.log Server built:          Mar 5 2018 13:11:12 UTC
16-May-2018 18:38:45.505 INFO [main] org.apache.catalina.startup.VersionLoggerListener.log Server number:         8.5.29.0
16-May-2018 18:38:45.505 INFO [main] org.apache.catalina.startup.VersionLoggerListener.log OS Name:               Windows 10
16-May-2018 18:38:45.505 INFO [main] org.apache.catalina.startup.VersionLoggerListener.log OS Version:            10.0
16-May-2018 18:38:45.505 INFO [main] org.apache.catalina.startup.VersionLoggerListener.log Architecture:          x86
16-May-2018 18:38:45.505 INFO [main] org.apache.catalina.startup.VersionLoggerListener.log Java Home:             C:\Program Files\Java\jdk1.8.0_144\jre
16-May-2018 18:38:45.505 INFO [main] org.apache.catalina.startup.VersionLoggerListener.log JVM Version:           1.8.0_144-b01
16-May-2018 18:38:45.505 INFO [main] org.apache.catalina.startup.VersionLoggerListener.log JVM Vendor:            Oracle Corporation
16-May-2018 18:38:45.506 INFO [main] org.apache.catalina.startup.VersionLoggerListener.log CATALINA_BASE:         C:\Users\Rio.Rai\Desktop\java_end\apache-tomcat-8.5.29
16-May-2018 18:38:45.506 INFO [main] org.apache.catalina.startup.VersionLoggerListener.log CATALINA_HOME:         C:\Users\Rio.Rai\Desktop\java_end\apache-tomcat-8.5.29
16-May-2018 18:38:45.506 INFO [main] org.apache.catalina.startup.VersionLoggerListener.log Command line argument: -Djava.util.logging.config.file=C:\Users\Rio.Rai\Desktop\java_end\apache-tomcat-8.5.29\conf\logging.properties
16-May-2018 18:38:45.506 INFO [main] org.apache.catalina.startup.VersionLoggerListener.log Command line argument: -Djava.util.logging.manager=org.apache.juli.ClassLoaderLogManager
16-May-2018 18:38:45.506 INFO [main] org.apache.catalina.startup.VersionLoggerListener.log Command line argument: -Dhttp.nonProxyHosts=localhost|127.0.0.1|DESKTOP-KKHKH84
16-May-2018 18:38:45.506 INFO [main] org.apache.catalina.startup.VersionLoggerListener.log Command line argument: -Djdk.tls.ephemeralDHKeySize=2048
16-May-2018 18:38:45.506 INFO [main] org.apache.catalina.startup.VersionLoggerListener.log Command line argument: -Djava.protocol.handler.pkgs=org.apache.catalina.webresources
16-May-2018 18:38:45.506 INFO [main] org.apache.catalina.startup.VersionLoggerListener.log Command line argument: -Dignore.endorsed.dirs=
16-May-2018 18:38:45.506 INFO [main] org.apache.catalina.startup.VersionLoggerListener.log Command line argument: -Dcatalina.base=C:\Users\Rio.Rai\Desktop\java_end\apache-tomcat-8.5.29
16-May-2018 18:38:45.506 INFO [main] org.apache.catalina.startup.VersionLoggerListener.log Command line argument: -Dcatalina.home=C:\Users\Rio.Rai\Desktop\java_end\apache-tomcat-8.5.29
16-May-2018 18:38:45.506 INFO [main] org.apache.catalina.startup.VersionLoggerListener.log Command line argument: -Djava.io.tmpdir=C:\Users\Rio.Rai\Desktop\java_end\apache-tomcat-8.5.29\temp
16-May-2018 18:38:45.507 INFO [main] org.apache.catalina.core.AprLifecycleListener.lifecycleEvent Loaded APR based Apache Tomcat Native library [1.2.16] using APR version [1.6.3].
16-May-2018 18:38:45.507 INFO [main] org.apache.catalina.core.AprLifecycleListener.lifecycleEvent APR capabilities: IPv6 [true], sendfile [true], accept filters [false], random [true].
16-May-2018 18:38:45.507 INFO [main] org.apache.catalina.core.AprLifecycleListener.lifecycleEvent APR/OpenSSL configuration: useAprConnector [false], useOpenSSL [true]
16-May-2018 18:38:46.295 INFO [main] org.apache.catalina.core.AprLifecycleListener.initializeSSL OpenSSL successfully initialized [OpenSSL 1.0.2m  2 Nov 2017]
16-May-2018 18:38:47.008 INFO [main] org.apache.coyote.AbstractProtocol.init Initializing ProtocolHandler ["http-nio-1000"]
16-May-2018 18:38:47.406 INFO [main] org.apache.tomcat.util.net.NioSelectorPool.getSharedSelector Using a shared selector for servlet write/read
16-May-2018 18:38:47.426 INFO [main] org.apache.coyote.AbstractProtocol.init Initializing ProtocolHandler ["ajp-nio-8009"]
16-May-2018 18:38:47.428 INFO [main] org.apache.tomcat.util.net.NioSelectorPool.getSharedSelector Using a shared selector for servlet write/read
16-May-2018 18:38:47.428 INFO [main] org.apache.catalina.startup.Catalina.load Initialization processed in 4070 ms
16-May-2018 18:38:47.591 INFO [main] org.apache.catalina.core.StandardService.startInternal Starting service [Catalina]
16-May-2018 18:38:47.591 INFO [main] org.apache.catalina.core.StandardEngine.startInternal Starting Servlet Engine: Apache Tomcat/8.5.29
16-May-2018 18:38:47.640 INFO [localhost-startStop-1] org.apache.catalina.startup.HostConfig.deployDescriptor Deploying configuration descriptor [C:\Users\Rio.Rai\Desktop\java_end\apache-tomcat-8.5.29\conf\Catalina\localhost\WebThiTuLuan#index.jsp.xml]
16-May-2018 18:38:49.273 INFO [localhost-startStop-1] org.apache.jasper.servlet.TldScanner.scanJars At least one JAR was scanned for TLDs yet contained no TLDs. Enable debug logging for this logger for a complete list of JARs that were scanned but no TLDs were found in them. Skipping unneeded JARs during scanning can improve startup time and JSP compilation time.
16-May-2018 18:38:49.451 INFO [localhost-startStop-1] org.apache.catalina.startup.HostConfig.deployDescriptor Deployment of configuration descriptor [C:\Users\Rio.Rai\Desktop\java_end\apache-tomcat-8.5.29\conf\Catalina\localhost\WebThiTuLuan#index.jsp.xml] has finished in [1,810] ms
16-May-2018 18:38:49.452 INFO [localhost-startStop-1] org.apache.catalina.startup.HostConfig.deployDescriptor Deploying configuration descriptor [C:\Users\Rio.Rai\Desktop\java_end\apache-tomcat-8.5.29\conf\Catalina\localhost\WebThiTuLuan.xml]
16-May-2018 18:38:49.478 WARNING [localhost-startStop-1] org.apache.catalina.core.StandardContext.setPath A context path must either be an empty string or start with a '/' and do not end with a '/'. The path [/WebThiTuLuan/] does not meet these criteria and has been changed to [/WebThiTuLuan]
16-May-2018 18:38:49.695 INFO [localhost-startStop-1] org.apache.jasper.servlet.TldScanner.scanJars At least one JAR was scanned for TLDs yet contained no TLDs. Enable debug logging for this logger for a complete list of JARs that were scanned but no TLDs were found in them. Skipping unneeded JARs during scanning can improve startup time and JSP compilation time.
16-May-2018 18:38:49.697 INFO [localhost-startStop-1] org.apache.catalina.startup.HostConfig.deployDescriptor Deployment of configuration descriptor [C:\Users\Rio.Rai\Desktop\java_end\apache-tomcat-8.5.29\conf\Catalina\localhost\WebThiTuLuan.xml] has finished in [245] ms
16-May-2018 18:38:49.697 INFO [localhost-startStop-1] org.apache.catalina.startup.HostConfig.deployDirectory Deploying web application directory [C:\Users\Rio.Rai\Desktop\java_end\apache-tomcat-8.5.29\webapps\docs]
16-May-2018 18:38:49.750 INFO [localhost-startStop-1] org.apache.catalina.startup.HostConfig.deployDirectory Deployment of web application directory [C:\Users\Rio.Rai\Desktop\java_end\apache-tomcat-8.5.29\webapps\docs] has finished in [53] ms
16-May-2018 18:38:49.750 INFO [localhost-startStop-1] org.apache.catalina.startup.HostConfig.deployDirectory Deploying web application directory [C:\Users\Rio.Rai\Desktop\java_end\apache-tomcat-8.5.29\webapps\examples]
16-May-2018 18:38:51.019 INFO [localhost-startStop-1] org.apache.catalina.startup.HostConfig.deployDirectory Deployment of web application directory [C:\Users\Rio.Rai\Desktop\java_end\apache-tomcat-8.5.29\webapps\examples] has finished in [1,269] ms
16-May-2018 18:38:51.019 INFO [localhost-startStop-1] org.apache.catalina.startup.HostConfig.deployDirectory Deploying web application directory [C:\Users\Rio.Rai\Desktop\java_end\apache-tomcat-8.5.29\webapps\host-manager]
16-May-2018 18:38:51.078 INFO [localhost-startStop-1] org.apache.catalina.startup.HostConfig.deployDirectory Deployment of web application directory [C:\Users\Rio.Rai\Desktop\java_end\apache-tomcat-8.5.29\webapps\host-manager] has finished in [59] ms
16-May-2018 18:38:51.079 INFO [localhost-startStop-1] org.apache.catalina.startup.HostConfig.deployDirectory Deploying web application directory [C:\Users\Rio.Rai\Desktop\java_end\apache-tomcat-8.5.29\webapps\manager]
16-May-2018 18:38:51.150 INFO [localhost-startStop-1] org.apache.catalina.startup.HostConfig.deployDirectory Deployment of web application directory [C:\Users\Rio.Rai\Desktop\java_end\apache-tomcat-8.5.29\webapps\manager] has finished in [71] ms
16-May-2018 18:38:51.150 INFO [localhost-startStop-1] org.apache.catalina.startup.HostConfig.deployDirectory Deploying web application directory [C:\Users\Rio.Rai\Desktop\java_end\apache-tomcat-8.5.29\webapps\ROOT]
16-May-2018 18:38:51.187 INFO [localhost-startStop-1] org.apache.catalina.startup.HostConfig.deployDirectory Deployment of web application directory [C:\Users\Rio.Rai\Desktop\java_end\apache-tomcat-8.5.29\webapps\ROOT] has finished in [37] ms
16-May-2018 18:38:51.191 INFO [main] org.apache.coyote.AbstractProtocol.start Starting ProtocolHandler ["http-nio-1000"]
16-May-2018 18:38:51.202 INFO [main] org.apache.coyote.AbstractProtocol.start Starting ProtocolHandler ["ajp-nio-8009"]
16-May-2018 18:38:51.206 INFO [main] org.apache.catalina.startup.Catalina.start Server startup in 3777 ms
16-May-2018 18:38:53.742 INFO [http-nio-1000-exec-10] org.apache.catalina.startup.HostConfig.deployDescriptor Deploying configuration descriptor [C:\Users\Rio.Rai\Desktop\java_end\apache-tomcat-8.5.29\conf\Catalina\localhost\test.xml]
16-May-2018 18:38:53.929 INFO [http-nio-1000-exec-10] org.apache.jasper.servlet.TldScanner.scanJars At least one JAR was scanned for TLDs yet contained no TLDs. Enable debug logging for this logger for a complete list of JARs that were scanned but no TLDs were found in them. Skipping unneeded JARs during scanning can improve startup time and JSP compilation time.
16-May-2018 18:38:53.932 INFO [http-nio-1000-exec-10] org.apache.catalina.startup.HostConfig.deployDescriptor Deployment of configuration descriptor [C:\Users\Rio.Rai\Desktop\java_end\apache-tomcat-8.5.29\conf\Catalina\localhost\test.xml] has finished in [190] ms
16-May-2018 18:38:53.938 INFO [http-nio-1000-exec-9] org.apache.catalina.util.LifecycleBase.start The start() method was called on component [StandardEngine[Catalina].StandardHost[localhost].StandardContext[/test]] after start() had already been called. The second call will be ignored.
16-May-2018 18:42:27.475 INFO [http-nio-1000-exec-7] org.apache.catalina.core.StandardContext.reload Reloading Context with name [/test] has started
16-May-2018 18:42:27.850 INFO [http-nio-1000-exec-7] org.apache.jasper.servlet.TldScanner.scanJars At least one JAR was scanned for TLDs yet contained no TLDs. Enable debug logging for this logger for a complete list of JARs that were scanned but no TLDs were found in them. Skipping unneeded JARs during scanning can improve startup time and JSP compilation time.
16-May-2018 18:42:27.853 INFO [http-nio-1000-exec-7] org.apache.catalina.core.StandardContext.reload Reloading Context with name [/test] is completed
16-May-2018 18:42:27.887 INFO [http-nio-1000-exec-3] org.apache.catalina.core.StandardContext.reload Reloading Context with name [/test] has started
16-May-2018 18:42:28.035 INFO [http-nio-1000-exec-3] org.apache.jasper.servlet.TldScanner.scanJars At least one JAR was scanned for TLDs yet contained no TLDs. Enable debug logging for this logger for a complete list of JARs that were scanned but no TLDs were found in them. Skipping unneeded JARs during scanning can improve startup time and JSP compilation time.
16-May-2018 18:42:28.043 INFO [http-nio-1000-exec-3] org.apache.catalina.core.StandardContext.reload Reloading Context with name [/test] is completed
16-May-2018 18:50:44.855 INFO [http-nio-1000-exec-12] org.apache.catalina.core.StandardContext.reload Reloading Context with name [/test] has started
16-May-2018 18:50:45.009 INFO [http-nio-1000-exec-12] org.apache.jasper.servlet.TldScanner.scanJars At least one JAR was scanned for TLDs yet contained no TLDs. Enable debug logging for this logger for a complete list of JARs that were scanned but no TLDs were found in them. Skipping unneeded JARs during scanning can improve startup time and JSP compilation time.
16-May-2018 18:50:45.014 INFO [http-nio-1000-exec-12] org.apache.catalina.core.StandardContext.reload Reloading Context with name [/test] is completed
16-May-2018 18:51:44.307 INFO [main] org.apache.catalina.core.StandardServer.await A valid shutdown command was received via the shutdown port. Stopping the Server instance.
16-May-2018 18:51:44.307 INFO [main] org.apache.coyote.AbstractProtocol.pause Pausing ProtocolHandler ["http-nio-1000"]
16-May-2018 18:51:44.484 INFO [main] org.apache.coyote.AbstractProtocol.pause Pausing ProtocolHandler ["ajp-nio-8009"]
16-May-2018 18:51:44.633 INFO [main] org.apache.catalina.core.StandardService.stopInternal Stopping service [Catalina]
16-May-2018 18:51:44.665 INFO [main] org.apache.coyote.AbstractProtocol.stop Stopping ProtocolHandler ["http-nio-1000"]
16-May-2018 18:51:44.666 INFO [main] org.apache.coyote.AbstractProtocol.stop Stopping ProtocolHandler ["ajp-nio-8009"]
16-May-2018 18:51:44.668 INFO [main] org.apache.coyote.AbstractProtocol.destroy Destroying ProtocolHandler ["http-nio-1000"]
16-May-2018 18:51:44.669 INFO [main] org.apache.coyote.AbstractProtocol.destroy Destroying ProtocolHandler ["ajp-nio-8009"]
