14-May-2018 13:17:20.347 INFO [main] org.apache.catalina.startup.VersionLoggerListener.log Server version:        Apache Tomcat/8.5.29
14-May-2018 13:17:20.350 INFO [main] org.apache.catalina.startup.VersionLoggerListener.log Server built:          Mar 5 2018 13:11:12 UTC
14-May-2018 13:17:20.350 INFO [main] org.apache.catalina.startup.VersionLoggerListener.log Server number:         8.5.29.0
14-May-2018 13:17:20.350 INFO [main] org.apache.catalina.startup.VersionLoggerListener.log OS Name:               Windows 10
14-May-2018 13:17:20.350 INFO [main] org.apache.catalina.startup.VersionLoggerListener.log OS Version:            10.0
14-May-2018 13:17:20.350 INFO [main] org.apache.catalina.startup.VersionLoggerListener.log Architecture:          x86
14-May-2018 13:17:20.350 INFO [main] org.apache.catalina.startup.VersionLoggerListener.log Java Home:             C:\Program Files\Java\jdk1.8.0_144\jre
14-May-2018 13:17:20.350 INFO [main] org.apache.catalina.startup.VersionLoggerListener.log JVM Version:           1.8.0_144-b01
14-May-2018 13:17:20.350 INFO [main] org.apache.catalina.startup.VersionLoggerListener.log JVM Vendor:            Oracle Corporation
14-May-2018 13:17:20.350 INFO [main] org.apache.catalina.startup.VersionLoggerListener.log CATALINA_BASE:         C:\Users\Rio.Rai\Desktop\java_end\apache-tomcat-8.5.29
14-May-2018 13:17:20.351 INFO [main] org.apache.catalina.startup.VersionLoggerListener.log CATALINA_HOME:         C:\Users\Rio.Rai\Desktop\java_end\apache-tomcat-8.5.29
14-May-2018 13:17:20.351 INFO [main] org.apache.catalina.startup.VersionLoggerListener.log Command line argument: -Djava.util.logging.config.file=C:\Users\Rio.Rai\Desktop\java_end\apache-tomcat-8.5.29\conf\logging.properties
14-May-2018 13:17:20.351 INFO [main] org.apache.catalina.startup.VersionLoggerListener.log Command line argument: -Djava.util.logging.manager=org.apache.juli.ClassLoaderLogManager
14-May-2018 13:17:20.351 INFO [main] org.apache.catalina.startup.VersionLoggerListener.log Command line argument: -Dhttp.nonProxyHosts=localhost|127.0.0.1|DESKTOP-KKHKH84
14-May-2018 13:17:20.351 INFO [main] org.apache.catalina.startup.VersionLoggerListener.log Command line argument: -Djdk.tls.ephemeralDHKeySize=2048
14-May-2018 13:17:20.351 INFO [main] org.apache.catalina.startup.VersionLoggerListener.log Command line argument: -Djava.protocol.handler.pkgs=org.apache.catalina.webresources
14-May-2018 13:17:20.351 INFO [main] org.apache.catalina.startup.VersionLoggerListener.log Command line argument: -Dignore.endorsed.dirs=
14-May-2018 13:17:20.351 INFO [main] org.apache.catalina.startup.VersionLoggerListener.log Command line argument: -Dcatalina.base=C:\Users\Rio.Rai\Desktop\java_end\apache-tomcat-8.5.29
14-May-2018 13:17:20.352 INFO [main] org.apache.catalina.startup.VersionLoggerListener.log Command line argument: -Dcatalina.home=C:\Users\Rio.Rai\Desktop\java_end\apache-tomcat-8.5.29
14-May-2018 13:17:20.352 INFO [main] org.apache.catalina.startup.VersionLoggerListener.log Command line argument: -Djava.io.tmpdir=C:\Users\Rio.Rai\Desktop\java_end\apache-tomcat-8.5.29\temp
14-May-2018 13:17:20.352 INFO [main] org.apache.catalina.core.AprLifecycleListener.lifecycleEvent Loaded APR based Apache Tomcat Native library [1.2.16] using APR version [1.6.3].
14-May-2018 13:17:20.352 INFO [main] org.apache.catalina.core.AprLifecycleListener.lifecycleEvent APR capabilities: IPv6 [true], sendfile [true], accept filters [false], random [true].
14-May-2018 13:17:20.352 INFO [main] org.apache.catalina.core.AprLifecycleListener.lifecycleEvent APR/OpenSSL configuration: useAprConnector [false], useOpenSSL [true]
14-May-2018 13:17:21.055 INFO [main] org.apache.catalina.core.AprLifecycleListener.initializeSSL OpenSSL successfully initialized [OpenSSL 1.0.2m  2 Nov 2017]
14-May-2018 13:17:22.445 INFO [main] org.apache.coyote.AbstractProtocol.init Initializing ProtocolHandler ["http-nio-1000"]
14-May-2018 13:17:22.943 INFO [main] org.apache.tomcat.util.net.NioSelectorPool.getSharedSelector Using a shared selector for servlet write/read
14-May-2018 13:17:22.962 INFO [main] org.apache.coyote.AbstractProtocol.init Initializing ProtocolHandler ["ajp-nio-8009"]
14-May-2018 13:17:22.965 INFO [main] org.apache.tomcat.util.net.NioSelectorPool.getSharedSelector Using a shared selector for servlet write/read
14-May-2018 13:17:22.965 INFO [main] org.apache.catalina.startup.Catalina.load Initialization processed in 3654 ms
14-May-2018 13:17:23.417 INFO [main] org.apache.catalina.core.StandardService.startInternal Starting service [Catalina]
14-May-2018 13:17:23.417 INFO [main] org.apache.catalina.core.StandardEngine.startInternal Starting Servlet Engine: Apache Tomcat/8.5.29
14-May-2018 13:17:23.426 INFO [localhost-startStop-1] org.apache.catalina.startup.HostConfig.deployDescriptor Deploying configuration descriptor [C:\Users\Rio.Rai\Desktop\java_end\apache-tomcat-8.5.29\conf\Catalina\localhost\WebThiTuLuan.xml]
14-May-2018 13:17:25.843 INFO [localhost-startStop-1] org.apache.jasper.servlet.TldScanner.scanJars At least one JAR was scanned for TLDs yet contained no TLDs. Enable debug logging for this logger for a complete list of JARs that were scanned but no TLDs were found in them. Skipping unneeded JARs during scanning can improve startup time and JSP compilation time.
14-May-2018 13:17:26.105 INFO [localhost-startStop-1] org.apache.catalina.startup.HostConfig.deployDescriptor Deployment of configuration descriptor [C:\Users\Rio.Rai\Desktop\java_end\apache-tomcat-8.5.29\conf\Catalina\localhost\WebThiTuLuan.xml] has finished in [2,678] ms
14-May-2018 13:17:26.106 INFO [localhost-startStop-1] org.apache.catalina.startup.HostConfig.deployDirectory Deploying web application directory [C:\Users\Rio.Rai\Desktop\java_end\apache-tomcat-8.5.29\webapps\docs]
14-May-2018 13:17:26.166 INFO [localhost-startStop-1] org.apache.catalina.startup.HostConfig.deployDirectory Deployment of web application directory [C:\Users\Rio.Rai\Desktop\java_end\apache-tomcat-8.5.29\webapps\docs] has finished in [60] ms
14-May-2018 13:17:26.167 INFO [localhost-startStop-1] org.apache.catalina.startup.HostConfig.deployDirectory Deploying web application directory [C:\Users\Rio.Rai\Desktop\java_end\apache-tomcat-8.5.29\webapps\examples]
14-May-2018 13:17:27.698 INFO [localhost-startStop-1] org.apache.catalina.startup.HostConfig.deployDirectory Deployment of web application directory [C:\Users\Rio.Rai\Desktop\java_end\apache-tomcat-8.5.29\webapps\examples] has finished in [1,531] ms
14-May-2018 13:17:27.699 INFO [localhost-startStop-1] org.apache.catalina.startup.HostConfig.deployDirectory Deploying web application directory [C:\Users\Rio.Rai\Desktop\java_end\apache-tomcat-8.5.29\webapps\host-manager]
14-May-2018 13:17:28.146 INFO [localhost-startStop-1] org.apache.catalina.startup.HostConfig.deployDirectory Deployment of web application directory [C:\Users\Rio.Rai\Desktop\java_end\apache-tomcat-8.5.29\webapps\host-manager] has finished in [447] ms
14-May-2018 13:17:28.146 INFO [localhost-startStop-1] org.apache.catalina.startup.HostConfig.deployDirectory Deploying web application directory [C:\Users\Rio.Rai\Desktop\java_end\apache-tomcat-8.5.29\webapps\manager]
14-May-2018 13:17:28.251 INFO [localhost-startStop-1] org.apache.catalina.startup.HostConfig.deployDirectory Deployment of web application directory [C:\Users\Rio.Rai\Desktop\java_end\apache-tomcat-8.5.29\webapps\manager] has finished in [105] ms
14-May-2018 13:17:28.251 INFO [localhost-startStop-1] org.apache.catalina.startup.HostConfig.deployDirectory Deploying web application directory [C:\Users\Rio.Rai\Desktop\java_end\apache-tomcat-8.5.29\webapps\ROOT]
14-May-2018 13:17:28.300 INFO [localhost-startStop-1] org.apache.catalina.startup.HostConfig.deployDirectory Deployment of web application directory [C:\Users\Rio.Rai\Desktop\java_end\apache-tomcat-8.5.29\webapps\ROOT] has finished in [49] ms
14-May-2018 13:17:28.304 INFO [main] org.apache.coyote.AbstractProtocol.start Starting ProtocolHandler ["http-nio-1000"]
14-May-2018 13:17:28.355 INFO [main] org.apache.coyote.AbstractProtocol.start Starting ProtocolHandler ["ajp-nio-8009"]
14-May-2018 13:17:28.360 INFO [main] org.apache.catalina.startup.Catalina.start Server startup in 5394 ms
14-May-2018 13:27:11.351 INFO [http-nio-1000-exec-5] org.apache.catalina.core.StandardContext.reload Reloading Context with name [/WebThiTuLuan] has started
14-May-2018 13:27:11.373 WARNING [http-nio-1000-exec-5] org.apache.catalina.loader.WebappClassLoaderBase.clearReferencesJdbc The web application [WebThiTuLuan] registered the JDBC driver [com.mysql.jdbc.Driver] but failed to unregister it when the web application was stopped. To prevent a memory leak, the JDBC Driver has been forcibly unregistered.
14-May-2018 13:27:11.889 INFO [http-nio-1000-exec-5] org.apache.catalina.core.StandardContext.reload Reloading Context with name [/WebThiTuLuan] is completed
14-May-2018 13:27:12.307 INFO [http-nio-1000-exec-10] org.apache.catalina.core.StandardContext.reload Reloading Context with name [/WebThiTuLuan] has started
14-May-2018 13:27:12.519 INFO [http-nio-1000-exec-10] org.apache.catalina.core.StandardContext.reload Reloading Context with name [/WebThiTuLuan] is completed
14-May-2018 13:33:46.951 INFO [http-nio-1000-exec-15] org.apache.catalina.core.StandardContext.reload Reloading Context with name [/WebThiTuLuan] has started
14-May-2018 13:33:47.105 INFO [http-nio-1000-exec-15] org.apache.catalina.core.StandardContext.reload Reloading Context with name [/WebThiTuLuan] is completed
14-May-2018 13:33:51.452 INFO [http-nio-1000-exec-12] org.apache.catalina.core.StandardContext.reload Reloading Context with name [/WebThiTuLuan] has started
14-May-2018 13:33:51.597 INFO [http-nio-1000-exec-12] org.apache.catalina.core.StandardContext.reload Reloading Context with name [/WebThiTuLuan] is completed
14-May-2018 13:37:22.416 INFO [http-nio-1000-exec-20] org.apache.catalina.core.StandardContext.reload Reloading Context with name [/WebThiTuLuan] has started
14-May-2018 13:37:22.594 INFO [http-nio-1000-exec-20] org.apache.catalina.core.StandardContext.reload Reloading Context with name [/WebThiTuLuan] is completed
14-May-2018 13:37:53.940 INFO [http-nio-1000-exec-23] org.apache.catalina.core.StandardContext.reload Reloading Context with name [/WebThiTuLuan] has started
14-May-2018 13:37:54.108 INFO [http-nio-1000-exec-23] org.apache.catalina.core.StandardContext.reload Reloading Context with name [/WebThiTuLuan] is completed
14-May-2018 13:38:42.452 INFO [http-nio-1000-exec-25] org.apache.catalina.core.StandardContext.reload Reloading Context with name [/WebThiTuLuan] has started
14-May-2018 13:38:42.658 INFO [http-nio-1000-exec-25] org.apache.catalina.core.StandardContext.reload Reloading Context with name [/WebThiTuLuan] is completed
14-May-2018 13:40:31.172 INFO [http-nio-1000-exec-20] org.apache.catalina.core.StandardContext.reload Reloading Context with name [/WebThiTuLuan] has started
14-May-2018 13:40:31.353 INFO [http-nio-1000-exec-20] org.apache.catalina.core.StandardContext.reload Reloading Context with name [/WebThiTuLuan] is completed
14-May-2018 13:52:45.631 INFO [http-nio-1000-exec-29] org.apache.catalina.core.StandardContext.reload Reloading Context with name [/WebThiTuLuan] has started
14-May-2018 13:52:45.759 INFO [http-nio-1000-exec-29] org.apache.catalina.core.StandardContext.reload Reloading Context with name [/WebThiTuLuan] is completed
14-May-2018 13:59:28.654 INFO [http-nio-1000-exec-40] org.apache.catalina.core.StandardContext.reload Reloading Context with name [/WebThiTuLuan] has started
14-May-2018 13:59:28.812 INFO [http-nio-1000-exec-40] org.apache.catalina.core.StandardContext.reload Reloading Context with name [/WebThiTuLuan] is completed
14-May-2018 13:59:28.848 INFO [http-nio-1000-exec-44] org.apache.catalina.core.StandardContext.reload Reloading Context with name [/WebThiTuLuan] has started
14-May-2018 13:59:29.004 INFO [http-nio-1000-exec-44] org.apache.catalina.core.StandardContext.reload Reloading Context with name [/WebThiTuLuan] is completed
14-May-2018 13:59:57.562 INFO [http-nio-1000-exec-39] org.apache.catalina.core.StandardContext.reload Reloading Context with name [/WebThiTuLuan] has started
14-May-2018 13:59:57.667 INFO [http-nio-1000-exec-39] org.apache.catalina.core.StandardContext.reload Reloading Context with name [/WebThiTuLuan] is completed
14-May-2018 14:00:47.364 INFO [http-nio-1000-exec-46] org.apache.catalina.core.StandardContext.reload Reloading Context with name [/WebThiTuLuan] has started
14-May-2018 14:00:47.539 INFO [http-nio-1000-exec-46] org.apache.catalina.core.StandardContext.reload Reloading Context with name [/WebThiTuLuan] is completed
14-May-2018 14:01:05.988 INFO [http-nio-1000-exec-40] org.apache.catalina.core.StandardContext.reload Reloading Context with name [/WebThiTuLuan] has started
14-May-2018 14:01:06.125 INFO [http-nio-1000-exec-40] org.apache.catalina.core.StandardContext.reload Reloading Context with name [/WebThiTuLuan] is completed
14-May-2018 14:04:31.209 INFO [http-nio-1000-exec-51] org.apache.catalina.core.StandardContext.reload Reloading Context with name [/WebThiTuLuan] has started
14-May-2018 14:04:31.352 INFO [http-nio-1000-exec-51] org.apache.catalina.core.StandardContext.reload Reloading Context with name [/WebThiTuLuan] is completed
14-May-2018 14:14:42.973 INFO [http-nio-1000-exec-56] org.apache.catalina.core.StandardContext.reload Reloading Context with name [/WebThiTuLuan] has started
14-May-2018 14:14:43.187 INFO [http-nio-1000-exec-56] org.apache.catalina.core.StandardContext.reload Reloading Context with name [/WebThiTuLuan] is completed
14-May-2018 14:17:23.841 INFO [http-nio-1000-exec-58] org.apache.catalina.core.StandardContext.reload Reloading Context with name [/WebThiTuLuan] has started
14-May-2018 14:17:24.049 INFO [http-nio-1000-exec-58] org.apache.catalina.core.StandardContext.reload Reloading Context with name [/WebThiTuLuan] is completed
14-May-2018 14:29:10.713 INFO [http-nio-1000-exec-70] org.apache.catalina.core.StandardContext.reload Reloading Context with name [/WebThiTuLuan] has started
14-May-2018 14:29:11.057 INFO [http-nio-1000-exec-70] org.apache.catalina.core.StandardContext.reload Reloading Context with name [/WebThiTuLuan] is completed
14-May-2018 14:47:12.504 INFO [http-nio-1000-exec-87] org.apache.catalina.core.StandardContext.reload Reloading Context with name [/WebThiTuLuan] has started
14-May-2018 14:47:12.519 WARNING [http-nio-1000-exec-87] org.apache.catalina.loader.WebappClassLoaderBase.clearReferencesJdbc The web application [WebThiTuLuan] registered the JDBC driver [com.mysql.jdbc.Driver] but failed to unregister it when the web application was stopped. To prevent a memory leak, the JDBC Driver has been forcibly unregistered.
14-May-2018 14:47:12.700 INFO [http-nio-1000-exec-87] org.apache.catalina.core.StandardContext.reload Reloading Context with name [/WebThiTuLuan] is completed
14-May-2018 14:47:33.829 INFO [http-nio-1000-exec-89] org.apache.catalina.core.StandardContext.reload Reloading Context with name [/WebThiTuLuan] has started
14-May-2018 14:47:34.008 INFO [http-nio-1000-exec-89] org.apache.catalina.core.StandardContext.reload Reloading Context with name [/WebThiTuLuan] is completed
14-May-2018 15:06:01.446 INFO [http-nio-1000-exec-92] org.apache.catalina.core.StandardContext.reload Reloading Context with name [/WebThiTuLuan] has started
14-May-2018 15:06:01.459 WARNING [http-nio-1000-exec-92] org.apache.catalina.loader.WebappClassLoaderBase.clearReferencesJdbc The web application [WebThiTuLuan] registered the JDBC driver [com.mysql.jdbc.Driver] but failed to unregister it when the web application was stopped. To prevent a memory leak, the JDBC Driver has been forcibly unregistered.
14-May-2018 15:06:01.712 INFO [http-nio-1000-exec-92] org.apache.catalina.core.StandardContext.reload Reloading Context with name [/WebThiTuLuan] is completed
14-May-2018 15:06:45.658 INFO [http-nio-1000-exec-94] org.apache.catalina.core.StandardContext.reload Reloading Context with name [/WebThiTuLuan] has started
14-May-2018 15:06:45.840 INFO [http-nio-1000-exec-94] org.apache.catalina.core.StandardContext.reload Reloading Context with name [/WebThiTuLuan] is completed
14-May-2018 15:06:47.410 INFO [http-nio-1000-exec-97] org.apache.catalina.core.StandardContext.reload Reloading Context with name [/WebThiTuLuan] has started
14-May-2018 15:06:47.574 INFO [http-nio-1000-exec-97] org.apache.catalina.core.StandardContext.reload Reloading Context with name [/WebThiTuLuan] is completed
14-May-2018 15:19:37.191 INFO [http-nio-1000-exec-114] org.apache.catalina.core.StandardContext.reload Reloading Context with name [/WebThiTuLuan] has started
14-May-2018 15:19:37.211 WARNING [http-nio-1000-exec-114] org.apache.catalina.loader.WebappClassLoaderBase.clearReferencesJdbc The web application [WebThiTuLuan] registered the JDBC driver [com.mysql.jdbc.Driver] but failed to unregister it when the web application was stopped. To prevent a memory leak, the JDBC Driver has been forcibly unregistered.
14-May-2018 15:19:37.527 INFO [http-nio-1000-exec-114] org.apache.catalina.core.StandardContext.reload Reloading Context with name [/WebThiTuLuan] is completed
14-May-2018 15:19:37.587 INFO [http-nio-1000-exec-105] org.apache.catalina.core.StandardContext.reload Reloading Context with name [/WebThiTuLuan] has started
14-May-2018 15:19:37.814 INFO [http-nio-1000-exec-105] org.apache.catalina.core.StandardContext.reload Reloading Context with name [/WebThiTuLuan] is completed
14-May-2018 15:23:37.332 INFO [http-nio-1000-exec-117] org.apache.catalina.core.StandardContext.reload Reloading Context with name [/WebThiTuLuan] has started
14-May-2018 15:23:37.551 INFO [http-nio-1000-exec-117] org.apache.catalina.core.StandardContext.reload Reloading Context with name [/WebThiTuLuan] is completed
14-May-2018 15:23:52.143 INFO [http-nio-1000-exec-119] org.apache.catalina.core.StandardContext.reload Reloading Context with name [/WebThiTuLuan] has started
14-May-2018 15:23:52.364 INFO [http-nio-1000-exec-119] org.apache.catalina.core.StandardContext.reload Reloading Context with name [/WebThiTuLuan] is completed
14-May-2018 16:58:15.958 INFO [main] org.apache.catalina.core.StandardServer.await A valid shutdown command was received via the shutdown port. Stopping the Server instance.
14-May-2018 16:58:15.959 INFO [main] org.apache.coyote.AbstractProtocol.pause Pausing ProtocolHandler ["http-nio-1000"]
14-May-2018 16:58:16.243 INFO [main] org.apache.coyote.AbstractProtocol.pause Pausing ProtocolHandler ["ajp-nio-8009"]
14-May-2018 16:58:16.385 INFO [main] org.apache.catalina.core.StandardService.stopInternal Stopping service [Catalina]
14-May-2018 16:58:16.556 WARNING [localhost-startStop-2] org.apache.catalina.loader.WebappClassLoaderBase.clearReferencesJdbc The web application [WebThiTuLuan] registered the JDBC driver [com.mysql.jdbc.Driver] but failed to unregister it when the web application was stopped. To prevent a memory leak, the JDBC Driver has been forcibly unregistered.
14-May-2018 16:58:16.563 INFO [main] org.apache.coyote.AbstractProtocol.stop Stopping ProtocolHandler ["http-nio-1000"]
14-May-2018 16:58:16.564 INFO [main] org.apache.coyote.AbstractProtocol.stop Stopping ProtocolHandler ["ajp-nio-8009"]
14-May-2018 16:58:16.566 INFO [main] org.apache.coyote.AbstractProtocol.destroy Destroying ProtocolHandler ["http-nio-1000"]
14-May-2018 16:58:16.567 INFO [main] org.apache.coyote.AbstractProtocol.destroy Destroying ProtocolHandler ["ajp-nio-8009"]
14-May-2018 16:58:22.518 INFO [main] org.apache.catalina.startup.VersionLoggerListener.log Server version:        Apache Tomcat/8.5.29
14-May-2018 16:58:22.540 INFO [main] org.apache.catalina.startup.VersionLoggerListener.log Server built:          Mar 5 2018 13:11:12 UTC
14-May-2018 16:58:22.540 INFO [main] org.apache.catalina.startup.VersionLoggerListener.log Server number:         8.5.29.0
14-May-2018 16:58:22.540 INFO [main] org.apache.catalina.startup.VersionLoggerListener.log OS Name:               Windows 10
14-May-2018 16:58:22.540 INFO [main] org.apache.catalina.startup.VersionLoggerListener.log OS Version:            10.0
14-May-2018 16:58:22.540 INFO [main] org.apache.catalina.startup.VersionLoggerListener.log Architecture:          x86
14-May-2018 16:58:22.540 INFO [main] org.apache.catalina.startup.VersionLoggerListener.log Java Home:             C:\Program Files\Java\jdk1.8.0_144\jre
14-May-2018 16:58:22.540 INFO [main] org.apache.catalina.startup.VersionLoggerListener.log JVM Version:           1.8.0_144-b01
14-May-2018 16:58:22.540 INFO [main] org.apache.catalina.startup.VersionLoggerListener.log JVM Vendor:            Oracle Corporation
14-May-2018 16:58:22.540 INFO [main] org.apache.catalina.startup.VersionLoggerListener.log CATALINA_BASE:         C:\Users\Rio.Rai\Desktop\java_end\apache-tomcat-8.5.29
14-May-2018 16:58:22.540 INFO [main] org.apache.catalina.startup.VersionLoggerListener.log CATALINA_HOME:         C:\Users\Rio.Rai\Desktop\java_end\apache-tomcat-8.5.29
14-May-2018 16:58:22.541 INFO [main] org.apache.catalina.startup.VersionLoggerListener.log Command line argument: -Djava.util.logging.config.file=C:\Users\Rio.Rai\Desktop\java_end\apache-tomcat-8.5.29\conf\logging.properties
14-May-2018 16:58:22.541 INFO [main] org.apache.catalina.startup.VersionLoggerListener.log Command line argument: -Djava.util.logging.manager=org.apache.juli.ClassLoaderLogManager
14-May-2018 16:58:22.541 INFO [main] org.apache.catalina.startup.VersionLoggerListener.log Command line argument: -Dhttp.nonProxyHosts=localhost|127.0.0.1|DESKTOP-KKHKH84
14-May-2018 16:58:22.541 INFO [main] org.apache.catalina.startup.VersionLoggerListener.log Command line argument: -Djdk.tls.ephemeralDHKeySize=2048
14-May-2018 16:58:22.541 INFO [main] org.apache.catalina.startup.VersionLoggerListener.log Command line argument: -Djava.protocol.handler.pkgs=org.apache.catalina.webresources
14-May-2018 16:58:22.541 INFO [main] org.apache.catalina.startup.VersionLoggerListener.log Command line argument: -agentlib:jdwp=transport=dt_shmem,address=tomcat_shared_memory_id,server=y,suspend=n
14-May-2018 16:58:22.541 INFO [main] org.apache.catalina.startup.VersionLoggerListener.log Command line argument: -Dignore.endorsed.dirs=
14-May-2018 16:58:22.541 INFO [main] org.apache.catalina.startup.VersionLoggerListener.log Command line argument: -Dcatalina.base=C:\Users\Rio.Rai\Desktop\java_end\apache-tomcat-8.5.29
14-May-2018 16:58:22.541 INFO [main] org.apache.catalina.startup.VersionLoggerListener.log Command line argument: -Dcatalina.home=C:\Users\Rio.Rai\Desktop\java_end\apache-tomcat-8.5.29
14-May-2018 16:58:22.541 INFO [main] org.apache.catalina.startup.VersionLoggerListener.log Command line argument: -Djava.io.tmpdir=C:\Users\Rio.Rai\Desktop\java_end\apache-tomcat-8.5.29\temp
14-May-2018 16:58:22.541 INFO [main] org.apache.catalina.core.AprLifecycleListener.lifecycleEvent Loaded APR based Apache Tomcat Native library [1.2.16] using APR version [1.6.3].
14-May-2018 16:58:22.541 INFO [main] org.apache.catalina.core.AprLifecycleListener.lifecycleEvent APR capabilities: IPv6 [true], sendfile [true], accept filters [false], random [true].
14-May-2018 16:58:22.541 INFO [main] org.apache.catalina.core.AprLifecycleListener.lifecycleEvent APR/OpenSSL configuration: useAprConnector [false], useOpenSSL [true]
14-May-2018 16:58:23.298 INFO [main] org.apache.catalina.core.AprLifecycleListener.initializeSSL OpenSSL successfully initialized [OpenSSL 1.0.2m  2 Nov 2017]
14-May-2018 16:58:23.965 INFO [main] org.apache.coyote.AbstractProtocol.init Initializing ProtocolHandler ["http-nio-1000"]
14-May-2018 16:58:24.485 INFO [main] org.apache.tomcat.util.net.NioSelectorPool.getSharedSelector Using a shared selector for servlet write/read
14-May-2018 16:58:24.518 INFO [main] org.apache.coyote.AbstractProtocol.init Initializing ProtocolHandler ["ajp-nio-8009"]
14-May-2018 16:58:24.520 INFO [main] org.apache.tomcat.util.net.NioSelectorPool.getSharedSelector Using a shared selector for servlet write/read
14-May-2018 16:58:24.521 INFO [main] org.apache.catalina.startup.Catalina.load Initialization processed in 3608 ms
14-May-2018 16:58:24.615 INFO [main] org.apache.catalina.core.StandardService.startInternal Starting service [Catalina]
14-May-2018 16:58:24.615 INFO [main] org.apache.catalina.core.StandardEngine.startInternal Starting Servlet Engine: Apache Tomcat/8.5.29
14-May-2018 16:58:24.644 INFO [localhost-startStop-1] org.apache.catalina.startup.HostConfig.deployDescriptor Deploying configuration descriptor [C:\Users\Rio.Rai\Desktop\java_end\apache-tomcat-8.5.29\conf\Catalina\localhost\WebThiTuLuan.xml]
14-May-2018 16:58:25.811 INFO [localhost-startStop-1] org.apache.jasper.servlet.TldScanner.scanJars At least one JAR was scanned for TLDs yet contained no TLDs. Enable debug logging for this logger for a complete list of JARs that were scanned but no TLDs were found in them. Skipping unneeded JARs during scanning can improve startup time and JSP compilation time.
14-May-2018 16:58:26.129 INFO [localhost-startStop-1] org.apache.catalina.startup.HostConfig.deployDescriptor Deployment of configuration descriptor [C:\Users\Rio.Rai\Desktop\java_end\apache-tomcat-8.5.29\conf\Catalina\localhost\WebThiTuLuan.xml] has finished in [1,469] ms
14-May-2018 16:58:26.130 INFO [localhost-startStop-1] org.apache.catalina.startup.HostConfig.deployDirectory Deploying web application directory [C:\Users\Rio.Rai\Desktop\java_end\apache-tomcat-8.5.29\webapps\docs]
14-May-2018 16:58:26.164 INFO [localhost-startStop-1] org.apache.catalina.startup.HostConfig.deployDirectory Deployment of web application directory [C:\Users\Rio.Rai\Desktop\java_end\apache-tomcat-8.5.29\webapps\docs] has finished in [34] ms
14-May-2018 16:58:26.164 INFO [localhost-startStop-1] org.apache.catalina.startup.HostConfig.deployDirectory Deploying web application directory [C:\Users\Rio.Rai\Desktop\java_end\apache-tomcat-8.5.29\webapps\examples]
14-May-2018 16:58:27.376 INFO [localhost-startStop-1] org.apache.catalina.startup.HostConfig.deployDirectory Deployment of web application directory [C:\Users\Rio.Rai\Desktop\java_end\apache-tomcat-8.5.29\webapps\examples] has finished in [1,212] ms
14-May-2018 16:58:27.376 INFO [localhost-startStop-1] org.apache.catalina.startup.HostConfig.deployDirectory Deploying web application directory [C:\Users\Rio.Rai\Desktop\java_end\apache-tomcat-8.5.29\webapps\host-manager]
14-May-2018 16:58:27.447 INFO [localhost-startStop-1] org.apache.catalina.startup.HostConfig.deployDirectory Deployment of web application directory [C:\Users\Rio.Rai\Desktop\java_end\apache-tomcat-8.5.29\webapps\host-manager] has finished in [71] ms
14-May-2018 16:58:27.447 INFO [localhost-startStop-1] org.apache.catalina.startup.HostConfig.deployDirectory Deploying web application directory [C:\Users\Rio.Rai\Desktop\java_end\apache-tomcat-8.5.29\webapps\manager]
14-May-2018 16:58:27.563 INFO [localhost-startStop-1] org.apache.catalina.startup.HostConfig.deployDirectory Deployment of web application directory [C:\Users\Rio.Rai\Desktop\java_end\apache-tomcat-8.5.29\webapps\manager] has finished in [116] ms
14-May-2018 16:58:27.563 INFO [localhost-startStop-1] org.apache.catalina.startup.HostConfig.deployDirectory Deploying web application directory [C:\Users\Rio.Rai\Desktop\java_end\apache-tomcat-8.5.29\webapps\ROOT]
14-May-2018 16:58:27.589 INFO [localhost-startStop-1] org.apache.catalina.startup.HostConfig.deployDirectory Deployment of web application directory [C:\Users\Rio.Rai\Desktop\java_end\apache-tomcat-8.5.29\webapps\ROOT] has finished in [26] ms
14-May-2018 16:58:27.594 INFO [main] org.apache.coyote.AbstractProtocol.start Starting ProtocolHandler ["http-nio-1000"]
14-May-2018 16:58:27.608 INFO [main] org.apache.coyote.AbstractProtocol.start Starting ProtocolHandler ["ajp-nio-8009"]
14-May-2018 16:58:27.612 INFO [main] org.apache.catalina.startup.Catalina.start Server startup in 3090 ms
14-May-2018 16:58:32.618 INFO [http-nio-1000-exec-10] org.apache.catalina.startup.HostConfig.undeploy Undeploying context [/WebThiTuLuan]
14-May-2018 16:58:32.775 INFO [http-nio-1000-exec-4] org.apache.catalina.startup.HostConfig.deployDescriptor Deploying configuration descriptor [C:\Users\Rio.Rai\Desktop\java_end\apache-tomcat-8.5.29\conf\Catalina\localhost\WebThiTuLuan.xml]
14-May-2018 16:58:32.971 INFO [http-nio-1000-exec-4] org.apache.catalina.startup.HostConfig.deployDescriptor Deployment of configuration descriptor [C:\Users\Rio.Rai\Desktop\java_end\apache-tomcat-8.5.29\conf\Catalina\localhost\WebThiTuLuan.xml] has finished in [196] ms
14-May-2018 16:58:32.977 INFO [http-nio-1000-exec-1] org.apache.catalina.util.LifecycleBase.start The start() method was called on component [StandardEngine[Catalina].StandardHost[localhost].StandardContext[/WebThiTuLuan]] after start() had already been called. The second call will be ignored.
14-May-2018 17:02:41.130 WARNING [http-nio-1000-exec-20] org.apache.catalina.loader.WebappClassLoaderBase.clearReferencesJdbc The web application [WebThiTuLuan] registered the JDBC driver [com.mysql.jdbc.Driver] but failed to unregister it when the web application was stopped. To prevent a memory leak, the JDBC Driver has been forcibly unregistered.
14-May-2018 17:02:41.634 INFO [http-nio-1000-exec-20] org.apache.catalina.startup.HostConfig.undeploy Undeploying context [/WebThiTuLuan]
14-May-2018 17:02:41.663 INFO [http-nio-1000-exec-11] org.apache.catalina.startup.HostConfig.deployDescriptor Deploying configuration descriptor [C:\Users\Rio.Rai\Desktop\java_end\apache-tomcat-8.5.29\conf\Catalina\localhost\WebThiTuLuan.xml]
14-May-2018 17:02:41.945 INFO [http-nio-1000-exec-11] org.apache.catalina.startup.HostConfig.deployDescriptor Deployment of configuration descriptor [C:\Users\Rio.Rai\Desktop\java_end\apache-tomcat-8.5.29\conf\Catalina\localhost\WebThiTuLuan.xml] has finished in [282] ms
14-May-2018 17:02:41.990 INFO [http-nio-1000-exec-16] org.apache.catalina.util.LifecycleBase.start The start() method was called on component [StandardEngine[Catalina].StandardHost[localhost].StandardContext[/WebThiTuLuan]] after start() had already been called. The second call will be ignored.
14-May-2018 17:40:02.725 INFO [main] org.apache.catalina.core.StandardServer.await A valid shutdown command was received via the shutdown port. Stopping the Server instance.
14-May-2018 17:40:02.726 INFO [main] org.apache.coyote.AbstractProtocol.pause Pausing ProtocolHandler ["http-nio-1000"]
14-May-2018 17:40:02.898 INFO [main] org.apache.coyote.AbstractProtocol.pause Pausing ProtocolHandler ["ajp-nio-8009"]
14-May-2018 17:40:03.045 INFO [main] org.apache.catalina.core.StandardService.stopInternal Stopping service [Catalina]
14-May-2018 17:40:03.120 WARNING [localhost-startStop-2] org.apache.catalina.loader.WebappClassLoaderBase.clearReferencesJdbc The web application [WebThiTuLuan] registered the JDBC driver [com.mysql.jdbc.Driver] but failed to unregister it when the web application was stopped. To prevent a memory leak, the JDBC Driver has been forcibly unregistered.
14-May-2018 17:40:03.128 INFO [main] org.apache.coyote.AbstractProtocol.stop Stopping ProtocolHandler ["http-nio-1000"]
14-May-2018 17:40:03.130 INFO [main] org.apache.coyote.AbstractProtocol.stop Stopping ProtocolHandler ["ajp-nio-8009"]
14-May-2018 17:40:03.131 INFO [main] org.apache.coyote.AbstractProtocol.destroy Destroying ProtocolHandler ["http-nio-1000"]
14-May-2018 17:40:03.132 INFO [main] org.apache.coyote.AbstractProtocol.destroy Destroying ProtocolHandler ["ajp-nio-8009"]
