15-May-2018 20:12:22.981 INFO [main] org.apache.catalina.startup.VersionLoggerListener.log Server version:        Apache Tomcat/8.5.29
15-May-2018 20:12:22.983 INFO [main] org.apache.catalina.startup.VersionLoggerListener.log Server built:          Mar 5 2018 13:11:12 UTC
15-May-2018 20:12:22.983 INFO [main] org.apache.catalina.startup.VersionLoggerListener.log Server number:         8.5.29.0
15-May-2018 20:12:22.984 INFO [main] org.apache.catalina.startup.VersionLoggerListener.log OS Name:               Windows 10
15-May-2018 20:12:22.984 INFO [main] org.apache.catalina.startup.VersionLoggerListener.log OS Version:            10.0
15-May-2018 20:12:22.984 INFO [main] org.apache.catalina.startup.VersionLoggerListener.log Architecture:          x86
15-May-2018 20:12:22.984 INFO [main] org.apache.catalina.startup.VersionLoggerListener.log Java Home:             C:\Program Files\Java\jdk1.8.0_144\jre
15-May-2018 20:12:22.984 INFO [main] org.apache.catalina.startup.VersionLoggerListener.log JVM Version:           1.8.0_144-b01
15-May-2018 20:12:22.984 INFO [main] org.apache.catalina.startup.VersionLoggerListener.log JVM Vendor:            Oracle Corporation
15-May-2018 20:12:22.984 INFO [main] org.apache.catalina.startup.VersionLoggerListener.log CATALINA_BASE:         C:\Users\Rio.Rai\Desktop\java_end\apache-tomcat-8.5.29
15-May-2018 20:12:22.984 INFO [main] org.apache.catalina.startup.VersionLoggerListener.log CATALINA_HOME:         C:\Users\Rio.Rai\Desktop\java_end\apache-tomcat-8.5.29
15-May-2018 20:12:22.984 INFO [main] org.apache.catalina.startup.VersionLoggerListener.log Command line argument: -Djava.util.logging.config.file=C:\Users\Rio.Rai\Desktop\java_end\apache-tomcat-8.5.29\conf\logging.properties
15-May-2018 20:12:22.985 INFO [main] org.apache.catalina.startup.VersionLoggerListener.log Command line argument: -Djava.util.logging.manager=org.apache.juli.ClassLoaderLogManager
15-May-2018 20:12:22.985 INFO [main] org.apache.catalina.startup.VersionLoggerListener.log Command line argument: -Dhttp.nonProxyHosts=localhost|127.0.0.1|DESKTOP-KKHKH84
15-May-2018 20:12:22.985 INFO [main] org.apache.catalina.startup.VersionLoggerListener.log Command line argument: -Djdk.tls.ephemeralDHKeySize=2048
15-May-2018 20:12:22.985 INFO [main] org.apache.catalina.startup.VersionLoggerListener.log Command line argument: -Djava.protocol.handler.pkgs=org.apache.catalina.webresources
15-May-2018 20:12:22.985 INFO [main] org.apache.catalina.startup.VersionLoggerListener.log Command line argument: -Dignore.endorsed.dirs=
15-May-2018 20:12:22.985 INFO [main] org.apache.catalina.startup.VersionLoggerListener.log Command line argument: -Dcatalina.base=C:\Users\Rio.Rai\Desktop\java_end\apache-tomcat-8.5.29
15-May-2018 20:12:22.985 INFO [main] org.apache.catalina.startup.VersionLoggerListener.log Command line argument: -Dcatalina.home=C:\Users\Rio.Rai\Desktop\java_end\apache-tomcat-8.5.29
15-May-2018 20:12:22.985 INFO [main] org.apache.catalina.startup.VersionLoggerListener.log Command line argument: -Djava.io.tmpdir=C:\Users\Rio.Rai\Desktop\java_end\apache-tomcat-8.5.29\temp
15-May-2018 20:12:22.986 INFO [main] org.apache.catalina.core.AprLifecycleListener.lifecycleEvent Loaded APR based Apache Tomcat Native library [1.2.16] using APR version [1.6.3].
15-May-2018 20:12:22.986 INFO [main] org.apache.catalina.core.AprLifecycleListener.lifecycleEvent APR capabilities: IPv6 [true], sendfile [true], accept filters [false], random [true].
15-May-2018 20:12:22.986 INFO [main] org.apache.catalina.core.AprLifecycleListener.lifecycleEvent APR/OpenSSL configuration: useAprConnector [false], useOpenSSL [true]
15-May-2018 20:12:23.914 INFO [main] org.apache.catalina.core.AprLifecycleListener.initializeSSL OpenSSL successfully initialized [OpenSSL 1.0.2m  2 Nov 2017]
15-May-2018 20:12:24.622 INFO [main] org.apache.coyote.AbstractProtocol.init Initializing ProtocolHandler ["http-nio-1000"]
15-May-2018 20:12:25.161 INFO [main] org.apache.tomcat.util.net.NioSelectorPool.getSharedSelector Using a shared selector for servlet write/read
15-May-2018 20:12:25.181 INFO [main] org.apache.coyote.AbstractProtocol.init Initializing ProtocolHandler ["ajp-nio-8009"]
15-May-2018 20:12:25.183 INFO [main] org.apache.tomcat.util.net.NioSelectorPool.getSharedSelector Using a shared selector for servlet write/read
15-May-2018 20:12:25.184 INFO [main] org.apache.catalina.startup.Catalina.load Initialization processed in 3918 ms
15-May-2018 20:12:25.346 INFO [main] org.apache.catalina.core.StandardService.startInternal Starting service [Catalina]
15-May-2018 20:12:25.346 INFO [main] org.apache.catalina.core.StandardEngine.startInternal Starting Servlet Engine: Apache Tomcat/8.5.29
15-May-2018 20:12:25.390 INFO [localhost-startStop-1] org.apache.catalina.startup.HostConfig.deployDescriptor Deploying configuration descriptor [C:\Users\Rio.Rai\Desktop\java_end\apache-tomcat-8.5.29\conf\Catalina\localhost\WebThiTuLuan.xml]
15-May-2018 20:12:27.541 INFO [localhost-startStop-1] org.apache.jasper.servlet.TldScanner.scanJars At least one JAR was scanned for TLDs yet contained no TLDs. Enable debug logging for this logger for a complete list of JARs that were scanned but no TLDs were found in them. Skipping unneeded JARs during scanning can improve startup time and JSP compilation time.
15-May-2018 20:12:27.806 INFO [localhost-startStop-1] org.apache.catalina.startup.HostConfig.deployDescriptor Deployment of configuration descriptor [C:\Users\Rio.Rai\Desktop\java_end\apache-tomcat-8.5.29\conf\Catalina\localhost\WebThiTuLuan.xml] has finished in [2,415] ms
15-May-2018 20:12:27.806 INFO [localhost-startStop-1] org.apache.catalina.startup.HostConfig.deployDirectory Deploying web application directory [C:\Users\Rio.Rai\Desktop\java_end\apache-tomcat-8.5.29\webapps\docs]
15-May-2018 20:12:27.932 INFO [localhost-startStop-1] org.apache.catalina.startup.HostConfig.deployDirectory Deployment of web application directory [C:\Users\Rio.Rai\Desktop\java_end\apache-tomcat-8.5.29\webapps\docs] has finished in [126] ms
15-May-2018 20:12:27.932 INFO [localhost-startStop-1] org.apache.catalina.startup.HostConfig.deployDirectory Deploying web application directory [C:\Users\Rio.Rai\Desktop\java_end\apache-tomcat-8.5.29\webapps\examples]
15-May-2018 20:12:29.880 INFO [localhost-startStop-1] org.apache.catalina.startup.HostConfig.deployDirectory Deployment of web application directory [C:\Users\Rio.Rai\Desktop\java_end\apache-tomcat-8.5.29\webapps\examples] has finished in [1,948] ms
15-May-2018 20:12:29.880 INFO [localhost-startStop-1] org.apache.catalina.startup.HostConfig.deployDirectory Deploying web application directory [C:\Users\Rio.Rai\Desktop\java_end\apache-tomcat-8.5.29\webapps\host-manager]
15-May-2018 20:12:30.124 INFO [localhost-startStop-1] org.apache.catalina.startup.HostConfig.deployDirectory Deployment of web application directory [C:\Users\Rio.Rai\Desktop\java_end\apache-tomcat-8.5.29\webapps\host-manager] has finished in [244] ms
15-May-2018 20:12:30.124 INFO [localhost-startStop-1] org.apache.catalina.startup.HostConfig.deployDirectory Deploying web application directory [C:\Users\Rio.Rai\Desktop\java_end\apache-tomcat-8.5.29\webapps\manager]
15-May-2018 20:12:30.224 INFO [localhost-startStop-1] org.apache.catalina.startup.HostConfig.deployDirectory Deployment of web application directory [C:\Users\Rio.Rai\Desktop\java_end\apache-tomcat-8.5.29\webapps\manager] has finished in [100] ms
15-May-2018 20:12:30.224 INFO [localhost-startStop-1] org.apache.catalina.startup.HostConfig.deployDirectory Deploying web application directory [C:\Users\Rio.Rai\Desktop\java_end\apache-tomcat-8.5.29\webapps\ROOT]
15-May-2018 20:12:30.279 INFO [localhost-startStop-1] org.apache.catalina.startup.HostConfig.deployDirectory Deployment of web application directory [C:\Users\Rio.Rai\Desktop\java_end\apache-tomcat-8.5.29\webapps\ROOT] has finished in [55] ms
15-May-2018 20:12:30.284 INFO [main] org.apache.coyote.AbstractProtocol.start Starting ProtocolHandler ["http-nio-1000"]
15-May-2018 20:12:30.297 INFO [main] org.apache.coyote.AbstractProtocol.start Starting ProtocolHandler ["ajp-nio-8009"]
15-May-2018 20:12:30.304 INFO [main] org.apache.catalina.startup.Catalina.start Server startup in 5120 ms
15-May-2018 20:52:56.280 INFO [http-nio-1000-exec-4] org.apache.catalina.core.StandardContext.reload Reloading Context with name [/WebThiTuLuan] has started
15-May-2018 20:52:56.396 WARNING [http-nio-1000-exec-4] org.apache.catalina.loader.WebappClassLoaderBase.clearReferencesJdbc The web application [WebThiTuLuan] registered the JDBC driver [com.mysql.jdbc.Driver] but failed to unregister it when the web application was stopped. To prevent a memory leak, the JDBC Driver has been forcibly unregistered.
15-May-2018 20:52:57.856 INFO [http-nio-1000-exec-4] org.apache.catalina.core.StandardContext.reload Reloading Context with name [/WebThiTuLuan] is completed
15-May-2018 20:52:57.916 INFO [http-nio-1000-exec-5] org.apache.catalina.core.StandardContext.reload Reloading Context with name [/WebThiTuLuan] has started
15-May-2018 20:52:58.671 INFO [http-nio-1000-exec-5] org.apache.catalina.core.StandardContext.reload Reloading Context with name [/WebThiTuLuan] is completed
15-May-2018 20:53:08.872 INFO [http-nio-1000-exec-6] org.apache.catalina.core.StandardContext.reload Reloading Context with name [/WebThiTuLuan] has started
15-May-2018 20:53:09.104 INFO [http-nio-1000-exec-6] org.apache.catalina.core.StandardContext.reload Reloading Context with name [/WebThiTuLuan] is completed
15-May-2018 20:53:55.749 INFO [http-nio-1000-exec-11] org.apache.catalina.core.StandardContext.reload Reloading Context with name [/WebThiTuLuan] has started
15-May-2018 20:53:55.939 INFO [http-nio-1000-exec-11] org.apache.catalina.core.StandardContext.reload Reloading Context with name [/WebThiTuLuan] is completed
15-May-2018 21:24:29.042 INFO [main] org.apache.catalina.core.StandardServer.await A valid shutdown command was received via the shutdown port. Stopping the Server instance.
15-May-2018 21:24:29.044 INFO [main] org.apache.coyote.AbstractProtocol.pause Pausing ProtocolHandler ["http-nio-1000"]
15-May-2018 21:24:29.337 INFO [main] org.apache.coyote.AbstractProtocol.pause Pausing ProtocolHandler ["ajp-nio-8009"]
15-May-2018 21:24:29.536 INFO [main] org.apache.catalina.core.StandardService.stopInternal Stopping service [Catalina]
15-May-2018 21:24:29.640 WARNING [localhost-startStop-2] org.apache.catalina.loader.WebappClassLoaderBase.clearReferencesJdbc The web application [WebThiTuLuan] registered the JDBC driver [com.mysql.jdbc.Driver] but failed to unregister it when the web application was stopped. To prevent a memory leak, the JDBC Driver has been forcibly unregistered.
15-May-2018 21:24:29.648 INFO [main] org.apache.coyote.AbstractProtocol.stop Stopping ProtocolHandler ["http-nio-1000"]
15-May-2018 21:24:29.649 INFO [main] org.apache.coyote.AbstractProtocol.stop Stopping ProtocolHandler ["ajp-nio-8009"]
15-May-2018 21:24:29.651 INFO [main] org.apache.coyote.AbstractProtocol.destroy Destroying ProtocolHandler ["http-nio-1000"]
15-May-2018 21:24:29.652 INFO [main] org.apache.coyote.AbstractProtocol.destroy Destroying ProtocolHandler ["ajp-nio-8009"]
