12-May-2018 06:55:53.683 INFO [http-nio-1000-exec-5] org.apache.catalina.core.ApplicationContext.log Manager: init: Associated with Deployer 'Catalina:type=Deployer,host=localhost'
12-May-2018 06:55:53.683 INFO [http-nio-1000-exec-5] org.apache.catalina.core.ApplicationContext.log Manager: init: Global resources are available
12-May-2018 06:55:55.071 INFO [http-nio-1000-exec-6] org.apache.catalina.core.ApplicationContext.log Manager: list: Listing contexts for virtual host 'localhost'
12-May-2018 06:55:55.076 INFO [http-nio-1000-exec-8] org.apache.catalina.core.ApplicationContext.log Manager: list: Listing contexts for virtual host 'localhost'
12-May-2018 06:58:35.454 INFO [http-nio-1000-exec-2] org.apache.catalina.core.ApplicationContext.log Manager: init: Associated with Deployer 'Catalina:type=Deployer,host=localhost'
12-May-2018 06:58:35.454 INFO [http-nio-1000-exec-2] org.apache.catalina.core.ApplicationContext.log Manager: init: Global resources are available
12-May-2018 06:58:39.092 INFO [http-nio-1000-exec-10] org.apache.catalina.core.ApplicationContext.log Manager: list: Listing contexts for virtual host 'localhost'
12-May-2018 06:58:39.101 INFO [http-nio-1000-exec-9] org.apache.catalina.core.ApplicationContext.log Manager: list: Listing contexts for virtual host 'localhost'
12-May-2018 06:58:39.158 INFO [http-nio-1000-exec-1] org.apache.catalina.core.ApplicationContext.log Manager: undeploy: Undeploying web application at '/WebThiTuLuan'
12-May-2018 06:58:40.126 INFO [http-nio-1000-exec-3] org.apache.catalina.core.ApplicationContext.log Manager: install: Installing context configuration at 'file:/C:/Users/Rio.Rai/AppData/Local/Temp/context3966666936757556377.xml'
12-May-2018 06:58:40.633 INFO [http-nio-1000-exec-4] org.apache.catalina.core.ApplicationContext.log Manager: start: Starting web application '/WebThiTuLuan'
12-May-2018 07:05:22.314 INFO [http-nio-1000-exec-13] org.apache.catalina.core.ApplicationContext.log Manager: list: Listing contexts for virtual host 'localhost'
12-May-2018 07:05:26.282 INFO [http-nio-1000-exec-18] org.apache.catalina.core.ApplicationContext.log Manager: list: Listing contexts for virtual host 'localhost'
12-May-2018 07:05:26.294 INFO [http-nio-1000-exec-17] org.apache.catalina.core.ApplicationContext.log Manager: restart: Reloading web application '/WebThiTuLuan'
12-May-2018 07:05:35.889 INFO [http-nio-1000-exec-11] org.apache.catalina.core.ApplicationContext.log Manager: list: Listing contexts for virtual host 'localhost'
12-May-2018 07:05:35.893 INFO [http-nio-1000-exec-14] org.apache.catalina.core.ApplicationContext.log Manager: list: Listing contexts for virtual host 'localhost'
12-May-2018 07:05:35.960 INFO [http-nio-1000-exec-18] org.apache.catalina.core.ApplicationContext.log Manager: restart: Reloading web application '/WebThiTuLuan'
12-May-2018 07:07:05.067 INFO [http-nio-1000-exec-28] org.apache.catalina.core.ApplicationContext.log Manager: list: Listing contexts for virtual host 'localhost'
12-May-2018 07:07:11.392 INFO [http-nio-1000-exec-24] org.apache.catalina.core.ApplicationContext.log Manager: list: Listing contexts for virtual host 'localhost'
12-May-2018 07:07:20.732 INFO [http-nio-1000-exec-26] org.apache.catalina.core.ApplicationContext.log Manager: list: Listing contexts for virtual host 'localhost'
12-May-2018 07:07:20.736 INFO [http-nio-1000-exec-24] org.apache.catalina.core.ApplicationContext.log Manager: list: Listing contexts for virtual host 'localhost'
12-May-2018 07:08:38.887 INFO [http-nio-1000-exec-30] org.apache.catalina.core.ApplicationContext.log Manager: list: Listing contexts for virtual host 'localhost'
12-May-2018 07:08:48.901 INFO [http-nio-1000-exec-31] org.apache.catalina.core.ApplicationContext.log Manager: list: Listing contexts for virtual host 'localhost'
12-May-2018 07:08:56.471 INFO [http-nio-1000-exec-31] org.apache.catalina.core.ApplicationContext.log Manager: list: Listing contexts for virtual host 'localhost'
12-May-2018 07:08:56.474 INFO [http-nio-1000-exec-28] org.apache.catalina.core.ApplicationContext.log Manager: list: Listing contexts for virtual host 'localhost'
12-May-2018 07:09:09.045 INFO [http-nio-1000-exec-27] org.apache.catalina.core.ApplicationContext.log Manager: list: Listing contexts for virtual host 'localhost'
12-May-2018 07:09:57.715 INFO [http-nio-1000-exec-29] org.apache.catalina.core.ApplicationContext.log Manager: list: Listing contexts for virtual host 'localhost'
12-May-2018 07:11:52.372 INFO [http-nio-1000-exec-26] org.apache.catalina.core.ApplicationContext.log Manager: list: Listing contexts for virtual host 'localhost'
12-May-2018 07:12:27.894 INFO [http-nio-1000-exec-23] org.apache.catalina.core.ApplicationContext.log Manager: list: Listing contexts for virtual host 'localhost'
12-May-2018 07:12:44.907 INFO [http-nio-1000-exec-28] org.apache.catalina.core.ApplicationContext.log Manager: list: Listing contexts for virtual host 'localhost'
12-May-2018 07:14:23.153 INFO [http-nio-1000-exec-29] org.apache.catalina.core.ApplicationContext.log Manager: list: Listing contexts for virtual host 'localhost'
12-May-2018 07:14:29.046 INFO [http-nio-1000-exec-28] org.apache.catalina.core.ApplicationContext.log Manager: list: Listing contexts for virtual host 'localhost'
12-May-2018 07:14:29.049 INFO [http-nio-1000-exec-29] org.apache.catalina.core.ApplicationContext.log Manager: list: Listing contexts for virtual host 'localhost'
12-May-2018 07:16:07.477 INFO [http-nio-1000-exec-32] org.apache.catalina.core.ApplicationContext.log Manager: list: Listing contexts for virtual host 'localhost'
12-May-2018 07:16:32.793 INFO [http-nio-1000-exec-25] org.apache.catalina.core.ApplicationContext.log Manager: list: Listing contexts for virtual host 'localhost'
12-May-2018 07:19:28.182 INFO [http-nio-1000-exec-23] org.apache.catalina.core.ApplicationContext.log Manager: list: Listing contexts for virtual host 'localhost'
12-May-2018 07:32:21.853 INFO [http-nio-1000-exec-26] org.apache.catalina.core.ApplicationContext.log Manager: list: Listing contexts for virtual host 'localhost'
12-May-2018 07:32:57.866 INFO [http-nio-1000-exec-30] org.apache.catalina.core.ApplicationContext.log Manager: list: Listing contexts for virtual host 'localhost'
12-May-2018 07:33:06.896 INFO [http-nio-1000-exec-30] org.apache.catalina.core.ApplicationContext.log Manager: list: Listing contexts for virtual host 'localhost'
12-May-2018 07:33:06.902 INFO [http-nio-1000-exec-29] org.apache.catalina.core.ApplicationContext.log Manager: list: Listing contexts for virtual host 'localhost'
12-May-2018 07:34:24.165 INFO [http-nio-1000-exec-26] org.apache.catalina.core.ApplicationContext.log Manager: list: Listing contexts for virtual host 'localhost'
12-May-2018 07:34:24.169 INFO [http-nio-1000-exec-28] org.apache.catalina.core.ApplicationContext.log Manager: list: Listing contexts for virtual host 'localhost'
12-May-2018 07:34:40.973 INFO [http-nio-1000-exec-29] org.apache.catalina.core.ApplicationContext.log Manager: list: Listing contexts for virtual host 'localhost'
12-May-2018 07:34:40.977 INFO [http-nio-1000-exec-32] org.apache.catalina.core.ApplicationContext.log Manager: list: Listing contexts for virtual host 'localhost'
12-May-2018 07:34:40.989 INFO [http-nio-1000-exec-25] org.apache.catalina.core.ApplicationContext.log Manager: undeploy: Undeploying web application at '/WebThiTuLuan'
12-May-2018 07:34:41.544 INFO [http-nio-1000-exec-29] org.apache.catalina.core.ApplicationContext.log Manager: install: Installing context configuration at 'file:/C:/Users/Rio.Rai/AppData/Local/Temp/context3925128688580231008.xml'
12-May-2018 07:34:41.759 INFO [http-nio-1000-exec-32] org.apache.catalina.core.ApplicationContext.log Manager: start: Starting web application '/WebThiTuLuan'
12-May-2018 07:35:24.275 INFO [http-nio-1000-exec-30] org.apache.catalina.core.ApplicationContext.log Manager: list: Listing contexts for virtual host 'localhost'
12-May-2018 07:35:24.284 INFO [http-nio-1000-exec-24] org.apache.catalina.core.ApplicationContext.log Manager: list: Listing contexts for virtual host 'localhost'
12-May-2018 07:35:49.257 INFO [http-nio-1000-exec-29] org.apache.catalina.core.ApplicationContext.log Manager: list: Listing contexts for virtual host 'localhost'
12-May-2018 07:35:49.261 INFO [http-nio-1000-exec-32] org.apache.catalina.core.ApplicationContext.log Manager: list: Listing contexts for virtual host 'localhost'
12-May-2018 12:32:41.067 INFO [http-nio-1000-exec-5] org.apache.catalina.core.ApplicationContext.log Manager: init: Associated with Deployer 'Catalina:type=Deployer,host=localhost'
12-May-2018 12:32:41.067 INFO [http-nio-1000-exec-5] org.apache.catalina.core.ApplicationContext.log Manager: init: Global resources are available
12-May-2018 12:32:41.745 INFO [http-nio-1000-exec-7] org.apache.catalina.core.ApplicationContext.log Manager: list: Listing contexts for virtual host 'localhost'
12-May-2018 12:32:41.750 INFO [http-nio-1000-exec-8] org.apache.catalina.core.ApplicationContext.log Manager: list: Listing contexts for virtual host 'localhost'
12-May-2018 12:33:50.293 INFO [http-nio-1000-exec-9] org.apache.catalina.core.ApplicationContext.log Manager: list: Listing contexts for virtual host 'localhost'
12-May-2018 12:33:50.304 INFO [http-nio-1000-exec-10] org.apache.catalina.core.ApplicationContext.log Manager: restart: Reloading web application '/WebThiTuLuan'
12-May-2018 12:34:11.030 INFO [http-nio-1000-exec-12] org.apache.catalina.core.ApplicationContext.log Manager: list: Listing contexts for virtual host 'localhost'
12-May-2018 12:34:18.191 INFO [http-nio-1000-exec-11] org.apache.catalina.core.ApplicationContext.log Manager: list: Listing contexts for virtual host 'localhost'
12-May-2018 12:34:29.194 INFO [http-nio-1000-exec-11] org.apache.catalina.core.ApplicationContext.log Manager: list: Listing contexts for virtual host 'localhost'
12-May-2018 12:34:29.197 INFO [http-nio-1000-exec-6] org.apache.catalina.core.ApplicationContext.log Manager: list: Listing contexts for virtual host 'localhost'
12-May-2018 12:34:29.293 INFO [http-nio-1000-exec-1] org.apache.catalina.core.ApplicationContext.log Manager: restart: Reloading web application '/WebThiTuLuan'
12-May-2018 12:34:48.125 INFO [http-nio-1000-exec-16] org.apache.catalina.core.ApplicationContext.log Manager: list: Listing contexts for virtual host 'localhost'
12-May-2018 12:35:15.432 INFO [http-nio-1000-exec-23] org.apache.catalina.core.ApplicationContext.log Manager: list: Listing contexts for virtual host 'localhost'
12-May-2018 12:35:15.443 INFO [http-nio-1000-exec-18] org.apache.catalina.core.ApplicationContext.log Manager: restart: Reloading web application '/WebThiTuLuan'
12-May-2018 12:35:49.028 INFO [http-nio-1000-exec-21] org.apache.catalina.core.ApplicationContext.log Manager: list: Listing contexts for virtual host 'localhost'
12-May-2018 12:35:49.031 INFO [http-nio-1000-exec-17] org.apache.catalina.core.ApplicationContext.log Manager: list: Listing contexts for virtual host 'localhost'
12-May-2018 12:35:49.112 INFO [http-nio-1000-exec-20] org.apache.catalina.core.ApplicationContext.log Manager: restart: Reloading web application '/WebThiTuLuan'
12-May-2018 12:39:16.038 INFO [http-nio-1000-exec-29] org.apache.catalina.core.ApplicationContext.log Manager: list: Listing contexts for virtual host 'localhost'
12-May-2018 12:39:16.041 INFO [http-nio-1000-exec-31] org.apache.catalina.core.ApplicationContext.log Manager: list: Listing contexts for virtual host 'localhost'
12-May-2018 12:39:38.479 INFO [http-nio-1000-exec-2] org.apache.catalina.core.ApplicationContext.log Manager: init: Associated with Deployer 'Catalina:type=Deployer,host=localhost'
12-May-2018 12:39:38.479 INFO [http-nio-1000-exec-2] org.apache.catalina.core.ApplicationContext.log Manager: init: Global resources are available
12-May-2018 12:39:41.252 INFO [http-nio-1000-exec-4] org.apache.catalina.core.ApplicationContext.log Manager: list: Listing contexts for virtual host 'localhost'
12-May-2018 12:39:41.258 INFO [http-nio-1000-exec-5] org.apache.catalina.core.ApplicationContext.log Manager: list: Listing contexts for virtual host 'localhost'
12-May-2018 12:39:41.269 INFO [http-nio-1000-exec-7] org.apache.catalina.core.ApplicationContext.log Manager: undeploy: Undeploying web application at '/WebThiTuLuan'
12-May-2018 12:39:41.863 INFO [http-nio-1000-exec-2] org.apache.catalina.core.ApplicationContext.log Manager: install: Installing context configuration at 'file:/C:/Users/Rio.Rai/AppData/Local/Temp/context1029120263403460225.xml'
12-May-2018 12:39:42.250 INFO [http-nio-1000-exec-4] org.apache.catalina.core.ApplicationContext.log Manager: start: Starting web application '/WebThiTuLuan'
12-May-2018 12:40:27.765 INFO [http-nio-1000-exec-13] org.apache.catalina.core.ApplicationContext.log Manager: list: Listing contexts for virtual host 'localhost'
12-May-2018 12:40:27.769 INFO [http-nio-1000-exec-1] org.apache.catalina.core.ApplicationContext.log Manager: list: Listing contexts for virtual host 'localhost'
12-May-2018 12:40:27.784 INFO [http-nio-1000-exec-9] org.apache.catalina.core.ApplicationContext.log Manager: undeploy: Undeploying web application at '/WebThiTuLuan'
12-May-2018 12:40:28.320 INFO [http-nio-1000-exec-15] org.apache.catalina.core.ApplicationContext.log Manager: install: Installing context configuration at 'file:/C:/Users/Rio.Rai/AppData/Local/Temp/context7479891802780342112.xml'
12-May-2018 12:40:28.492 INFO [http-nio-1000-exec-16] org.apache.catalina.core.ApplicationContext.log Manager: start: Starting web application '/WebThiTuLuan'
12-May-2018 12:49:39.369 INFO [http-nio-1000-exec-21] org.apache.catalina.core.ApplicationContext.log Manager: list: Listing contexts for virtual host 'localhost'
12-May-2018 12:50:55.859 INFO [http-nio-1000-exec-19] org.apache.catalina.core.ApplicationContext.log Manager: list: Listing contexts for virtual host 'localhost'
12-May-2018 12:50:55.868 INFO [http-nio-1000-exec-25] org.apache.catalina.core.ApplicationContext.log Manager: restart: Reloading web application '/WebThiTuLuan'
12-May-2018 12:51:25.734 INFO [http-nio-1000-exec-18] org.apache.catalina.core.ApplicationContext.log Manager: list: Listing contexts for virtual host 'localhost'
12-May-2018 12:51:25.738 INFO [http-nio-1000-exec-24] org.apache.catalina.core.ApplicationContext.log Manager: list: Listing contexts for virtual host 'localhost'
12-May-2018 12:51:25.804 INFO [http-nio-1000-exec-22] org.apache.catalina.core.ApplicationContext.log Manager: restart: Reloading web application '/WebThiTuLuan'
12-May-2018 12:52:18.105 INFO [http-nio-1000-exec-30] org.apache.catalina.core.ApplicationContext.log Manager: list: Listing contexts for virtual host 'localhost'
12-May-2018 12:52:33.549 INFO [http-nio-1000-exec-24] org.apache.catalina.core.ApplicationContext.log Manager: list: Listing contexts for virtual host 'localhost'
12-May-2018 12:52:33.552 INFO [http-nio-1000-exec-18] org.apache.catalina.core.ApplicationContext.log Manager: list: Listing contexts for virtual host 'localhost'
12-May-2018 12:54:02.826 INFO [http-nio-1000-exec-32] org.apache.catalina.core.ApplicationContext.log Manager: list: Listing contexts for virtual host 'localhost'
12-May-2018 12:54:02.830 INFO [http-nio-1000-exec-35] org.apache.catalina.core.ApplicationContext.log Manager: list: Listing contexts for virtual host 'localhost'
12-May-2018 12:54:02.840 INFO [http-nio-1000-exec-30] org.apache.catalina.core.ApplicationContext.log Manager: undeploy: Undeploying web application at '/WebThiTuLuan'
12-May-2018 12:54:03.370 INFO [http-nio-1000-exec-27] org.apache.catalina.core.ApplicationContext.log Manager: install: Installing context configuration at 'file:/C:/Users/Rio.Rai/AppData/Local/Temp/context6665013166633021909.xml'
12-May-2018 12:54:03.552 INFO [http-nio-1000-exec-32] org.apache.catalina.core.ApplicationContext.log Manager: start: Starting web application '/WebThiTuLuan'
12-May-2018 12:58:50.734 INFO [http-nio-1000-exec-40] org.apache.catalina.core.ApplicationContext.log Manager: list: Listing contexts for virtual host 'localhost'
12-May-2018 12:58:50.745 INFO [http-nio-1000-exec-42] org.apache.catalina.core.ApplicationContext.log Manager: restart: Reloading web application '/WebThiTuLuan'
12-May-2018 12:59:00.803 INFO [http-nio-1000-exec-41] org.apache.catalina.core.ApplicationContext.log Manager: list: Listing contexts for virtual host 'localhost'
12-May-2018 12:59:00.813 INFO [http-nio-1000-exec-43] org.apache.catalina.core.ApplicationContext.log Manager: restart: Reloading web application '/WebThiTuLuan'
12-May-2018 12:59:17.440 INFO [http-nio-1000-exec-40] org.apache.catalina.core.ApplicationContext.log Manager: list: Listing contexts for virtual host 'localhost'
12-May-2018 12:59:17.443 INFO [http-nio-1000-exec-47] org.apache.catalina.core.ApplicationContext.log Manager: list: Listing contexts for virtual host 'localhost'
12-May-2018 12:59:17.519 INFO [http-nio-1000-exec-43] org.apache.catalina.core.ApplicationContext.log Manager: restart: Reloading web application '/WebThiTuLuan'
12-May-2018 12:59:49.123 INFO [http-nio-1000-exec-58] org.apache.catalina.core.ApplicationContext.log Manager: list: Listing contexts for virtual host 'localhost'
12-May-2018 12:59:55.752 INFO [http-nio-1000-exec-54] org.apache.catalina.core.ApplicationContext.log Manager: list: Listing contexts for virtual host 'localhost'
12-May-2018 12:59:55.755 INFO [http-nio-1000-exec-57] org.apache.catalina.core.ApplicationContext.log Manager: list: Listing contexts for virtual host 'localhost'
12-May-2018 13:03:13.930 INFO [http-nio-1000-exec-60] org.apache.catalina.core.ApplicationContext.log Manager: list: Listing contexts for virtual host 'localhost'
12-May-2018 13:03:56.913 INFO [http-nio-1000-exec-58] org.apache.catalina.core.ApplicationContext.log Manager: list: Listing contexts for virtual host 'localhost'
12-May-2018 13:03:56.916 INFO [http-nio-1000-exec-60] org.apache.catalina.core.ApplicationContext.log Manager: list: Listing contexts for virtual host 'localhost'
12-May-2018 13:06:34.813 INFO [http-nio-1000-exec-56] org.apache.catalina.core.ApplicationContext.log Manager: list: Listing contexts for virtual host 'localhost'
12-May-2018 13:06:40.350 INFO [http-nio-1000-exec-55] org.apache.catalina.core.ApplicationContext.log Manager: list: Listing contexts for virtual host 'localhost'
12-May-2018 13:09:17.328 INFO [http-nio-1000-exec-52] org.apache.catalina.core.ApplicationContext.log Manager: list: Listing contexts for virtual host 'localhost'
12-May-2018 13:09:28.704 INFO [http-nio-1000-exec-53] org.apache.catalina.core.ApplicationContext.log Manager: list: Listing contexts for virtual host 'localhost'
12-May-2018 13:09:28.709 INFO [http-nio-1000-exec-54] org.apache.catalina.core.ApplicationContext.log Manager: list: Listing contexts for virtual host 'localhost'
12-May-2018 13:24:43.384 INFO [http-nio-1000-exec-58] org.apache.catalina.core.ApplicationContext.log Manager: list: Listing contexts for virtual host 'localhost'
12-May-2018 13:24:43.447 INFO [http-nio-1000-exec-55] org.apache.catalina.core.ApplicationContext.log Manager: restart: Reloading web application '/WebThiTuLuan'
12-May-2018 13:24:52.595 INFO [http-nio-1000-exec-53] org.apache.catalina.core.ApplicationContext.log Manager: list: Listing contexts for virtual host 'localhost'
12-May-2018 13:24:52.598 INFO [http-nio-1000-exec-56] org.apache.catalina.core.ApplicationContext.log Manager: list: Listing contexts for virtual host 'localhost'
12-May-2018 13:24:52.664 INFO [http-nio-1000-exec-62] org.apache.catalina.core.ApplicationContext.log Manager: restart: Reloading web application '/WebThiTuLuan'
12-May-2018 13:26:12.777 INFO [http-nio-1000-exec-68] org.apache.catalina.core.ApplicationContext.log Manager: list: Listing contexts for virtual host 'localhost'
12-May-2018 13:26:12.780 INFO [http-nio-1000-exec-73] org.apache.catalina.core.ApplicationContext.log Manager: list: Listing contexts for virtual host 'localhost'
12-May-2018 13:29:51.800 INFO [http-nio-1000-exec-72] org.apache.catalina.core.ApplicationContext.log Manager: list: Listing contexts for virtual host 'localhost'
12-May-2018 13:29:51.803 INFO [http-nio-1000-exec-64] org.apache.catalina.core.ApplicationContext.log Manager: list: Listing contexts for virtual host 'localhost'
12-May-2018 13:32:19.748 INFO [http-nio-1000-exec-67] org.apache.catalina.core.ApplicationContext.log Manager: list: Listing contexts for virtual host 'localhost'
12-May-2018 13:32:46.640 INFO [http-nio-1000-exec-65] org.apache.catalina.core.ApplicationContext.log Manager: list: Listing contexts for virtual host 'localhost'
12-May-2018 13:33:30.194 INFO [http-nio-1000-exec-73] org.apache.catalina.core.ApplicationContext.log Manager: list: Listing contexts for virtual host 'localhost'
12-May-2018 13:33:52.676 INFO [http-nio-1000-exec-67] org.apache.catalina.core.ApplicationContext.log Manager: list: Listing contexts for virtual host 'localhost'
12-May-2018 13:35:33.408 INFO [http-nio-1000-exec-72] org.apache.catalina.core.ApplicationContext.log Manager: list: Listing contexts for virtual host 'localhost'
12-May-2018 13:39:24.380 INFO [http-nio-1000-exec-72] org.apache.catalina.core.ApplicationContext.log Manager: list: Listing contexts for virtual host 'localhost'
12-May-2018 13:45:25.253 INFO [http-nio-1000-exec-66] org.apache.catalina.core.ApplicationContext.log Manager: list: Listing contexts for virtual host 'localhost'
12-May-2018 13:53:52.801 INFO [http-nio-1000-exec-73] org.apache.catalina.core.ApplicationContext.log Manager: list: Listing contexts for virtual host 'localhost'
12-May-2018 13:53:52.849 INFO [http-nio-1000-exec-66] org.apache.catalina.core.ApplicationContext.log Manager: restart: Reloading web application '/WebThiTuLuan'
12-May-2018 13:54:19.785 INFO [http-nio-1000-exec-67] org.apache.catalina.core.ApplicationContext.log Manager: list: Listing contexts for virtual host 'localhost'
12-May-2018 13:58:01.404 INFO [http-nio-1000-exec-76] org.apache.catalina.core.ApplicationContext.log Manager: list: Listing contexts for virtual host 'localhost'
12-May-2018 13:58:08.400 INFO [http-nio-1000-exec-74] org.apache.catalina.core.ApplicationContext.log Manager: list: Listing contexts for virtual host 'localhost'
12-May-2018 14:02:52.302 INFO [http-nio-1000-exec-77] org.apache.catalina.core.ApplicationContext.log Manager: list: Listing contexts for virtual host 'localhost'
12-May-2018 14:03:00.657 INFO [http-nio-1000-exec-76] org.apache.catalina.core.ApplicationContext.log Manager: list: Listing contexts for virtual host 'localhost'
12-May-2018 14:03:00.661 INFO [http-nio-1000-exec-83] org.apache.catalina.core.ApplicationContext.log Manager: list: Listing contexts for virtual host 'localhost'
12-May-2018 14:03:00.730 INFO [http-nio-1000-exec-77] org.apache.catalina.core.ApplicationContext.log Manager: restart: Reloading web application '/WebThiTuLuan'
12-May-2018 14:05:21.033 INFO [http-nio-1000-exec-84] org.apache.catalina.core.ApplicationContext.log Manager: list: Listing contexts for virtual host 'localhost'
12-May-2018 14:17:03.855 INFO [http-nio-1000-exec-87] org.apache.catalina.core.ApplicationContext.log Manager: list: Listing contexts for virtual host 'localhost'
12-May-2018 14:17:03.866 INFO [http-nio-1000-exec-90] org.apache.catalina.core.ApplicationContext.log Manager: restart: Reloading web application '/WebThiTuLuan'
12-May-2018 14:18:32.737 INFO [http-nio-1000-exec-95] org.apache.catalina.core.ApplicationContext.log Manager: list: Listing contexts for virtual host 'localhost'
12-May-2018 14:18:32.747 INFO [http-nio-1000-exec-89] org.apache.catalina.core.ApplicationContext.log Manager: restart: Reloading web application '/WebThiTuLuan'
12-May-2018 14:18:39.802 INFO [http-nio-1000-exec-96] org.apache.catalina.core.ApplicationContext.log Manager: list: Listing contexts for virtual host 'localhost'
12-May-2018 14:18:39.812 INFO [http-nio-1000-exec-95] org.apache.catalina.core.ApplicationContext.log Manager: restart: Reloading web application '/WebThiTuLuan'
12-May-2018 14:20:11.443 INFO [http-nio-1000-exec-97] org.apache.catalina.core.ApplicationContext.log Manager: list: Listing contexts for virtual host 'localhost'
12-May-2018 14:20:16.612 INFO [http-nio-1000-exec-93] org.apache.catalina.core.ApplicationContext.log Manager: list: Listing contexts for virtual host 'localhost'
12-May-2018 14:20:16.617 INFO [http-nio-1000-exec-97] org.apache.catalina.core.ApplicationContext.log Manager: list: Listing contexts for virtual host 'localhost'
12-May-2018 14:20:16.690 INFO [http-nio-1000-exec-98] org.apache.catalina.core.ApplicationContext.log Manager: restart: Reloading web application '/WebThiTuLuan'
12-May-2018 14:23:21.608 INFO [http-nio-1000-exec-105] org.apache.catalina.core.ApplicationContext.log Manager: list: Listing contexts for virtual host 'localhost'
12-May-2018 14:23:21.619 INFO [http-nio-1000-exec-101] org.apache.catalina.core.ApplicationContext.log Manager: restart: Reloading web application '/WebThiTuLuan'
12-May-2018 14:31:17.123 INFO [http-nio-1000-exec-111] org.apache.catalina.core.ApplicationContext.log Manager: list: Listing contexts for virtual host 'localhost'
12-May-2018 14:33:37.553 INFO [http-nio-1000-exec-117] org.apache.catalina.core.ApplicationContext.log Manager: list: Listing contexts for virtual host 'localhost'
12-May-2018 14:33:37.568 INFO [http-nio-1000-exec-111] org.apache.catalina.core.ApplicationContext.log Manager: restart: Reloading web application '/WebThiTuLuan'
12-May-2018 14:35:52.390 INFO [http-nio-1000-exec-115] org.apache.catalina.core.ApplicationContext.log Manager: list: Listing contexts for virtual host 'localhost'
12-May-2018 14:35:52.399 INFO [http-nio-1000-exec-122] org.apache.catalina.core.ApplicationContext.log Manager: restart: Reloading web application '/WebThiTuLuan'
12-May-2018 14:36:09.795 INFO [http-nio-1000-exec-124] org.apache.catalina.core.ApplicationContext.log Manager: list: Listing contexts for virtual host 'localhost'
12-May-2018 14:36:09.805 INFO [http-nio-1000-exec-114] org.apache.catalina.core.ApplicationContext.log Manager: restart: Reloading web application '/WebThiTuLuan'
12-May-2018 14:36:32.492 INFO [http-nio-1000-exec-126] org.apache.catalina.core.ApplicationContext.log Manager: list: Listing contexts for virtual host 'localhost'
12-May-2018 14:36:32.503 INFO [http-nio-1000-exec-125] org.apache.catalina.core.ApplicationContext.log Manager: restart: Reloading web application '/WebThiTuLuan'
12-May-2018 14:37:01.459 INFO [http-nio-1000-exec-126] org.apache.catalina.core.ApplicationContext.log Manager: list: Listing contexts for virtual host 'localhost'
12-May-2018 14:37:01.468 INFO [http-nio-1000-exec-123] org.apache.catalina.core.ApplicationContext.log Manager: restart: Reloading web application '/WebThiTuLuan'
12-May-2018 14:37:06.700 INFO [http-nio-1000-exec-127] org.apache.catalina.core.ApplicationContext.log Manager: list: Listing contexts for virtual host 'localhost'
12-May-2018 14:37:06.710 INFO [http-nio-1000-exec-125] org.apache.catalina.core.ApplicationContext.log Manager: restart: Reloading web application '/WebThiTuLuan'
12-May-2018 14:37:16.555 INFO [http-nio-1000-exec-115] org.apache.catalina.core.ApplicationContext.log Manager: list: Listing contexts for virtual host 'localhost'
12-May-2018 14:37:16.558 INFO [http-nio-1000-exec-122] org.apache.catalina.core.ApplicationContext.log Manager: list: Listing contexts for virtual host 'localhost'
12-May-2018 14:37:16.625 INFO [http-nio-1000-exec-125] org.apache.catalina.core.ApplicationContext.log Manager: restart: Reloading web application '/WebThiTuLuan'
12-May-2018 14:38:43.391 INFO [http-nio-1000-exec-131] org.apache.catalina.core.ApplicationContext.log Manager: list: Listing contexts for virtual host 'localhost'
12-May-2018 14:38:43.401 INFO [http-nio-1000-exec-132] org.apache.catalina.core.ApplicationContext.log Manager: restart: Reloading web application '/WebThiTuLuan'
12-May-2018 14:38:50.351 INFO [http-nio-1000-exec-137] org.apache.catalina.core.ApplicationContext.log Manager: list: Listing contexts for virtual host 'localhost'
12-May-2018 14:38:50.357 INFO [http-nio-1000-exec-136] org.apache.catalina.core.ApplicationContext.log Manager: list: Listing contexts for virtual host 'localhost'
12-May-2018 14:38:50.453 INFO [http-nio-1000-exec-132] org.apache.catalina.core.ApplicationContext.log Manager: restart: Reloading web application '/WebThiTuLuan'
12-May-2018 14:39:33.827 INFO [http-nio-1000-exec-132] org.apache.catalina.core.ApplicationContext.log Manager: list: Listing contexts for virtual host 'localhost'
12-May-2018 14:39:33.837 INFO [http-nio-1000-exec-143] org.apache.catalina.core.ApplicationContext.log Manager: restart: Reloading web application '/WebThiTuLuan'
12-May-2018 14:40:26.114 INFO [http-nio-1000-exec-139] org.apache.catalina.core.ApplicationContext.log Manager: list: Listing contexts for virtual host 'localhost'
12-May-2018 14:40:26.122 INFO [http-nio-1000-exec-144] org.apache.catalina.core.ApplicationContext.log Manager: restart: Reloading web application '/WebThiTuLuan'
12-May-2018 14:40:47.149 INFO [http-nio-1000-exec-145] org.apache.catalina.core.ApplicationContext.log Manager: list: Listing contexts for virtual host 'localhost'
12-May-2018 14:40:47.153 INFO [http-nio-1000-exec-144] org.apache.catalina.core.ApplicationContext.log Manager: list: Listing contexts for virtual host 'localhost'
12-May-2018 14:40:47.230 INFO [http-nio-1000-exec-141] org.apache.catalina.core.ApplicationContext.log Manager: restart: Reloading web application '/WebThiTuLuan'
12-May-2018 14:41:24.968 INFO [http-nio-1000-exec-146] org.apache.catalina.core.ApplicationContext.log Manager: list: Listing contexts for virtual host 'localhost'
12-May-2018 14:43:03.281 INFO [http-nio-1000-exec-150] org.apache.catalina.core.ApplicationContext.log Manager: list: Listing contexts for virtual host 'localhost'
12-May-2018 14:43:03.291 INFO [http-nio-1000-exec-151] org.apache.catalina.core.ApplicationContext.log Manager: restart: Reloading web application '/WebThiTuLuan'
12-May-2018 14:43:09.917 INFO [http-nio-1000-exec-134] org.apache.catalina.core.ApplicationContext.log Manager: list: Listing contexts for virtual host 'localhost'
12-May-2018 14:43:09.921 INFO [http-nio-1000-exec-151] org.apache.catalina.core.ApplicationContext.log Manager: list: Listing contexts for virtual host 'localhost'
12-May-2018 14:43:10.000 INFO [http-nio-1000-exec-150] org.apache.catalina.core.ApplicationContext.log Manager: restart: Reloading web application '/WebThiTuLuan'
12-May-2018 14:45:58.762 INFO [http-nio-1000-exec-159] org.apache.catalina.core.ApplicationContext.log Manager: list: Listing contexts for virtual host 'localhost'
12-May-2018 14:45:58.772 INFO [http-nio-1000-exec-158] org.apache.catalina.core.ApplicationContext.log Manager: restart: Reloading web application '/WebThiTuLuan'
12-May-2018 14:46:01.151 INFO [http-nio-1000-exec-166] org.apache.catalina.core.ApplicationContext.log Manager: list: Listing contexts for virtual host 'localhost'
12-May-2018 14:46:01.161 INFO [http-nio-1000-exec-165] org.apache.catalina.core.ApplicationContext.log Manager: restart: Reloading web application '/WebThiTuLuan'
12-May-2018 14:46:07.949 INFO [http-nio-1000-exec-163] org.apache.catalina.core.ApplicationContext.log Manager: list: Listing contexts for virtual host 'localhost'
12-May-2018 14:46:07.953 INFO [http-nio-1000-exec-159] org.apache.catalina.core.ApplicationContext.log Manager: list: Listing contexts for virtual host 'localhost'
12-May-2018 14:46:08.018 INFO [http-nio-1000-exec-164] org.apache.catalina.core.ApplicationContext.log Manager: restart: Reloading web application '/WebThiTuLuan'
12-May-2018 14:48:43.447 INFO [http-nio-1000-exec-173] org.apache.catalina.core.ApplicationContext.log Manager: list: Listing contexts for virtual host 'localhost'
12-May-2018 14:48:43.457 INFO [http-nio-1000-exec-177] org.apache.catalina.core.ApplicationContext.log Manager: restart: Reloading web application '/WebThiTuLuan'
12-May-2018 14:48:46.656 INFO [http-nio-1000-exec-169] org.apache.catalina.core.ApplicationContext.log Manager: list: Listing contexts for virtual host 'localhost'
12-May-2018 14:48:46.667 INFO [http-nio-1000-exec-175] org.apache.catalina.core.ApplicationContext.log Manager: restart: Reloading web application '/WebThiTuLuan'
12-May-2018 14:48:56.173 INFO [http-nio-1000-exec-173] org.apache.catalina.core.ApplicationContext.log Manager: list: Listing contexts for virtual host 'localhost'
12-May-2018 14:48:56.185 INFO [http-nio-1000-exec-171] org.apache.catalina.core.ApplicationContext.log Manager: restart: Reloading web application '/WebThiTuLuan'
12-May-2018 14:49:07.945 INFO [http-nio-1000-exec-176] org.apache.catalina.core.ApplicationContext.log Manager: list: Listing contexts for virtual host 'localhost'
12-May-2018 14:49:07.950 INFO [http-nio-1000-exec-171] org.apache.catalina.core.ApplicationContext.log Manager: list: Listing contexts for virtual host 'localhost'
12-May-2018 14:49:08.025 INFO [http-nio-1000-exec-169] org.apache.catalina.core.ApplicationContext.log Manager: restart: Reloading web application '/WebThiTuLuan'
12-May-2018 14:52:50.932 INFO [http-nio-1000-exec-182] org.apache.catalina.core.ApplicationContext.log Manager: list: Listing contexts for virtual host 'localhost'
12-May-2018 14:52:58.780 INFO [http-nio-1000-exec-189] org.apache.catalina.core.ApplicationContext.log Manager: list: Listing contexts for virtual host 'localhost'
12-May-2018 14:52:58.784 INFO [http-nio-1000-exec-190] org.apache.catalina.core.ApplicationContext.log Manager: list: Listing contexts for virtual host 'localhost'
12-May-2018 14:57:36.478 INFO [http-nio-1000-exec-183] org.apache.catalina.core.ApplicationContext.log Manager: list: Listing contexts for virtual host 'localhost'
12-May-2018 14:57:36.483 INFO [http-nio-1000-exec-186] org.apache.catalina.core.ApplicationContext.log Manager: list: Listing contexts for virtual host 'localhost'
12-May-2018 15:05:56.548 INFO [http-nio-1000-exec-188] org.apache.catalina.core.ApplicationContext.log Manager: list: Listing contexts for virtual host 'localhost'
12-May-2018 15:05:56.561 INFO [http-nio-1000-exec-186] org.apache.catalina.core.ApplicationContext.log Manager: restart: Reloading web application '/WebThiTuLuan'
12-May-2018 15:11:52.555 INFO [http-nio-1000-exec-193] org.apache.catalina.core.ApplicationContext.log Manager: list: Listing contexts for virtual host 'localhost'
12-May-2018 15:12:16.363 INFO [http-nio-1000-exec-187] org.apache.catalina.core.ApplicationContext.log Manager: list: Listing contexts for virtual host 'localhost'
12-May-2018 15:12:30.158 INFO [http-nio-1000-exec-194] org.apache.catalina.core.ApplicationContext.log Manager: list: Listing contexts for virtual host 'localhost'
12-May-2018 15:12:32.815 INFO [http-nio-1000-exec-198] org.apache.catalina.core.ApplicationContext.log Manager: list: Listing contexts for virtual host 'localhost'
12-May-2018 15:12:32.825 INFO [http-nio-1000-exec-192] org.apache.catalina.core.ApplicationContext.log Manager: restart: Reloading web application '/WebThiTuLuan'
12-May-2018 15:12:38.963 INFO [http-nio-1000-exec-194] org.apache.catalina.core.ApplicationContext.log Manager: list: Listing contexts for virtual host 'localhost'
12-May-2018 15:12:38.966 INFO [http-nio-1000-exec-193] org.apache.catalina.core.ApplicationContext.log Manager: list: Listing contexts for virtual host 'localhost'
12-May-2018 15:12:39.041 INFO [http-nio-1000-exec-196] org.apache.catalina.core.ApplicationContext.log Manager: restart: Reloading web application '/WebThiTuLuan'
12-May-2018 15:13:22.826 INFO [http-nio-1000-exec-206] org.apache.catalina.core.ApplicationContext.log Manager: list: Listing contexts for virtual host 'localhost'
12-May-2018 15:13:31.973 INFO [http-nio-1000-exec-204] org.apache.catalina.core.ApplicationContext.log Manager: list: Listing contexts for virtual host 'localhost'
12-May-2018 15:13:31.976 INFO [http-nio-1000-exec-205] org.apache.catalina.core.ApplicationContext.log Manager: list: Listing contexts for virtual host 'localhost'
12-May-2018 15:22:50.941 INFO [http-nio-1000-exec-207] org.apache.catalina.core.ApplicationContext.log Manager: list: Listing contexts for virtual host 'localhost'
12-May-2018 15:22:50.944 INFO [http-nio-1000-exec-210] org.apache.catalina.core.ApplicationContext.log Manager: list: Listing contexts for virtual host 'localhost'
12-May-2018 15:28:32.505 INFO [http-nio-1000-exec-209] org.apache.catalina.core.ApplicationContext.log Manager: list: Listing contexts for virtual host 'localhost'
12-May-2018 15:28:32.516 INFO [http-nio-1000-exec-204] org.apache.catalina.core.ApplicationContext.log Manager: restart: Reloading web application '/WebThiTuLuan'
12-May-2018 15:30:56.939 INFO [http-nio-1000-exec-215] org.apache.catalina.core.ApplicationContext.log Manager: list: Listing contexts for virtual host 'localhost'
12-May-2018 15:34:18.865 INFO [http-nio-1000-exec-214] org.apache.catalina.core.ApplicationContext.log Manager: list: Listing contexts for virtual host 'localhost'
12-May-2018 15:34:18.874 INFO [http-nio-1000-exec-215] org.apache.catalina.core.ApplicationContext.log Manager: restart: Reloading web application '/WebThiTuLuan'
12-May-2018 15:34:53.408 INFO [http-nio-1000-exec-213] org.apache.catalina.core.ApplicationContext.log Manager: list: Listing contexts for virtual host 'localhost'
12-May-2018 15:34:53.412 INFO [http-nio-1000-exec-215] org.apache.catalina.core.ApplicationContext.log Manager: list: Listing contexts for virtual host 'localhost'
12-May-2018 15:34:53.482 INFO [http-nio-1000-exec-217] org.apache.catalina.core.ApplicationContext.log Manager: restart: Reloading web application '/WebThiTuLuan'
12-May-2018 15:35:52.045 INFO [http-nio-1000-exec-224] org.apache.catalina.core.ApplicationContext.log Manager: list: Listing contexts for virtual host 'localhost'
12-May-2018 15:35:52.048 INFO [http-nio-1000-exec-214] org.apache.catalina.core.ApplicationContext.log Manager: list: Listing contexts for virtual host 'localhost'
12-May-2018 15:35:52.073 INFO [http-nio-1000-exec-213] org.apache.catalina.core.ApplicationContext.log Manager: undeploy: Undeploying web application at '/WebThiTuLuan'
12-May-2018 15:35:52.638 INFO [http-nio-1000-exec-223] org.apache.catalina.core.ApplicationContext.log Manager: install: Installing context configuration at 'file:/C:/Users/Rio.Rai/AppData/Local/Temp/context2251977962692746638.xml'
12-May-2018 15:35:52.839 INFO [http-nio-1000-exec-210] org.apache.catalina.core.ApplicationContext.log Manager: start: Starting web application '/WebThiTuLuan'
12-May-2018 15:36:12.019 INFO [http-nio-1000-exec-231] org.apache.catalina.core.ApplicationContext.log Manager: list: Listing contexts for virtual host 'localhost'
12-May-2018 15:36:12.022 INFO [http-nio-1000-exec-210] org.apache.catalina.core.ApplicationContext.log Manager: list: Listing contexts for virtual host 'localhost'
12-May-2018 15:36:12.034 INFO [http-nio-1000-exec-214] org.apache.catalina.core.ApplicationContext.log Manager: undeploy: Undeploying web application at '/WebThiTuLuan'
12-May-2018 15:36:12.571 INFO [http-nio-1000-exec-229] org.apache.catalina.core.ApplicationContext.log Manager: install: Installing context configuration at 'file:/C:/Users/Rio.Rai/AppData/Local/Temp/context5424866026413867814.xml'
12-May-2018 15:36:12.727 INFO [http-nio-1000-exec-225] org.apache.catalina.core.ApplicationContext.log Manager: start: Starting web application '/WebThiTuLuan'
12-May-2018 15:40:50.121 INFO [http-nio-1000-exec-237] org.apache.catalina.core.ApplicationContext.log Manager: list: Listing contexts for virtual host 'localhost'
12-May-2018 15:42:06.721 INFO [http-nio-1000-exec-236] org.apache.catalina.core.ApplicationContext.log Manager: list: Listing contexts for virtual host 'localhost'
12-May-2018 15:42:14.277 INFO [http-nio-1000-exec-234] org.apache.catalina.core.ApplicationContext.log Manager: list: Listing contexts for virtual host 'localhost'
12-May-2018 15:42:14.280 INFO [http-nio-1000-exec-240] org.apache.catalina.core.ApplicationContext.log Manager: list: Listing contexts for virtual host 'localhost'
