09-May-2018 08:42:26.279 INFO [http-nio-1000-exec-4] org.apache.catalina.core.ApplicationContext.log Manager: init: Associated with Deployer 'Catalina:type=Deployer,host=localhost'
09-May-2018 08:42:26.279 INFO [http-nio-1000-exec-4] org.apache.catalina.core.ApplicationContext.log Manager: init: Global resources are available
09-May-2018 08:42:26.879 INFO [http-nio-1000-exec-6] org.apache.catalina.core.ApplicationContext.log Manager: list: Listing contexts for virtual host 'localhost'
09-May-2018 08:42:26.884 INFO [http-nio-1000-exec-7] org.apache.catalina.core.ApplicationContext.log Manager: list: Listing contexts for virtual host 'localhost'
09-May-2018 08:42:26.929 INFO [http-nio-1000-exec-8] org.apache.catalina.core.ApplicationContext.log Manager: restart: Reloading web application '/WebThiTuLuan'
09-May-2018 08:43:41.432 INFO [http-nio-1000-exec-19] org.apache.catalina.core.ApplicationContext.log Manager: list: Listing contexts for virtual host 'localhost'
09-May-2018 08:43:53.337 INFO [http-nio-1000-exec-16] org.apache.catalina.core.ApplicationContext.log Manager: list: Listing contexts for virtual host 'localhost'
09-May-2018 08:44:02.966 INFO [http-nio-1000-exec-20] org.apache.catalina.core.ApplicationContext.log Manager: list: Listing contexts for virtual host 'localhost'
09-May-2018 08:44:02.969 INFO [http-nio-1000-exec-17] org.apache.catalina.core.ApplicationContext.log Manager: list: Listing contexts for virtual host 'localhost'
09-May-2018 08:44:52.305 INFO [http-nio-1000-exec-20] org.apache.catalina.core.ApplicationContext.log Manager: list: Listing contexts for virtual host 'localhost'
09-May-2018 08:44:52.308 INFO [http-nio-1000-exec-17] org.apache.catalina.core.ApplicationContext.log Manager: list: Listing contexts for virtual host 'localhost'
09-May-2018 09:08:52.487 INFO [http-nio-1000-exec-4] org.apache.catalina.core.ApplicationContext.log Manager: init: Associated with Deployer 'Catalina:type=Deployer,host=localhost'
09-May-2018 09:08:52.487 INFO [http-nio-1000-exec-4] org.apache.catalina.core.ApplicationContext.log Manager: init: Global resources are available
09-May-2018 09:08:52.876 INFO [http-nio-1000-exec-6] org.apache.catalina.core.ApplicationContext.log Manager: list: Listing contexts for virtual host 'localhost'
09-May-2018 09:08:52.881 INFO [http-nio-1000-exec-7] org.apache.catalina.core.ApplicationContext.log Manager: list: Listing contexts for virtual host 'localhost'
09-May-2018 09:08:52.905 INFO [http-nio-1000-exec-8] org.apache.catalina.core.ApplicationContext.log Manager: restart: Reloading web application '/WebThiTuLuan'
09-May-2018 09:16:15.110 INFO [http-nio-1000-exec-11] org.apache.catalina.core.ApplicationContext.log Manager: list: Listing contexts for virtual host 'localhost'
09-May-2018 09:16:24.772 INFO [http-nio-1000-exec-14] org.apache.catalina.core.ApplicationContext.log Manager: list: Listing contexts for virtual host 'localhost'
09-May-2018 09:16:30.608 INFO [http-nio-1000-exec-11] org.apache.catalina.core.ApplicationContext.log Manager: list: Listing contexts for virtual host 'localhost'
09-May-2018 09:16:30.965 INFO [http-nio-1000-exec-19] org.apache.catalina.core.ApplicationContext.log Manager: list: Listing contexts for virtual host 'localhost'
09-May-2018 09:16:33.364 INFO [http-nio-1000-exec-20] org.apache.catalina.core.ApplicationContext.log Manager: list: Listing contexts for virtual host 'localhost'
09-May-2018 09:19:31.154 INFO [http-nio-1000-exec-11] org.apache.catalina.core.ApplicationContext.log Manager: list: Listing contexts for virtual host 'localhost'
09-May-2018 09:19:42.672 INFO [http-nio-1000-exec-18] org.apache.catalina.core.ApplicationContext.log Manager: list: Listing contexts for virtual host 'localhost'
09-May-2018 09:19:42.676 INFO [http-nio-1000-exec-17] org.apache.catalina.core.ApplicationContext.log Manager: list: Listing contexts for virtual host 'localhost'
09-May-2018 09:22:42.393 INFO [http-nio-1000-exec-16] org.apache.catalina.core.ApplicationContext.log Manager: list: Listing contexts for virtual host 'localhost'
09-May-2018 09:25:10.946 INFO [http-nio-1000-exec-13] org.apache.catalina.core.ApplicationContext.log Manager: list: Listing contexts for virtual host 'localhost'
09-May-2018 09:30:26.330 INFO [http-nio-1000-exec-19] org.apache.catalina.core.ApplicationContext.log Manager: list: Listing contexts for virtual host 'localhost'
09-May-2018 09:30:37.920 INFO [http-nio-1000-exec-17] org.apache.catalina.core.ApplicationContext.log Manager: list: Listing contexts for virtual host 'localhost'
09-May-2018 09:31:39.103 INFO [http-nio-1000-exec-20] org.apache.catalina.core.ApplicationContext.log Manager: list: Listing contexts for virtual host 'localhost'
09-May-2018 09:32:28.893 INFO [http-nio-1000-exec-19] org.apache.catalina.core.ApplicationContext.log Manager: list: Listing contexts for virtual host 'localhost'
09-May-2018 09:32:36.217 INFO [http-nio-1000-exec-16] org.apache.catalina.core.ApplicationContext.log Manager: list: Listing contexts for virtual host 'localhost'
09-May-2018 09:34:30.952 INFO [http-nio-1000-exec-19] org.apache.catalina.core.ApplicationContext.log Manager: list: Listing contexts for virtual host 'localhost'
09-May-2018 09:34:40.904 INFO [http-nio-1000-exec-16] org.apache.catalina.core.ApplicationContext.log Manager: list: Listing contexts for virtual host 'localhost'
09-May-2018 09:34:40.907 INFO [http-nio-1000-exec-11] org.apache.catalina.core.ApplicationContext.log Manager: list: Listing contexts for virtual host 'localhost'
09-May-2018 09:36:16.992 INFO [http-nio-1000-exec-19] org.apache.catalina.core.ApplicationContext.log Manager: list: Listing contexts for virtual host 'localhost'
09-May-2018 09:36:55.924 INFO [http-nio-1000-exec-18] org.apache.catalina.core.ApplicationContext.log Manager: list: Listing contexts for virtual host 'localhost'
09-May-2018 09:49:05.241 INFO [http-nio-1000-exec-20] org.apache.catalina.core.ApplicationContext.log Manager: list: Listing contexts for virtual host 'localhost'
09-May-2018 09:49:16.064 INFO [http-nio-1000-exec-17] org.apache.catalina.core.ApplicationContext.log Manager: list: Listing contexts for virtual host 'localhost'
09-May-2018 09:57:15.604 INFO [http-nio-1000-exec-12] org.apache.catalina.core.ApplicationContext.log Manager: list: Listing contexts for virtual host 'localhost'
09-May-2018 09:59:39.144 INFO [http-nio-1000-exec-15] org.apache.catalina.core.ApplicationContext.log Manager: list: Listing contexts for virtual host 'localhost'
09-May-2018 10:00:29.239 INFO [http-nio-1000-exec-15] org.apache.catalina.core.ApplicationContext.log Manager: list: Listing contexts for virtual host 'localhost'
09-May-2018 10:01:41.572 INFO [http-nio-1000-exec-11] org.apache.catalina.core.ApplicationContext.log Manager: list: Listing contexts for virtual host 'localhost'
09-May-2018 10:02:19.860 INFO [http-nio-1000-exec-16] org.apache.catalina.core.ApplicationContext.log Manager: list: Listing contexts for virtual host 'localhost'
09-May-2018 10:03:29.699 INFO [http-nio-1000-exec-17] org.apache.catalina.core.ApplicationContext.log Manager: list: Listing contexts for virtual host 'localhost'
09-May-2018 10:03:48.361 INFO [http-nio-1000-exec-15] org.apache.catalina.core.ApplicationContext.log Manager: list: Listing contexts for virtual host 'localhost'
09-May-2018 10:05:47.045 INFO [http-nio-1000-exec-13] org.apache.catalina.core.ApplicationContext.log Manager: list: Listing contexts for virtual host 'localhost'
09-May-2018 10:08:36.256 INFO [http-nio-1000-exec-11] org.apache.catalina.core.ApplicationContext.log Manager: list: Listing contexts for virtual host 'localhost'
09-May-2018 10:10:33.831 INFO [http-nio-1000-exec-18] org.apache.catalina.core.ApplicationContext.log Manager: list: Listing contexts for virtual host 'localhost'
09-May-2018 10:10:51.047 INFO [http-nio-1000-exec-12] org.apache.catalina.core.ApplicationContext.log Manager: list: Listing contexts for virtual host 'localhost'
09-May-2018 10:10:58.091 INFO [http-nio-1000-exec-18] org.apache.catalina.core.ApplicationContext.log Manager: list: Listing contexts for virtual host 'localhost'
09-May-2018 10:10:58.094 INFO [http-nio-1000-exec-17] org.apache.catalina.core.ApplicationContext.log Manager: list: Listing contexts for virtual host 'localhost'
09-May-2018 10:11:06.589 INFO [http-nio-1000-exec-18] org.apache.catalina.core.ApplicationContext.log Manager: list: Listing contexts for virtual host 'localhost'
09-May-2018 10:11:06.592 INFO [http-nio-1000-exec-17] org.apache.catalina.core.ApplicationContext.log Manager: list: Listing contexts for virtual host 'localhost'
09-May-2018 10:13:44.923 INFO [http-nio-1000-exec-13] org.apache.catalina.core.ApplicationContext.log Manager: list: Listing contexts for virtual host 'localhost'
09-May-2018 10:13:52.276 INFO [http-nio-1000-exec-11] org.apache.catalina.core.ApplicationContext.log Manager: list: Listing contexts for virtual host 'localhost'
09-May-2018 10:13:52.280 INFO [http-nio-1000-exec-14] org.apache.catalina.core.ApplicationContext.log Manager: list: Listing contexts for virtual host 'localhost'
09-May-2018 10:16:24.048 INFO [http-nio-1000-exec-12] org.apache.catalina.core.ApplicationContext.log Manager: list: Listing contexts for virtual host 'localhost'
09-May-2018 10:16:33.165 INFO [http-nio-1000-exec-15] org.apache.catalina.core.ApplicationContext.log Manager: list: Listing contexts for virtual host 'localhost'
09-May-2018 10:16:33.170 INFO [http-nio-1000-exec-13] org.apache.catalina.core.ApplicationContext.log Manager: list: Listing contexts for virtual host 'localhost'
09-May-2018 10:17:55.039 INFO [http-nio-1000-exec-16] org.apache.catalina.core.ApplicationContext.log Manager: list: Listing contexts for virtual host 'localhost'
09-May-2018 10:18:01.897 INFO [http-nio-1000-exec-18] org.apache.catalina.core.ApplicationContext.log Manager: list: Listing contexts for virtual host 'localhost'
09-May-2018 10:18:01.901 INFO [http-nio-1000-exec-20] org.apache.catalina.core.ApplicationContext.log Manager: list: Listing contexts for virtual host 'localhost'
09-May-2018 10:18:57.100 INFO [http-nio-1000-exec-13] org.apache.catalina.core.ApplicationContext.log Manager: list: Listing contexts for virtual host 'localhost'
09-May-2018 10:19:01.276 INFO [http-nio-1000-exec-16] org.apache.catalina.core.ApplicationContext.log Manager: list: Listing contexts for virtual host 'localhost'
09-May-2018 10:19:01.280 INFO [http-nio-1000-exec-13] org.apache.catalina.core.ApplicationContext.log Manager: list: Listing contexts for virtual host 'localhost'
09-May-2018 10:19:52.253 INFO [http-nio-1000-exec-13] org.apache.catalina.core.ApplicationContext.log Manager: list: Listing contexts for virtual host 'localhost'
09-May-2018 10:22:46.667 INFO [http-nio-1000-exec-15] org.apache.catalina.core.ApplicationContext.log Manager: list: Listing contexts for virtual host 'localhost'
09-May-2018 10:22:51.381 INFO [http-nio-1000-exec-11] org.apache.catalina.core.ApplicationContext.log Manager: list: Listing contexts for virtual host 'localhost'
09-May-2018 10:23:02.439 INFO [http-nio-1000-exec-17] org.apache.catalina.core.ApplicationContext.log Manager: list: Listing contexts for virtual host 'localhost'
09-May-2018 10:23:02.443 INFO [http-nio-1000-exec-18] org.apache.catalina.core.ApplicationContext.log Manager: list: Listing contexts for virtual host 'localhost'
09-May-2018 10:23:37.923 INFO [http-nio-1000-exec-19] org.apache.catalina.core.ApplicationContext.log Manager: list: Listing contexts for virtual host 'localhost'
09-May-2018 10:23:37.926 INFO [http-nio-1000-exec-12] org.apache.catalina.core.ApplicationContext.log Manager: list: Listing contexts for virtual host 'localhost'
09-May-2018 10:24:18.775 INFO [http-nio-1000-exec-20] org.apache.catalina.core.ApplicationContext.log Manager: list: Listing contexts for virtual host 'localhost'
09-May-2018 10:24:23.733 INFO [http-nio-1000-exec-18] org.apache.catalina.core.ApplicationContext.log Manager: list: Listing contexts for virtual host 'localhost'
09-May-2018 10:24:32.368 INFO [http-nio-1000-exec-16] org.apache.catalina.core.ApplicationContext.log Manager: list: Listing contexts for virtual host 'localhost'
09-May-2018 10:24:32.371 INFO [http-nio-1000-exec-12] org.apache.catalina.core.ApplicationContext.log Manager: list: Listing contexts for virtual host 'localhost'
09-May-2018 10:29:50.460 INFO [http-nio-1000-exec-11] org.apache.catalina.core.ApplicationContext.log Manager: list: Listing contexts for virtual host 'localhost'
09-May-2018 10:29:59.012 INFO [http-nio-1000-exec-20] org.apache.catalina.core.ApplicationContext.log Manager: list: Listing contexts for virtual host 'localhost'
09-May-2018 10:29:59.016 INFO [http-nio-1000-exec-17] org.apache.catalina.core.ApplicationContext.log Manager: list: Listing contexts for virtual host 'localhost'
09-May-2018 10:32:06.242 INFO [http-nio-1000-exec-14] org.apache.catalina.core.ApplicationContext.log Manager: list: Listing contexts for virtual host 'localhost'
09-May-2018 10:32:09.739 INFO [http-nio-1000-exec-17] org.apache.catalina.core.ApplicationContext.log Manager: list: Listing contexts for virtual host 'localhost'
09-May-2018 10:32:09.743 INFO [http-nio-1000-exec-14] org.apache.catalina.core.ApplicationContext.log Manager: list: Listing contexts for virtual host 'localhost'
09-May-2018 10:32:47.417 INFO [http-nio-1000-exec-20] org.apache.catalina.core.ApplicationContext.log Manager: list: Listing contexts for virtual host 'localhost'
09-May-2018 10:32:51.357 INFO [http-nio-1000-exec-11] org.apache.catalina.core.ApplicationContext.log Manager: list: Listing contexts for virtual host 'localhost'
09-May-2018 10:32:51.360 INFO [http-nio-1000-exec-20] org.apache.catalina.core.ApplicationContext.log Manager: list: Listing contexts for virtual host 'localhost'
09-May-2018 10:33:09.679 INFO [http-nio-1000-exec-20] org.apache.catalina.core.ApplicationContext.log Manager: list: Listing contexts for virtual host 'localhost'
09-May-2018 10:33:25.252 INFO [http-nio-1000-exec-11] org.apache.catalina.core.ApplicationContext.log Manager: list: Listing contexts for virtual host 'localhost'
09-May-2018 10:33:48.242 INFO [http-nio-1000-exec-13] org.apache.catalina.core.ApplicationContext.log Manager: list: Listing contexts for virtual host 'localhost'
09-May-2018 10:34:14.631 INFO [http-nio-1000-exec-12] org.apache.catalina.core.ApplicationContext.log Manager: list: Listing contexts for virtual host 'localhost'
09-May-2018 10:34:45.560 INFO [http-nio-1000-exec-14] org.apache.catalina.core.ApplicationContext.log Manager: list: Listing contexts for virtual host 'localhost'
09-May-2018 10:36:51.258 INFO [http-nio-1000-exec-16] org.apache.catalina.core.ApplicationContext.log Manager: list: Listing contexts for virtual host 'localhost'
09-May-2018 10:42:46.740 INFO [http-nio-1000-exec-15] org.apache.catalina.core.ApplicationContext.log Manager: list: Listing contexts for virtual host 'localhost'
09-May-2018 10:43:16.618 INFO [http-nio-1000-exec-13] org.apache.catalina.core.ApplicationContext.log Manager: list: Listing contexts for virtual host 'localhost'
09-May-2018 10:43:16.621 INFO [http-nio-1000-exec-20] org.apache.catalina.core.ApplicationContext.log Manager: list: Listing contexts for virtual host 'localhost'
09-May-2018 10:44:34.492 INFO [http-nio-1000-exec-14] org.apache.catalina.core.ApplicationContext.log Manager: list: Listing contexts for virtual host 'localhost'
09-May-2018 10:45:02.296 INFO [http-nio-1000-exec-15] org.apache.catalina.core.ApplicationContext.log Manager: list: Listing contexts for virtual host 'localhost'
09-May-2018 10:45:59.843 INFO [http-nio-1000-exec-12] org.apache.catalina.core.ApplicationContext.log Manager: list: Listing contexts for virtual host 'localhost'
09-May-2018 10:46:10.733 INFO [http-nio-1000-exec-18] org.apache.catalina.core.ApplicationContext.log Manager: list: Listing contexts for virtual host 'localhost'
09-May-2018 10:47:19.513 INFO [http-nio-1000-exec-20] org.apache.catalina.core.ApplicationContext.log Manager: list: Listing contexts for virtual host 'localhost'
09-May-2018 10:47:19.518 INFO [http-nio-1000-exec-14] org.apache.catalina.core.ApplicationContext.log Manager: list: Listing contexts for virtual host 'localhost'
09-May-2018 10:48:08.230 INFO [http-nio-1000-exec-14] org.apache.catalina.core.ApplicationContext.log Manager: list: Listing contexts for virtual host 'localhost'
09-May-2018 10:48:39.001 INFO [http-nio-1000-exec-17] org.apache.catalina.core.ApplicationContext.log Manager: list: Listing contexts for virtual host 'localhost'
09-May-2018 10:48:42.944 INFO [http-nio-1000-exec-13] org.apache.catalina.core.ApplicationContext.log Manager: list: Listing contexts for virtual host 'localhost'
09-May-2018 10:48:42.947 INFO [http-nio-1000-exec-17] org.apache.catalina.core.ApplicationContext.log Manager: list: Listing contexts for virtual host 'localhost'
09-May-2018 10:48:59.301 INFO [http-nio-1000-exec-16] org.apache.catalina.core.ApplicationContext.log Manager: list: Listing contexts for virtual host 'localhost'
09-May-2018 10:49:09.466 INFO [http-nio-1000-exec-20] org.apache.catalina.core.ApplicationContext.log Manager: list: Listing contexts for virtual host 'localhost'
09-May-2018 10:49:09.470 INFO [http-nio-1000-exec-18] org.apache.catalina.core.ApplicationContext.log Manager: list: Listing contexts for virtual host 'localhost'
09-May-2018 10:51:16.635 INFO [http-nio-1000-exec-20] org.apache.catalina.core.ApplicationContext.log Manager: list: Listing contexts for virtual host 'localhost'
09-May-2018 10:51:19.473 INFO [http-nio-1000-exec-18] org.apache.catalina.core.ApplicationContext.log Manager: list: Listing contexts for virtual host 'localhost'
09-May-2018 10:51:19.477 INFO [http-nio-1000-exec-16] org.apache.catalina.core.ApplicationContext.log Manager: list: Listing contexts for virtual host 'localhost'
09-May-2018 10:51:27.315 INFO [http-nio-1000-exec-11] org.apache.catalina.core.ApplicationContext.log Manager: list: Listing contexts for virtual host 'localhost'
09-May-2018 10:51:27.318 INFO [http-nio-1000-exec-18] org.apache.catalina.core.ApplicationContext.log Manager: list: Listing contexts for virtual host 'localhost'
09-May-2018 10:54:19.546 INFO [http-nio-1000-exec-14] org.apache.catalina.core.ApplicationContext.log Manager: list: Listing contexts for virtual host 'localhost'
09-May-2018 10:54:27.976 INFO [http-nio-1000-exec-13] org.apache.catalina.core.ApplicationContext.log Manager: list: Listing contexts for virtual host 'localhost'
09-May-2018 10:54:33.236 INFO [http-nio-1000-exec-13] org.apache.catalina.core.ApplicationContext.log Manager: list: Listing contexts for virtual host 'localhost'
09-May-2018 10:54:33.240 INFO [http-nio-1000-exec-16] org.apache.catalina.core.ApplicationContext.log Manager: list: Listing contexts for virtual host 'localhost'
09-May-2018 10:56:50.396 INFO [http-nio-1000-exec-14] org.apache.catalina.core.ApplicationContext.log Manager: list: Listing contexts for virtual host 'localhost'
09-May-2018 10:56:54.925 INFO [http-nio-1000-exec-15] org.apache.catalina.core.ApplicationContext.log Manager: list: Listing contexts for virtual host 'localhost'
09-May-2018 10:57:01.242 INFO [http-nio-1000-exec-13] org.apache.catalina.core.ApplicationContext.log Manager: list: Listing contexts for virtual host 'localhost'
09-May-2018 10:57:01.245 INFO [http-nio-1000-exec-15] org.apache.catalina.core.ApplicationContext.log Manager: list: Listing contexts for virtual host 'localhost'
09-May-2018 10:57:40.781 INFO [http-nio-1000-exec-14] org.apache.catalina.core.ApplicationContext.log Manager: list: Listing contexts for virtual host 'localhost'
09-May-2018 10:57:44.080 INFO [http-nio-1000-exec-12] org.apache.catalina.core.ApplicationContext.log Manager: list: Listing contexts for virtual host 'localhost'
09-May-2018 10:57:44.083 INFO [http-nio-1000-exec-18] org.apache.catalina.core.ApplicationContext.log Manager: list: Listing contexts for virtual host 'localhost'
09-May-2018 10:58:37.897 INFO [http-nio-1000-exec-15] org.apache.catalina.core.ApplicationContext.log Manager: list: Listing contexts for virtual host 'localhost'
09-May-2018 10:58:40.201 INFO [http-nio-1000-exec-11] org.apache.catalina.core.ApplicationContext.log Manager: list: Listing contexts for virtual host 'localhost'
09-May-2018 10:58:40.205 INFO [http-nio-1000-exec-19] org.apache.catalina.core.ApplicationContext.log Manager: list: Listing contexts for virtual host 'localhost'
09-May-2018 11:05:06.731 INFO [http-nio-1000-exec-16] org.apache.catalina.core.ApplicationContext.log Manager: list: Listing contexts for virtual host 'localhost'
09-May-2018 11:06:58.649 INFO [http-nio-1000-exec-18] org.apache.catalina.core.ApplicationContext.log Manager: list: Listing contexts for virtual host 'localhost'
09-May-2018 11:07:03.284 INFO [http-nio-1000-exec-17] org.apache.catalina.core.ApplicationContext.log Manager: list: Listing contexts for virtual host 'localhost'
09-May-2018 11:07:03.288 INFO [http-nio-1000-exec-16] org.apache.catalina.core.ApplicationContext.log Manager: list: Listing contexts for virtual host 'localhost'
09-May-2018 11:09:26.666 INFO [http-nio-1000-exec-14] org.apache.catalina.core.ApplicationContext.log Manager: list: Listing contexts for virtual host 'localhost'
09-May-2018 11:10:09.759 INFO [http-nio-1000-exec-15] org.apache.catalina.core.ApplicationContext.log Manager: list: Listing contexts for virtual host 'localhost'
09-May-2018 11:10:20.190 INFO [http-nio-1000-exec-17] org.apache.catalina.core.ApplicationContext.log Manager: list: Listing contexts for virtual host 'localhost'
09-May-2018 11:10:20.193 INFO [http-nio-1000-exec-15] org.apache.catalina.core.ApplicationContext.log Manager: list: Listing contexts for virtual host 'localhost'
09-May-2018 11:11:21.116 INFO [http-nio-1000-exec-17] org.apache.catalina.core.ApplicationContext.log Manager: list: Listing contexts for virtual host 'localhost'
09-May-2018 11:14:55.758 INFO [http-nio-1000-exec-18] org.apache.catalina.core.ApplicationContext.log Manager: list: Listing contexts for virtual host 'localhost'
09-May-2018 11:14:58.602 INFO [http-nio-1000-exec-13] org.apache.catalina.core.ApplicationContext.log Manager: list: Listing contexts for virtual host 'localhost'
09-May-2018 11:14:58.605 INFO [http-nio-1000-exec-11] org.apache.catalina.core.ApplicationContext.log Manager: list: Listing contexts for virtual host 'localhost'
09-May-2018 11:15:04.515 INFO [http-nio-1000-exec-18] org.apache.catalina.core.ApplicationContext.log Manager: list: Listing contexts for virtual host 'localhost'
09-May-2018 11:15:04.518 INFO [http-nio-1000-exec-13] org.apache.catalina.core.ApplicationContext.log Manager: list: Listing contexts for virtual host 'localhost'
09-May-2018 11:17:13.152 INFO [http-nio-1000-exec-20] org.apache.catalina.core.ApplicationContext.log Manager: list: Listing contexts for virtual host 'localhost'
09-May-2018 11:17:15.392 INFO [http-nio-1000-exec-12] org.apache.catalina.core.ApplicationContext.log Manager: list: Listing contexts for virtual host 'localhost'
09-May-2018 11:17:15.396 INFO [http-nio-1000-exec-19] org.apache.catalina.core.ApplicationContext.log Manager: list: Listing contexts for virtual host 'localhost'
09-May-2018 11:18:43.013 INFO [http-nio-1000-exec-11] org.apache.catalina.core.ApplicationContext.log Manager: list: Listing contexts for virtual host 'localhost'
09-May-2018 11:19:52.151 INFO [http-nio-1000-exec-13] org.apache.catalina.core.ApplicationContext.log Manager: list: Listing contexts for virtual host 'localhost'
09-May-2018 11:19:57.281 INFO [http-nio-1000-exec-20] org.apache.catalina.core.ApplicationContext.log Manager: list: Listing contexts for virtual host 'localhost'
09-May-2018 11:19:57.285 INFO [http-nio-1000-exec-13] org.apache.catalina.core.ApplicationContext.log Manager: list: Listing contexts for virtual host 'localhost'
09-May-2018 11:23:06.727 INFO [http-nio-1000-exec-20] org.apache.catalina.core.ApplicationContext.log Manager: list: Listing contexts for virtual host 'localhost'
09-May-2018 11:23:39.899 INFO [http-nio-1000-exec-14] org.apache.catalina.core.ApplicationContext.log Manager: list: Listing contexts for virtual host 'localhost'
09-May-2018 11:23:39.938 INFO [http-nio-1000-exec-12] org.apache.catalina.core.ApplicationContext.log Manager: stop: Stopping web application '/WebThiTuLuan'
09-May-2018 11:23:40.342 INFO [http-nio-1000-exec-20] org.apache.catalina.core.ApplicationContext.log Manager: start: Starting web application '/WebThiTuLuan'
09-May-2018 11:23:42.420 INFO [http-nio-1000-exec-15] org.apache.catalina.core.ApplicationContext.log Manager: list: Listing contexts for virtual host 'localhost'
09-May-2018 11:23:42.433 INFO [http-nio-1000-exec-16] org.apache.catalina.core.ApplicationContext.log Manager: stop: Stopping web application '/WebThiTuLuan'
09-May-2018 11:23:42.452 INFO [http-nio-1000-exec-16] org.apache.catalina.core.ApplicationContext.log Manager: start: Starting web application '/WebThiTuLuan'
09-May-2018 11:30:40.894 INFO [http-nio-1000-exec-23] org.apache.catalina.core.ApplicationContext.log Manager: list: Listing contexts for virtual host 'localhost'
09-May-2018 11:30:53.470 INFO [http-nio-1000-exec-25] org.apache.catalina.core.ApplicationContext.log Manager: list: Listing contexts for virtual host 'localhost'
09-May-2018 11:30:53.473 INFO [http-nio-1000-exec-24] org.apache.catalina.core.ApplicationContext.log Manager: list: Listing contexts for virtual host 'localhost'
09-May-2018 11:30:53.534 INFO [http-nio-1000-exec-27] org.apache.catalina.core.ApplicationContext.log Manager: stop: Stopping web application '/WebThiTuLuan'
09-May-2018 11:30:53.547 INFO [http-nio-1000-exec-18] org.apache.catalina.core.ApplicationContext.log Manager: start: Starting web application '/WebThiTuLuan'
09-May-2018 11:34:27.843 INFO [http-nio-1000-exec-32] org.apache.catalina.core.ApplicationContext.log Manager: list: Listing contexts for virtual host 'localhost'
09-May-2018 11:34:27.855 INFO [http-nio-1000-exec-35] org.apache.catalina.core.ApplicationContext.log Manager: restart: Reloading web application '/WebThiTuLuan'
09-May-2018 11:38:01.079 INFO [http-nio-1000-exec-44] org.apache.catalina.core.ApplicationContext.log Manager: list: Listing contexts for virtual host 'localhost'
09-May-2018 11:38:01.094 INFO [http-nio-1000-exec-46] org.apache.catalina.core.ApplicationContext.log Manager: restart: Reloading web application '/WebThiTuLuan'
09-May-2018 11:38:03.700 INFO [http-nio-1000-exec-46] org.apache.catalina.core.ApplicationContext.log Manager: list: Listing contexts for virtual host 'localhost'
09-May-2018 11:38:03.717 INFO [http-nio-1000-exec-42] org.apache.catalina.core.ApplicationContext.log Manager: restart: Reloading web application '/WebThiTuLuan'
09-May-2018 11:43:36.430 INFO [http-nio-1000-exec-48] org.apache.catalina.core.ApplicationContext.log Manager: list: Listing contexts for virtual host 'localhost'
09-May-2018 11:43:36.440 INFO [http-nio-1000-exec-49] org.apache.catalina.core.ApplicationContext.log Manager: restart: Reloading web application '/WebThiTuLuan'
09-May-2018 11:44:51.641 INFO [http-nio-1000-exec-52] org.apache.catalina.core.ApplicationContext.log Manager: list: Listing contexts for virtual host 'localhost'
09-May-2018 11:45:00.985 INFO [http-nio-1000-exec-57] org.apache.catalina.core.ApplicationContext.log Manager: list: Listing contexts for virtual host 'localhost'
09-May-2018 11:45:01.003 INFO [http-nio-1000-exec-41] org.apache.catalina.core.ApplicationContext.log Manager: restart: Reloading web application '/WebThiTuLuan'
09-May-2018 11:45:01.669 INFO [http-nio-1000-exec-55] org.apache.catalina.core.ApplicationContext.log Manager: list: Listing contexts for virtual host 'localhost'
09-May-2018 11:45:01.678 INFO [http-nio-1000-exec-44] org.apache.catalina.core.ApplicationContext.log Manager: restart: Reloading web application '/WebThiTuLuan'
09-May-2018 11:45:08.314 INFO [http-nio-1000-exec-50] org.apache.catalina.core.ApplicationContext.log Manager: list: Listing contexts for virtual host 'localhost'
09-May-2018 11:45:08.323 INFO [http-nio-1000-exec-49] org.apache.catalina.core.ApplicationContext.log Manager: restart: Reloading web application '/WebThiTuLuan'
09-May-2018 11:46:47.522 INFO [http-nio-1000-exec-50] org.apache.catalina.core.ApplicationContext.log Manager: list: Listing contexts for virtual host 'localhost'
09-May-2018 11:46:47.531 INFO [http-nio-1000-exec-56] org.apache.catalina.core.ApplicationContext.log Manager: restart: Reloading web application '/WebThiTuLuan'
09-May-2018 11:47:19.350 INFO [http-nio-1000-exec-58] org.apache.catalina.core.ApplicationContext.log Manager: list: Listing contexts for virtual host 'localhost'
09-May-2018 11:47:40.278 INFO [http-nio-1000-exec-55] org.apache.catalina.core.ApplicationContext.log Manager: list: Listing contexts for virtual host 'localhost'
09-May-2018 11:47:52.642 INFO [http-nio-1000-exec-60] org.apache.catalina.core.ApplicationContext.log Manager: list: Listing contexts for virtual host 'localhost'
09-May-2018 11:52:27.305 INFO [http-nio-1000-exec-61] org.apache.catalina.core.ApplicationContext.log Manager: list: Listing contexts for virtual host 'localhost'
09-May-2018 11:54:50.622 INFO [http-nio-1000-exec-68] org.apache.catalina.core.ApplicationContext.log Manager: list: Listing contexts for virtual host 'localhost'
09-May-2018 11:55:01.629 INFO [http-nio-1000-exec-66] org.apache.catalina.core.ApplicationContext.log Manager: list: Listing contexts for virtual host 'localhost'
09-May-2018 11:58:19.073 INFO [http-nio-1000-exec-67] org.apache.catalina.core.ApplicationContext.log Manager: list: Listing contexts for virtual host 'localhost'
09-May-2018 11:58:19.087 INFO [http-nio-1000-exec-68] org.apache.catalina.core.ApplicationContext.log Manager: stop: Stopping web application '/WebThiTuLuan'
09-May-2018 11:58:19.104 INFO [http-nio-1000-exec-66] org.apache.catalina.core.ApplicationContext.log Manager: start: Starting web application '/WebThiTuLuan'
09-May-2018 11:58:20.650 INFO [http-nio-1000-exec-69] org.apache.catalina.core.ApplicationContext.log Manager: list: Listing contexts for virtual host 'localhost'
09-May-2018 11:58:20.660 INFO [http-nio-1000-exec-61] org.apache.catalina.core.ApplicationContext.log Manager: restart: Reloading web application '/WebThiTuLuan'
09-May-2018 11:59:10.454 INFO [http-nio-1000-exec-67] org.apache.catalina.core.ApplicationContext.log Manager: list: Listing contexts for virtual host 'localhost'
09-May-2018 11:59:10.464 INFO [http-nio-1000-exec-72] org.apache.catalina.core.ApplicationContext.log Manager: restart: Reloading web application '/WebThiTuLuan'
09-May-2018 11:59:30.271 INFO [http-nio-1000-exec-66] org.apache.catalina.core.ApplicationContext.log Manager: list: Listing contexts for virtual host 'localhost'
09-May-2018 11:59:30.280 INFO [http-nio-1000-exec-65] org.apache.catalina.core.ApplicationContext.log Manager: restart: Reloading web application '/WebThiTuLuan'
09-May-2018 12:00:37.327 INFO [http-nio-1000-exec-64] org.apache.catalina.core.ApplicationContext.log Manager: list: Listing contexts for virtual host 'localhost'
09-May-2018 12:00:51.093 INFO [http-nio-1000-exec-77] org.apache.catalina.core.ApplicationContext.log Manager: list: Listing contexts for virtual host 'localhost'
09-May-2018 12:01:43.663 INFO [http-nio-1000-exec-69] org.apache.catalina.core.ApplicationContext.log Manager: list: Listing contexts for virtual host 'localhost'
09-May-2018 12:01:59.248 INFO [http-nio-1000-exec-61] org.apache.catalina.core.ApplicationContext.log Manager: list: Listing contexts for virtual host 'localhost'
09-May-2018 12:06:48.792 INFO [http-nio-1000-exec-79] org.apache.catalina.core.ApplicationContext.log Manager: list: Listing contexts for virtual host 'localhost'
09-May-2018 12:06:48.804 INFO [http-nio-1000-exec-80] org.apache.catalina.core.ApplicationContext.log Manager: restart: Reloading web application '/WebThiTuLuan'
09-May-2018 12:08:03.662 INFO [http-nio-1000-exec-3] org.apache.catalina.core.ApplicationContext.log Manager: init: Associated with Deployer 'Catalina:type=Deployer,host=localhost'
09-May-2018 12:08:03.663 INFO [http-nio-1000-exec-3] org.apache.catalina.core.ApplicationContext.log Manager: init: Global resources are available
09-May-2018 12:08:07.098 INFO [http-nio-1000-exec-4] org.apache.catalina.core.ApplicationContext.log Manager: list: Listing contexts for virtual host 'localhost'
09-May-2018 12:08:07.102 INFO [http-nio-1000-exec-6] org.apache.catalina.core.ApplicationContext.log Manager: list: Listing contexts for virtual host 'localhost'
09-May-2018 12:08:07.128 INFO [http-nio-1000-exec-8] org.apache.catalina.core.ApplicationContext.log Manager: undeploy: Undeploying web application at '/WebThiTuLuan'
09-May-2018 12:08:07.861 INFO [http-nio-1000-exec-7] org.apache.catalina.core.ApplicationContext.log Manager: install: Installing context configuration at 'file:/C:/Users/Rio.Rai/AppData/Local/Temp/context8653674949727425845.xml'
09-May-2018 12:08:08.069 INFO [http-nio-1000-exec-4] org.apache.catalina.core.ApplicationContext.log Manager: start: Starting web application '/WebThiTuLuan'
09-May-2018 12:09:28.766 INFO [http-nio-1000-exec-12] org.apache.catalina.core.ApplicationContext.log Manager: list: Listing contexts for virtual host 'localhost'
09-May-2018 12:09:40.699 INFO [http-nio-1000-exec-18] org.apache.catalina.core.ApplicationContext.log Manager: list: Listing contexts for virtual host 'localhost'
09-May-2018 12:09:45.736 INFO [http-nio-1000-exec-14] org.apache.catalina.core.ApplicationContext.log Manager: list: Listing contexts for virtual host 'localhost'
09-May-2018 12:09:45.740 INFO [http-nio-1000-exec-17] org.apache.catalina.core.ApplicationContext.log Manager: list: Listing contexts for virtual host 'localhost'
09-May-2018 12:10:06.731 INFO [http-nio-1000-exec-20] org.apache.catalina.core.ApplicationContext.log Manager: list: Listing contexts for virtual host 'localhost'
09-May-2018 12:10:27.591 INFO [http-nio-1000-exec-15] org.apache.catalina.core.ApplicationContext.log Manager: list: Listing contexts for virtual host 'localhost'
09-May-2018 12:10:27.594 INFO [http-nio-1000-exec-16] org.apache.catalina.core.ApplicationContext.log Manager: list: Listing contexts for virtual host 'localhost'
09-May-2018 12:10:27.604 INFO [http-nio-1000-exec-18] org.apache.catalina.core.ApplicationContext.log Manager: undeploy: Undeploying web application at '/WebThiTuLuan'
09-May-2018 12:10:28.129 INFO [http-nio-1000-exec-19] org.apache.catalina.core.ApplicationContext.log Manager: install: Installing context configuration at 'file:/C:/Users/Rio.Rai/AppData/Local/Temp/context2192125546160013424.xml'
09-May-2018 12:10:28.281 INFO [http-nio-1000-exec-14] org.apache.catalina.core.ApplicationContext.log Manager: start: Starting web application '/WebThiTuLuan'
09-May-2018 12:10:57.567 INFO [http-nio-1000-exec-21] org.apache.catalina.core.ApplicationContext.log Manager: list: Listing contexts for virtual host 'localhost'
09-May-2018 12:10:57.571 INFO [http-nio-1000-exec-14] org.apache.catalina.core.ApplicationContext.log Manager: list: Listing contexts for virtual host 'localhost'
09-May-2018 12:10:57.581 INFO [http-nio-1000-exec-11] org.apache.catalina.core.ApplicationContext.log Manager: undeploy: Undeploying web application at '/WebThiTuLuan'
09-May-2018 12:10:58.097 INFO [http-nio-1000-exec-14] org.apache.catalina.core.ApplicationContext.log Manager: install: Installing context configuration at 'file:/C:/Users/Rio.Rai/AppData/Local/Temp/context5365686288517588189.xml'
09-May-2018 12:10:58.284 INFO [http-nio-1000-exec-12] org.apache.catalina.core.ApplicationContext.log Manager: start: Starting web application '/WebThiTuLuan'
09-May-2018 12:14:26.090 INFO [http-nio-1000-exec-25] org.apache.catalina.core.ApplicationContext.log Manager: list: Listing contexts for virtual host 'localhost'
09-May-2018 12:14:49.623 INFO [http-nio-1000-exec-29] org.apache.catalina.core.ApplicationContext.log Manager: list: Listing contexts for virtual host 'localhost'
09-May-2018 12:15:12.002 INFO [http-nio-1000-exec-24] org.apache.catalina.core.ApplicationContext.log Manager: list: Listing contexts for virtual host 'localhost'
09-May-2018 12:15:12.005 INFO [http-nio-1000-exec-28] org.apache.catalina.core.ApplicationContext.log Manager: list: Listing contexts for virtual host 'localhost'
09-May-2018 12:16:08.946 INFO [http-nio-1000-exec-27] org.apache.catalina.core.ApplicationContext.log Manager: list: Listing contexts for virtual host 'localhost'
09-May-2018 12:16:22.996 INFO [http-nio-1000-exec-28] org.apache.catalina.core.ApplicationContext.log Manager: list: Listing contexts for virtual host 'localhost'
09-May-2018 12:16:22.999 INFO [http-nio-1000-exec-27] org.apache.catalina.core.ApplicationContext.log Manager: list: Listing contexts for virtual host 'localhost'
09-May-2018 12:19:42.627 INFO [http-nio-1000-exec-28] org.apache.catalina.core.ApplicationContext.log Manager: list: Listing contexts for virtual host 'localhost'
09-May-2018 12:20:01.739 INFO [http-nio-1000-exec-30] org.apache.catalina.core.ApplicationContext.log Manager: list: Listing contexts for virtual host 'localhost'
09-May-2018 12:20:01.743 INFO [http-nio-1000-exec-25] org.apache.catalina.core.ApplicationContext.log Manager: list: Listing contexts for virtual host 'localhost'
09-May-2018 12:20:01.756 INFO [http-nio-1000-exec-33] org.apache.catalina.core.ApplicationContext.log Manager: undeploy: Undeploying web application at '/WebThiTuLuan'
09-May-2018 12:20:02.280 INFO [http-nio-1000-exec-26] org.apache.catalina.core.ApplicationContext.log Manager: install: Installing context configuration at 'file:/C:/Users/Rio.Rai/AppData/Local/Temp/context2003016097492280475.xml'
09-May-2018 12:20:02.442 INFO [http-nio-1000-exec-29] org.apache.catalina.core.ApplicationContext.log Manager: start: Starting web application '/WebThiTuLuan'
09-May-2018 12:25:01.077 INFO [http-nio-1000-exec-34] org.apache.catalina.core.ApplicationContext.log Manager: list: Listing contexts for virtual host 'localhost'
09-May-2018 12:25:01.089 INFO [http-nio-1000-exec-37] org.apache.catalina.core.ApplicationContext.log Manager: restart: Reloading web application '/WebThiTuLuan'
09-May-2018 12:25:55.344 INFO [http-nio-1000-exec-36] org.apache.catalina.core.ApplicationContext.log Manager: list: Listing contexts for virtual host 'localhost'
09-May-2018 12:25:55.352 INFO [http-nio-1000-exec-34] org.apache.catalina.core.ApplicationContext.log Manager: restart: Reloading web application '/WebThiTuLuan'
09-May-2018 12:26:18.210 INFO [http-nio-1000-exec-41] org.apache.catalina.core.ApplicationContext.log Manager: list: Listing contexts for virtual host 'localhost'
09-May-2018 12:26:18.219 INFO [http-nio-1000-exec-36] org.apache.catalina.core.ApplicationContext.log Manager: restart: Reloading web application '/WebThiTuLuan'
09-May-2018 12:26:29.968 INFO [http-nio-1000-exec-31] org.apache.catalina.core.ApplicationContext.log Manager: list: Listing contexts for virtual host 'localhost'
09-May-2018 12:26:29.972 INFO [http-nio-1000-exec-38] org.apache.catalina.core.ApplicationContext.log Manager: list: Listing contexts for virtual host 'localhost'
09-May-2018 12:26:30.037 INFO [http-nio-1000-exec-37] org.apache.catalina.core.ApplicationContext.log Manager: restart: Reloading web application '/WebThiTuLuan'
