14-May-2018 13:17:32.760 INFO [http-nio-1000-exec-6] org.apache.catalina.core.ApplicationContext.log Manager: init: Associated with Deployer 'Catalina:type=Deployer,host=localhost'
14-May-2018 13:17:32.761 INFO [http-nio-1000-exec-6] org.apache.catalina.core.ApplicationContext.log Manager: init: Global resources are available
14-May-2018 13:17:33.641 INFO [http-nio-1000-exec-9] org.apache.catalina.core.ApplicationContext.log Manager: list: Listing contexts for virtual host 'localhost'
14-May-2018 13:17:33.646 INFO [http-nio-1000-exec-1] org.apache.catalina.core.ApplicationContext.log Manager: list: Listing contexts for virtual host 'localhost'
14-May-2018 13:22:48.719 INFO [http-nio-1000-exec-2] org.apache.catalina.core.ApplicationContext.log Manager: list: Listing contexts for virtual host 'localhost'
14-May-2018 13:27:11.334 INFO [http-nio-1000-exec-9] org.apache.catalina.core.ApplicationContext.log Manager: list: Listing contexts for virtual host 'localhost'
14-May-2018 13:27:11.351 INFO [http-nio-1000-exec-5] org.apache.catalina.core.ApplicationContext.log Manager: restart: Reloading web application '/WebThiTuLuan'
14-May-2018 13:27:12.295 INFO [http-nio-1000-exec-1] org.apache.catalina.core.ApplicationContext.log Manager: list: Listing contexts for virtual host 'localhost'
14-May-2018 13:27:12.307 INFO [http-nio-1000-exec-10] org.apache.catalina.core.ApplicationContext.log Manager: restart: Reloading web application '/WebThiTuLuan'
14-May-2018 13:33:46.939 INFO [http-nio-1000-exec-14] org.apache.catalina.core.ApplicationContext.log Manager: list: Listing contexts for virtual host 'localhost'
14-May-2018 13:33:46.951 INFO [http-nio-1000-exec-15] org.apache.catalina.core.ApplicationContext.log Manager: restart: Reloading web application '/WebThiTuLuan'
14-May-2018 13:33:51.441 INFO [http-nio-1000-exec-1] org.apache.catalina.core.ApplicationContext.log Manager: list: Listing contexts for virtual host 'localhost'
14-May-2018 13:33:51.451 INFO [http-nio-1000-exec-12] org.apache.catalina.core.ApplicationContext.log Manager: restart: Reloading web application '/WebThiTuLuan'
14-May-2018 13:37:22.401 INFO [http-nio-1000-exec-16] org.apache.catalina.core.ApplicationContext.log Manager: list: Listing contexts for virtual host 'localhost'
14-May-2018 13:37:22.416 INFO [http-nio-1000-exec-20] org.apache.catalina.core.ApplicationContext.log Manager: restart: Reloading web application '/WebThiTuLuan'
14-May-2018 13:37:53.927 INFO [http-nio-1000-exec-22] org.apache.catalina.core.ApplicationContext.log Manager: list: Listing contexts for virtual host 'localhost'
14-May-2018 13:37:53.939 INFO [http-nio-1000-exec-23] org.apache.catalina.core.ApplicationContext.log Manager: restart: Reloading web application '/WebThiTuLuan'
14-May-2018 13:38:42.440 INFO [http-nio-1000-exec-2] org.apache.catalina.core.ApplicationContext.log Manager: list: Listing contexts for virtual host 'localhost'
14-May-2018 13:38:42.451 INFO [http-nio-1000-exec-25] org.apache.catalina.core.ApplicationContext.log Manager: restart: Reloading web application '/WebThiTuLuan'
14-May-2018 13:40:31.159 INFO [http-nio-1000-exec-23] org.apache.catalina.core.ApplicationContext.log Manager: list: Listing contexts for virtual host 'localhost'
14-May-2018 13:40:31.172 INFO [http-nio-1000-exec-20] org.apache.catalina.core.ApplicationContext.log Manager: restart: Reloading web application '/WebThiTuLuan'
14-May-2018 13:52:45.622 INFO [http-nio-1000-exec-28] org.apache.catalina.core.ApplicationContext.log Manager: list: Listing contexts for virtual host 'localhost'
14-May-2018 13:52:45.631 INFO [http-nio-1000-exec-29] org.apache.catalina.core.ApplicationContext.log Manager: restart: Reloading web application '/WebThiTuLuan'
14-May-2018 13:59:28.643 INFO [http-nio-1000-exec-41] org.apache.catalina.core.ApplicationContext.log Manager: list: Listing contexts for virtual host 'localhost'
14-May-2018 13:59:28.654 INFO [http-nio-1000-exec-40] org.apache.catalina.core.ApplicationContext.log Manager: restart: Reloading web application '/WebThiTuLuan'
14-May-2018 13:59:28.837 INFO [http-nio-1000-exec-45] org.apache.catalina.core.ApplicationContext.log Manager: list: Listing contexts for virtual host 'localhost'
14-May-2018 13:59:28.847 INFO [http-nio-1000-exec-44] org.apache.catalina.core.ApplicationContext.log Manager: restart: Reloading web application '/WebThiTuLuan'
14-May-2018 13:59:57.551 INFO [http-nio-1000-exec-46] org.apache.catalina.core.ApplicationContext.log Manager: list: Listing contexts for virtual host 'localhost'
14-May-2018 13:59:57.561 INFO [http-nio-1000-exec-39] org.apache.catalina.core.ApplicationContext.log Manager: restart: Reloading web application '/WebThiTuLuan'
14-May-2018 14:00:47.354 INFO [http-nio-1000-exec-41] org.apache.catalina.core.ApplicationContext.log Manager: list: Listing contexts for virtual host 'localhost'
14-May-2018 14:00:47.364 INFO [http-nio-1000-exec-46] org.apache.catalina.core.ApplicationContext.log Manager: restart: Reloading web application '/WebThiTuLuan'
14-May-2018 14:01:05.975 INFO [http-nio-1000-exec-49] org.apache.catalina.core.ApplicationContext.log Manager: list: Listing contexts for virtual host 'localhost'
14-May-2018 14:01:05.988 INFO [http-nio-1000-exec-40] org.apache.catalina.core.ApplicationContext.log Manager: restart: Reloading web application '/WebThiTuLuan'
14-May-2018 14:04:31.199 INFO [http-nio-1000-exec-45] org.apache.catalina.core.ApplicationContext.log Manager: list: Listing contexts for virtual host 'localhost'
14-May-2018 14:04:31.209 INFO [http-nio-1000-exec-51] org.apache.catalina.core.ApplicationContext.log Manager: restart: Reloading web application '/WebThiTuLuan'
14-May-2018 14:14:42.909 INFO [http-nio-1000-exec-55] org.apache.catalina.core.ApplicationContext.log Manager: list: Listing contexts for virtual host 'localhost'
14-May-2018 14:14:42.973 INFO [http-nio-1000-exec-56] org.apache.catalina.core.ApplicationContext.log Manager: restart: Reloading web application '/WebThiTuLuan'
14-May-2018 14:17:03.327 INFO [http-nio-1000-exec-64] org.apache.catalina.core.ApplicationContext.log Manager: list: Listing contexts for virtual host 'localhost'
14-May-2018 14:17:23.831 INFO [http-nio-1000-exec-61] org.apache.catalina.core.ApplicationContext.log Manager: list: Listing contexts for virtual host 'localhost'
14-May-2018 14:17:23.841 INFO [http-nio-1000-exec-58] org.apache.catalina.core.ApplicationContext.log Manager: restart: Reloading web application '/WebThiTuLuan'
14-May-2018 14:18:29.721 INFO [http-nio-1000-exec-65] org.apache.catalina.core.ApplicationContext.log Manager: list: Listing contexts for virtual host 'localhost'
14-May-2018 14:25:47.145 INFO [http-nio-1000-exec-70] org.apache.catalina.core.ApplicationContext.log Manager: list: Listing contexts for virtual host 'localhost'
14-May-2018 14:29:01.027 INFO [http-nio-1000-exec-73] org.apache.catalina.core.ApplicationContext.log Manager: list: Listing contexts for virtual host 'localhost'
14-May-2018 14:29:03.409 INFO [http-nio-1000-exec-70] org.apache.catalina.core.ApplicationContext.log Manager: list: Listing contexts for virtual host 'localhost'
14-May-2018 14:29:10.533 INFO [http-nio-1000-exec-76] org.apache.catalina.core.ApplicationContext.log Manager: list: Listing contexts for virtual host 'localhost'
14-May-2018 14:29:10.539 INFO [http-nio-1000-exec-77] org.apache.catalina.core.ApplicationContext.log Manager: list: Listing contexts for virtual host 'localhost'
14-May-2018 14:29:10.713 INFO [http-nio-1000-exec-70] org.apache.catalina.core.ApplicationContext.log Manager: restart: Reloading web application '/WebThiTuLuan'
14-May-2018 14:30:09.613 INFO [http-nio-1000-exec-83] org.apache.catalina.core.ApplicationContext.log Manager: list: Listing contexts for virtual host 'localhost'
14-May-2018 14:30:11.264 INFO [http-nio-1000-exec-84] org.apache.catalina.core.ApplicationContext.log Manager: list: Listing contexts for virtual host 'localhost'
14-May-2018 14:30:13.271 INFO [http-nio-1000-exec-73] org.apache.catalina.core.ApplicationContext.log Manager: list: Listing contexts for virtual host 'localhost'
14-May-2018 14:30:13.275 INFO [http-nio-1000-exec-84] org.apache.catalina.core.ApplicationContext.log Manager: list: Listing contexts for virtual host 'localhost'
14-May-2018 14:31:44.038 INFO [http-nio-1000-exec-84] org.apache.catalina.core.ApplicationContext.log Manager: list: Listing contexts for virtual host 'localhost'
14-May-2018 14:37:58.671 INFO [http-nio-1000-exec-87] org.apache.catalina.core.ApplicationContext.log Manager: list: Listing contexts for virtual host 'localhost'
14-May-2018 14:38:36.956 INFO [http-nio-1000-exec-88] org.apache.catalina.core.ApplicationContext.log Manager: list: Listing contexts for virtual host 'localhost'
14-May-2018 14:38:57.021 INFO [http-nio-1000-exec-86] org.apache.catalina.core.ApplicationContext.log Manager: list: Listing contexts for virtual host 'localhost'
14-May-2018 14:38:59.444 INFO [http-nio-1000-exec-88] org.apache.catalina.core.ApplicationContext.log Manager: list: Listing contexts for virtual host 'localhost'
14-May-2018 14:39:02.883 INFO [http-nio-1000-exec-80] org.apache.catalina.core.ApplicationContext.log Manager: list: Listing contexts for virtual host 'localhost'
14-May-2018 14:39:02.886 INFO [http-nio-1000-exec-88] org.apache.catalina.core.ApplicationContext.log Manager: list: Listing contexts for virtual host 'localhost'
14-May-2018 14:41:35.032 INFO [http-nio-1000-exec-82] org.apache.catalina.core.ApplicationContext.log Manager: list: Listing contexts for virtual host 'localhost'
14-May-2018 14:41:37.236 INFO [http-nio-1000-exec-83] org.apache.catalina.core.ApplicationContext.log Manager: list: Listing contexts for virtual host 'localhost'
14-May-2018 14:41:42.774 INFO [http-nio-1000-exec-84] org.apache.catalina.core.ApplicationContext.log Manager: list: Listing contexts for virtual host 'localhost'
14-May-2018 14:41:42.777 INFO [http-nio-1000-exec-88] org.apache.catalina.core.ApplicationContext.log Manager: list: Listing contexts for virtual host 'localhost'
14-May-2018 14:42:54.275 INFO [http-nio-1000-exec-80] org.apache.catalina.core.ApplicationContext.log Manager: list: Listing contexts for virtual host 'localhost'
14-May-2018 14:43:03.718 INFO [http-nio-1000-exec-81] org.apache.catalina.core.ApplicationContext.log Manager: list: Listing contexts for virtual host 'localhost'
14-May-2018 14:43:03.721 INFO [http-nio-1000-exec-83] org.apache.catalina.core.ApplicationContext.log Manager: list: Listing contexts for virtual host 'localhost'
14-May-2018 14:45:25.794 INFO [http-nio-1000-exec-86] org.apache.catalina.core.ApplicationContext.log Manager: list: Listing contexts for virtual host 'localhost'
14-May-2018 14:45:55.939 INFO [http-nio-1000-exec-88] org.apache.catalina.core.ApplicationContext.log Manager: list: Listing contexts for virtual host 'localhost'
14-May-2018 14:45:55.943 INFO [http-nio-1000-exec-80] org.apache.catalina.core.ApplicationContext.log Manager: list: Listing contexts for virtual host 'localhost'
14-May-2018 14:47:12.493 INFO [http-nio-1000-exec-88] org.apache.catalina.core.ApplicationContext.log Manager: list: Listing contexts for virtual host 'localhost'
14-May-2018 14:47:12.504 INFO [http-nio-1000-exec-87] org.apache.catalina.core.ApplicationContext.log Manager: restart: Reloading web application '/WebThiTuLuan'
14-May-2018 14:47:33.742 INFO [http-nio-1000-exec-82] org.apache.catalina.core.ApplicationContext.log Manager: list: Listing contexts for virtual host 'localhost'
14-May-2018 14:47:33.747 INFO [http-nio-1000-exec-84] org.apache.catalina.core.ApplicationContext.log Manager: list: Listing contexts for virtual host 'localhost'
14-May-2018 14:47:33.829 INFO [http-nio-1000-exec-89] org.apache.catalina.core.ApplicationContext.log Manager: restart: Reloading web application '/WebThiTuLuan'
14-May-2018 14:49:35.142 INFO [http-nio-1000-exec-96] org.apache.catalina.core.ApplicationContext.log Manager: list: Listing contexts for virtual host 'localhost'
14-May-2018 14:49:35.146 INFO [http-nio-1000-exec-85] org.apache.catalina.core.ApplicationContext.log Manager: list: Listing contexts for virtual host 'localhost'
14-May-2018 14:52:19.833 INFO [http-nio-1000-exec-98] org.apache.catalina.core.ApplicationContext.log Manager: list: Listing contexts for virtual host 'localhost'
14-May-2018 14:52:21.640 INFO [http-nio-1000-exec-94] org.apache.catalina.core.ApplicationContext.log Manager: list: Listing contexts for virtual host 'localhost'
14-May-2018 14:52:31.379 INFO [http-nio-1000-exec-93] org.apache.catalina.core.ApplicationContext.log Manager: list: Listing contexts for virtual host 'localhost'
14-May-2018 14:54:59.454 INFO [http-nio-1000-exec-93] org.apache.catalina.core.ApplicationContext.log Manager: list: Listing contexts for virtual host 'localhost'
14-May-2018 15:06:01.436 INFO [http-nio-1000-exec-96] org.apache.catalina.core.ApplicationContext.log Manager: list: Listing contexts for virtual host 'localhost'
14-May-2018 15:06:01.446 INFO [http-nio-1000-exec-92] org.apache.catalina.core.ApplicationContext.log Manager: restart: Reloading web application '/WebThiTuLuan'
14-May-2018 15:06:45.644 INFO [http-nio-1000-exec-95] org.apache.catalina.core.ApplicationContext.log Manager: list: Listing contexts for virtual host 'localhost'
14-May-2018 15:06:45.658 INFO [http-nio-1000-exec-94] org.apache.catalina.core.ApplicationContext.log Manager: restart: Reloading web application '/WebThiTuLuan'
14-May-2018 15:06:47.338 INFO [http-nio-1000-exec-102] org.apache.catalina.core.ApplicationContext.log Manager: list: Listing contexts for virtual host 'localhost'
14-May-2018 15:06:47.341 INFO [http-nio-1000-exec-93] org.apache.catalina.core.ApplicationContext.log Manager: list: Listing contexts for virtual host 'localhost'
14-May-2018 15:06:47.410 INFO [http-nio-1000-exec-97] org.apache.catalina.core.ApplicationContext.log Manager: restart: Reloading web application '/WebThiTuLuan'
14-May-2018 15:19:37.178 INFO [http-nio-1000-exec-111] org.apache.catalina.core.ApplicationContext.log Manager: list: Listing contexts for virtual host 'localhost'
14-May-2018 15:19:37.191 INFO [http-nio-1000-exec-114] org.apache.catalina.core.ApplicationContext.log Manager: restart: Reloading web application '/WebThiTuLuan'
14-May-2018 15:19:37.564 INFO [http-nio-1000-exec-115] org.apache.catalina.core.ApplicationContext.log Manager: list: Listing contexts for virtual host 'localhost'
14-May-2018 15:19:37.586 INFO [http-nio-1000-exec-105] org.apache.catalina.core.ApplicationContext.log Manager: restart: Reloading web application '/WebThiTuLuan'
14-May-2018 15:23:37.320 INFO [http-nio-1000-exec-116] org.apache.catalina.core.ApplicationContext.log Manager: list: Listing contexts for virtual host 'localhost'
14-May-2018 15:23:37.332 INFO [http-nio-1000-exec-117] org.apache.catalina.core.ApplicationContext.log Manager: restart: Reloading web application '/WebThiTuLuan'
14-May-2018 15:23:52.134 INFO [http-nio-1000-exec-120] org.apache.catalina.core.ApplicationContext.log Manager: list: Listing contexts for virtual host 'localhost'
14-May-2018 15:23:52.143 INFO [http-nio-1000-exec-119] org.apache.catalina.core.ApplicationContext.log Manager: restart: Reloading web application '/WebThiTuLuan'
14-May-2018 15:30:07.534 INFO [http-nio-1000-exec-122] org.apache.catalina.core.ApplicationContext.log Manager: list: Listing contexts for virtual host 'localhost'
14-May-2018 15:32:19.220 INFO [http-nio-1000-exec-121] org.apache.catalina.core.ApplicationContext.log Manager: list: Listing contexts for virtual host 'localhost'
14-May-2018 15:34:14.271 INFO [http-nio-1000-exec-129] org.apache.catalina.core.ApplicationContext.log Manager: list: Listing contexts for virtual host 'localhost'
14-May-2018 15:35:41.936 INFO [http-nio-1000-exec-130] org.apache.catalina.core.ApplicationContext.log Manager: list: Listing contexts for virtual host 'localhost'
14-May-2018 15:36:01.032 INFO [http-nio-1000-exec-125] org.apache.catalina.core.ApplicationContext.log Manager: list: Listing contexts for virtual host 'localhost'
14-May-2018 15:36:26.042 INFO [http-nio-1000-exec-125] org.apache.catalina.core.ApplicationContext.log Manager: list: Listing contexts for virtual host 'localhost'
14-May-2018 15:37:25.353 INFO [http-nio-1000-exec-121] org.apache.catalina.core.ApplicationContext.log Manager: list: Listing contexts for virtual host 'localhost'
14-May-2018 15:40:35.436 INFO [http-nio-1000-exec-130] org.apache.catalina.core.ApplicationContext.log Manager: list: Listing contexts for virtual host 'localhost'
14-May-2018 15:40:56.262 INFO [http-nio-1000-exec-123] org.apache.catalina.core.ApplicationContext.log Manager: list: Listing contexts for virtual host 'localhost'
14-May-2018 15:41:46.022 INFO [http-nio-1000-exec-125] org.apache.catalina.core.ApplicationContext.log Manager: list: Listing contexts for virtual host 'localhost'
14-May-2018 15:43:34.505 INFO [http-nio-1000-exec-122] org.apache.catalina.core.ApplicationContext.log Manager: list: Listing contexts for virtual host 'localhost'
14-May-2018 15:47:56.761 INFO [http-nio-1000-exec-125] org.apache.catalina.core.ApplicationContext.log Manager: list: Listing contexts for virtual host 'localhost'
14-May-2018 15:48:22.445 INFO [http-nio-1000-exec-124] org.apache.catalina.core.ApplicationContext.log Manager: list: Listing contexts for virtual host 'localhost'
14-May-2018 15:51:15.746 INFO [http-nio-1000-exec-124] org.apache.catalina.core.ApplicationContext.log Manager: list: Listing contexts for virtual host 'localhost'
14-May-2018 15:52:16.288 INFO [http-nio-1000-exec-124] org.apache.catalina.core.ApplicationContext.log Manager: list: Listing contexts for virtual host 'localhost'
14-May-2018 15:53:01.250 INFO [http-nio-1000-exec-124] org.apache.catalina.core.ApplicationContext.log Manager: list: Listing contexts for virtual host 'localhost'
14-May-2018 16:08:27.582 INFO [http-nio-1000-exec-128] org.apache.catalina.core.ApplicationContext.log Manager: list: Listing contexts for virtual host 'localhost'
14-May-2018 16:10:15.723 INFO [http-nio-1000-exec-128] org.apache.catalina.core.ApplicationContext.log Manager: list: Listing contexts for virtual host 'localhost'
14-May-2018 16:13:30.485 INFO [http-nio-1000-exec-121] org.apache.catalina.core.ApplicationContext.log Manager: list: Listing contexts for virtual host 'localhost'
14-May-2018 16:13:42.526 INFO [http-nio-1000-exec-128] org.apache.catalina.core.ApplicationContext.log Manager: list: Listing contexts for virtual host 'localhost'
14-May-2018 16:16:52.713 INFO [http-nio-1000-exec-130] org.apache.catalina.core.ApplicationContext.log Manager: list: Listing contexts for virtual host 'localhost'
14-May-2018 16:18:55.437 INFO [http-nio-1000-exec-124] org.apache.catalina.core.ApplicationContext.log Manager: list: Listing contexts for virtual host 'localhost'
14-May-2018 16:20:09.564 INFO [http-nio-1000-exec-122] org.apache.catalina.core.ApplicationContext.log Manager: list: Listing contexts for virtual host 'localhost'
14-May-2018 16:20:29.095 INFO [http-nio-1000-exec-129] org.apache.catalina.core.ApplicationContext.log Manager: list: Listing contexts for virtual host 'localhost'
14-May-2018 16:22:23.654 INFO [http-nio-1000-exec-123] org.apache.catalina.core.ApplicationContext.log Manager: list: Listing contexts for virtual host 'localhost'
14-May-2018 16:23:26.895 INFO [http-nio-1000-exec-127] org.apache.catalina.core.ApplicationContext.log Manager: list: Listing contexts for virtual host 'localhost'
14-May-2018 16:28:51.543 INFO [http-nio-1000-exec-124] org.apache.catalina.core.ApplicationContext.log Manager: list: Listing contexts for virtual host 'localhost'
14-May-2018 16:31:07.307 INFO [http-nio-1000-exec-126] org.apache.catalina.core.ApplicationContext.log Manager: list: Listing contexts for virtual host 'localhost'
14-May-2018 16:33:37.549 INFO [http-nio-1000-exec-127] org.apache.catalina.core.ApplicationContext.log Manager: list: Listing contexts for virtual host 'localhost'
14-May-2018 16:33:53.049 INFO [http-nio-1000-exec-123] org.apache.catalina.core.ApplicationContext.log Manager: list: Listing contexts for virtual host 'localhost'
14-May-2018 16:34:27.050 INFO [http-nio-1000-exec-128] org.apache.catalina.core.ApplicationContext.log Manager: list: Listing contexts for virtual host 'localhost'
14-May-2018 16:41:36.386 INFO [http-nio-1000-exec-125] org.apache.catalina.core.ApplicationContext.log Manager: list: Listing contexts for virtual host 'localhost'
14-May-2018 16:42:00.004 INFO [http-nio-1000-exec-126] org.apache.catalina.core.ApplicationContext.log Manager: list: Listing contexts for virtual host 'localhost'
14-May-2018 16:43:21.966 INFO [http-nio-1000-exec-122] org.apache.catalina.core.ApplicationContext.log Manager: list: Listing contexts for virtual host 'localhost'
14-May-2018 16:44:32.523 INFO [http-nio-1000-exec-124] org.apache.catalina.core.ApplicationContext.log Manager: list: Listing contexts for virtual host 'localhost'
14-May-2018 16:44:46.641 INFO [http-nio-1000-exec-130] org.apache.catalina.core.ApplicationContext.log Manager: list: Listing contexts for virtual host 'localhost'
14-May-2018 16:45:10.516 INFO [http-nio-1000-exec-130] org.apache.catalina.core.ApplicationContext.log Manager: list: Listing contexts for virtual host 'localhost'
14-May-2018 16:45:27.404 INFO [http-nio-1000-exec-130] org.apache.catalina.core.ApplicationContext.log Manager: list: Listing contexts for virtual host 'localhost'
14-May-2018 16:46:03.153 INFO [http-nio-1000-exec-124] org.apache.catalina.core.ApplicationContext.log Manager: list: Listing contexts for virtual host 'localhost'
14-May-2018 16:46:29.750 INFO [http-nio-1000-exec-124] org.apache.catalina.core.ApplicationContext.log Manager: list: Listing contexts for virtual host 'localhost'
14-May-2018 16:48:47.283 INFO [http-nio-1000-exec-129] org.apache.catalina.core.ApplicationContext.log Manager: list: Listing contexts for virtual host 'localhost'
14-May-2018 16:49:54.889 INFO [http-nio-1000-exec-126] org.apache.catalina.core.ApplicationContext.log Manager: list: Listing contexts for virtual host 'localhost'
14-May-2018 16:50:07.127 INFO [http-nio-1000-exec-127] org.apache.catalina.core.ApplicationContext.log Manager: list: Listing contexts for virtual host 'localhost'
14-May-2018 16:50:25.582 INFO [http-nio-1000-exec-126] org.apache.catalina.core.ApplicationContext.log Manager: list: Listing contexts for virtual host 'localhost'
14-May-2018 16:52:36.462 INFO [http-nio-1000-exec-129] org.apache.catalina.core.ApplicationContext.log Manager: list: Listing contexts for virtual host 'localhost'
14-May-2018 16:52:51.572 INFO [http-nio-1000-exec-127] org.apache.catalina.core.ApplicationContext.log Manager: list: Listing contexts for virtual host 'localhost'
14-May-2018 16:53:06.070 INFO [http-nio-1000-exec-123] org.apache.catalina.core.ApplicationContext.log Manager: list: Listing contexts for virtual host 'localhost'
14-May-2018 16:53:25.501 INFO [http-nio-1000-exec-123] org.apache.catalina.core.ApplicationContext.log Manager: list: Listing contexts for virtual host 'localhost'
14-May-2018 16:54:26.483 INFO [http-nio-1000-exec-124] org.apache.catalina.core.ApplicationContext.log Manager: list: Listing contexts for virtual host 'localhost'
14-May-2018 16:55:21.631 INFO [http-nio-1000-exec-129] org.apache.catalina.core.ApplicationContext.log Manager: list: Listing contexts for virtual host 'localhost'
14-May-2018 16:57:10.513 INFO [http-nio-1000-exec-126] org.apache.catalina.core.ApplicationContext.log Manager: list: Listing contexts for virtual host 'localhost'
14-May-2018 16:57:24.569 INFO [http-nio-1000-exec-124] org.apache.catalina.core.ApplicationContext.log Manager: list: Listing contexts for virtual host 'localhost'
14-May-2018 16:57:41.014 INFO [http-nio-1000-exec-125] org.apache.catalina.core.ApplicationContext.log Manager: list: Listing contexts for virtual host 'localhost'
14-May-2018 16:57:50.997 INFO [http-nio-1000-exec-127] org.apache.catalina.core.ApplicationContext.log Manager: list: Listing contexts for virtual host 'localhost'
14-May-2018 16:58:27.826 INFO [http-nio-1000-exec-3] org.apache.catalina.core.ApplicationContext.log Manager: init: Associated with Deployer 'Catalina:type=Deployer,host=localhost'
14-May-2018 16:58:27.827 INFO [http-nio-1000-exec-3] org.apache.catalina.core.ApplicationContext.log Manager: init: Global resources are available
14-May-2018 16:58:31.995 INFO [http-nio-1000-exec-7] org.apache.catalina.core.ApplicationContext.log Manager: list: Listing contexts for virtual host 'localhost'
14-May-2018 16:58:32.000 INFO [http-nio-1000-exec-9] org.apache.catalina.core.ApplicationContext.log Manager: list: Listing contexts for virtual host 'localhost'
14-May-2018 16:58:32.051 INFO [http-nio-1000-exec-10] org.apache.catalina.core.ApplicationContext.log Manager: undeploy: Undeploying web application at '/WebThiTuLuan'
14-May-2018 16:58:32.771 INFO [http-nio-1000-exec-4] org.apache.catalina.core.ApplicationContext.log Manager: install: Installing context configuration at 'file:/C:/Users/Rio.Rai/AppData/Local/Temp/context166032375922501941.xml'
14-May-2018 16:58:32.977 INFO [http-nio-1000-exec-1] org.apache.catalina.core.ApplicationContext.log Manager: start: Starting web application '/WebThiTuLuan'
14-May-2018 17:02:03.126 INFO [http-nio-1000-exec-20] org.apache.catalina.core.ApplicationContext.log Manager: list: Listing contexts for virtual host 'localhost'
14-May-2018 17:02:03.131 INFO [http-nio-1000-exec-12] org.apache.catalina.core.ApplicationContext.log Manager: list: Listing contexts for virtual host 'localhost'
14-May-2018 17:02:41.093 INFO [http-nio-1000-exec-12] org.apache.catalina.core.ApplicationContext.log Manager: list: Listing contexts for virtual host 'localhost'
14-May-2018 17:02:41.103 INFO [http-nio-1000-exec-19] org.apache.catalina.core.ApplicationContext.log Manager: list: Listing contexts for virtual host 'localhost'
14-May-2018 17:02:41.118 INFO [http-nio-1000-exec-20] org.apache.catalina.core.ApplicationContext.log Manager: undeploy: Undeploying web application at '/WebThiTuLuan'
14-May-2018 17:02:41.661 INFO [http-nio-1000-exec-11] org.apache.catalina.core.ApplicationContext.log Manager: install: Installing context configuration at 'file:/C:/Users/Rio.Rai/AppData/Local/Temp/context6599840435610878630.xml'
14-May-2018 17:02:41.989 INFO [http-nio-1000-exec-16] org.apache.catalina.core.ApplicationContext.log Manager: start: Starting web application '/WebThiTuLuan'
14-May-2018 17:02:50.329 INFO [http-nio-1000-exec-21] org.apache.catalina.core.ApplicationContext.log Manager: list: Listing contexts for virtual host 'localhost'
14-May-2018 17:02:50.333 INFO [http-nio-1000-exec-11] org.apache.catalina.core.ApplicationContext.log Manager: list: Listing contexts for virtual host 'localhost'
14-May-2018 17:04:40.784 INFO [http-nio-1000-exec-24] org.apache.catalina.core.ApplicationContext.log Manager: list: Listing contexts for virtual host 'localhost'
14-May-2018 17:04:48.749 INFO [http-nio-1000-exec-28] org.apache.catalina.core.ApplicationContext.log Manager: list: Listing contexts for virtual host 'localhost'
14-May-2018 17:04:48.756 INFO [http-nio-1000-exec-24] org.apache.catalina.core.ApplicationContext.log Manager: list: Listing contexts for virtual host 'localhost'
14-May-2018 17:07:10.848 INFO [http-nio-1000-exec-30] org.apache.catalina.core.ApplicationContext.log Manager: list: Listing contexts for virtual host 'localhost'
14-May-2018 17:07:23.895 INFO [http-nio-1000-exec-26] org.apache.catalina.core.ApplicationContext.log Manager: list: Listing contexts for virtual host 'localhost'
14-May-2018 17:09:43.872 INFO [http-nio-1000-exec-21] org.apache.catalina.core.ApplicationContext.log Manager: list: Listing contexts for virtual host 'localhost'
14-May-2018 17:11:45.819 INFO [http-nio-1000-exec-23] org.apache.catalina.core.ApplicationContext.log Manager: list: Listing contexts for virtual host 'localhost'
14-May-2018 17:11:51.280 INFO [http-nio-1000-exec-25] org.apache.catalina.core.ApplicationContext.log Manager: list: Listing contexts for virtual host 'localhost'
14-May-2018 17:12:12.999 INFO [http-nio-1000-exec-28] org.apache.catalina.core.ApplicationContext.log Manager: list: Listing contexts for virtual host 'localhost'
14-May-2018 17:12:24.641 INFO [http-nio-1000-exec-29] org.apache.catalina.core.ApplicationContext.log Manager: list: Listing contexts for virtual host 'localhost'
14-May-2018 17:12:24.646 INFO [http-nio-1000-exec-30] org.apache.catalina.core.ApplicationContext.log Manager: list: Listing contexts for virtual host 'localhost'
14-May-2018 17:12:55.990 INFO [http-nio-1000-exec-30] org.apache.catalina.core.ApplicationContext.log Manager: list: Listing contexts for virtual host 'localhost'
14-May-2018 17:17:02.265 INFO [http-nio-1000-exec-25] org.apache.catalina.core.ApplicationContext.log Manager: list: Listing contexts for virtual host 'localhost'
14-May-2018 17:18:02.767 INFO [http-nio-1000-exec-25] org.apache.catalina.core.ApplicationContext.log Manager: list: Listing contexts for virtual host 'localhost'
14-May-2018 17:23:05.431 INFO [http-nio-1000-exec-21] org.apache.catalina.core.ApplicationContext.log Manager: list: Listing contexts for virtual host 'localhost'
14-May-2018 17:23:19.210 INFO [http-nio-1000-exec-29] org.apache.catalina.core.ApplicationContext.log Manager: list: Listing contexts for virtual host 'localhost'
14-May-2018 17:23:29.748 INFO [http-nio-1000-exec-23] org.apache.catalina.core.ApplicationContext.log Manager: list: Listing contexts for virtual host 'localhost'
14-May-2018 17:23:29.753 INFO [http-nio-1000-exec-29] org.apache.catalina.core.ApplicationContext.log Manager: list: Listing contexts for virtual host 'localhost'
14-May-2018 17:26:03.923 INFO [http-nio-1000-exec-26] org.apache.catalina.core.ApplicationContext.log Manager: list: Listing contexts for virtual host 'localhost'
14-May-2018 17:26:25.357 INFO [http-nio-1000-exec-25] org.apache.catalina.core.ApplicationContext.log Manager: list: Listing contexts for virtual host 'localhost'
14-May-2018 17:27:04.183 INFO [http-nio-1000-exec-27] org.apache.catalina.core.ApplicationContext.log Manager: list: Listing contexts for virtual host 'localhost'
14-May-2018 17:29:46.833 INFO [http-nio-1000-exec-23] org.apache.catalina.core.ApplicationContext.log Manager: list: Listing contexts for virtual host 'localhost'
14-May-2018 17:31:22.425 INFO [http-nio-1000-exec-22] org.apache.catalina.core.ApplicationContext.log Manager: list: Listing contexts for virtual host 'localhost'
14-May-2018 17:32:25.254 INFO [http-nio-1000-exec-26] org.apache.catalina.core.ApplicationContext.log Manager: list: Listing contexts for virtual host 'localhost'
14-May-2018 17:32:52.358 INFO [http-nio-1000-exec-22] org.apache.catalina.core.ApplicationContext.log Manager: list: Listing contexts for virtual host 'localhost'
14-May-2018 17:33:50.507 INFO [http-nio-1000-exec-26] org.apache.catalina.core.ApplicationContext.log Manager: list: Listing contexts for virtual host 'localhost'
14-May-2018 17:34:19.630 INFO [http-nio-1000-exec-25] org.apache.catalina.core.ApplicationContext.log Manager: list: Listing contexts for virtual host 'localhost'
14-May-2018 17:36:23.038 INFO [http-nio-1000-exec-22] org.apache.catalina.core.ApplicationContext.log Manager: list: Listing contexts for virtual host 'localhost'
14-May-2018 17:36:34.458 INFO [http-nio-1000-exec-29] org.apache.catalina.core.ApplicationContext.log Manager: list: Listing contexts for virtual host 'localhost'
14-May-2018 17:39:49.071 INFO [http-nio-1000-exec-29] org.apache.catalina.core.ApplicationContext.log Manager: list: Listing contexts for virtual host 'localhost'
