10-May-2018 07:22:50.912 INFO [http-nio-1000-exec-5] org.apache.catalina.core.ApplicationContext.log Manager: init: Associated with Deployer 'Catalina:type=Deployer,host=localhost'
10-May-2018 07:22:50.913 INFO [http-nio-1000-exec-5] org.apache.catalina.core.ApplicationContext.log Manager: init: Global resources are available
10-May-2018 07:22:51.612 INFO [http-nio-1000-exec-8] org.apache.catalina.core.ApplicationContext.log Manager: list: Listing contexts for virtual host 'localhost'
10-May-2018 07:22:51.617 INFO [http-nio-1000-exec-9] org.apache.catalina.core.ApplicationContext.log Manager: list: Listing contexts for virtual host 'localhost'
10-May-2018 07:25:37.233 INFO [http-nio-1000-exec-7] org.apache.catalina.core.ApplicationContext.log Manager: list: Listing contexts for virtual host 'localhost'
10-May-2018 07:29:06.029 INFO [http-nio-1000-exec-5] org.apache.catalina.core.ApplicationContext.log Manager: list: Listing contexts for virtual host 'localhost'
10-May-2018 07:29:11.322 INFO [http-nio-1000-exec-6] org.apache.catalina.core.ApplicationContext.log Manager: list: Listing contexts for virtual host 'localhost'
10-May-2018 07:29:11.325 INFO [http-nio-1000-exec-2] org.apache.catalina.core.ApplicationContext.log Manager: list: Listing contexts for virtual host 'localhost'
10-May-2018 07:30:25.614 INFO [http-nio-1000-exec-6] org.apache.catalina.core.ApplicationContext.log Manager: list: Listing contexts for virtual host 'localhost'
10-May-2018 07:30:28.543 INFO [http-nio-1000-exec-3] org.apache.catalina.core.ApplicationContext.log Manager: list: Listing contexts for virtual host 'localhost'
10-May-2018 07:30:28.546 INFO [http-nio-1000-exec-1] org.apache.catalina.core.ApplicationContext.log Manager: list: Listing contexts for virtual host 'localhost'
10-May-2018 07:31:03.257 INFO [http-nio-1000-exec-4] org.apache.catalina.core.ApplicationContext.log Manager: list: Listing contexts for virtual host 'localhost'
10-May-2018 07:31:32.992 INFO [http-nio-1000-exec-5] org.apache.catalina.core.ApplicationContext.log Manager: list: Listing contexts for virtual host 'localhost'
10-May-2018 07:31:37.511 INFO [http-nio-1000-exec-10] org.apache.catalina.core.ApplicationContext.log Manager: list: Listing contexts for virtual host 'localhost'
10-May-2018 07:31:37.514 INFO [http-nio-1000-exec-3] org.apache.catalina.core.ApplicationContext.log Manager: list: Listing contexts for virtual host 'localhost'
10-May-2018 07:32:33.940 INFO [http-nio-1000-exec-2] org.apache.catalina.core.ApplicationContext.log Manager: list: Listing contexts for virtual host 'localhost'
10-May-2018 07:33:28.506 INFO [http-nio-1000-exec-5] org.apache.catalina.core.ApplicationContext.log Manager: list: Listing contexts for virtual host 'localhost'
10-May-2018 07:33:34.958 INFO [http-nio-1000-exec-2] org.apache.catalina.core.ApplicationContext.log Manager: list: Listing contexts for virtual host 'localhost'
10-May-2018 07:33:34.962 INFO [http-nio-1000-exec-7] org.apache.catalina.core.ApplicationContext.log Manager: list: Listing contexts for virtual host 'localhost'
10-May-2018 07:34:35.967 INFO [http-nio-1000-exec-3] org.apache.catalina.core.ApplicationContext.log Manager: list: Listing contexts for virtual host 'localhost'
10-May-2018 07:35:11.861 INFO [http-nio-1000-exec-4] org.apache.catalina.core.ApplicationContext.log Manager: list: Listing contexts for virtual host 'localhost'
10-May-2018 07:35:39.910 INFO [http-nio-1000-exec-5] org.apache.catalina.core.ApplicationContext.log Manager: list: Listing contexts for virtual host 'localhost'
10-May-2018 07:35:59.409 INFO [http-nio-1000-exec-2] org.apache.catalina.core.ApplicationContext.log Manager: list: Listing contexts for virtual host 'localhost'
10-May-2018 07:45:29.511 INFO [http-nio-1000-exec-2] org.apache.catalina.core.ApplicationContext.log Manager: list: Listing contexts for virtual host 'localhost'
10-May-2018 07:47:32.666 INFO [http-nio-1000-exec-4] org.apache.catalina.core.ApplicationContext.log Manager: list: Listing contexts for virtual host 'localhost'
10-May-2018 07:47:32.669 INFO [http-nio-1000-exec-8] org.apache.catalina.core.ApplicationContext.log Manager: list: Listing contexts for virtual host 'localhost'
10-May-2018 07:48:03.678 INFO [http-nio-1000-exec-2] org.apache.catalina.core.ApplicationContext.log Manager: list: Listing contexts for virtual host 'localhost'
10-May-2018 07:48:03.950 INFO [http-nio-1000-exec-10] org.apache.catalina.core.ApplicationContext.log Manager: restart: Reloading web application '/WebThiTuLuan'
10-May-2018 07:51:27.887 INFO [http-nio-1000-exec-13] org.apache.catalina.core.ApplicationContext.log Manager: list: Listing contexts for virtual host 'localhost'
10-May-2018 07:51:31.097 INFO [http-nio-1000-exec-13] org.apache.catalina.core.ApplicationContext.log Manager: list: Listing contexts for virtual host 'localhost'
10-May-2018 07:51:31.101 INFO [http-nio-1000-exec-20] org.apache.catalina.core.ApplicationContext.log Manager: list: Listing contexts for virtual host 'localhost'
10-May-2018 07:51:31.168 INFO [http-nio-1000-exec-12] org.apache.catalina.core.ApplicationContext.log Manager: restart: Reloading web application '/WebThiTuLuan'
10-May-2018 07:51:51.706 INFO [http-nio-1000-exec-13] org.apache.catalina.core.ApplicationContext.log Manager: list: Listing contexts for virtual host 'localhost'
10-May-2018 07:58:44.478 INFO [http-nio-1000-exec-29] org.apache.catalina.core.ApplicationContext.log Manager: list: Listing contexts for virtual host 'localhost'
10-May-2018 07:59:14.904 INFO [http-nio-1000-exec-27] org.apache.catalina.core.ApplicationContext.log Manager: list: Listing contexts for virtual host 'localhost'
10-May-2018 07:59:46.174 INFO [http-nio-1000-exec-29] org.apache.catalina.core.ApplicationContext.log Manager: list: Listing contexts for virtual host 'localhost'
10-May-2018 08:00:14.635 INFO [http-nio-1000-exec-29] org.apache.catalina.core.ApplicationContext.log Manager: list: Listing contexts for virtual host 'localhost'
10-May-2018 08:01:03.385 INFO [http-nio-1000-exec-28] org.apache.catalina.core.ApplicationContext.log Manager: list: Listing contexts for virtual host 'localhost'
10-May-2018 08:01:23.563 INFO [http-nio-1000-exec-29] org.apache.catalina.core.ApplicationContext.log Manager: list: Listing contexts for virtual host 'localhost'
10-May-2018 08:01:48.644 INFO [http-nio-1000-exec-27] org.apache.catalina.core.ApplicationContext.log Manager: list: Listing contexts for virtual host 'localhost'
10-May-2018 08:01:57.407 INFO [http-nio-1000-exec-26] org.apache.catalina.core.ApplicationContext.log Manager: list: Listing contexts for virtual host 'localhost'
10-May-2018 08:05:58.144 INFO [http-nio-1000-exec-25] org.apache.catalina.core.ApplicationContext.log Manager: list: Listing contexts for virtual host 'localhost'
10-May-2018 08:07:20.860 INFO [http-nio-1000-exec-24] org.apache.catalina.core.ApplicationContext.log Manager: list: Listing contexts for virtual host 'localhost'
10-May-2018 08:12:50.381 INFO [http-nio-1000-exec-23] org.apache.catalina.core.ApplicationContext.log Manager: list: Listing contexts for virtual host 'localhost'
10-May-2018 08:14:15.421 INFO [http-nio-1000-exec-30] org.apache.catalina.core.ApplicationContext.log Manager: list: Listing contexts for virtual host 'localhost'
10-May-2018 08:17:09.240 INFO [http-nio-1000-exec-28] org.apache.catalina.core.ApplicationContext.log Manager: list: Listing contexts for virtual host 'localhost'
10-May-2018 08:18:03.824 INFO [http-nio-1000-exec-29] org.apache.catalina.core.ApplicationContext.log Manager: list: Listing contexts for virtual host 'localhost'
10-May-2018 08:18:38.078 INFO [http-nio-1000-exec-21] org.apache.catalina.core.ApplicationContext.log Manager: list: Listing contexts for virtual host 'localhost'
10-May-2018 08:19:29.903 INFO [http-nio-1000-exec-23] org.apache.catalina.core.ApplicationContext.log Manager: list: Listing contexts for virtual host 'localhost'
10-May-2018 08:22:34.093 INFO [http-nio-1000-exec-25] org.apache.catalina.core.ApplicationContext.log Manager: list: Listing contexts for virtual host 'localhost'
10-May-2018 08:22:39.498 INFO [http-nio-1000-exec-24] org.apache.catalina.core.ApplicationContext.log Manager: list: Listing contexts for virtual host 'localhost'
10-May-2018 08:22:47.731 INFO [http-nio-1000-exec-30] org.apache.catalina.core.ApplicationContext.log Manager: list: Listing contexts for virtual host 'localhost'
10-May-2018 08:23:39.986 INFO [http-nio-1000-exec-24] org.apache.catalina.core.ApplicationContext.log Manager: list: Listing contexts for virtual host 'localhost'
10-May-2018 08:24:49.570 INFO [http-nio-1000-exec-29] org.apache.catalina.core.ApplicationContext.log Manager: list: Listing contexts for virtual host 'localhost'
10-May-2018 08:26:18.458 INFO [http-nio-1000-exec-24] org.apache.catalina.core.ApplicationContext.log Manager: list: Listing contexts for virtual host 'localhost'
10-May-2018 08:26:46.529 INFO [http-nio-1000-exec-27] org.apache.catalina.core.ApplicationContext.log Manager: list: Listing contexts for virtual host 'localhost'
10-May-2018 08:28:02.366 INFO [http-nio-1000-exec-29] org.apache.catalina.core.ApplicationContext.log Manager: list: Listing contexts for virtual host 'localhost'
10-May-2018 08:29:43.450 INFO [http-nio-1000-exec-21] org.apache.catalina.core.ApplicationContext.log Manager: list: Listing contexts for virtual host 'localhost'
10-May-2018 08:30:13.000 INFO [http-nio-1000-exec-24] org.apache.catalina.core.ApplicationContext.log Manager: list: Listing contexts for virtual host 'localhost'
10-May-2018 08:31:18.869 INFO [http-nio-1000-exec-23] org.apache.catalina.core.ApplicationContext.log Manager: list: Listing contexts for virtual host 'localhost'
10-May-2018 08:34:02.960 INFO [http-nio-1000-exec-26] org.apache.catalina.core.ApplicationContext.log Manager: list: Listing contexts for virtual host 'localhost'
10-May-2018 08:34:02.971 INFO [http-nio-1000-exec-22] org.apache.catalina.core.ApplicationContext.log Manager: restart: Reloading web application '/WebThiTuLuan'
10-May-2018 08:34:38.002 INFO [http-nio-1000-exec-3] org.apache.catalina.core.ApplicationContext.log Manager: init: Associated with Deployer 'Catalina:type=Deployer,host=localhost'
10-May-2018 08:34:38.003 INFO [http-nio-1000-exec-3] org.apache.catalina.core.ApplicationContext.log Manager: init: Global resources are available
10-May-2018 08:34:42.896 INFO [http-nio-1000-exec-5] org.apache.catalina.core.ApplicationContext.log Manager: list: Listing contexts for virtual host 'localhost'
10-May-2018 08:34:42.900 INFO [http-nio-1000-exec-6] org.apache.catalina.core.ApplicationContext.log Manager: list: Listing contexts for virtual host 'localhost'
10-May-2018 08:34:42.960 INFO [http-nio-1000-exec-8] org.apache.catalina.core.ApplicationContext.log Manager: undeploy: Undeploying web application at '/WebThiTuLuan'
10-May-2018 08:34:43.640 INFO [http-nio-1000-exec-10] org.apache.catalina.core.ApplicationContext.log Manager: install: Installing context configuration at 'file:/C:/Users/Rio.Rai/AppData/Local/Temp/context4690557124902057340.xml'
10-May-2018 08:34:43.885 INFO [http-nio-1000-exec-7] org.apache.catalina.core.ApplicationContext.log Manager: start: Starting web application '/WebThiTuLuan'
10-May-2018 08:36:42.325 INFO [http-nio-1000-exec-12] org.apache.catalina.core.ApplicationContext.log Manager: list: Listing contexts for virtual host 'localhost'
10-May-2018 08:36:49.811 INFO [http-nio-1000-exec-13] org.apache.catalina.core.ApplicationContext.log Manager: list: Listing contexts for virtual host 'localhost'
10-May-2018 08:36:49.824 INFO [http-nio-1000-exec-16] org.apache.catalina.core.ApplicationContext.log Manager: restart: Reloading web application '/WebThiTuLuan'
10-May-2018 08:37:01.652 INFO [http-nio-1000-exec-11] org.apache.catalina.core.ApplicationContext.log Manager: list: Listing contexts for virtual host 'localhost'
10-May-2018 08:37:01.657 INFO [http-nio-1000-exec-17] org.apache.catalina.core.ApplicationContext.log Manager: list: Listing contexts for virtual host 'localhost'
10-May-2018 08:37:01.667 INFO [http-nio-1000-exec-12] org.apache.catalina.core.ApplicationContext.log Manager: undeploy: Undeploying web application at '/WebThiTuLuan'
10-May-2018 08:37:02.190 INFO [http-nio-1000-exec-14] org.apache.catalina.core.ApplicationContext.log Manager: install: Installing context configuration at 'file:/C:/Users/Rio.Rai/AppData/Local/Temp/context1695738537804286290.xml'
10-May-2018 08:37:02.456 INFO [http-nio-1000-exec-18] org.apache.catalina.core.ApplicationContext.log Manager: start: Starting web application '/WebThiTuLuan'
10-May-2018 08:37:42.288 INFO [http-nio-1000-exec-18] org.apache.catalina.core.ApplicationContext.log Manager: list: Listing contexts for virtual host 'localhost'
10-May-2018 08:37:42.297 INFO [http-nio-1000-exec-23] org.apache.catalina.core.ApplicationContext.log Manager: restart: Reloading web application '/WebThiTuLuan'
10-May-2018 08:39:42.693 INFO [http-nio-1000-exec-28] org.apache.catalina.core.ApplicationContext.log Manager: list: Listing contexts for virtual host 'localhost'
10-May-2018 08:39:42.704 INFO [http-nio-1000-exec-24] org.apache.catalina.core.ApplicationContext.log Manager: restart: Reloading web application '/WebThiTuLuan'
10-May-2018 08:42:11.435 INFO [http-nio-1000-exec-32] org.apache.catalina.core.ApplicationContext.log Manager: list: Listing contexts for virtual host 'localhost'
10-May-2018 08:42:11.446 INFO [http-nio-1000-exec-22] org.apache.catalina.core.ApplicationContext.log Manager: restart: Reloading web application '/WebThiTuLuan'
10-May-2018 08:47:51.140 INFO [http-nio-1000-exec-35] org.apache.catalina.core.ApplicationContext.log Manager: list: Listing contexts for virtual host 'localhost'
10-May-2018 08:47:51.151 INFO [http-nio-1000-exec-36] org.apache.catalina.core.ApplicationContext.log Manager: restart: Reloading web application '/WebThiTuLuan'
10-May-2018 08:52:19.936 INFO [http-nio-1000-exec-39] org.apache.catalina.core.ApplicationContext.log Manager: list: Listing contexts for virtual host 'localhost'
10-May-2018 08:52:19.954 INFO [http-nio-1000-exec-43] org.apache.catalina.core.ApplicationContext.log Manager: restart: Reloading web application '/WebThiTuLuan'
10-May-2018 08:52:35.883 INFO [http-nio-1000-exec-46] org.apache.catalina.core.ApplicationContext.log Manager: list: Listing contexts for virtual host 'localhost'
10-May-2018 08:52:35.893 INFO [http-nio-1000-exec-41] org.apache.catalina.core.ApplicationContext.log Manager: restart: Reloading web application '/WebThiTuLuan'
10-May-2018 08:54:30.403 INFO [http-nio-1000-exec-48] org.apache.catalina.core.ApplicationContext.log Manager: list: Listing contexts for virtual host 'localhost'
10-May-2018 08:54:30.414 INFO [http-nio-1000-exec-36] org.apache.catalina.core.ApplicationContext.log Manager: restart: Reloading web application '/WebThiTuLuan'
10-May-2018 09:01:58.491 INFO [http-nio-1000-exec-52] org.apache.catalina.core.ApplicationContext.log Manager: list: Listing contexts for virtual host 'localhost'
10-May-2018 09:01:58.518 INFO [http-nio-1000-exec-49] org.apache.catalina.core.ApplicationContext.log Manager: restart: Reloading web application '/WebThiTuLuan'
10-May-2018 09:01:59.662 INFO [http-nio-1000-exec-56] org.apache.catalina.core.ApplicationContext.log Manager: list: Listing contexts for virtual host 'localhost'
10-May-2018 09:01:59.673 INFO [http-nio-1000-exec-50] org.apache.catalina.core.ApplicationContext.log Manager: restart: Reloading web application '/WebThiTuLuan'
10-May-2018 09:02:12.716 INFO [http-nio-1000-exec-59] org.apache.catalina.core.ApplicationContext.log Manager: list: Listing contexts for virtual host 'localhost'
10-May-2018 09:02:12.726 INFO [http-nio-1000-exec-52] org.apache.catalina.core.ApplicationContext.log Manager: restart: Reloading web application '/WebThiTuLuan'
10-May-2018 09:05:43.208 INFO [http-nio-1000-exec-62] org.apache.catalina.core.ApplicationContext.log Manager: list: Listing contexts for virtual host 'localhost'
10-May-2018 09:05:43.218 INFO [http-nio-1000-exec-64] org.apache.catalina.core.ApplicationContext.log Manager: restart: Reloading web application '/WebThiTuLuan'
10-May-2018 09:06:00.419 INFO [http-nio-1000-exec-65] org.apache.catalina.core.ApplicationContext.log Manager: list: Listing contexts for virtual host 'localhost'
10-May-2018 09:06:00.429 INFO [http-nio-1000-exec-63] org.apache.catalina.core.ApplicationContext.log Manager: restart: Reloading web application '/WebThiTuLuan'
10-May-2018 09:07:32.425 INFO [http-nio-1000-exec-67] org.apache.catalina.core.ApplicationContext.log Manager: list: Listing contexts for virtual host 'localhost'
10-May-2018 09:07:32.439 INFO [http-nio-1000-exec-64] org.apache.catalina.core.ApplicationContext.log Manager: restart: Reloading web application '/WebThiTuLuan'
10-May-2018 09:07:32.733 INFO [http-nio-1000-exec-64] org.apache.catalina.core.ApplicationContext.log Manager: list: Listing contexts for virtual host 'localhost'
10-May-2018 09:07:32.745 INFO [http-nio-1000-exec-56] org.apache.catalina.core.ApplicationContext.log Manager: restart: Reloading web application '/WebThiTuLuan'
10-May-2018 09:08:21.549 INFO [http-nio-1000-exec-64] org.apache.catalina.core.ApplicationContext.log Manager: list: Listing contexts for virtual host 'localhost'
10-May-2018 09:08:21.560 INFO [http-nio-1000-exec-63] org.apache.catalina.core.ApplicationContext.log Manager: restart: Reloading web application '/WebThiTuLuan'
10-May-2018 09:08:40.425 INFO [http-nio-1000-exec-69] org.apache.catalina.core.ApplicationContext.log Manager: list: Listing contexts for virtual host 'localhost'
10-May-2018 09:08:40.434 INFO [http-nio-1000-exec-65] org.apache.catalina.core.ApplicationContext.log Manager: restart: Reloading web application '/WebThiTuLuan'
10-May-2018 09:08:49.850 INFO [http-nio-1000-exec-51] org.apache.catalina.core.ApplicationContext.log Manager: list: Listing contexts for virtual host 'localhost'
10-May-2018 09:08:49.861 INFO [http-nio-1000-exec-70] org.apache.catalina.core.ApplicationContext.log Manager: restart: Reloading web application '/WebThiTuLuan'
10-May-2018 09:09:31.409 INFO [http-nio-1000-exec-71] org.apache.catalina.core.ApplicationContext.log Manager: list: Listing contexts for virtual host 'localhost'
10-May-2018 09:09:31.417 INFO [http-nio-1000-exec-64] org.apache.catalina.core.ApplicationContext.log Manager: restart: Reloading web application '/WebThiTuLuan'
10-May-2018 09:09:38.609 INFO [http-nio-1000-exec-68] org.apache.catalina.core.ApplicationContext.log Manager: list: Listing contexts for virtual host 'localhost'
10-May-2018 09:09:38.619 INFO [http-nio-1000-exec-72] org.apache.catalina.core.ApplicationContext.log Manager: restart: Reloading web application '/WebThiTuLuan'
10-May-2018 09:09:55.917 INFO [http-nio-1000-exec-63] org.apache.catalina.core.ApplicationContext.log Manager: list: Listing contexts for virtual host 'localhost'
10-May-2018 09:09:55.927 INFO [http-nio-1000-exec-69] org.apache.catalina.core.ApplicationContext.log Manager: restart: Reloading web application '/WebThiTuLuan'
10-May-2018 09:10:05.326 INFO [http-nio-1000-exec-68] org.apache.catalina.core.ApplicationContext.log Manager: list: Listing contexts for virtual host 'localhost'
10-May-2018 09:10:05.337 INFO [http-nio-1000-exec-52] org.apache.catalina.core.ApplicationContext.log Manager: restart: Reloading web application '/WebThiTuLuan'
10-May-2018 09:12:19.768 INFO [http-nio-1000-exec-76] org.apache.catalina.core.ApplicationContext.log Manager: list: Listing contexts for virtual host 'localhost'
10-May-2018 09:12:19.778 INFO [http-nio-1000-exec-77] org.apache.catalina.core.ApplicationContext.log Manager: restart: Reloading web application '/WebThiTuLuan'
10-May-2018 09:12:56.050 INFO [http-nio-1000-exec-77] org.apache.catalina.core.ApplicationContext.log Manager: list: Listing contexts for virtual host 'localhost'
10-May-2018 09:12:56.060 INFO [http-nio-1000-exec-56] org.apache.catalina.core.ApplicationContext.log Manager: restart: Reloading web application '/WebThiTuLuan'
10-May-2018 09:21:10.540 INFO [http-nio-1000-exec-86] org.apache.catalina.core.ApplicationContext.log Manager: list: Listing contexts for virtual host 'localhost'
10-May-2018 09:21:10.569 INFO [http-nio-1000-exec-87] org.apache.catalina.core.ApplicationContext.log Manager: restart: Reloading web application '/WebThiTuLuan'
10-May-2018 09:21:34.000 INFO [http-nio-1000-exec-91] org.apache.catalina.core.ApplicationContext.log Manager: list: Listing contexts for virtual host 'localhost'
10-May-2018 09:21:34.012 INFO [http-nio-1000-exec-88] org.apache.catalina.core.ApplicationContext.log Manager: restart: Reloading web application '/WebThiTuLuan'
10-May-2018 09:23:42.658 INFO [http-nio-1000-exec-97] org.apache.catalina.core.ApplicationContext.log Manager: list: Listing contexts for virtual host 'localhost'
10-May-2018 09:23:42.675 INFO [http-nio-1000-exec-92] org.apache.catalina.core.ApplicationContext.log Manager: stop: Stopping web application '/WebThiTuLuan'
10-May-2018 09:23:42.687 INFO [http-nio-1000-exec-89] org.apache.catalina.core.ApplicationContext.log Manager: start: Starting web application '/WebThiTuLuan'
10-May-2018 09:23:43.205 INFO [http-nio-1000-exec-89] org.apache.catalina.core.ApplicationContext.log Manager: list: Listing contexts for virtual host 'localhost'
10-May-2018 09:23:43.220 INFO [http-nio-1000-exec-95] org.apache.catalina.core.ApplicationContext.log Manager: restart: Reloading web application '/WebThiTuLuan'
10-May-2018 09:24:28.472 INFO [http-nio-1000-exec-101] org.apache.catalina.core.ApplicationContext.log Manager: list: Listing contexts for virtual host 'localhost'
10-May-2018 09:24:37.333 INFO [http-nio-1000-exec-94] org.apache.catalina.core.ApplicationContext.log Manager: list: Listing contexts for virtual host 'localhost'
10-May-2018 09:25:07.080 INFO [http-nio-1000-exec-97] org.apache.catalina.core.ApplicationContext.log Manager: list: Listing contexts for virtual host 'localhost'
10-May-2018 09:25:07.088 INFO [http-nio-1000-exec-104] org.apache.catalina.core.ApplicationContext.log Manager: restart: Reloading web application '/WebThiTuLuan'
10-May-2018 09:29:11.315 INFO [http-nio-1000-exec-106] org.apache.catalina.core.ApplicationContext.log Manager: list: Listing contexts for virtual host 'localhost'
10-May-2018 09:29:11.325 INFO [http-nio-1000-exec-103] org.apache.catalina.core.ApplicationContext.log Manager: restart: Reloading web application '/WebThiTuLuan'
10-May-2018 09:31:59.813 INFO [http-nio-1000-exec-109] org.apache.catalina.core.ApplicationContext.log Manager: list: Listing contexts for virtual host 'localhost'
10-May-2018 09:31:59.823 INFO [http-nio-1000-exec-102] org.apache.catalina.core.ApplicationContext.log Manager: restart: Reloading web application '/WebThiTuLuan'
10-May-2018 09:36:02.691 INFO [http-nio-1000-exec-113] org.apache.catalina.core.ApplicationContext.log Manager: list: Listing contexts for virtual host 'localhost'
10-May-2018 09:36:02.705 INFO [http-nio-1000-exec-114] org.apache.catalina.core.ApplicationContext.log Manager: restart: Reloading web application '/WebThiTuLuan'
10-May-2018 09:36:27.113 INFO [http-nio-1000-exec-122] org.apache.catalina.core.ApplicationContext.log Manager: list: Listing contexts for virtual host 'localhost'
10-May-2018 09:36:27.124 INFO [http-nio-1000-exec-117] org.apache.catalina.core.ApplicationContext.log Manager: restart: Reloading web application '/WebThiTuLuan'
10-May-2018 09:37:48.863 INFO [http-nio-1000-exec-122] org.apache.catalina.core.ApplicationContext.log Manager: list: Listing contexts for virtual host 'localhost'
10-May-2018 09:40:12.821 INFO [http-nio-1000-exec-129] org.apache.catalina.core.ApplicationContext.log Manager: list: Listing contexts for virtual host 'localhost'
10-May-2018 09:40:12.848 INFO [http-nio-1000-exec-128] org.apache.catalina.core.ApplicationContext.log Manager: restart: Reloading web application '/WebThiTuLuan'
10-May-2018 09:42:07.890 INFO [http-nio-1000-exec-136] org.apache.catalina.core.ApplicationContext.log Manager: list: Listing contexts for virtual host 'localhost'
10-May-2018 09:42:07.898 INFO [http-nio-1000-exec-137] org.apache.catalina.core.ApplicationContext.log Manager: restart: Reloading web application '/WebThiTuLuan'
10-May-2018 09:43:02.676 INFO [http-nio-1000-exec-141] org.apache.catalina.core.ApplicationContext.log Manager: list: Listing contexts for virtual host 'localhost'
10-May-2018 09:52:53.449 INFO [http-nio-1000-exec-148] org.apache.catalina.core.ApplicationContext.log Manager: list: Listing contexts for virtual host 'localhost'
10-May-2018 09:52:53.470 INFO [http-nio-1000-exec-144] org.apache.catalina.core.ApplicationContext.log Manager: restart: Reloading web application '/WebThiTuLuan'
10-May-2018 09:52:53.795 INFO [http-nio-1000-exec-154] org.apache.catalina.core.ApplicationContext.log Manager: list: Listing contexts for virtual host 'localhost'
10-May-2018 09:52:53.805 INFO [http-nio-1000-exec-148] org.apache.catalina.core.ApplicationContext.log Manager: restart: Reloading web application '/WebThiTuLuan'
10-May-2018 09:53:18.321 INFO [http-nio-1000-exec-146] org.apache.catalina.core.ApplicationContext.log Manager: list: Listing contexts for virtual host 'localhost'
10-May-2018 09:53:18.333 INFO [http-nio-1000-exec-152] org.apache.catalina.core.ApplicationContext.log Manager: restart: Reloading web application '/WebThiTuLuan'
10-May-2018 09:58:15.527 INFO [http-nio-1000-exec-148] org.apache.catalina.core.ApplicationContext.log Manager: list: Listing contexts for virtual host 'localhost'
10-May-2018 09:58:21.028 INFO [http-nio-1000-exec-147] org.apache.catalina.core.ApplicationContext.log Manager: list: Listing contexts for virtual host 'localhost'
10-May-2018 09:58:30.079 INFO [http-nio-1000-exec-157] org.apache.catalina.core.ApplicationContext.log Manager: list: Listing contexts for virtual host 'localhost'
10-May-2018 09:58:30.090 INFO [http-nio-1000-exec-158] org.apache.catalina.core.ApplicationContext.log Manager: restart: Reloading web application '/WebThiTuLuan'
10-May-2018 09:58:49.931 INFO [http-nio-1000-exec-160] org.apache.catalina.core.ApplicationContext.log Manager: list: Listing contexts for virtual host 'localhost'
10-May-2018 09:58:49.934 INFO [http-nio-1000-exec-158] org.apache.catalina.core.ApplicationContext.log Manager: list: Listing contexts for virtual host 'localhost'
10-May-2018 09:58:49.998 INFO [http-nio-1000-exec-161] org.apache.catalina.core.ApplicationContext.log Manager: stop: Stopping web application '/WebThiTuLuan'
10-May-2018 09:58:50.009 INFO [http-nio-1000-exec-156] org.apache.catalina.core.ApplicationContext.log Manager: start: Starting web application '/WebThiTuLuan'
10-May-2018 10:07:24.266 INFO [http-nio-1000-exec-165] org.apache.catalina.core.ApplicationContext.log Manager: list: Listing contexts for virtual host 'localhost'
10-May-2018 10:07:31.046 INFO [http-nio-1000-exec-173] org.apache.catalina.core.ApplicationContext.log Manager: list: Listing contexts for virtual host 'localhost'
10-May-2018 10:07:31.050 INFO [http-nio-1000-exec-174] org.apache.catalina.core.ApplicationContext.log Manager: list: Listing contexts for virtual host 'localhost'
10-May-2018 10:08:41.646 INFO [http-nio-1000-exec-168] org.apache.catalina.core.ApplicationContext.log Manager: list: Listing contexts for virtual host 'localhost'
10-May-2018 10:08:47.162 INFO [http-nio-1000-exec-166] org.apache.catalina.core.ApplicationContext.log Manager: list: Listing contexts for virtual host 'localhost'
10-May-2018 10:08:47.166 INFO [http-nio-1000-exec-167] org.apache.catalina.core.ApplicationContext.log Manager: list: Listing contexts for virtual host 'localhost'
10-May-2018 10:09:25.511 INFO [http-nio-1000-exec-173] org.apache.catalina.core.ApplicationContext.log Manager: list: Listing contexts for virtual host 'localhost'
10-May-2018 10:11:26.021 INFO [http-nio-1000-exec-170] org.apache.catalina.core.ApplicationContext.log Manager: list: Listing contexts for virtual host 'localhost'
10-May-2018 10:13:22.794 INFO [http-nio-1000-exec-168] org.apache.catalina.core.ApplicationContext.log Manager: list: Listing contexts for virtual host 'localhost'
10-May-2018 10:13:27.635 INFO [http-nio-1000-exec-171] org.apache.catalina.core.ApplicationContext.log Manager: list: Listing contexts for virtual host 'localhost'
10-May-2018 10:14:28.631 INFO [http-nio-1000-exec-173] org.apache.catalina.core.ApplicationContext.log Manager: list: Listing contexts for virtual host 'localhost'
10-May-2018 10:18:13.025 INFO [http-nio-1000-exec-173] org.apache.catalina.core.ApplicationContext.log Manager: list: Listing contexts for virtual host 'localhost'
10-May-2018 10:25:10.302 INFO [http-nio-1000-exec-166] org.apache.catalina.core.ApplicationContext.log Manager: list: Listing contexts for virtual host 'localhost'
10-May-2018 10:25:53.480 INFO [http-nio-1000-exec-166] org.apache.catalina.core.ApplicationContext.log Manager: list: Listing contexts for virtual host 'localhost'
10-May-2018 10:26:13.379 INFO [http-nio-1000-exec-170] org.apache.catalina.core.ApplicationContext.log Manager: list: Listing contexts for virtual host 'localhost'
10-May-2018 10:28:34.346 INFO [http-nio-1000-exec-165] org.apache.catalina.core.ApplicationContext.log Manager: list: Listing contexts for virtual host 'localhost'
10-May-2018 10:29:44.961 INFO [http-nio-1000-exec-168] org.apache.catalina.core.ApplicationContext.log Manager: list: Listing contexts for virtual host 'localhost'
10-May-2018 10:33:41.981 INFO [http-nio-1000-exec-171] org.apache.catalina.core.ApplicationContext.log Manager: list: Listing contexts for virtual host 'localhost'
10-May-2018 10:33:45.906 INFO [http-nio-1000-exec-173] org.apache.catalina.core.ApplicationContext.log Manager: list: Listing contexts for virtual host 'localhost'
10-May-2018 10:34:46.166 INFO [http-nio-1000-exec-174] org.apache.catalina.core.ApplicationContext.log Manager: list: Listing contexts for virtual host 'localhost'
10-May-2018 10:37:35.103 INFO [http-nio-1000-exec-173] org.apache.catalina.core.ApplicationContext.log Manager: list: Listing contexts for virtual host 'localhost'
10-May-2018 10:41:04.227 INFO [http-nio-1000-exec-171] org.apache.catalina.core.ApplicationContext.log Manager: list: Listing contexts for virtual host 'localhost'
10-May-2018 10:45:22.158 INFO [http-nio-1000-exec-172] org.apache.catalina.core.ApplicationContext.log Manager: list: Listing contexts for virtual host 'localhost'
10-May-2018 10:45:52.515 INFO [http-nio-1000-exec-170] org.apache.catalina.core.ApplicationContext.log Manager: list: Listing contexts for virtual host 'localhost'
10-May-2018 10:45:59.864 INFO [http-nio-1000-exec-174] org.apache.catalina.core.ApplicationContext.log Manager: list: Listing contexts for virtual host 'localhost'
10-May-2018 10:45:59.867 INFO [http-nio-1000-exec-165] org.apache.catalina.core.ApplicationContext.log Manager: list: Listing contexts for virtual host 'localhost'
10-May-2018 10:46:37.422 INFO [http-nio-1000-exec-169] org.apache.catalina.core.ApplicationContext.log Manager: list: Listing contexts for virtual host 'localhost'
10-May-2018 10:46:48.636 INFO [http-nio-1000-exec-165] org.apache.catalina.core.ApplicationContext.log Manager: list: Listing contexts for virtual host 'localhost'
10-May-2018 10:47:07.451 INFO [http-nio-1000-exec-167] org.apache.catalina.core.ApplicationContext.log Manager: list: Listing contexts for virtual host 'localhost'
10-May-2018 10:47:21.915 INFO [http-nio-1000-exec-165] org.apache.catalina.core.ApplicationContext.log Manager: list: Listing contexts for virtual host 'localhost'
10-May-2018 10:47:26.288 INFO [http-nio-1000-exec-167] org.apache.catalina.core.ApplicationContext.log Manager: list: Listing contexts for virtual host 'localhost'
10-May-2018 10:47:52.427 INFO [http-nio-1000-exec-173] org.apache.catalina.core.ApplicationContext.log Manager: list: Listing contexts for virtual host 'localhost'
10-May-2018 10:48:03.993 INFO [http-nio-1000-exec-167] org.apache.catalina.core.ApplicationContext.log Manager: list: Listing contexts for virtual host 'localhost'
10-May-2018 10:48:14.192 INFO [http-nio-1000-exec-173] org.apache.catalina.core.ApplicationContext.log Manager: list: Listing contexts for virtual host 'localhost'
10-May-2018 10:49:16.240 INFO [http-nio-1000-exec-171] org.apache.catalina.core.ApplicationContext.log Manager: list: Listing contexts for virtual host 'localhost'
10-May-2018 10:49:16.244 INFO [http-nio-1000-exec-169] org.apache.catalina.core.ApplicationContext.log Manager: list: Listing contexts for virtual host 'localhost'
10-May-2018 10:50:06.832 INFO [http-nio-1000-exec-174] org.apache.catalina.core.ApplicationContext.log Manager: list: Listing contexts for virtual host 'localhost'
10-May-2018 10:50:15.834 INFO [http-nio-1000-exec-167] org.apache.catalina.core.ApplicationContext.log Manager: list: Listing contexts for virtual host 'localhost'
10-May-2018 10:50:15.838 INFO [http-nio-1000-exec-172] org.apache.catalina.core.ApplicationContext.log Manager: list: Listing contexts for virtual host 'localhost'
10-May-2018 10:51:19.497 INFO [http-nio-1000-exec-173] org.apache.catalina.core.ApplicationContext.log Manager: list: Listing contexts for virtual host 'localhost'
10-May-2018 10:51:22.119 INFO [http-nio-1000-exec-169] org.apache.catalina.core.ApplicationContext.log Manager: list: Listing contexts for virtual host 'localhost'
10-May-2018 10:52:21.313 INFO [http-nio-1000-exec-165] org.apache.catalina.core.ApplicationContext.log Manager: list: Listing contexts for virtual host 'localhost'
10-May-2018 10:52:21.318 INFO [http-nio-1000-exec-167] org.apache.catalina.core.ApplicationContext.log Manager: list: Listing contexts for virtual host 'localhost'
10-May-2018 10:52:37.188 INFO [http-nio-1000-exec-170] org.apache.catalina.core.ApplicationContext.log Manager: list: Listing contexts for virtual host 'localhost'
10-May-2018 10:52:40.145 INFO [http-nio-1000-exec-166] org.apache.catalina.core.ApplicationContext.log Manager: list: Listing contexts for virtual host 'localhost'
10-May-2018 10:52:40.149 INFO [http-nio-1000-exec-170] org.apache.catalina.core.ApplicationContext.log Manager: list: Listing contexts for virtual host 'localhost'
10-May-2018 10:53:03.614 INFO [http-nio-1000-exec-173] org.apache.catalina.core.ApplicationContext.log Manager: list: Listing contexts for virtual host 'localhost'
10-May-2018 10:53:06.008 INFO [http-nio-1000-exec-170] org.apache.catalina.core.ApplicationContext.log Manager: list: Listing contexts for virtual host 'localhost'
10-May-2018 10:53:06.011 INFO [http-nio-1000-exec-172] org.apache.catalina.core.ApplicationContext.log Manager: list: Listing contexts for virtual host 'localhost'
10-May-2018 10:54:23.676 INFO [http-nio-1000-exec-171] org.apache.catalina.core.ApplicationContext.log Manager: list: Listing contexts for virtual host 'localhost'
10-May-2018 10:54:32.795 INFO [http-nio-1000-exec-169] org.apache.catalina.core.ApplicationContext.log Manager: list: Listing contexts for virtual host 'localhost'
10-May-2018 10:54:40.146 INFO [http-nio-1000-exec-174] org.apache.catalina.core.ApplicationContext.log Manager: list: Listing contexts for virtual host 'localhost'
10-May-2018 10:55:05.841 INFO [http-nio-1000-exec-172] org.apache.catalina.core.ApplicationContext.log Manager: list: Listing contexts for virtual host 'localhost'
10-May-2018 10:55:11.407 INFO [http-nio-1000-exec-167] org.apache.catalina.core.ApplicationContext.log Manager: list: Listing contexts for virtual host 'localhost'
10-May-2018 10:55:23.113 INFO [http-nio-1000-exec-174] org.apache.catalina.core.ApplicationContext.log Manager: list: Listing contexts for virtual host 'localhost'
10-May-2018 10:55:23.116 INFO [http-nio-1000-exec-167] org.apache.catalina.core.ApplicationContext.log Manager: list: Listing contexts for virtual host 'localhost'
10-May-2018 10:59:55.770 INFO [http-nio-1000-exec-169] org.apache.catalina.core.ApplicationContext.log Manager: list: Listing contexts for virtual host 'localhost'
10-May-2018 10:59:59.749 INFO [http-nio-1000-exec-170] org.apache.catalina.core.ApplicationContext.log Manager: list: Listing contexts for virtual host 'localhost'
10-May-2018 10:59:59.752 INFO [http-nio-1000-exec-172] org.apache.catalina.core.ApplicationContext.log Manager: list: Listing contexts for virtual host 'localhost'
10-May-2018 11:00:53.938 INFO [http-nio-1000-exec-168] org.apache.catalina.core.ApplicationContext.log Manager: list: Listing contexts for virtual host 'localhost'
10-May-2018 11:05:58.089 INFO [http-nio-1000-exec-173] org.apache.catalina.core.ApplicationContext.log Manager: list: Listing contexts for virtual host 'localhost'
10-May-2018 11:06:16.629 INFO [http-nio-1000-exec-171] org.apache.catalina.core.ApplicationContext.log Manager: list: Listing contexts for virtual host 'localhost'
10-May-2018 11:07:13.505 INFO [http-nio-1000-exec-172] org.apache.catalina.core.ApplicationContext.log Manager: list: Listing contexts for virtual host 'localhost'
10-May-2018 11:07:38.434 INFO [http-nio-1000-exec-165] org.apache.catalina.core.ApplicationContext.log Manager: list: Listing contexts for virtual host 'localhost'
10-May-2018 11:08:30.867 INFO [http-nio-1000-exec-171] org.apache.catalina.core.ApplicationContext.log Manager: list: Listing contexts for virtual host 'localhost'
10-May-2018 11:08:55.974 INFO [http-nio-1000-exec-171] org.apache.catalina.core.ApplicationContext.log Manager: list: Listing contexts for virtual host 'localhost'
10-May-2018 11:09:07.921 INFO [http-nio-1000-exec-168] org.apache.catalina.core.ApplicationContext.log Manager: list: Listing contexts for virtual host 'localhost'
10-May-2018 11:10:40.528 INFO [http-nio-1000-exec-168] org.apache.catalina.core.ApplicationContext.log Manager: list: Listing contexts for virtual host 'localhost'
10-May-2018 11:11:28.663 INFO [http-nio-1000-exec-165] org.apache.catalina.core.ApplicationContext.log Manager: list: Listing contexts for virtual host 'localhost'
10-May-2018 11:11:48.801 INFO [http-nio-1000-exec-167] org.apache.catalina.core.ApplicationContext.log Manager: list: Listing contexts for virtual host 'localhost'
10-May-2018 11:12:04.364 INFO [http-nio-1000-exec-173] org.apache.catalina.core.ApplicationContext.log Manager: list: Listing contexts for virtual host 'localhost'
10-May-2018 11:12:24.544 INFO [http-nio-1000-exec-168] org.apache.catalina.core.ApplicationContext.log Manager: list: Listing contexts for virtual host 'localhost'
10-May-2018 11:19:52.585 INFO [http-nio-1000-exec-168] org.apache.catalina.core.ApplicationContext.log Manager: list: Listing contexts for virtual host 'localhost'
10-May-2018 11:20:36.296 INFO [http-nio-1000-exec-174] org.apache.catalina.core.ApplicationContext.log Manager: list: Listing contexts for virtual host 'localhost'
10-May-2018 11:22:41.811 INFO [http-nio-1000-exec-166] org.apache.catalina.core.ApplicationContext.log Manager: list: Listing contexts for virtual host 'localhost'
10-May-2018 12:17:51.281 INFO [http-nio-1000-exec-5] org.apache.catalina.core.ApplicationContext.log Manager: init: Associated with Deployer 'Catalina:type=Deployer,host=localhost'
10-May-2018 12:17:51.281 INFO [http-nio-1000-exec-5] org.apache.catalina.core.ApplicationContext.log Manager: init: Global resources are available
10-May-2018 12:17:51.825 INFO [http-nio-1000-exec-6] org.apache.catalina.core.ApplicationContext.log Manager: list: Listing contexts for virtual host 'localhost'
10-May-2018 12:17:51.832 INFO [http-nio-1000-exec-8] org.apache.catalina.core.ApplicationContext.log Manager: list: Listing contexts for virtual host 'localhost'
10-May-2018 12:19:53.284 INFO [http-nio-1000-exec-1] org.apache.catalina.core.ApplicationContext.log Manager: list: Listing contexts for virtual host 'localhost'
10-May-2018 12:20:48.437 INFO [http-nio-1000-exec-9] org.apache.catalina.core.ApplicationContext.log Manager: list: Listing contexts for virtual host 'localhost'
10-May-2018 12:21:12.342 INFO [http-nio-1000-exec-4] org.apache.catalina.core.ApplicationContext.log Manager: list: Listing contexts for virtual host 'localhost'
10-May-2018 12:21:17.531 INFO [http-nio-1000-exec-10] org.apache.catalina.core.ApplicationContext.log Manager: list: Listing contexts for virtual host 'localhost'
10-May-2018 12:21:37.435 INFO [http-nio-1000-exec-4] org.apache.catalina.core.ApplicationContext.log Manager: list: Listing contexts for virtual host 'localhost'
10-May-2018 12:23:48.236 INFO [http-nio-1000-exec-5] org.apache.catalina.core.ApplicationContext.log Manager: list: Listing contexts for virtual host 'localhost'
10-May-2018 12:24:17.339 INFO [http-nio-1000-exec-6] org.apache.catalina.core.ApplicationContext.log Manager: list: Listing contexts for virtual host 'localhost'
10-May-2018 12:24:59.425 INFO [http-nio-1000-exec-8] org.apache.catalina.core.ApplicationContext.log Manager: list: Listing contexts for virtual host 'localhost'
10-May-2018 12:27:42.776 INFO [http-nio-1000-exec-3] org.apache.catalina.core.ApplicationContext.log Manager: list: Listing contexts for virtual host 'localhost'
10-May-2018 12:27:56.636 INFO [http-nio-1000-exec-2] org.apache.catalina.core.ApplicationContext.log Manager: list: Listing contexts for virtual host 'localhost'
10-May-2018 12:31:52.629 INFO [http-nio-1000-exec-5] org.apache.catalina.core.ApplicationContext.log Manager: list: Listing contexts for virtual host 'localhost'
10-May-2018 12:32:33.457 INFO [http-nio-1000-exec-6] org.apache.catalina.core.ApplicationContext.log Manager: list: Listing contexts for virtual host 'localhost'
10-May-2018 12:32:47.103 INFO [http-nio-1000-exec-9] org.apache.catalina.core.ApplicationContext.log Manager: list: Listing contexts for virtual host 'localhost'
10-May-2018 12:32:47.106 INFO [http-nio-1000-exec-6] org.apache.catalina.core.ApplicationContext.log Manager: list: Listing contexts for virtual host 'localhost'
10-May-2018 12:32:54.440 INFO [http-nio-1000-exec-5] org.apache.catalina.core.ApplicationContext.log Manager: list: Listing contexts for virtual host 'localhost'
10-May-2018 12:32:54.444 INFO [http-nio-1000-exec-4] org.apache.catalina.core.ApplicationContext.log Manager: list: Listing contexts for virtual host 'localhost'
10-May-2018 12:33:06.088 INFO [http-nio-1000-exec-2] org.apache.catalina.core.ApplicationContext.log Manager: list: Listing contexts for virtual host 'localhost'
10-May-2018 12:33:06.092 INFO [http-nio-1000-exec-3] org.apache.catalina.core.ApplicationContext.log Manager: list: Listing contexts for virtual host 'localhost'
10-May-2018 12:36:20.526 INFO [http-nio-1000-exec-6] org.apache.catalina.core.ApplicationContext.log Manager: list: Listing contexts for virtual host 'localhost'
10-May-2018 12:36:40.313 INFO [http-nio-1000-exec-9] org.apache.catalina.core.ApplicationContext.log Manager: list: Listing contexts for virtual host 'localhost'
10-May-2018 12:37:23.417 INFO [http-nio-1000-exec-8] org.apache.catalina.core.ApplicationContext.log Manager: list: Listing contexts for virtual host 'localhost'
10-May-2018 12:38:10.199 INFO [http-nio-1000-exec-4] org.apache.catalina.core.ApplicationContext.log Manager: list: Listing contexts for virtual host 'localhost'
10-May-2018 12:38:19.980 INFO [http-nio-1000-exec-3] org.apache.catalina.core.ApplicationContext.log Manager: list: Listing contexts for virtual host 'localhost'
10-May-2018 12:38:36.631 INFO [http-nio-1000-exec-8] org.apache.catalina.core.ApplicationContext.log Manager: list: Listing contexts for virtual host 'localhost'
10-May-2018 12:38:45.510 INFO [http-nio-1000-exec-5] org.apache.catalina.core.ApplicationContext.log Manager: list: Listing contexts for virtual host 'localhost'
10-May-2018 12:42:48.649 INFO [http-nio-1000-exec-10] org.apache.catalina.core.ApplicationContext.log Manager: list: Listing contexts for virtual host 'localhost'
10-May-2018 12:43:08.818 INFO [http-nio-1000-exec-10] org.apache.catalina.core.ApplicationContext.log Manager: list: Listing contexts for virtual host 'localhost'
10-May-2018 12:47:28.509 INFO [http-nio-1000-exec-7] org.apache.catalina.core.ApplicationContext.log Manager: list: Listing contexts for virtual host 'localhost'
10-May-2018 12:49:35.196 INFO [http-nio-1000-exec-1] org.apache.catalina.core.ApplicationContext.log Manager: list: Listing contexts for virtual host 'localhost'
10-May-2018 12:49:39.206 INFO [http-nio-1000-exec-4] org.apache.catalina.core.ApplicationContext.log Manager: list: Listing contexts for virtual host 'localhost'
10-May-2018 12:50:49.347 INFO [http-nio-1000-exec-4] org.apache.catalina.core.ApplicationContext.log Manager: list: Listing contexts for virtual host 'localhost'
10-May-2018 12:50:58.025 INFO [http-nio-1000-exec-7] org.apache.catalina.core.ApplicationContext.log Manager: list: Listing contexts for virtual host 'localhost'
10-May-2018 12:51:12.528 INFO [http-nio-1000-exec-8] org.apache.catalina.core.ApplicationContext.log Manager: list: Listing contexts for virtual host 'localhost'
10-May-2018 12:57:15.920 INFO [http-nio-1000-exec-9] org.apache.catalina.core.ApplicationContext.log Manager: list: Listing contexts for virtual host 'localhost'
10-May-2018 12:57:36.370 INFO [http-nio-1000-exec-3] org.apache.catalina.core.ApplicationContext.log Manager: list: Listing contexts for virtual host 'localhost'
10-May-2018 12:58:33.615 INFO [http-nio-1000-exec-2] org.apache.catalina.core.ApplicationContext.log Manager: list: Listing contexts for virtual host 'localhost'
10-May-2018 13:05:08.693 INFO [http-nio-1000-exec-4] org.apache.catalina.core.ApplicationContext.log Manager: list: Listing contexts for virtual host 'localhost'
10-May-2018 13:05:53.751 INFO [http-nio-1000-exec-5] org.apache.catalina.core.ApplicationContext.log Manager: list: Listing contexts for virtual host 'localhost'
10-May-2018 13:06:11.179 INFO [http-nio-1000-exec-6] org.apache.catalina.core.ApplicationContext.log Manager: list: Listing contexts for virtual host 'localhost'
10-May-2018 13:07:14.959 INFO [http-nio-1000-exec-5] org.apache.catalina.core.ApplicationContext.log Manager: list: Listing contexts for virtual host 'localhost'
10-May-2018 13:07:23.707 INFO [http-nio-1000-exec-7] org.apache.catalina.core.ApplicationContext.log Manager: list: Listing contexts for virtual host 'localhost'
10-May-2018 13:17:08.861 INFO [http-nio-1000-exec-6] org.apache.catalina.core.ApplicationContext.log Manager: list: Listing contexts for virtual host 'localhost'
10-May-2018 13:19:55.954 INFO [http-nio-1000-exec-8] org.apache.catalina.core.ApplicationContext.log Manager: list: Listing contexts for virtual host 'localhost'
10-May-2018 13:20:28.821 INFO [http-nio-1000-exec-4] org.apache.catalina.core.ApplicationContext.log Manager: list: Listing contexts for virtual host 'localhost'
10-May-2018 13:29:28.450 INFO [http-nio-1000-exec-4] org.apache.catalina.core.ApplicationContext.log Manager: list: Listing contexts for virtual host 'localhost'
10-May-2018 13:38:33.040 INFO [http-nio-1000-exec-7] org.apache.catalina.core.ApplicationContext.log Manager: list: Listing contexts for virtual host 'localhost'
10-May-2018 13:38:56.417 INFO [http-nio-1000-exec-1] org.apache.catalina.core.ApplicationContext.log Manager: list: Listing contexts for virtual host 'localhost'
10-May-2018 13:39:50.744 INFO [http-nio-1000-exec-10] org.apache.catalina.core.ApplicationContext.log Manager: list: Listing contexts for virtual host 'localhost'
10-May-2018 13:40:15.321 INFO [http-nio-1000-exec-3] org.apache.catalina.core.ApplicationContext.log Manager: list: Listing contexts for virtual host 'localhost'
10-May-2018 13:40:49.889 INFO [http-nio-1000-exec-6] org.apache.catalina.core.ApplicationContext.log Manager: list: Listing contexts for virtual host 'localhost'
10-May-2018 13:46:14.306 INFO [http-nio-1000-exec-9] org.apache.catalina.core.ApplicationContext.log Manager: list: Listing contexts for virtual host 'localhost'
10-May-2018 13:46:14.346 INFO [http-nio-1000-exec-4] org.apache.catalina.core.ApplicationContext.log Manager: restart: Reloading web application '/WebThiTuLuan'
10-May-2018 13:46:16.060 INFO [http-nio-1000-exec-1] org.apache.catalina.core.ApplicationContext.log Manager: list: Listing contexts for virtual host 'localhost'
10-May-2018 13:46:16.072 INFO [http-nio-1000-exec-2] org.apache.catalina.core.ApplicationContext.log Manager: restart: Reloading web application '/WebThiTuLuan'
10-May-2018 13:49:03.606 INFO [http-nio-1000-exec-12] org.apache.catalina.core.ApplicationContext.log Manager: list: Listing contexts for virtual host 'localhost'
10-May-2018 13:49:03.622 INFO [http-nio-1000-exec-14] org.apache.catalina.core.ApplicationContext.log Manager: restart: Reloading web application '/WebThiTuLuan'
10-May-2018 13:49:07.633 INFO [http-nio-1000-exec-7] org.apache.catalina.core.ApplicationContext.log Manager: list: Listing contexts for virtual host 'localhost'
10-May-2018 13:49:07.682 INFO [http-nio-1000-exec-2] org.apache.catalina.core.ApplicationContext.log Manager: restart: Reloading web application '/WebThiTuLuan'
10-May-2018 13:57:18.195 INFO [http-nio-1000-exec-17] org.apache.catalina.core.ApplicationContext.log Manager: list: Listing contexts for virtual host 'localhost'
10-May-2018 13:57:18.205 INFO [http-nio-1000-exec-18] org.apache.catalina.core.ApplicationContext.log Manager: restart: Reloading web application '/WebThiTuLuan'
10-May-2018 13:57:42.504 INFO [http-nio-1000-exec-8] org.apache.catalina.core.ApplicationContext.log Manager: list: Listing contexts for virtual host 'localhost'
10-May-2018 13:57:42.514 INFO [http-nio-1000-exec-19] org.apache.catalina.core.ApplicationContext.log Manager: restart: Reloading web application '/WebThiTuLuan'
10-May-2018 13:59:21.880 INFO [http-nio-1000-exec-27] org.apache.catalina.core.ApplicationContext.log Manager: list: Listing contexts for virtual host 'localhost'
10-May-2018 13:59:21.888 INFO [http-nio-1000-exec-25] org.apache.catalina.core.ApplicationContext.log Manager: restart: Reloading web application '/WebThiTuLuan'
10-May-2018 14:03:54.216 INFO [http-nio-1000-exec-28] org.apache.catalina.core.ApplicationContext.log Manager: list: Listing contexts for virtual host 'localhost'
10-May-2018 14:03:54.225 INFO [http-nio-1000-exec-29] org.apache.catalina.core.ApplicationContext.log Manager: restart: Reloading web application '/WebThiTuLuan'
10-May-2018 14:07:53.017 INFO [http-nio-1000-exec-30] org.apache.catalina.core.ApplicationContext.log Manager: list: Listing contexts for virtual host 'localhost'
10-May-2018 14:07:53.043 INFO [http-nio-1000-exec-33] org.apache.catalina.core.ApplicationContext.log Manager: stop: Stopping web application '/WebThiTuLuan'
10-May-2018 14:07:53.085 INFO [http-nio-1000-exec-17] org.apache.catalina.core.ApplicationContext.log Manager: start: Starting web application '/WebThiTuLuan'
10-May-2018 14:07:54.797 INFO [http-nio-1000-exec-29] org.apache.catalina.core.ApplicationContext.log Manager: list: Listing contexts for virtual host 'localhost'
10-May-2018 14:07:54.810 INFO [http-nio-1000-exec-34] org.apache.catalina.core.ApplicationContext.log Manager: restart: Reloading web application '/WebThiTuLuan'
10-May-2018 14:09:53.558 INFO [http-nio-1000-exec-25] org.apache.catalina.core.ApplicationContext.log Manager: list: Listing contexts for virtual host 'localhost'
10-May-2018 14:10:13.056 INFO [http-nio-1000-exec-40] org.apache.catalina.core.ApplicationContext.log Manager: list: Listing contexts for virtual host 'localhost'
10-May-2018 14:11:54.298 INFO [http-nio-1000-exec-39] org.apache.catalina.core.ApplicationContext.log Manager: list: Listing contexts for virtual host 'localhost'
10-May-2018 14:11:54.308 INFO [http-nio-1000-exec-40] org.apache.catalina.core.ApplicationContext.log Manager: restart: Reloading web application '/WebThiTuLuan'
10-May-2018 14:12:56.091 INFO [http-nio-1000-exec-30] org.apache.catalina.core.ApplicationContext.log Manager: list: Listing contexts for virtual host 'localhost'
10-May-2018 14:12:56.100 INFO [http-nio-1000-exec-38] org.apache.catalina.core.ApplicationContext.log Manager: restart: Reloading web application '/WebThiTuLuan'
10-May-2018 14:13:06.279 INFO [http-nio-1000-exec-44] org.apache.catalina.core.ApplicationContext.log Manager: list: Listing contexts for virtual host 'localhost'
10-May-2018 14:13:06.289 INFO [http-nio-1000-exec-43] org.apache.catalina.core.ApplicationContext.log Manager: restart: Reloading web application '/WebThiTuLuan'
10-May-2018 14:15:05.574 INFO [http-nio-1000-exec-47] org.apache.catalina.core.ApplicationContext.log Manager: list: Listing contexts for virtual host 'localhost'
10-May-2018 14:19:58.362 INFO [http-nio-1000-exec-54] org.apache.catalina.core.ApplicationContext.log Manager: list: Listing contexts for virtual host 'localhost'
10-May-2018 14:20:59.234 INFO [http-nio-1000-exec-51] org.apache.catalina.core.ApplicationContext.log Manager: list: Listing contexts for virtual host 'localhost'
10-May-2018 14:21:07.806 INFO [http-nio-1000-exec-55] org.apache.catalina.core.ApplicationContext.log Manager: list: Listing contexts for virtual host 'localhost'
10-May-2018 14:21:25.013 INFO [http-nio-1000-exec-52] org.apache.catalina.core.ApplicationContext.log Manager: list: Listing contexts for virtual host 'localhost'
10-May-2018 14:22:43.176 INFO [http-nio-1000-exec-47] org.apache.catalina.core.ApplicationContext.log Manager: list: Listing contexts for virtual host 'localhost'
10-May-2018 14:23:11.843 INFO [http-nio-1000-exec-54] org.apache.catalina.core.ApplicationContext.log Manager: list: Listing contexts for virtual host 'localhost'
10-May-2018 14:23:44.074 INFO [http-nio-1000-exec-52] org.apache.catalina.core.ApplicationContext.log Manager: list: Listing contexts for virtual host 'localhost'
10-May-2018 14:24:33.609 INFO [http-nio-1000-exec-48] org.apache.catalina.core.ApplicationContext.log Manager: list: Listing contexts for virtual host 'localhost'
10-May-2018 14:25:17.741 INFO [http-nio-1000-exec-49] org.apache.catalina.core.ApplicationContext.log Manager: list: Listing contexts for virtual host 'localhost'
10-May-2018 14:25:28.926 INFO [http-nio-1000-exec-49] org.apache.catalina.core.ApplicationContext.log Manager: list: Listing contexts for virtual host 'localhost'
10-May-2018 14:26:54.280 INFO [http-nio-1000-exec-53] org.apache.catalina.core.ApplicationContext.log Manager: list: Listing contexts for virtual host 'localhost'
10-May-2018 14:27:37.518 INFO [http-nio-1000-exec-50] org.apache.catalina.core.ApplicationContext.log Manager: list: Listing contexts for virtual host 'localhost'
10-May-2018 14:27:40.082 INFO [http-nio-1000-exec-48] org.apache.catalina.core.ApplicationContext.log Manager: list: Listing contexts for virtual host 'localhost'
10-May-2018 14:28:39.676 INFO [http-nio-1000-exec-55] org.apache.catalina.core.ApplicationContext.log Manager: list: Listing contexts for virtual host 'localhost'
10-May-2018 14:29:01.861 INFO [http-nio-1000-exec-53] org.apache.catalina.core.ApplicationContext.log Manager: list: Listing contexts for virtual host 'localhost'
10-May-2018 14:29:07.271 INFO [http-nio-1000-exec-51] org.apache.catalina.core.ApplicationContext.log Manager: list: Listing contexts for virtual host 'localhost'
10-May-2018 14:30:10.050 INFO [http-nio-1000-exec-48] org.apache.catalina.core.ApplicationContext.log Manager: list: Listing contexts for virtual host 'localhost'
10-May-2018 14:31:41.523 INFO [http-nio-1000-exec-3] org.apache.catalina.core.ApplicationContext.log Manager: init: Associated with Deployer 'Catalina:type=Deployer,host=localhost'
10-May-2018 14:31:41.523 INFO [http-nio-1000-exec-3] org.apache.catalina.core.ApplicationContext.log Manager: init: Global resources are available
10-May-2018 14:31:47.774 INFO [http-nio-1000-exec-7] org.apache.catalina.core.ApplicationContext.log Manager: list: Listing contexts for virtual host 'localhost'
10-May-2018 14:31:47.780 INFO [http-nio-1000-exec-8] org.apache.catalina.core.ApplicationContext.log Manager: list: Listing contexts for virtual host 'localhost'
10-May-2018 14:31:47.930 INFO [http-nio-1000-exec-9] org.apache.catalina.core.ApplicationContext.log Manager: undeploy: Undeploying web application at '/WebThiTuLuan'
10-May-2018 14:31:48.751 INFO [http-nio-1000-exec-2] org.apache.catalina.core.ApplicationContext.log Manager: install: Installing context configuration at 'file:/C:/Users/Rio.Rai/AppData/Local/Temp/context8896005743914894706.xml'
10-May-2018 14:31:49.019 INFO [http-nio-1000-exec-6] org.apache.catalina.core.ApplicationContext.log Manager: start: Starting web application '/WebThiTuLuan'
10-May-2018 14:34:56.032 INFO [http-nio-1000-exec-15] org.apache.catalina.core.ApplicationContext.log Manager: list: Listing contexts for virtual host 'localhost'
10-May-2018 14:34:56.043 INFO [http-nio-1000-exec-14] org.apache.catalina.core.ApplicationContext.log Manager: restart: Reloading web application '/WebThiTuLuan'
10-May-2018 14:37:09.040 INFO [http-nio-1000-exec-22] org.apache.catalina.core.ApplicationContext.log Manager: list: Listing contexts for virtual host 'localhost'
10-May-2018 14:37:09.049 INFO [http-nio-1000-exec-23] org.apache.catalina.core.ApplicationContext.log Manager: restart: Reloading web application '/WebThiTuLuan'
10-May-2018 14:37:23.010 INFO [http-nio-1000-exec-25] org.apache.catalina.core.ApplicationContext.log Manager: list: Listing contexts for virtual host 'localhost'
10-May-2018 14:37:23.019 INFO [http-nio-1000-exec-22] org.apache.catalina.core.ApplicationContext.log Manager: restart: Reloading web application '/WebThiTuLuan'
10-May-2018 14:39:00.561 INFO [http-nio-1000-exec-27] org.apache.catalina.core.ApplicationContext.log Manager: list: Listing contexts for virtual host 'localhost'
10-May-2018 14:39:00.573 INFO [http-nio-1000-exec-21] org.apache.catalina.core.ApplicationContext.log Manager: restart: Reloading web application '/WebThiTuLuan'
10-May-2018 14:40:25.209 INFO [http-nio-1000-exec-20] org.apache.catalina.core.ApplicationContext.log Manager: list: Listing contexts for virtual host 'localhost'
10-May-2018 14:40:25.218 INFO [http-nio-1000-exec-26] org.apache.catalina.core.ApplicationContext.log Manager: restart: Reloading web application '/WebThiTuLuan'
10-May-2018 14:41:04.055 INFO [http-nio-1000-exec-28] org.apache.catalina.core.ApplicationContext.log Manager: list: Listing contexts for virtual host 'localhost'
10-May-2018 14:41:04.064 INFO [http-nio-1000-exec-27] org.apache.catalina.core.ApplicationContext.log Manager: restart: Reloading web application '/WebThiTuLuan'
10-May-2018 14:41:21.517 INFO [http-nio-1000-exec-22] org.apache.catalina.core.ApplicationContext.log Manager: list: Listing contexts for virtual host 'localhost'
10-May-2018 14:41:21.526 INFO [http-nio-1000-exec-21] org.apache.catalina.core.ApplicationContext.log Manager: restart: Reloading web application '/WebThiTuLuan'
10-May-2018 14:41:39.436 INFO [http-nio-1000-exec-30] org.apache.catalina.core.ApplicationContext.log Manager: list: Listing contexts for virtual host 'localhost'
10-May-2018 14:41:39.449 INFO [http-nio-1000-exec-31] org.apache.catalina.core.ApplicationContext.log Manager: restart: Reloading web application '/WebThiTuLuan'
10-May-2018 14:41:53.105 INFO [http-nio-1000-exec-28] org.apache.catalina.core.ApplicationContext.log Manager: list: Listing contexts for virtual host 'localhost'
10-May-2018 14:41:53.115 INFO [http-nio-1000-exec-32] org.apache.catalina.core.ApplicationContext.log Manager: restart: Reloading web application '/WebThiTuLuan'
10-May-2018 14:42:00.838 INFO [http-nio-1000-exec-33] org.apache.catalina.core.ApplicationContext.log Manager: list: Listing contexts for virtual host 'localhost'
10-May-2018 14:42:00.847 INFO [http-nio-1000-exec-28] org.apache.catalina.core.ApplicationContext.log Manager: restart: Reloading web application '/WebThiTuLuan'
10-May-2018 14:42:22.870 INFO [http-nio-1000-exec-35] org.apache.catalina.core.ApplicationContext.log Manager: list: Listing contexts for virtual host 'localhost'
10-May-2018 14:42:22.882 INFO [http-nio-1000-exec-31] org.apache.catalina.core.ApplicationContext.log Manager: restart: Reloading web application '/WebThiTuLuan'
10-May-2018 14:44:04.400 INFO [http-nio-1000-exec-37] org.apache.catalina.core.ApplicationContext.log Manager: list: Listing contexts for virtual host 'localhost'
10-May-2018 14:44:04.410 INFO [http-nio-1000-exec-34] org.apache.catalina.core.ApplicationContext.log Manager: restart: Reloading web application '/WebThiTuLuan'
10-May-2018 14:56:31.371 INFO [http-nio-1000-exec-38] org.apache.catalina.core.ApplicationContext.log Manager: list: Listing contexts for virtual host 'localhost'
10-May-2018 14:56:31.379 INFO [http-nio-1000-exec-39] org.apache.catalina.core.ApplicationContext.log Manager: restart: Reloading web application '/WebThiTuLuan'
10-May-2018 14:57:07.559 INFO [http-nio-1000-exec-38] org.apache.catalina.core.ApplicationContext.log Manager: list: Listing contexts for virtual host 'localhost'
10-May-2018 14:57:07.569 INFO [http-nio-1000-exec-41] org.apache.catalina.core.ApplicationContext.log Manager: restart: Reloading web application '/WebThiTuLuan'
10-May-2018 14:59:49.330 INFO [http-nio-1000-exec-50] org.apache.catalina.core.ApplicationContext.log Manager: list: Listing contexts for virtual host 'localhost'
10-May-2018 14:59:49.341 INFO [http-nio-1000-exec-51] org.apache.catalina.core.ApplicationContext.log Manager: restart: Reloading web application '/WebThiTuLuan'
10-May-2018 15:06:42.309 INFO [http-nio-1000-exec-42] org.apache.catalina.core.ApplicationContext.log Manager: list: Listing contexts for virtual host 'localhost'
10-May-2018 15:06:42.332 INFO [http-nio-1000-exec-54] org.apache.catalina.core.ApplicationContext.log Manager: restart: Reloading web application '/WebThiTuLuan'
10-May-2018 15:07:26.310 INFO [http-nio-1000-exec-56] org.apache.catalina.core.ApplicationContext.log Manager: list: Listing contexts for virtual host 'localhost'
10-May-2018 15:07:26.319 INFO [http-nio-1000-exec-55] org.apache.catalina.core.ApplicationContext.log Manager: restart: Reloading web application '/WebThiTuLuan'
10-May-2018 15:10:39.069 INFO [http-nio-1000-exec-58] org.apache.catalina.core.ApplicationContext.log Manager: list: Listing contexts for virtual host 'localhost'
10-May-2018 15:10:39.079 INFO [http-nio-1000-exec-63] org.apache.catalina.core.ApplicationContext.log Manager: restart: Reloading web application '/WebThiTuLuan'
10-May-2018 15:23:03.829 INFO [http-nio-1000-exec-74] org.apache.catalina.core.ApplicationContext.log Manager: list: Listing contexts for virtual host 'localhost'
10-May-2018 15:23:03.865 INFO [http-nio-1000-exec-65] org.apache.catalina.core.ApplicationContext.log Manager: restart: Reloading web application '/WebThiTuLuan'
10-May-2018 15:23:30.500 INFO [http-nio-1000-exec-76] org.apache.catalina.core.ApplicationContext.log Manager: list: Listing contexts for virtual host 'localhost'
10-May-2018 15:23:30.511 INFO [http-nio-1000-exec-69] org.apache.catalina.core.ApplicationContext.log Manager: restart: Reloading web application '/WebThiTuLuan'
10-May-2018 15:23:44.910 INFO [http-nio-1000-exec-68] org.apache.catalina.core.ApplicationContext.log Manager: list: Listing contexts for virtual host 'localhost'
10-May-2018 15:23:44.920 INFO [http-nio-1000-exec-67] org.apache.catalina.core.ApplicationContext.log Manager: restart: Reloading web application '/WebThiTuLuan'
10-May-2018 15:24:47.953 INFO [http-nio-1000-exec-75] org.apache.catalina.core.ApplicationContext.log Manager: list: Listing contexts for virtual host 'localhost'
10-May-2018 15:24:47.975 INFO [http-nio-1000-exec-76] org.apache.catalina.core.ApplicationContext.log Manager: restart: Reloading web application '/WebThiTuLuan'
10-May-2018 15:24:53.633 INFO [http-nio-1000-exec-67] org.apache.catalina.core.ApplicationContext.log Manager: list: Listing contexts for virtual host 'localhost'
10-May-2018 15:24:53.642 INFO [http-nio-1000-exec-78] org.apache.catalina.core.ApplicationContext.log Manager: restart: Reloading web application '/WebThiTuLuan'
10-May-2018 15:25:03.830 INFO [http-nio-1000-exec-75] org.apache.catalina.core.ApplicationContext.log Manager: list: Listing contexts for virtual host 'localhost'
10-May-2018 15:25:03.843 INFO [http-nio-1000-exec-81] org.apache.catalina.core.ApplicationContext.log Manager: restart: Reloading web application '/WebThiTuLuan'
10-May-2018 15:30:42.601 INFO [http-nio-1000-exec-83] org.apache.catalina.core.ApplicationContext.log Manager: list: Listing contexts for virtual host 'localhost'
10-May-2018 15:30:42.611 INFO [http-nio-1000-exec-85] org.apache.catalina.core.ApplicationContext.log Manager: restart: Reloading web application '/WebThiTuLuan'
10-May-2018 15:31:06.294 INFO [http-nio-1000-exec-84] org.apache.catalina.core.ApplicationContext.log Manager: list: Listing contexts for virtual host 'localhost'
10-May-2018 15:31:06.305 INFO [http-nio-1000-exec-83] org.apache.catalina.core.ApplicationContext.log Manager: restart: Reloading web application '/WebThiTuLuan'
10-May-2018 15:37:21.604 INFO [http-nio-1000-exec-90] org.apache.catalina.core.ApplicationContext.log Manager: list: Listing contexts for virtual host 'localhost'
10-May-2018 15:37:21.614 INFO [http-nio-1000-exec-92] org.apache.catalina.core.ApplicationContext.log Manager: restart: Reloading web application '/WebThiTuLuan'
10-May-2018 15:38:19.662 INFO [http-nio-1000-exec-86] org.apache.catalina.core.ApplicationContext.log Manager: list: Listing contexts for virtual host 'localhost'
10-May-2018 15:38:19.665 INFO [http-nio-1000-exec-92] org.apache.catalina.core.ApplicationContext.log Manager: list: Listing contexts for virtual host 'localhost'
10-May-2018 15:38:19.730 INFO [http-nio-1000-exec-76] org.apache.catalina.core.ApplicationContext.log Manager: restart: Reloading web application '/WebThiTuLuan'
10-May-2018 15:43:00.231 INFO [http-nio-1000-exec-97] org.apache.catalina.core.ApplicationContext.log Manager: list: Listing contexts for virtual host 'localhost'
10-May-2018 15:43:00.242 INFO [http-nio-1000-exec-98] org.apache.catalina.core.ApplicationContext.log Manager: restart: Reloading web application '/WebThiTuLuan'
10-May-2018 15:43:03.461 INFO [http-nio-1000-exec-107] org.apache.catalina.core.ApplicationContext.log Manager: list: Listing contexts for virtual host 'localhost'
10-May-2018 15:43:39.126 INFO [http-nio-1000-exec-98] org.apache.catalina.core.ApplicationContext.log Manager: list: Listing contexts for virtual host 'localhost'
10-May-2018 15:43:39.129 INFO [http-nio-1000-exec-103] org.apache.catalina.core.ApplicationContext.log Manager: list: Listing contexts for virtual host 'localhost'
10-May-2018 15:43:39.201 INFO [http-nio-1000-exec-106] org.apache.catalina.core.ApplicationContext.log Manager: restart: Reloading web application '/WebThiTuLuan'
10-May-2018 15:45:13.697 INFO [http-nio-1000-exec-109] org.apache.catalina.core.ApplicationContext.log Manager: list: Listing contexts for virtual host 'localhost'
10-May-2018 15:45:13.709 INFO [http-nio-1000-exec-111] org.apache.catalina.core.ApplicationContext.log Manager: restart: Reloading web application '/WebThiTuLuan'
10-May-2018 15:46:07.075 INFO [http-nio-1000-exec-112] org.apache.catalina.core.ApplicationContext.log Manager: list: Listing contexts for virtual host 'localhost'
10-May-2018 15:46:07.086 INFO [http-nio-1000-exec-97] org.apache.catalina.core.ApplicationContext.log Manager: restart: Reloading web application '/WebThiTuLuan'
10-May-2018 15:46:54.891 INFO [http-nio-1000-exec-110] org.apache.catalina.core.ApplicationContext.log Manager: list: Listing contexts for virtual host 'localhost'
10-May-2018 15:46:54.894 INFO [http-nio-1000-exec-108] org.apache.catalina.core.ApplicationContext.log Manager: list: Listing contexts for virtual host 'localhost'
10-May-2018 15:46:54.956 INFO [http-nio-1000-exec-97] org.apache.catalina.core.ApplicationContext.log Manager: restart: Reloading web application '/WebThiTuLuan'
10-May-2018 15:50:13.839 INFO [http-nio-1000-exec-122] org.apache.catalina.core.ApplicationContext.log Manager: list: Listing contexts for virtual host 'localhost'
10-May-2018 15:59:41.178 INFO [http-nio-1000-exec-123] org.apache.catalina.core.ApplicationContext.log Manager: list: Listing contexts for virtual host 'localhost'
10-May-2018 15:59:41.216 INFO [http-nio-1000-exec-125] org.apache.catalina.core.ApplicationContext.log Manager: restart: Reloading web application '/WebThiTuLuan'
10-May-2018 15:59:41.457 INFO [http-nio-1000-exec-119] org.apache.catalina.core.ApplicationContext.log Manager: list: Listing contexts for virtual host 'localhost'
10-May-2018 15:59:41.467 INFO [http-nio-1000-exec-123] org.apache.catalina.core.ApplicationContext.log Manager: restart: Reloading web application '/WebThiTuLuan'
10-May-2018 16:00:12.688 INFO [http-nio-1000-exec-129] org.apache.catalina.core.ApplicationContext.log Manager: list: Listing contexts for virtual host 'localhost'
10-May-2018 16:00:12.699 INFO [http-nio-1000-exec-120] org.apache.catalina.core.ApplicationContext.log Manager: restart: Reloading web application '/WebThiTuLuan'
10-May-2018 16:00:53.788 INFO [http-nio-1000-exec-129] org.apache.catalina.core.ApplicationContext.log Manager: list: Listing contexts for virtual host 'localhost'
10-May-2018 16:00:53.796 INFO [http-nio-1000-exec-123] org.apache.catalina.core.ApplicationContext.log Manager: restart: Reloading web application '/WebThiTuLuan'
10-May-2018 16:02:37.623 INFO [http-nio-1000-exec-126] org.apache.catalina.core.ApplicationContext.log Manager: list: Listing contexts for virtual host 'localhost'
10-May-2018 16:02:37.635 INFO [http-nio-1000-exec-122] org.apache.catalina.core.ApplicationContext.log Manager: restart: Reloading web application '/WebThiTuLuan'
10-May-2018 16:07:01.184 INFO [http-nio-1000-exec-134] org.apache.catalina.core.ApplicationContext.log Manager: list: Listing contexts for virtual host 'localhost'
10-May-2018 16:07:13.613 INFO [http-nio-1000-exec-133] org.apache.catalina.core.ApplicationContext.log Manager: list: Listing contexts for virtual host 'localhost'
10-May-2018 16:07:13.616 INFO [http-nio-1000-exec-134] org.apache.catalina.core.ApplicationContext.log Manager: list: Listing contexts for virtual host 'localhost'
10-May-2018 16:07:13.727 INFO [http-nio-1000-exec-135] org.apache.catalina.core.ApplicationContext.log Manager: restart: Reloading web application '/WebThiTuLuan'
10-May-2018 16:08:15.256 INFO [http-nio-1000-exec-139] org.apache.catalina.core.ApplicationContext.log Manager: list: Listing contexts for virtual host 'localhost'
