16-May-2018 14:24:44.964 INFO [http-nio-1000-exec-6] org.apache.catalina.core.ApplicationContext.log Manager: init: Associated with Deployer 'Catalina:type=Deployer,host=localhost'
16-May-2018 14:24:44.964 INFO [http-nio-1000-exec-6] org.apache.catalina.core.ApplicationContext.log Manager: init: Global resources are available
16-May-2018 14:24:45.689 INFO [http-nio-1000-exec-9] org.apache.catalina.core.ApplicationContext.log Manager: list: Listing contexts for virtual host 'localhost'
16-May-2018 14:24:45.694 INFO [http-nio-1000-exec-3] org.apache.catalina.core.ApplicationContext.log Manager: list: Listing contexts for virtual host 'localhost'
16-May-2018 14:24:45.803 INFO [http-nio-1000-exec-10] org.apache.catalina.core.ApplicationContext.log Manager: restart: Reloading web application '/WebThiTuLuan'
16-May-2018 14:29:05.298 INFO [http-nio-1000-exec-11] org.apache.catalina.core.ApplicationContext.log Manager: list: Listing contexts for virtual host 'localhost'
16-May-2018 14:30:44.330 INFO [http-nio-1000-exec-18] org.apache.catalina.core.ApplicationContext.log Manager: list: Listing contexts for virtual host 'localhost'
16-May-2018 14:34:37.128 INFO [http-nio-1000-exec-19] org.apache.catalina.core.ApplicationContext.log Manager: list: Listing contexts for virtual host 'localhost'
16-May-2018 14:34:46.608 INFO [http-nio-1000-exec-17] org.apache.catalina.core.ApplicationContext.log Manager: list: Listing contexts for virtual host 'localhost'
16-May-2018 14:38:30.378 INFO [http-nio-1000-exec-20] org.apache.catalina.core.ApplicationContext.log Manager: list: Listing contexts for virtual host 'localhost'
16-May-2018 14:39:02.705 INFO [http-nio-1000-exec-16] org.apache.catalina.core.ApplicationContext.log Manager: list: Listing contexts for virtual host 'localhost'
16-May-2018 14:39:36.889 INFO [http-nio-1000-exec-14] org.apache.catalina.core.ApplicationContext.log Manager: list: Listing contexts for virtual host 'localhost'
16-May-2018 14:40:12.868 INFO [http-nio-1000-exec-12] org.apache.catalina.core.ApplicationContext.log Manager: list: Listing contexts for virtual host 'localhost'
16-May-2018 14:41:11.707 INFO [http-nio-1000-exec-19] org.apache.catalina.core.ApplicationContext.log Manager: list: Listing contexts for virtual host 'localhost'
16-May-2018 14:41:45.253 INFO [http-nio-1000-exec-16] org.apache.catalina.core.ApplicationContext.log Manager: list: Listing contexts for virtual host 'localhost'
16-May-2018 14:42:34.528 INFO [http-nio-1000-exec-13] org.apache.catalina.core.ApplicationContext.log Manager: list: Listing contexts for virtual host 'localhost'
16-May-2018 14:47:10.799 INFO [http-nio-1000-exec-14] org.apache.catalina.core.ApplicationContext.log Manager: list: Listing contexts for virtual host 'localhost'
16-May-2018 14:47:27.112 INFO [http-nio-1000-exec-17] org.apache.catalina.core.ApplicationContext.log Manager: list: Listing contexts for virtual host 'localhost'
16-May-2018 14:51:03.172 INFO [http-nio-1000-exec-16] org.apache.catalina.core.ApplicationContext.log Manager: list: Listing contexts for virtual host 'localhost'
16-May-2018 14:51:17.617 INFO [http-nio-1000-exec-18] org.apache.catalina.core.ApplicationContext.log Manager: list: Listing contexts for virtual host 'localhost'
16-May-2018 14:55:51.690 INFO [http-nio-1000-exec-17] org.apache.catalina.core.ApplicationContext.log Manager: list: Listing contexts for virtual host 'localhost'
16-May-2018 14:55:51.702 INFO [http-nio-1000-exec-14] org.apache.catalina.core.ApplicationContext.log Manager: restart: Reloading web application '/WebThiTuLuan'
16-May-2018 14:55:52.443 INFO [http-nio-1000-exec-21] org.apache.catalina.core.ApplicationContext.log Manager: list: Listing contexts for virtual host 'localhost'
16-May-2018 14:55:52.455 INFO [http-nio-1000-exec-17] org.apache.catalina.core.ApplicationContext.log Manager: restart: Reloading web application '/WebThiTuLuan'
16-May-2018 14:55:53.176 INFO [http-nio-1000-exec-20] org.apache.catalina.core.ApplicationContext.log Manager: list: Listing contexts for virtual host 'localhost'
16-May-2018 14:55:53.186 INFO [http-nio-1000-exec-12] org.apache.catalina.core.ApplicationContext.log Manager: restart: Reloading web application '/WebThiTuLuan'
16-May-2018 14:56:20.609 INFO [http-nio-1000-exec-21] org.apache.catalina.core.ApplicationContext.log Manager: list: Listing contexts for virtual host 'localhost'
16-May-2018 14:56:20.619 INFO [http-nio-1000-exec-15] org.apache.catalina.core.ApplicationContext.log Manager: restart: Reloading web application '/WebThiTuLuan'
16-May-2018 14:57:54.399 INFO [http-nio-1000-exec-17] org.apache.catalina.core.ApplicationContext.log Manager: list: Listing contexts for virtual host 'localhost'
16-May-2018 14:58:48.382 INFO [http-nio-1000-exec-27] org.apache.catalina.core.ApplicationContext.log Manager: list: Listing contexts for virtual host 'localhost'
16-May-2018 15:02:39.583 INFO [http-nio-1000-exec-32] org.apache.catalina.core.ApplicationContext.log Manager: list: Listing contexts for virtual host 'localhost'
16-May-2018 15:02:39.595 INFO [http-nio-1000-exec-26] org.apache.catalina.core.ApplicationContext.log Manager: restart: Reloading web application '/WebThiTuLuan'
16-May-2018 15:02:39.908 INFO [http-nio-1000-exec-33] org.apache.catalina.core.ApplicationContext.log Manager: list: Listing contexts for virtual host 'localhost'
16-May-2018 15:02:39.918 INFO [http-nio-1000-exec-23] org.apache.catalina.core.ApplicationContext.log Manager: restart: Reloading web application '/WebThiTuLuan'
16-May-2018 15:05:56.125 INFO [http-nio-1000-exec-35] org.apache.catalina.core.ApplicationContext.log Manager: list: Listing contexts for virtual host 'localhost'
16-May-2018 15:05:56.136 INFO [http-nio-1000-exec-32] org.apache.catalina.core.ApplicationContext.log Manager: restart: Reloading web application '/WebThiTuLuan'
16-May-2018 15:05:56.905 INFO [http-nio-1000-exec-30] org.apache.catalina.core.ApplicationContext.log Manager: list: Listing contexts for virtual host 'localhost'
16-May-2018 15:05:56.913 INFO [http-nio-1000-exec-24] org.apache.catalina.core.ApplicationContext.log Manager: restart: Reloading web application '/WebThiTuLuan'
16-May-2018 15:06:05.041 INFO [http-nio-1000-exec-34] org.apache.catalina.core.ApplicationContext.log Manager: list: Listing contexts for virtual host 'localhost'
16-May-2018 15:06:05.054 INFO [http-nio-1000-exec-36] org.apache.catalina.core.ApplicationContext.log Manager: restart: Reloading web application '/WebThiTuLuan'
16-May-2018 15:06:17.785 INFO [http-nio-1000-exec-39] org.apache.catalina.core.ApplicationContext.log Manager: list: Listing contexts for virtual host 'localhost'
16-May-2018 15:06:17.794 INFO [http-nio-1000-exec-24] org.apache.catalina.core.ApplicationContext.log Manager: restart: Reloading web application '/WebThiTuLuan'
16-May-2018 15:07:35.604 INFO [http-nio-1000-exec-38] org.apache.catalina.core.ApplicationContext.log Manager: list: Listing contexts for virtual host 'localhost'
16-May-2018 15:08:25.283 INFO [http-nio-1000-exec-45] org.apache.catalina.core.ApplicationContext.log Manager: list: Listing contexts for virtual host 'localhost'
16-May-2018 15:08:42.659 INFO [http-nio-1000-exec-39] org.apache.catalina.core.ApplicationContext.log Manager: list: Listing contexts for virtual host 'localhost'
16-May-2018 15:09:09.570 INFO [http-nio-1000-exec-46] org.apache.catalina.core.ApplicationContext.log Manager: list: Listing contexts for virtual host 'localhost'
16-May-2018 15:09:14.266 INFO [http-nio-1000-exec-44] org.apache.catalina.core.ApplicationContext.log Manager: list: Listing contexts for virtual host 'localhost'
16-May-2018 15:10:05.408 INFO [http-nio-1000-exec-47] org.apache.catalina.core.ApplicationContext.log Manager: list: Listing contexts for virtual host 'localhost'
16-May-2018 15:15:12.181 INFO [http-nio-1000-exec-46] org.apache.catalina.core.ApplicationContext.log Manager: list: Listing contexts for virtual host 'localhost'
16-May-2018 15:16:37.426 INFO [http-nio-1000-exec-47] org.apache.catalina.core.ApplicationContext.log Manager: list: Listing contexts for virtual host 'localhost'
16-May-2018 15:18:48.285 INFO [http-nio-1000-exec-46] org.apache.catalina.core.ApplicationContext.log Manager: list: Listing contexts for virtual host 'localhost'
16-May-2018 15:20:57.609 INFO [http-nio-1000-exec-46] org.apache.catalina.core.ApplicationContext.log Manager: list: Listing contexts for virtual host 'localhost'
16-May-2018 15:21:05.999 INFO [http-nio-1000-exec-49] org.apache.catalina.core.ApplicationContext.log Manager: list: Listing contexts for virtual host 'localhost'
16-May-2018 15:21:59.146 INFO [http-nio-1000-exec-40] org.apache.catalina.core.ApplicationContext.log Manager: list: Listing contexts for virtual host 'localhost'
16-May-2018 15:22:53.563 INFO [http-nio-1000-exec-46] org.apache.catalina.core.ApplicationContext.log Manager: list: Listing contexts for virtual host 'localhost'
16-May-2018 15:22:53.582 INFO [http-nio-1000-exec-45] org.apache.catalina.core.ApplicationContext.log Manager: stop: Stopping web application '/WebThiTuLuan'
16-May-2018 15:22:53.613 INFO [http-nio-1000-exec-48] org.apache.catalina.core.ApplicationContext.log Manager: start: Starting web application '/WebThiTuLuan'
16-May-2018 15:22:55.639 INFO [http-nio-1000-exec-40] org.apache.catalina.core.ApplicationContext.log Manager: list: Listing contexts for virtual host 'localhost'
16-May-2018 15:22:55.650 INFO [http-nio-1000-exec-43] org.apache.catalina.core.ApplicationContext.log Manager: restart: Reloading web application '/WebThiTuLuan'
16-May-2018 15:24:33.902 INFO [http-nio-1000-exec-53] org.apache.catalina.core.ApplicationContext.log Manager: list: Listing contexts for virtual host 'localhost'
16-May-2018 15:28:10.897 INFO [http-nio-1000-exec-52] org.apache.catalina.core.ApplicationContext.log Manager: list: Listing contexts for virtual host 'localhost'
16-May-2018 15:32:05.048 INFO [http-nio-1000-exec-56] org.apache.catalina.core.ApplicationContext.log Manager: list: Listing contexts for virtual host 'localhost'
16-May-2018 15:32:05.059 INFO [http-nio-1000-exec-60] org.apache.catalina.core.ApplicationContext.log Manager: restart: Reloading web application '/WebThiTuLuan'
16-May-2018 15:37:37.736 INFO [http-nio-1000-exec-71] org.apache.catalina.core.ApplicationContext.log Manager: list: Listing contexts for virtual host 'localhost'
16-May-2018 15:37:37.769 INFO [http-nio-1000-exec-62] org.apache.catalina.core.ApplicationContext.log Manager: restart: Reloading web application '/WebThiTuLuan'
16-May-2018 15:40:01.488 INFO [http-nio-1000-exec-75] org.apache.catalina.core.ApplicationContext.log Manager: list: Listing contexts for virtual host 'localhost'
16-May-2018 15:40:01.500 INFO [http-nio-1000-exec-72] org.apache.catalina.core.ApplicationContext.log Manager: restart: Reloading web application '/WebThiTuLuan'
16-May-2018 15:40:27.266 INFO [http-nio-1000-exec-80] org.apache.catalina.core.ApplicationContext.log Manager: list: Listing contexts for virtual host 'localhost'
16-May-2018 15:40:27.277 INFO [http-nio-1000-exec-79] org.apache.catalina.core.ApplicationContext.log Manager: restart: Reloading web application '/WebThiTuLuan'
16-May-2018 15:50:58.335 INFO [http-nio-1000-exec-87] org.apache.catalina.core.ApplicationContext.log Manager: list: Listing contexts for virtual host 'localhost'
16-May-2018 15:51:25.724 INFO [http-nio-1000-exec-90] org.apache.catalina.core.ApplicationContext.log Manager: list: Listing contexts for virtual host 'localhost'
16-May-2018 15:51:36.614 INFO [http-nio-1000-exec-81] org.apache.catalina.core.ApplicationContext.log Manager: list: Listing contexts for virtual host 'localhost'
16-May-2018 15:51:42.538 INFO [http-nio-1000-exec-89] org.apache.catalina.core.ApplicationContext.log Manager: list: Listing contexts for virtual host 'localhost'
16-May-2018 15:51:51.861 INFO [http-nio-1000-exec-83] org.apache.catalina.core.ApplicationContext.log Manager: list: Listing contexts for virtual host 'localhost'
16-May-2018 15:53:00.587 INFO [http-nio-1000-exec-88] org.apache.catalina.core.ApplicationContext.log Manager: list: Listing contexts for virtual host 'localhost'
16-May-2018 15:54:28.045 INFO [http-nio-1000-exec-88] org.apache.catalina.core.ApplicationContext.log Manager: list: Listing contexts for virtual host 'localhost'
16-May-2018 15:54:50.276 INFO [http-nio-1000-exec-86] org.apache.catalina.core.ApplicationContext.log Manager: list: Listing contexts for virtual host 'localhost'
16-May-2018 15:54:57.661 INFO [http-nio-1000-exec-89] org.apache.catalina.core.ApplicationContext.log Manager: list: Listing contexts for virtual host 'localhost'
16-May-2018 15:55:04.083 INFO [http-nio-1000-exec-81] org.apache.catalina.core.ApplicationContext.log Manager: list: Listing contexts for virtual host 'localhost'
16-May-2018 16:00:35.768 INFO [http-nio-1000-exec-84] org.apache.catalina.core.ApplicationContext.log Manager: list: Listing contexts for virtual host 'localhost'
16-May-2018 16:00:35.794 INFO [http-nio-1000-exec-81] org.apache.catalina.core.ApplicationContext.log Manager: undeploy: Undeploying web application at '/WebThiTuLuan'
16-May-2018 16:00:36.545 INFO [http-nio-1000-exec-87] org.apache.catalina.core.ApplicationContext.log Manager: install: Installing context configuration at 'file:/C:/Users/Rio.Rai/AppData/Local/Temp/context4900226311325469882.xml'
16-May-2018 16:01:03.172 INFO [http-nio-1000-exec-3] org.apache.catalina.core.ApplicationContext.log Manager: init: Associated with Deployer 'Catalina:type=Deployer,host=localhost'
16-May-2018 16:01:03.172 INFO [http-nio-1000-exec-3] org.apache.catalina.core.ApplicationContext.log Manager: init: Global resources are available
16-May-2018 16:01:09.997 INFO [http-nio-1000-exec-8] org.apache.catalina.core.ApplicationContext.log Manager: list: Listing contexts for virtual host 'localhost'
16-May-2018 16:01:10.002 INFO [http-nio-1000-exec-10] org.apache.catalina.core.ApplicationContext.log Manager: list: Listing contexts for virtual host 'localhost'
16-May-2018 16:01:10.032 INFO [http-nio-1000-exec-9] org.apache.catalina.core.ApplicationContext.log Manager: undeploy: Undeploying web application at '/WebThiTuLuan'
16-May-2018 16:01:10.644 INFO [http-nio-1000-exec-5] org.apache.catalina.core.ApplicationContext.log Manager: install: Installing context configuration at 'file:/C:/Users/Rio.Rai/AppData/Local/Temp/context8942472032935934893.xml'
16-May-2018 16:01:10.840 INFO [http-nio-1000-exec-2] org.apache.catalina.core.ApplicationContext.log Manager: start: Starting web application '/WebThiTuLuan/login.jsp'
16-May-2018 16:01:46.496 INFO [http-nio-1000-exec-11] org.apache.catalina.core.ApplicationContext.log Manager: list: Listing contexts for virtual host 'localhost'
16-May-2018 16:01:46.511 INFO [http-nio-1000-exec-1] org.apache.catalina.core.ApplicationContext.log Manager: undeploy: Undeploying web application at '/WebThiTuLuan/login.jsp'
16-May-2018 16:02:29.777 INFO [http-nio-1000-exec-16] org.apache.catalina.core.ApplicationContext.log Manager: list: Listing contexts for virtual host 'localhost'
16-May-2018 16:02:29.786 INFO [http-nio-1000-exec-3] org.apache.catalina.core.ApplicationContext.log Manager: list: Listing contexts for virtual host 'localhost'
16-May-2018 16:02:29.798 INFO [http-nio-1000-exec-13] org.apache.catalina.core.ApplicationContext.log Manager: install: Installing context configuration at 'file:/C:/Users/Rio.Rai/AppData/Local/Temp/context875517970157244576.xml'
16-May-2018 16:02:30.082 INFO [http-nio-1000-exec-14] org.apache.catalina.core.ApplicationContext.log Manager: start: Starting web application '/WebThiTuLuan/login.jsp'
16-May-2018 16:02:49.387 INFO [http-nio-1000-exec-19] org.apache.catalina.core.ApplicationContext.log Manager: list: Listing contexts for virtual host 'localhost'
16-May-2018 16:02:49.401 INFO [http-nio-1000-exec-12] org.apache.catalina.core.ApplicationContext.log Manager: undeploy: Undeploying web application at '/WebThiTuLuan/login.jsp'
16-May-2018 16:02:49.917 INFO [http-nio-1000-exec-16] org.apache.catalina.core.ApplicationContext.log Manager: install: Installing context configuration at 'file:/C:/Users/Rio.Rai/AppData/Local/Temp/context2174286922538976737.xml'
16-May-2018 16:02:56.999 INFO [http-nio-1000-exec-20] org.apache.catalina.core.ApplicationContext.log Manager: list: Listing contexts for virtual host 'localhost'
16-May-2018 16:02:57.004 INFO [http-nio-1000-exec-13] org.apache.catalina.core.ApplicationContext.log Manager: list: Listing contexts for virtual host 'localhost'
16-May-2018 16:02:57.122 INFO [http-nio-1000-exec-12] org.apache.catalina.core.ApplicationContext.log Manager: undeploy: Undeploying web application at '/WebThiTuLuan/login.jsp'
16-May-2018 16:02:57.639 INFO [http-nio-1000-exec-17] org.apache.catalina.core.ApplicationContext.log Manager: install: Installing context configuration at 'file:/C:/Users/Rio.Rai/AppData/Local/Temp/context510414050236777647.xml'
16-May-2018 16:04:02.504 INFO [http-nio-1000-exec-23] org.apache.catalina.core.ApplicationContext.log Manager: list: Listing contexts for virtual host 'localhost'
16-May-2018 16:04:02.518 INFO [http-nio-1000-exec-24] org.apache.catalina.core.ApplicationContext.log Manager: undeploy: Undeploying web application at '/WebThiTuLuan/login.jsp'
16-May-2018 16:04:03.036 INFO [http-nio-1000-exec-27] org.apache.catalina.core.ApplicationContext.log Manager: install: Installing context configuration at 'file:/C:/Users/Rio.Rai/AppData/Local/Temp/context7746137728474040071.xml'
16-May-2018 16:05:17.205 INFO [http-nio-1000-exec-32] org.apache.catalina.core.ApplicationContext.log Manager: list: Listing contexts for virtual host 'localhost'
16-May-2018 16:05:27.664 INFO [http-nio-1000-exec-1] org.apache.catalina.core.ApplicationContext.log Manager: list: Listing contexts for virtual host 'localhost'
16-May-2018 16:05:27.668 INFO [http-nio-1000-exec-32] org.apache.catalina.core.ApplicationContext.log Manager: list: Listing contexts for virtual host 'localhost'
16-May-2018 16:05:27.681 INFO [http-nio-1000-exec-25] org.apache.catalina.core.ApplicationContext.log Manager: undeploy: Undeploying web application at '/WebThiTuLuan/login.jsp'
16-May-2018 16:05:28.203 INFO [http-nio-1000-exec-1] org.apache.catalina.core.ApplicationContext.log Manager: install: Installing context configuration at 'file:/C:/Users/Rio.Rai/AppData/Local/Temp/context8967527715136075780.xml'
16-May-2018 16:05:28.368 INFO [http-nio-1000-exec-27] org.apache.catalina.core.ApplicationContext.log Manager: start: Starting web application '/WebThiTuLuan'
16-May-2018 16:29:31.039 INFO [http-nio-1000-exec-38] org.apache.catalina.core.ApplicationContext.log Manager: list: Listing contexts for virtual host 'localhost'
16-May-2018 16:29:34.984 INFO [http-nio-1000-exec-38] org.apache.catalina.core.ApplicationContext.log Manager: list: Listing contexts for virtual host 'localhost'
16-May-2018 16:32:43.059 INFO [http-nio-1000-exec-36] org.apache.catalina.core.ApplicationContext.log Manager: list: Listing contexts for virtual host 'localhost'
16-May-2018 16:32:44.475 INFO [http-nio-1000-exec-42] org.apache.catalina.core.ApplicationContext.log Manager: list: Listing contexts for virtual host 'localhost'
16-May-2018 16:33:56.734 INFO [http-nio-1000-exec-37] org.apache.catalina.core.ApplicationContext.log Manager: list: Listing contexts for virtual host 'localhost'
16-May-2018 16:33:56.738 INFO [http-nio-1000-exec-34] org.apache.catalina.core.ApplicationContext.log Manager: list: Listing contexts for virtual host 'localhost'
16-May-2018 16:33:56.750 INFO [http-nio-1000-exec-43] org.apache.catalina.core.ApplicationContext.log Manager: install: Installing context configuration at 'file:/C:/Users/Rio.Rai/AppData/Local/Temp/context8826302814322443501.xml'
16-May-2018 16:34:11.039 INFO [http-nio-1000-exec-35] org.apache.catalina.core.ApplicationContext.log Manager: list: Listing contexts for virtual host 'localhost'
16-May-2018 16:34:11.043 INFO [http-nio-1000-exec-36] org.apache.catalina.core.ApplicationContext.log Manager: list: Listing contexts for virtual host 'localhost'
16-May-2018 16:34:11.052 INFO [http-nio-1000-exec-40] org.apache.catalina.core.ApplicationContext.log Manager: install: Installing context configuration at 'file:/C:/Users/Rio.Rai/AppData/Local/Temp/context1093162920538226845.xml'
16-May-2018 16:34:22.411 INFO [http-nio-1000-exec-41] org.apache.catalina.core.ApplicationContext.log Manager: list: Listing contexts for virtual host 'localhost'
16-May-2018 16:34:22.415 INFO [http-nio-1000-exec-42] org.apache.catalina.core.ApplicationContext.log Manager: list: Listing contexts for virtual host 'localhost'
16-May-2018 16:34:22.432 INFO [http-nio-1000-exec-36] org.apache.catalina.core.ApplicationContext.log Manager: install: Installing context configuration at 'file:/C:/Users/Rio.Rai/AppData/Local/Temp/context7041075969910406637.xml'
16-May-2018 16:34:34.489 INFO [http-nio-1000-exec-41] org.apache.catalina.core.ApplicationContext.log Manager: list: Listing contexts for virtual host 'localhost'
16-May-2018 16:34:34.494 INFO [http-nio-1000-exec-36] org.apache.catalina.core.ApplicationContext.log Manager: list: Listing contexts for virtual host 'localhost'
16-May-2018 16:34:34.505 INFO [http-nio-1000-exec-42] org.apache.catalina.core.ApplicationContext.log Manager: install: Installing context configuration at 'file:/C:/Users/Rio.Rai/AppData/Local/Temp/context7152469694499084269.xml'
16-May-2018 16:35:00.030 INFO [http-nio-1000-exec-39] org.apache.catalina.core.ApplicationContext.log Manager: list: Listing contexts for virtual host 'localhost'
16-May-2018 16:35:00.033 INFO [http-nio-1000-exec-43] org.apache.catalina.core.ApplicationContext.log Manager: list: Listing contexts for virtual host 'localhost'
16-May-2018 16:35:00.043 INFO [http-nio-1000-exec-41] org.apache.catalina.core.ApplicationContext.log Manager: install: Installing context configuration at 'file:/C:/Users/Rio.Rai/AppData/Local/Temp/context4448101291853858685.xml'
16-May-2018 16:35:35.487 INFO [http-nio-1000-exec-38] org.apache.catalina.core.ApplicationContext.log Manager: list: Listing contexts for virtual host 'localhost'
16-May-2018 16:35:35.492 INFO [http-nio-1000-exec-34] org.apache.catalina.core.ApplicationContext.log Manager: list: Listing contexts for virtual host 'localhost'
16-May-2018 16:35:35.503 INFO [http-nio-1000-exec-39] org.apache.catalina.core.ApplicationContext.log Manager: install: Installing context configuration at 'file:/C:/Users/Rio.Rai/AppData/Local/Temp/context6309350722087243230.xml'
16-May-2018 16:39:15.603 INFO [http-nio-1000-exec-4] org.apache.catalina.core.ApplicationContext.log Manager: init: Associated with Deployer 'Catalina:type=Deployer,host=localhost'
16-May-2018 16:39:15.603 INFO [http-nio-1000-exec-4] org.apache.catalina.core.ApplicationContext.log Manager: init: Global resources are available
16-May-2018 16:39:16.184 INFO [http-nio-1000-exec-6] org.apache.catalina.core.ApplicationContext.log Manager: list: Listing contexts for virtual host 'localhost'
16-May-2018 16:39:16.190 INFO [http-nio-1000-exec-7] org.apache.catalina.core.ApplicationContext.log Manager: list: Listing contexts for virtual host 'localhost'
16-May-2018 16:39:16.209 INFO [http-nio-1000-exec-9] org.apache.catalina.core.ApplicationContext.log Manager: install: Installing context configuration at 'file:/C:/Users/Rio.Rai/AppData/Local/Temp/context6891015895026617163.xml'
16-May-2018 16:40:10.534 INFO [http-nio-1000-exec-2] org.apache.catalina.core.ApplicationContext.log Manager: list: Listing contexts for virtual host 'localhost'
16-May-2018 16:40:10.538 INFO [http-nio-1000-exec-4] org.apache.catalina.core.ApplicationContext.log Manager: list: Listing contexts for virtual host 'localhost'
16-May-2018 16:40:10.549 INFO [http-nio-1000-exec-6] org.apache.catalina.core.ApplicationContext.log Manager: install: Installing context configuration at 'file:/C:/Users/Rio.Rai/AppData/Local/Temp/context385694109165523668.xml'
16-May-2018 16:41:09.597 INFO [http-nio-1000-exec-3] org.apache.catalina.core.ApplicationContext.log Manager: list: Listing contexts for virtual host 'localhost'
16-May-2018 16:41:09.601 INFO [http-nio-1000-exec-2] org.apache.catalina.core.ApplicationContext.log Manager: list: Listing contexts for virtual host 'localhost'
16-May-2018 16:41:09.612 INFO [http-nio-1000-exec-4] org.apache.catalina.core.ApplicationContext.log Manager: install: Installing context configuration at 'file:/C:/Users/Rio.Rai/AppData/Local/Temp/context7352279377047508497.xml'
16-May-2018 16:41:53.651 INFO [http-nio-1000-exec-1] org.apache.catalina.core.ApplicationContext.log Manager: list: Listing contexts for virtual host 'localhost'
16-May-2018 16:41:57.211 INFO [http-nio-1000-exec-9] org.apache.catalina.core.ApplicationContext.log Manager: list: Listing contexts for virtual host 'localhost'
16-May-2018 16:41:57.215 INFO [http-nio-1000-exec-8] org.apache.catalina.core.ApplicationContext.log Manager: list: Listing contexts for virtual host 'localhost'
16-May-2018 16:41:57.225 INFO [http-nio-1000-exec-3] org.apache.catalina.core.ApplicationContext.log Manager: install: Installing context configuration at 'file:/C:/Users/Rio.Rai/AppData/Local/Temp/context8390552770777474564.xml'
16-May-2018 16:42:28.734 INFO [http-nio-1000-exec-6] org.apache.catalina.core.ApplicationContext.log Manager: list: Listing contexts for virtual host 'localhost'
16-May-2018 16:42:36.479 INFO [http-nio-1000-exec-3] org.apache.catalina.core.ApplicationContext.log Manager: list: Listing contexts for virtual host 'localhost'
16-May-2018 16:42:36.483 INFO [http-nio-1000-exec-2] org.apache.catalina.core.ApplicationContext.log Manager: list: Listing contexts for virtual host 'localhost'
16-May-2018 16:42:36.495 INFO [http-nio-1000-exec-1] org.apache.catalina.core.ApplicationContext.log Manager: install: Installing context configuration at 'file:/C:/Users/Rio.Rai/AppData/Local/Temp/context600541318233621285.xml'
16-May-2018 16:42:36.671 INFO [http-nio-1000-exec-4] org.apache.catalina.core.ApplicationContext.log Manager: start: Starting web application '/WebThiTuLuan/index.jsp'
16-May-2018 16:43:31.243 INFO [http-nio-1000-exec-4] org.apache.catalina.core.ApplicationContext.log Manager: list: Listing contexts for virtual host 'localhost'
16-May-2018 16:43:31.258 INFO [http-nio-1000-exec-9] org.apache.catalina.core.ApplicationContext.log Manager: restart: Reloading web application '/WebThiTuLuan/index.jsp'
16-May-2018 16:43:42.950 INFO [http-nio-1000-exec-4] org.apache.catalina.core.ApplicationContext.log Manager: list: Listing contexts for virtual host 'localhost'
16-May-2018 16:43:42.954 INFO [http-nio-1000-exec-8] org.apache.catalina.core.ApplicationContext.log Manager: list: Listing contexts for virtual host 'localhost'
16-May-2018 16:43:43.022 INFO [http-nio-1000-exec-11] org.apache.catalina.core.ApplicationContext.log Manager: restart: Reloading web application '/WebThiTuLuan/index.jsp'
16-May-2018 16:46:34.409 INFO [http-nio-1000-exec-22] org.apache.catalina.core.ApplicationContext.log Manager: list: Listing contexts for virtual host 'localhost'
16-May-2018 16:46:34.412 INFO [http-nio-1000-exec-15] org.apache.catalina.core.ApplicationContext.log Manager: list: Listing contexts for virtual host 'localhost'
16-May-2018 16:51:42.245 INFO [http-nio-1000-exec-21] org.apache.catalina.core.ApplicationContext.log Manager: list: Listing contexts for virtual host 'localhost'
16-May-2018 16:51:58.886 INFO [http-nio-1000-exec-16] org.apache.catalina.core.ApplicationContext.log Manager: list: Listing contexts for virtual host 'localhost'
16-May-2018 16:51:58.889 INFO [http-nio-1000-exec-19] org.apache.catalina.core.ApplicationContext.log Manager: list: Listing contexts for virtual host 'localhost'
16-May-2018 16:53:44.166 INFO [http-nio-1000-exec-19] org.apache.catalina.core.ApplicationContext.log Manager: list: Listing contexts for virtual host 'localhost'
16-May-2018 16:53:44.187 INFO [http-nio-1000-exec-21] org.apache.catalina.core.ApplicationContext.log Manager: stop: Stopping web application '/WebThiTuLuan/index.jsp'
16-May-2018 16:53:44.242 INFO [http-nio-1000-exec-15] org.apache.catalina.core.ApplicationContext.log Manager: start: Starting web application '/WebThiTuLuan/index.jsp'
16-May-2018 16:53:46.035 INFO [http-nio-1000-exec-22] org.apache.catalina.core.ApplicationContext.log Manager: list: Listing contexts for virtual host 'localhost'
16-May-2018 16:53:46.050 INFO [http-nio-1000-exec-13] org.apache.catalina.core.ApplicationContext.log Manager: restart: Reloading web application '/WebThiTuLuan/index.jsp'
16-May-2018 16:54:15.168 INFO [http-nio-1000-exec-13] org.apache.catalina.core.ApplicationContext.log Manager: list: Listing contexts for virtual host 'localhost'
16-May-2018 16:54:18.289 INFO [http-nio-1000-exec-26] org.apache.catalina.core.ApplicationContext.log Manager: list: Listing contexts for virtual host 'localhost'
16-May-2018 16:54:18.300 INFO [http-nio-1000-exec-22] org.apache.catalina.core.ApplicationContext.log Manager: restart: Reloading web application '/WebThiTuLuan/index.jsp'
16-May-2018 16:56:55.612 INFO [http-nio-1000-exec-30] org.apache.catalina.core.ApplicationContext.log Manager: list: Listing contexts for virtual host 'localhost'
16-May-2018 16:56:55.626 INFO [http-nio-1000-exec-29] org.apache.catalina.core.ApplicationContext.log Manager: restart: Reloading web application '/WebThiTuLuan/index.jsp'
16-May-2018 16:58:14.034 INFO [http-nio-1000-exec-36] org.apache.catalina.core.ApplicationContext.log Manager: list: Listing contexts for virtual host 'localhost'
16-May-2018 16:58:14.046 INFO [http-nio-1000-exec-23] org.apache.catalina.core.ApplicationContext.log Manager: restart: Reloading web application '/WebThiTuLuan/index.jsp'
16-May-2018 16:58:14.303 INFO [http-nio-1000-exec-32] org.apache.catalina.core.ApplicationContext.log Manager: list: Listing contexts for virtual host 'localhost'
16-May-2018 16:58:14.313 INFO [http-nio-1000-exec-28] org.apache.catalina.core.ApplicationContext.log Manager: restart: Reloading web application '/WebThiTuLuan/index.jsp'
16-May-2018 16:58:17.985 INFO [http-nio-1000-exec-38] org.apache.catalina.core.ApplicationContext.log Manager: list: Listing contexts for virtual host 'localhost'
16-May-2018 16:58:36.986 INFO [http-nio-1000-exec-42] org.apache.catalina.core.ApplicationContext.log Manager: list: Listing contexts for virtual host 'localhost'
16-May-2018 17:01:10.099 INFO [http-nio-1000-exec-42] org.apache.catalina.core.ApplicationContext.log Manager: list: Listing contexts for virtual host 'localhost'
16-May-2018 17:01:10.110 INFO [http-nio-1000-exec-39] org.apache.catalina.core.ApplicationContext.log Manager: restart: Reloading web application '/WebThiTuLuan/index.jsp'
16-May-2018 17:01:20.638 INFO [http-nio-1000-exec-38] org.apache.catalina.core.ApplicationContext.log Manager: list: Listing contexts for virtual host 'localhost'
16-May-2018 17:01:20.642 INFO [http-nio-1000-exec-47] org.apache.catalina.core.ApplicationContext.log Manager: list: Listing contexts for virtual host 'localhost'
16-May-2018 17:01:20.715 INFO [http-nio-1000-exec-42] org.apache.catalina.core.ApplicationContext.log Manager: stop: Stopping web application '/WebThiTuLuan/index.jsp'
16-May-2018 17:01:20.726 INFO [http-nio-1000-exec-43] org.apache.catalina.core.ApplicationContext.log Manager: start: Starting web application '/WebThiTuLuan/index.jsp'
16-May-2018 17:33:40.542 INFO [http-nio-1000-exec-56] org.apache.catalina.core.ApplicationContext.log Manager: list: Listing contexts for virtual host 'localhost'
16-May-2018 17:33:40.547 INFO [http-nio-1000-exec-50] org.apache.catalina.core.ApplicationContext.log Manager: list: Listing contexts for virtual host 'localhost'
16-May-2018 17:39:52.550 INFO [http-nio-1000-exec-55] org.apache.catalina.core.ApplicationContext.log Manager: list: Listing contexts for virtual host 'localhost'
16-May-2018 17:41:08.343 INFO [http-nio-1000-exec-59] org.apache.catalina.core.ApplicationContext.log Manager: list: Listing contexts for virtual host 'localhost'
16-May-2018 17:41:08.355 INFO [http-nio-1000-exec-51] org.apache.catalina.core.ApplicationContext.log Manager: restart: Reloading web application '/WebThiTuLuan/index.jsp'
16-May-2018 17:42:13.130 INFO [http-nio-1000-exec-2] org.apache.catalina.core.ApplicationContext.log Manager: init: Associated with Deployer 'Catalina:type=Deployer,host=localhost'
16-May-2018 17:42:13.131 INFO [http-nio-1000-exec-2] org.apache.catalina.core.ApplicationContext.log Manager: init: Global resources are available
16-May-2018 17:42:15.848 INFO [http-nio-1000-exec-4] org.apache.catalina.core.ApplicationContext.log Manager: list: Listing contexts for virtual host 'localhost'
16-May-2018 17:42:15.852 INFO [http-nio-1000-exec-6] org.apache.catalina.core.ApplicationContext.log Manager: list: Listing contexts for virtual host 'localhost'
16-May-2018 17:42:15.864 INFO [http-nio-1000-exec-8] org.apache.catalina.core.ApplicationContext.log Manager: undeploy: Undeploying web application at '/WebThiTuLuan/index.jsp'
16-May-2018 17:42:16.489 INFO [http-nio-1000-exec-6] org.apache.catalina.core.ApplicationContext.log Manager: install: Installing context configuration at 'file:/C:/Users/Rio.Rai/AppData/Local/Temp/context8937081841873173005.xml'
16-May-2018 17:42:16.709 INFO [http-nio-1000-exec-3] org.apache.catalina.core.ApplicationContext.log Manager: start: Starting web application '/WebThiTuLuan/index.jsp'
16-May-2018 17:43:05.878 INFO [http-nio-1000-exec-12] org.apache.catalina.core.ApplicationContext.log Manager: list: Listing contexts for virtual host 'localhost'
16-May-2018 17:43:05.883 INFO [http-nio-1000-exec-13] org.apache.catalina.core.ApplicationContext.log Manager: list: Listing contexts for virtual host 'localhost'
16-May-2018 17:43:05.896 INFO [http-nio-1000-exec-6] org.apache.catalina.core.ApplicationContext.log Manager: undeploy: Undeploying web application at '/WebThiTuLuan/index.jsp'
16-May-2018 17:43:06.426 INFO [http-nio-1000-exec-11] org.apache.catalina.core.ApplicationContext.log Manager: install: Installing context configuration at 'file:/C:/Users/Rio.Rai/AppData/Local/Temp/context634693521551459727.xml'
16-May-2018 17:43:06.602 INFO [http-nio-1000-exec-14] org.apache.catalina.core.ApplicationContext.log Manager: start: Starting web application '/WebThiTuLuan/index.jsp'
16-May-2018 17:43:30.857 INFO [http-nio-1000-exec-14] org.apache.catalina.core.ApplicationContext.log Manager: list: Listing contexts for virtual host 'localhost'
16-May-2018 17:43:30.866 INFO [http-nio-1000-exec-3] org.apache.catalina.core.ApplicationContext.log Manager: restart: Reloading web application '/WebThiTuLuan/index.jsp'
16-May-2018 17:43:44.699 INFO [http-nio-1000-exec-15] org.apache.catalina.core.ApplicationContext.log Manager: list: Listing contexts for virtual host 'localhost'
16-May-2018 17:43:44.740 INFO [http-nio-1000-exec-20] org.apache.catalina.core.ApplicationContext.log Manager: list: Listing contexts for virtual host 'localhost'
16-May-2018 17:43:44.754 INFO [http-nio-1000-exec-14] org.apache.catalina.core.ApplicationContext.log Manager: undeploy: Undeploying web application at '/WebThiTuLuan/index.jsp'
16-May-2018 17:43:45.274 INFO [http-nio-1000-exec-19] org.apache.catalina.core.ApplicationContext.log Manager: install: Installing context configuration at 'file:/C:/Users/Rio.Rai/AppData/Local/Temp/context2705926370463539114.xml'
16-May-2018 17:43:45.454 INFO [http-nio-1000-exec-3] org.apache.catalina.core.ApplicationContext.log Manager: start: Starting web application '/WebThiTuLuan/index.jsp'
16-May-2018 17:51:40.308 INFO [http-nio-1000-exec-23] org.apache.catalina.core.ApplicationContext.log Manager: list: Listing contexts for virtual host 'localhost'
16-May-2018 17:52:06.309 INFO [http-nio-1000-exec-27] org.apache.catalina.core.ApplicationContext.log Manager: list: Listing contexts for virtual host 'localhost'
16-May-2018 17:52:06.319 INFO [http-nio-1000-exec-28] org.apache.catalina.core.ApplicationContext.log Manager: restart: Reloading web application '/WebThiTuLuan/index.jsp'
16-May-2018 17:52:15.282 INFO [http-nio-1000-exec-31] org.apache.catalina.core.ApplicationContext.log Manager: list: Listing contexts for virtual host 'localhost'
16-May-2018 17:52:15.286 INFO [http-nio-1000-exec-22] org.apache.catalina.core.ApplicationContext.log Manager: list: Listing contexts for virtual host 'localhost'
16-May-2018 17:52:15.358 INFO [http-nio-1000-exec-30] org.apache.catalina.core.ApplicationContext.log Manager: restart: Reloading web application '/WebThiTuLuan/index.jsp'
16-May-2018 17:53:17.661 INFO [http-nio-1000-exec-36] org.apache.catalina.core.ApplicationContext.log Manager: list: Listing contexts for virtual host 'localhost'
16-May-2018 17:54:42.753 INFO [http-nio-1000-exec-34] org.apache.catalina.core.ApplicationContext.log Manager: list: Listing contexts for virtual host 'localhost'
16-May-2018 17:57:30.868 INFO [http-nio-1000-exec-41] org.apache.catalina.core.ApplicationContext.log Manager: list: Listing contexts for virtual host 'localhost'
16-May-2018 17:57:37.664 INFO [http-nio-1000-exec-41] org.apache.catalina.core.ApplicationContext.log Manager: list: Listing contexts for virtual host 'localhost'
16-May-2018 17:57:37.668 INFO [http-nio-1000-exec-38] org.apache.catalina.core.ApplicationContext.log Manager: list: Listing contexts for virtual host 'localhost'
16-May-2018 17:58:03.821 INFO [http-nio-1000-exec-41] org.apache.catalina.core.ApplicationContext.log Manager: list: Listing contexts for virtual host 'localhost'
16-May-2018 17:58:21.193 INFO [http-nio-1000-exec-42] org.apache.catalina.core.ApplicationContext.log Manager: list: Listing contexts for virtual host 'localhost'
16-May-2018 18:02:02.342 INFO [http-nio-1000-exec-39] org.apache.catalina.core.ApplicationContext.log Manager: list: Listing contexts for virtual host 'localhost'
16-May-2018 18:38:52.964 INFO [http-nio-1000-exec-5] org.apache.catalina.core.ApplicationContext.log Manager: init: Associated with Deployer 'Catalina:type=Deployer,host=localhost'
16-May-2018 18:38:52.965 INFO [http-nio-1000-exec-5] org.apache.catalina.core.ApplicationContext.log Manager: init: Global resources are available
16-May-2018 18:38:53.652 INFO [http-nio-1000-exec-7] org.apache.catalina.core.ApplicationContext.log Manager: list: Listing contexts for virtual host 'localhost'
16-May-2018 18:38:53.676 INFO [http-nio-1000-exec-8] org.apache.catalina.core.ApplicationContext.log Manager: list: Listing contexts for virtual host 'localhost'
16-May-2018 18:38:53.738 INFO [http-nio-1000-exec-10] org.apache.catalina.core.ApplicationContext.log Manager: install: Installing context configuration at 'file:/C:/Users/Rio.Rai/AppData/Local/Temp/context8140312781322038861.xml'
16-May-2018 18:38:53.938 INFO [http-nio-1000-exec-9] org.apache.catalina.core.ApplicationContext.log Manager: start: Starting web application '/test'
16-May-2018 18:39:20.608 INFO [http-nio-1000-exec-8] org.apache.catalina.core.ApplicationContext.log Manager: list: Listing contexts for virtual host 'localhost'
16-May-2018 18:39:56.976 INFO [http-nio-1000-exec-3] org.apache.catalina.core.ApplicationContext.log Manager: list: Listing contexts for virtual host 'localhost'
16-May-2018 18:40:33.172 INFO [http-nio-1000-exec-9] org.apache.catalina.core.ApplicationContext.log Manager: list: Listing contexts for virtual host 'localhost'
16-May-2018 18:42:27.462 INFO [http-nio-1000-exec-4] org.apache.catalina.core.ApplicationContext.log Manager: list: Listing contexts for virtual host 'localhost'
16-May-2018 18:42:27.474 INFO [http-nio-1000-exec-7] org.apache.catalina.core.ApplicationContext.log Manager: restart: Reloading web application '/test'
16-May-2018 18:42:27.877 INFO [http-nio-1000-exec-8] org.apache.catalina.core.ApplicationContext.log Manager: list: Listing contexts for virtual host 'localhost'
16-May-2018 18:42:27.887 INFO [http-nio-1000-exec-3] org.apache.catalina.core.ApplicationContext.log Manager: restart: Reloading web application '/test'
16-May-2018 18:50:44.847 INFO [http-nio-1000-exec-6] org.apache.catalina.core.ApplicationContext.log Manager: list: Listing contexts for virtual host 'localhost'
16-May-2018 18:50:44.855 INFO [http-nio-1000-exec-12] org.apache.catalina.core.ApplicationContext.log Manager: restart: Reloading web application '/test'
