11-May-2018 17:12:39.389 INFO [http-nio-1000-exec-5] org.apache.catalina.core.ApplicationContext.log Manager: init: Associated with Deployer 'Catalina:type=Deployer,host=localhost'
11-May-2018 17:12:39.389 INFO [http-nio-1000-exec-5] org.apache.catalina.core.ApplicationContext.log Manager: init: Global resources are available
11-May-2018 17:12:40.300 INFO [http-nio-1000-exec-8] org.apache.catalina.core.ApplicationContext.log Manager: list: Listing contexts for virtual host 'localhost'
11-May-2018 17:12:40.305 INFO [http-nio-1000-exec-10] org.apache.catalina.core.ApplicationContext.log Manager: list: Listing contexts for virtual host 'localhost'
11-May-2018 17:22:02.872 INFO [http-nio-1000-exec-3] org.apache.catalina.core.ApplicationContext.log Manager: list: Listing contexts for virtual host 'localhost'
11-May-2018 17:22:51.012 INFO [http-nio-1000-exec-8] org.apache.catalina.core.ApplicationContext.log Manager: list: Listing contexts for virtual host 'localhost'
11-May-2018 17:23:27.765 INFO [http-nio-1000-exec-7] org.apache.catalina.core.ApplicationContext.log Manager: list: Listing contexts for virtual host 'localhost'
11-May-2018 17:23:34.887 INFO [http-nio-1000-exec-4] org.apache.catalina.core.ApplicationContext.log Manager: list: Listing contexts for virtual host 'localhost'
11-May-2018 17:24:38.912 INFO [http-nio-1000-exec-5] org.apache.catalina.core.ApplicationContext.log Manager: list: Listing contexts for virtual host 'localhost'
11-May-2018 17:24:48.571 INFO [http-nio-1000-exec-1] org.apache.catalina.core.ApplicationContext.log Manager: list: Listing contexts for virtual host 'localhost'
11-May-2018 17:25:32.202 INFO [http-nio-1000-exec-8] org.apache.catalina.core.ApplicationContext.log Manager: list: Listing contexts for virtual host 'localhost'
11-May-2018 17:25:40.681 INFO [http-nio-1000-exec-2] org.apache.catalina.core.ApplicationContext.log Manager: list: Listing contexts for virtual host 'localhost'
11-May-2018 17:25:56.704 INFO [http-nio-1000-exec-1] org.apache.catalina.core.ApplicationContext.log Manager: list: Listing contexts for virtual host 'localhost'
11-May-2018 17:26:18.160 INFO [http-nio-1000-exec-7] org.apache.catalina.core.ApplicationContext.log Manager: list: Listing contexts for virtual host 'localhost'
11-May-2018 17:29:16.797 INFO [http-nio-1000-exec-10] org.apache.catalina.core.ApplicationContext.log Manager: list: Listing contexts for virtual host 'localhost'
11-May-2018 17:30:13.408 INFO [http-nio-1000-exec-10] org.apache.catalina.core.ApplicationContext.log Manager: list: Listing contexts for virtual host 'localhost'
11-May-2018 17:30:21.319 INFO [http-nio-1000-exec-6] org.apache.catalina.core.ApplicationContext.log Manager: list: Listing contexts for virtual host 'localhost'
11-May-2018 17:33:52.515 INFO [http-nio-1000-exec-3] org.apache.catalina.core.ApplicationContext.log Manager: list: Listing contexts for virtual host 'localhost'
11-May-2018 17:36:50.800 INFO [http-nio-1000-exec-7] org.apache.catalina.core.ApplicationContext.log Manager: list: Listing contexts for virtual host 'localhost'
11-May-2018 17:40:14.005 INFO [http-nio-1000-exec-4] org.apache.catalina.core.ApplicationContext.log Manager: list: Listing contexts for virtual host 'localhost'
11-May-2018 17:41:00.836 INFO [http-nio-1000-exec-10] org.apache.catalina.core.ApplicationContext.log Manager: list: Listing contexts for virtual host 'localhost'
11-May-2018 17:41:13.865 INFO [http-nio-1000-exec-3] org.apache.catalina.core.ApplicationContext.log Manager: list: Listing contexts for virtual host 'localhost'
11-May-2018 17:43:27.912 INFO [http-nio-1000-exec-9] org.apache.catalina.core.ApplicationContext.log Manager: list: Listing contexts for virtual host 'localhost'
11-May-2018 17:43:27.984 INFO [http-nio-1000-exec-5] org.apache.catalina.core.ApplicationContext.log Manager: stop: Stopping web application '/WebThiTuLuan'
11-May-2018 17:43:28.159 INFO [http-nio-1000-exec-2] org.apache.catalina.core.ApplicationContext.log Manager: start: Starting web application '/WebThiTuLuan'
11-May-2018 17:43:29.629 INFO [http-nio-1000-exec-12] org.apache.catalina.core.ApplicationContext.log Manager: list: Listing contexts for virtual host 'localhost'
11-May-2018 17:43:29.646 INFO [http-nio-1000-exec-10] org.apache.catalina.core.ApplicationContext.log Manager: restart: Reloading web application '/WebThiTuLuan'
11-May-2018 17:43:31.263 INFO [http-nio-1000-exec-1] org.apache.catalina.core.ApplicationContext.log Manager: list: Listing contexts for virtual host 'localhost'
11-May-2018 17:43:31.274 INFO [http-nio-1000-exec-6] org.apache.catalina.core.ApplicationContext.log Manager: restart: Reloading web application '/WebThiTuLuan'
11-May-2018 17:46:25.323 INFO [http-nio-1000-exec-16] org.apache.catalina.core.ApplicationContext.log Manager: list: Listing contexts for virtual host 'localhost'
11-May-2018 17:47:16.588 INFO [http-nio-1000-exec-14] org.apache.catalina.core.ApplicationContext.log Manager: list: Listing contexts for virtual host 'localhost'
11-May-2018 17:49:25.322 INFO [http-nio-1000-exec-14] org.apache.catalina.core.ApplicationContext.log Manager: list: Listing contexts for virtual host 'localhost'
11-May-2018 17:49:25.333 INFO [http-nio-1000-exec-15] org.apache.catalina.core.ApplicationContext.log Manager: restart: Reloading web application '/WebThiTuLuan'
11-May-2018 17:53:01.747 INFO [http-nio-1000-exec-22] org.apache.catalina.core.ApplicationContext.log Manager: list: Listing contexts for virtual host 'localhost'
11-May-2018 17:53:01.759 INFO [http-nio-1000-exec-24] org.apache.catalina.core.ApplicationContext.log Manager: restart: Reloading web application '/WebThiTuLuan'
11-May-2018 17:53:48.879 INFO [http-nio-1000-exec-25] org.apache.catalina.core.ApplicationContext.log Manager: list: Listing contexts for virtual host 'localhost'
11-May-2018 17:53:48.890 INFO [http-nio-1000-exec-21] org.apache.catalina.core.ApplicationContext.log Manager: restart: Reloading web application '/WebThiTuLuan'
11-May-2018 17:54:24.873 INFO [http-nio-1000-exec-24] org.apache.catalina.core.ApplicationContext.log Manager: list: Listing contexts for virtual host 'localhost'
11-May-2018 17:54:24.882 INFO [http-nio-1000-exec-23] org.apache.catalina.core.ApplicationContext.log Manager: restart: Reloading web application '/WebThiTuLuan'
11-May-2018 17:55:45.257 INFO [http-nio-1000-exec-28] org.apache.catalina.core.ApplicationContext.log Manager: list: Listing contexts for virtual host 'localhost'
11-May-2018 17:55:45.268 INFO [http-nio-1000-exec-27] org.apache.catalina.core.ApplicationContext.log Manager: restart: Reloading web application '/WebThiTuLuan'
11-May-2018 17:56:46.707 INFO [http-nio-1000-exec-30] org.apache.catalina.core.ApplicationContext.log Manager: list: Listing contexts for virtual host 'localhost'
11-May-2018 17:56:46.718 INFO [http-nio-1000-exec-23] org.apache.catalina.core.ApplicationContext.log Manager: restart: Reloading web application '/WebThiTuLuan'
11-May-2018 17:56:53.137 INFO [http-nio-1000-exec-25] org.apache.catalina.core.ApplicationContext.log Manager: list: Listing contexts for virtual host 'localhost'
11-May-2018 17:56:53.148 INFO [http-nio-1000-exec-15] org.apache.catalina.core.ApplicationContext.log Manager: restart: Reloading web application '/WebThiTuLuan'
11-May-2018 17:58:20.739 INFO [http-nio-1000-exec-33] org.apache.catalina.core.ApplicationContext.log Manager: list: Listing contexts for virtual host 'localhost'
11-May-2018 18:00:29.994 INFO [http-nio-1000-exec-32] org.apache.catalina.core.ApplicationContext.log Manager: list: Listing contexts for virtual host 'localhost'
11-May-2018 18:01:02.015 INFO [http-nio-1000-exec-39] org.apache.catalina.core.ApplicationContext.log Manager: list: Listing contexts for virtual host 'localhost'
11-May-2018 18:02:03.416 INFO [http-nio-1000-exec-38] org.apache.catalina.core.ApplicationContext.log Manager: list: Listing contexts for virtual host 'localhost'
11-May-2018 18:03:50.078 INFO [http-nio-1000-exec-40] org.apache.catalina.core.ApplicationContext.log Manager: list: Listing contexts for virtual host 'localhost'
11-May-2018 18:07:17.145 INFO [http-nio-1000-exec-36] org.apache.catalina.core.ApplicationContext.log Manager: list: Listing contexts for virtual host 'localhost'
11-May-2018 18:07:43.495 INFO [http-nio-1000-exec-38] org.apache.catalina.core.ApplicationContext.log Manager: list: Listing contexts for virtual host 'localhost'
11-May-2018 18:07:43.506 INFO [http-nio-1000-exec-40] org.apache.catalina.core.ApplicationContext.log Manager: restart: Reloading web application '/WebThiTuLuan'
11-May-2018 18:13:52.320 INFO [http-nio-1000-exec-42] org.apache.catalina.core.ApplicationContext.log Manager: list: Listing contexts for virtual host 'localhost'
11-May-2018 18:13:52.334 INFO [http-nio-1000-exec-43] org.apache.catalina.core.ApplicationContext.log Manager: restart: Reloading web application '/WebThiTuLuan'
11-May-2018 18:13:52.640 INFO [http-nio-1000-exec-45] org.apache.catalina.core.ApplicationContext.log Manager: list: Listing contexts for virtual host 'localhost'
11-May-2018 18:13:52.655 INFO [http-nio-1000-exec-44] org.apache.catalina.core.ApplicationContext.log Manager: restart: Reloading web application '/WebThiTuLuan'
11-May-2018 18:14:30.379 INFO [http-nio-1000-exec-41] org.apache.catalina.core.ApplicationContext.log Manager: list: Listing contexts for virtual host 'localhost'
11-May-2018 18:14:30.391 INFO [http-nio-1000-exec-49] org.apache.catalina.core.ApplicationContext.log Manager: restart: Reloading web application '/WebThiTuLuan'
11-May-2018 18:21:03.134 INFO [http-nio-1000-exec-60] org.apache.catalina.core.ApplicationContext.log Manager: list: Listing contexts for virtual host 'localhost'
11-May-2018 18:29:51.242 INFO [http-nio-1000-exec-53] org.apache.catalina.core.ApplicationContext.log Manager: list: Listing contexts for virtual host 'localhost'
11-May-2018 19:03:21.489 INFO [http-nio-1000-exec-60] org.apache.catalina.core.ApplicationContext.log Manager: list: Listing contexts for virtual host 'localhost'
11-May-2018 20:27:56.344 INFO [http-nio-1000-exec-6] org.apache.catalina.core.ApplicationContext.log Manager: init: Associated with Deployer 'Catalina:type=Deployer,host=localhost'
11-May-2018 20:27:56.344 INFO [http-nio-1000-exec-6] org.apache.catalina.core.ApplicationContext.log Manager: init: Global resources are available
11-May-2018 20:27:56.907 INFO [http-nio-1000-exec-9] org.apache.catalina.core.ApplicationContext.log Manager: list: Listing contexts for virtual host 'localhost'
11-May-2018 20:27:56.912 INFO [http-nio-1000-exec-3] org.apache.catalina.core.ApplicationContext.log Manager: list: Listing contexts for virtual host 'localhost'
11-May-2018 20:27:57.015 INFO [http-nio-1000-exec-10] org.apache.catalina.core.ApplicationContext.log Manager: stop: Stopping web application '/WebThiTuLuan'
11-May-2018 20:27:57.069 INFO [http-nio-1000-exec-7] org.apache.catalina.core.ApplicationContext.log Manager: start: Starting web application '/WebThiTuLuan'
11-May-2018 20:28:49.465 INFO [http-nio-1000-exec-9] org.apache.catalina.core.ApplicationContext.log Manager: list: Listing contexts for virtual host 'localhost'
11-May-2018 20:29:32.570 INFO [http-nio-1000-exec-13] org.apache.catalina.core.ApplicationContext.log Manager: list: Listing contexts for virtual host 'localhost'
11-May-2018 20:29:34.756 INFO [http-nio-1000-exec-14] org.apache.catalina.core.ApplicationContext.log Manager: list: Listing contexts for virtual host 'localhost'
11-May-2018 20:35:17.063 INFO [http-nio-1000-exec-16] org.apache.catalina.core.ApplicationContext.log Manager: list: Listing contexts for virtual host 'localhost'
11-May-2018 20:39:23.573 INFO [http-nio-1000-exec-14] org.apache.catalina.core.ApplicationContext.log Manager: list: Listing contexts for virtual host 'localhost'
11-May-2018 20:40:01.273 INFO [http-nio-1000-exec-13] org.apache.catalina.core.ApplicationContext.log Manager: list: Listing contexts for virtual host 'localhost'
11-May-2018 20:40:29.211 INFO [http-nio-1000-exec-19] org.apache.catalina.core.ApplicationContext.log Manager: list: Listing contexts for virtual host 'localhost'
11-May-2018 20:40:38.434 INFO [http-nio-1000-exec-18] org.apache.catalina.core.ApplicationContext.log Manager: list: Listing contexts for virtual host 'localhost'
11-May-2018 20:42:14.165 INFO [http-nio-1000-exec-15] org.apache.catalina.core.ApplicationContext.log Manager: list: Listing contexts for virtual host 'localhost'
11-May-2018 20:42:44.838 INFO [http-nio-1000-exec-13] org.apache.catalina.core.ApplicationContext.log Manager: list: Listing contexts for virtual host 'localhost'
11-May-2018 20:43:35.872 INFO [http-nio-1000-exec-18] org.apache.catalina.core.ApplicationContext.log Manager: list: Listing contexts for virtual host 'localhost'
11-May-2018 20:43:55.023 INFO [http-nio-1000-exec-19] org.apache.catalina.core.ApplicationContext.log Manager: list: Listing contexts for virtual host 'localhost'
11-May-2018 20:46:37.993 INFO [http-nio-1000-exec-13] org.apache.catalina.core.ApplicationContext.log Manager: list: Listing contexts for virtual host 'localhost'
11-May-2018 20:46:38.003 INFO [http-nio-1000-exec-18] org.apache.catalina.core.ApplicationContext.log Manager: restart: Reloading web application '/WebThiTuLuan'
11-May-2018 20:50:07.631 INFO [http-nio-1000-exec-16] org.apache.catalina.core.ApplicationContext.log Manager: list: Listing contexts for virtual host 'localhost'
11-May-2018 20:50:07.644 INFO [http-nio-1000-exec-21] org.apache.catalina.core.ApplicationContext.log Manager: restart: Reloading web application '/WebThiTuLuan'
11-May-2018 20:51:33.054 INFO [http-nio-1000-exec-11] org.apache.catalina.core.ApplicationContext.log Manager: list: Listing contexts for virtual host 'localhost'
11-May-2018 20:51:33.058 INFO [http-nio-1000-exec-13] org.apache.catalina.core.ApplicationContext.log Manager: list: Listing contexts for virtual host 'localhost'
11-May-2018 20:51:33.128 INFO [http-nio-1000-exec-26] org.apache.catalina.core.ApplicationContext.log Manager: restart: Reloading web application '/WebThiTuLuan'
11-May-2018 20:53:28.084 INFO [http-nio-1000-exec-28] org.apache.catalina.core.ApplicationContext.log Manager: list: Listing contexts for virtual host 'localhost'
11-May-2018 20:53:40.577 INFO [http-nio-1000-exec-28] org.apache.catalina.core.ApplicationContext.log Manager: list: Listing contexts for virtual host 'localhost'
11-May-2018 20:54:11.952 INFO [http-nio-1000-exec-34] org.apache.catalina.core.ApplicationContext.log Manager: list: Listing contexts for virtual host 'localhost'
11-May-2018 20:55:47.240 INFO [http-nio-1000-exec-35] org.apache.catalina.core.ApplicationContext.log Manager: list: Listing contexts for virtual host 'localhost'
11-May-2018 20:57:37.808 INFO [http-nio-1000-exec-34] org.apache.catalina.core.ApplicationContext.log Manager: list: Listing contexts for virtual host 'localhost'
11-May-2018 20:57:37.839 INFO [http-nio-1000-exec-33] org.apache.catalina.core.ApplicationContext.log Manager: stop: Stopping web application '/WebThiTuLuan'
11-May-2018 20:57:37.869 INFO [http-nio-1000-exec-35] org.apache.catalina.core.ApplicationContext.log Manager: start: Starting web application '/WebThiTuLuan'
11-May-2018 20:57:38.576 INFO [http-nio-1000-exec-36] org.apache.catalina.core.ApplicationContext.log Manager: list: Listing contexts for virtual host 'localhost'
11-May-2018 20:57:38.588 INFO [http-nio-1000-exec-32] org.apache.catalina.core.ApplicationContext.log Manager: restart: Reloading web application '/WebThiTuLuan'
11-May-2018 20:58:49.030 INFO [http-nio-1000-exec-41] org.apache.catalina.core.ApplicationContext.log Manager: list: Listing contexts for virtual host 'localhost'
11-May-2018 21:05:06.697 INFO [http-nio-1000-exec-41] org.apache.catalina.core.ApplicationContext.log Manager: list: Listing contexts for virtual host 'localhost'
11-May-2018 21:05:06.710 INFO [http-nio-1000-exec-43] org.apache.catalina.core.ApplicationContext.log Manager: restart: Reloading web application '/WebThiTuLuan'
11-May-2018 21:08:48.468 INFO [http-nio-1000-exec-40] org.apache.catalina.core.ApplicationContext.log Manager: list: Listing contexts for virtual host 'localhost'
11-May-2018 21:09:28.927 INFO [http-nio-1000-exec-54] org.apache.catalina.core.ApplicationContext.log Manager: list: Listing contexts for virtual host 'localhost'
11-May-2018 21:10:53.879 INFO [http-nio-1000-exec-49] org.apache.catalina.core.ApplicationContext.log Manager: list: Listing contexts for virtual host 'localhost'
11-May-2018 21:22:26.540 INFO [http-nio-1000-exec-51] org.apache.catalina.core.ApplicationContext.log Manager: list: Listing contexts for virtual host 'localhost'
11-May-2018 21:22:26.563 INFO [http-nio-1000-exec-54] org.apache.catalina.core.ApplicationContext.log Manager: stop: Stopping web application '/WebThiTuLuan'
11-May-2018 21:22:26.643 INFO [http-nio-1000-exec-56] org.apache.catalina.core.ApplicationContext.log Manager: start: Starting web application '/WebThiTuLuan'
11-May-2018 21:22:28.139 INFO [http-nio-1000-exec-55] org.apache.catalina.core.ApplicationContext.log Manager: list: Listing contexts for virtual host 'localhost'
11-May-2018 21:22:28.152 INFO [http-nio-1000-exec-58] org.apache.catalina.core.ApplicationContext.log Manager: restart: Reloading web application '/WebThiTuLuan'
11-May-2018 21:29:46.610 INFO [http-nio-1000-exec-61] org.apache.catalina.core.ApplicationContext.log Manager: list: Listing contexts for virtual host 'localhost'
11-May-2018 21:29:46.621 INFO [http-nio-1000-exec-63] org.apache.catalina.core.ApplicationContext.log Manager: restart: Reloading web application '/WebThiTuLuan'
11-May-2018 21:29:49.798 INFO [http-nio-1000-exec-66] org.apache.catalina.core.ApplicationContext.log Manager: list: Listing contexts for virtual host 'localhost'
11-May-2018 21:30:47.781 INFO [http-nio-1000-exec-70] org.apache.catalina.core.ApplicationContext.log Manager: list: Listing contexts for virtual host 'localhost'
11-May-2018 21:31:59.545 INFO [http-nio-1000-exec-72] org.apache.catalina.core.ApplicationContext.log Manager: list: Listing contexts for virtual host 'localhost'
11-May-2018 21:31:59.549 INFO [http-nio-1000-exec-49] org.apache.catalina.core.ApplicationContext.log Manager: list: Listing contexts for virtual host 'localhost'
11-May-2018 21:31:59.619 INFO [http-nio-1000-exec-56] org.apache.catalina.core.ApplicationContext.log Manager: stop: Stopping web application '/WebThiTuLuan'
11-May-2018 21:31:59.631 INFO [http-nio-1000-exec-69] org.apache.catalina.core.ApplicationContext.log Manager: start: Starting web application '/WebThiTuLuan'
11-May-2018 21:33:01.952 INFO [http-nio-1000-exec-73] org.apache.catalina.core.ApplicationContext.log Manager: list: Listing contexts for virtual host 'localhost'
11-May-2018 21:34:08.370 INFO [http-nio-1000-exec-82] org.apache.catalina.core.ApplicationContext.log Manager: list: Listing contexts for virtual host 'localhost'
11-May-2018 21:34:22.890 INFO [http-nio-1000-exec-74] org.apache.catalina.core.ApplicationContext.log Manager: list: Listing contexts for virtual host 'localhost'
11-May-2018 21:34:22.893 INFO [http-nio-1000-exec-78] org.apache.catalina.core.ApplicationContext.log Manager: list: Listing contexts for virtual host 'localhost'
11-May-2018 21:36:23.048 INFO [http-nio-1000-exec-79] org.apache.catalina.core.ApplicationContext.log Manager: list: Listing contexts for virtual host 'localhost'
11-May-2018 21:36:30.966 INFO [http-nio-1000-exec-80] org.apache.catalina.core.ApplicationContext.log Manager: list: Listing contexts for virtual host 'localhost'
11-May-2018 21:41:30.238 INFO [http-nio-1000-exec-76] org.apache.catalina.core.ApplicationContext.log Manager: list: Listing contexts for virtual host 'localhost'
11-May-2018 21:41:55.523 INFO [http-nio-1000-exec-80] org.apache.catalina.core.ApplicationContext.log Manager: list: Listing contexts for virtual host 'localhost'
11-May-2018 21:43:58.721 INFO [http-nio-1000-exec-74] org.apache.catalina.core.ApplicationContext.log Manager: list: Listing contexts for virtual host 'localhost'
11-May-2018 21:43:58.734 INFO [http-nio-1000-exec-78] org.apache.catalina.core.ApplicationContext.log Manager: restart: Reloading web application '/WebThiTuLuan'
11-May-2018 21:44:26.159 INFO [http-nio-1000-exec-77] org.apache.catalina.core.ApplicationContext.log Manager: list: Listing contexts for virtual host 'localhost'
11-May-2018 21:44:26.162 INFO [http-nio-1000-exec-84] org.apache.catalina.core.ApplicationContext.log Manager: list: Listing contexts for virtual host 'localhost'
11-May-2018 21:44:26.228 INFO [http-nio-1000-exec-76] org.apache.catalina.core.ApplicationContext.log Manager: restart: Reloading web application '/WebThiTuLuan'
11-May-2018 21:45:13.673 INFO [http-nio-1000-exec-90] org.apache.catalina.core.ApplicationContext.log Manager: list: Listing contexts for virtual host 'localhost'
11-May-2018 21:45:26.178 INFO [http-nio-1000-exec-95] org.apache.catalina.core.ApplicationContext.log Manager: list: Listing contexts for virtual host 'localhost'
11-May-2018 21:45:26.182 INFO [http-nio-1000-exec-87] org.apache.catalina.core.ApplicationContext.log Manager: list: Listing contexts for virtual host 'localhost'
11-May-2018 21:48:29.756 INFO [http-nio-1000-exec-88] org.apache.catalina.core.ApplicationContext.log Manager: list: Listing contexts for virtual host 'localhost'
11-May-2018 21:48:51.627 INFO [http-nio-1000-exec-94] org.apache.catalina.core.ApplicationContext.log Manager: list: Listing contexts for virtual host 'localhost'
11-May-2018 21:48:51.630 INFO [http-nio-1000-exec-88] org.apache.catalina.core.ApplicationContext.log Manager: list: Listing contexts for virtual host 'localhost'
11-May-2018 21:56:07.406 INFO [http-nio-1000-exec-95] org.apache.catalina.core.ApplicationContext.log Manager: list: Listing contexts for virtual host 'localhost'
11-May-2018 21:56:07.418 INFO [http-nio-1000-exec-93] org.apache.catalina.core.ApplicationContext.log Manager: restart: Reloading web application '/WebThiTuLuan'
11-May-2018 21:56:14.686 INFO [http-nio-1000-exec-87] org.apache.catalina.core.ApplicationContext.log Manager: list: Listing contexts for virtual host 'localhost'
11-May-2018 21:56:14.689 INFO [http-nio-1000-exec-91] org.apache.catalina.core.ApplicationContext.log Manager: list: Listing contexts for virtual host 'localhost'
11-May-2018 21:56:14.761 INFO [http-nio-1000-exec-92] org.apache.catalina.core.ApplicationContext.log Manager: restart: Reloading web application '/WebThiTuLuan'
11-May-2018 21:56:56.335 INFO [http-nio-1000-exec-104] org.apache.catalina.core.ApplicationContext.log Manager: list: Listing contexts for virtual host 'localhost'
11-May-2018 21:56:56.344 INFO [http-nio-1000-exec-100] org.apache.catalina.core.ApplicationContext.log Manager: restart: Reloading web application '/WebThiTuLuan'
11-May-2018 21:57:00.606 INFO [http-nio-1000-exec-91] org.apache.catalina.core.ApplicationContext.log Manager: list: Listing contexts for virtual host 'localhost'
11-May-2018 21:57:00.616 INFO [http-nio-1000-exec-96] org.apache.catalina.core.ApplicationContext.log Manager: restart: Reloading web application '/WebThiTuLuan'
11-May-2018 21:57:04.831 INFO [http-nio-1000-exec-97] org.apache.catalina.core.ApplicationContext.log Manager: list: Listing contexts for virtual host 'localhost'
11-May-2018 21:57:04.836 INFO [http-nio-1000-exec-105] org.apache.catalina.core.ApplicationContext.log Manager: list: Listing contexts for virtual host 'localhost'
11-May-2018 21:57:04.900 INFO [http-nio-1000-exec-96] org.apache.catalina.core.ApplicationContext.log Manager: restart: Reloading web application '/WebThiTuLuan'
11-May-2018 21:57:42.199 INFO [http-nio-1000-exec-110] org.apache.catalina.core.ApplicationContext.log Manager: list: Listing contexts for virtual host 'localhost'
11-May-2018 21:57:48.361 INFO [http-nio-1000-exec-109] org.apache.catalina.core.ApplicationContext.log Manager: list: Listing contexts for virtual host 'localhost'
11-May-2018 21:57:48.365 INFO [http-nio-1000-exec-108] org.apache.catalina.core.ApplicationContext.log Manager: list: Listing contexts for virtual host 'localhost'
11-May-2018 21:58:38.749 INFO [http-nio-1000-exec-108] org.apache.catalina.core.ApplicationContext.log Manager: list: Listing contexts for virtual host 'localhost'
11-May-2018 21:58:38.759 INFO [http-nio-1000-exec-107] org.apache.catalina.core.ApplicationContext.log Manager: restart: Reloading web application '/WebThiTuLuan'
11-May-2018 21:58:50.906 INFO [http-nio-1000-exec-105] org.apache.catalina.core.ApplicationContext.log Manager: list: Listing contexts for virtual host 'localhost'
11-May-2018 21:58:50.909 INFO [http-nio-1000-exec-104] org.apache.catalina.core.ApplicationContext.log Manager: list: Listing contexts for virtual host 'localhost'
11-May-2018 21:58:50.978 INFO [http-nio-1000-exec-107] org.apache.catalina.core.ApplicationContext.log Manager: restart: Reloading web application '/WebThiTuLuan'
11-May-2018 21:58:58.110 INFO [http-nio-1000-exec-113] org.apache.catalina.core.ApplicationContext.log Manager: list: Listing contexts for virtual host 'localhost'
11-May-2018 21:58:58.116 INFO [http-nio-1000-exec-109] org.apache.catalina.core.ApplicationContext.log Manager: list: Listing contexts for virtual host 'localhost'
11-May-2018 22:00:11.629 INFO [http-nio-1000-exec-119] org.apache.catalina.core.ApplicationContext.log Manager: list: Listing contexts for virtual host 'localhost'
11-May-2018 22:03:43.893 INFO [http-nio-1000-exec-118] org.apache.catalina.core.ApplicationContext.log Manager: list: Listing contexts for virtual host 'localhost'
11-May-2018 22:05:08.935 INFO [http-nio-1000-exec-124] org.apache.catalina.core.ApplicationContext.log Manager: list: Listing contexts for virtual host 'localhost'
11-May-2018 22:05:08.947 INFO [http-nio-1000-exec-116] org.apache.catalina.core.ApplicationContext.log Manager: restart: Reloading web application '/WebThiTuLuan'
11-May-2018 22:05:09.961 INFO [http-nio-1000-exec-117] org.apache.catalina.core.ApplicationContext.log Manager: list: Listing contexts for virtual host 'localhost'
11-May-2018 22:05:29.660 INFO [http-nio-1000-exec-125] org.apache.catalina.core.ApplicationContext.log Manager: list: Listing contexts for virtual host 'localhost'
11-May-2018 22:05:29.664 INFO [http-nio-1000-exec-117] org.apache.catalina.core.ApplicationContext.log Manager: list: Listing contexts for virtual host 'localhost'
11-May-2018 22:05:29.732 INFO [http-nio-1000-exec-126] org.apache.catalina.core.ApplicationContext.log Manager: restart: Reloading web application '/WebThiTuLuan'
11-May-2018 22:06:43.510 INFO [http-nio-1000-exec-129] org.apache.catalina.core.ApplicationContext.log Manager: list: Listing contexts for virtual host 'localhost'
11-May-2018 22:06:43.521 INFO [http-nio-1000-exec-130] org.apache.catalina.core.ApplicationContext.log Manager: restart: Reloading web application '/WebThiTuLuan'
11-May-2018 22:06:52.772 INFO [http-nio-1000-exec-131] org.apache.catalina.core.ApplicationContext.log Manager: list: Listing contexts for virtual host 'localhost'
11-May-2018 22:06:52.775 INFO [http-nio-1000-exec-129] org.apache.catalina.core.ApplicationContext.log Manager: list: Listing contexts for virtual host 'localhost'
11-May-2018 22:06:52.841 INFO [http-nio-1000-exec-130] org.apache.catalina.core.ApplicationContext.log Manager: restart: Reloading web application '/WebThiTuLuan'
